29-01-2025 17:18:09 info: App started listening at http://localhost:10017
29-01-2025 17:18:29 info: [insert query request] : INSERT INTO api_log VALUES(NULL,1,'/login','undefined','3961106828','N','-','0000-00-00 00:00:00','Y',CURRENT_TIMESTAMP)
29-01-2025 17:18:29 info: [insert query response] : {"fieldCount":0,"affectedRows":1,"insertId":154,"info":"","serverStatus":2,"warningStatus":0,"changedRows":0}
29-01-2025 17:18:29 info: [select query request] : SELECT * FROM api_log WHERE request_id = '3961106828' AND response_status != 'N' AND api_log_status='Y'
29-01-2025 17:18:29 info: [select query response] : []
29-01-2025 17:18:29 info: [API REQUEST] /login - {"txt_username":"celebdigital","txt_password":"YJt@123#","request_id":"3961106828"} - {"host":"localhost:10017","accept":"*/*","accept-encoding":"deflate, gzip, br","content-type":"application/json","content-length":"107"} - undefined
29-01-2025 17:18:29 info: [select query request] : SELECT * FROM user_management where login_id = 'celebdigital' and usr_mgt_status in ('N', 'Y', 'R') ORDER BY user_id ASC
29-01-2025 17:18:29 info: [select query request] : SELECT * FROM user_management where login_id = 'celebdigital' and login_password = 'e58a3754522a05c1ff4d231f8e8cc1bd' and usr_mgt_status in ('N', 'Y', 'R') ORDER BY user_id ASC
29-01-2025 17:18:29 info: : [call_index_signin] Failed  - Invalid Password. Kindly try again with the valid details!
29-01-2025 17:19:51 info: [insert query request] : INSERT INTO api_log VALUES(NULL,1,'/login','undefined','5541135248','N','-','0000-00-00 00:00:00','Y',CURRENT_TIMESTAMP)
29-01-2025 17:19:51 info: [insert query response] : {"fieldCount":0,"affectedRows":1,"insertId":155,"info":"","serverStatus":2,"warningStatus":0,"changedRows":0}
29-01-2025 17:19:51 info: [select query request] : SELECT * FROM api_log WHERE request_id = '5541135248' AND response_status != 'N' AND api_log_status='Y'
29-01-2025 17:19:51 info: [select query response] : []
29-01-2025 17:19:51 info: [API REQUEST] /login - {"txt_username":"celebdigital","txt_password":"YJt@123#","request_id":"5541135248"} - {"host":"localhost:10017","accept":"*/*","accept-encoding":"deflate, gzip, br","content-type":"application/json","content-length":"107"} - undefined
29-01-2025 17:19:51 info: [select query request] : SELECT * FROM user_management where login_id = 'celebdigital' and usr_mgt_status in ('N', 'Y', 'R') ORDER BY user_id ASC
29-01-2025 17:19:51 info: [select query request] : SELECT * FROM user_management where login_id = 'celebdigital' and login_password = 'e58a3754522a05c1ff4d231f8e8cc1bd' and usr_mgt_status in ('N', 'Y', 'R') ORDER BY user_id ASC
29-01-2025 17:19:51 info: : [call_index_signin] Failed  - Invalid Password. Kindly try again with the valid details!
29-01-2025 17:19:59 info: [insert query request] : INSERT INTO api_log VALUES(NULL,1,'/login','undefined','3191213241','N','-','0000-00-00 00:00:00','Y',CURRENT_TIMESTAMP)
29-01-2025 17:19:59 info: [insert query response] : {"fieldCount":0,"affectedRows":1,"insertId":156,"info":"","serverStatus":2,"warningStatus":0,"changedRows":0}
29-01-2025 17:19:59 info: [select query request] : SELECT * FROM api_log WHERE request_id = '3191213241' AND response_status != 'N' AND api_log_status='Y'
29-01-2025 17:19:59 info: [select query response] : []
29-01-2025 17:19:59 info: [API REQUEST] /login - {"txt_username":"celebdigital","txt_password":"YJt@123#","request_id":"3191213241"} - {"host":"localhost:10017","accept":"*/*","accept-encoding":"deflate, gzip, br","content-type":"application/json","content-length":"107"} - undefined
29-01-2025 17:19:59 info: [select query request] : SELECT * FROM user_management where login_id = 'celebdigital' and usr_mgt_status in ('N', 'Y', 'R') ORDER BY user_id ASC
29-01-2025 17:19:59 info: [select query request] : SELECT * FROM user_management where login_id = 'celebdigital' and login_password = 'e58a3754522a05c1ff4d231f8e8cc1bd' and usr_mgt_status in ('N', 'Y', 'R') ORDER BY user_id ASC
29-01-2025 17:19:59 info: : [call_index_signin] Failed  - Invalid Password. Kindly try again with the valid details!
29-01-2025 17:20:21 info: [insert query request] : INSERT INTO api_log VALUES(NULL,1,'/login','undefined','6594523431','N','-','0000-00-00 00:00:00','Y',CURRENT_TIMESTAMP)
29-01-2025 17:20:21 info: [insert query response] : {"fieldCount":0,"affectedRows":1,"insertId":157,"info":"","serverStatus":2,"warningStatus":0,"changedRows":0}
29-01-2025 17:20:21 info: [select query request] : SELECT * FROM api_log WHERE request_id = '6594523431' AND response_status != 'N' AND api_log_status='Y'
29-01-2025 17:20:21 info: [select query response] : []
29-01-2025 17:20:21 info: [API REQUEST] /login - {"txt_username":"celebdigital","txt_password":"YJt@123#","request_id":"6594523431"} - {"host":"localhost:10017","accept":"*/*","accept-encoding":"deflate, gzip, br","content-type":"application/json","content-length":"107"} - undefined
29-01-2025 17:20:21 info: [select query request] : SELECT * FROM user_management where login_id = 'celebdigital' and usr_mgt_status in ('N', 'Y', 'R') ORDER BY user_id ASC
29-01-2025 17:20:21 info: [select query request] : SELECT * FROM user_management where login_id = 'celebdigital' and login_password = 'e58a3754522a05c1ff4d231f8e8cc1bd' and usr_mgt_status in ('N', 'Y', 'R') ORDER BY user_id ASC
29-01-2025 17:20:21 info: : [call_index_signin] Failed  - Invalid Password. Kindly try again with the valid details!
29-01-2025 17:23:02 info: [insert query request] : INSERT INTO api_log VALUES(NULL,1,'/login','undefined','3149125114','N','-','0000-00-00 00:00:00','Y',CURRENT_TIMESTAMP)
29-01-2025 17:23:02 info: [insert query response] : {"fieldCount":0,"affectedRows":1,"insertId":158,"info":"","serverStatus":2,"warningStatus":0,"changedRows":0}
29-01-2025 17:23:02 info: [select query request] : SELECT * FROM api_log WHERE request_id = '3149125114' AND response_status != 'N' AND api_log_status='Y'
29-01-2025 17:23:02 info: [select query response] : []
29-01-2025 17:23:02 info: [API REQUEST] /login - {"txt_username":"celebdigital","txt_password":"Password@123","request_id":"3149125114"} - {"host":"localhost:10017","accept":"*/*","accept-encoding":"deflate, gzip, br","content-type":"application/json","content-length":"111"} - undefined
29-01-2025 17:23:02 info: [select query request] : SELECT * FROM user_management where login_id = 'celebdigital' and usr_mgt_status in ('N', 'Y', 'R') ORDER BY user_id ASC
29-01-2025 17:23:02 info: [select query request] : SELECT * FROM user_management where login_id = 'celebdigital' and login_password = 'd00f5d5217896fb7fd601412cb890830' and usr_mgt_status in ('N', 'Y', 'R') ORDER BY user_id ASC
29-01-2025 17:23:02 info: : [call_index_signin] Failed  - Invalid Password. Kindly try again with the valid details!
29-01-2025 17:23:32 info: [insert query request] : INSERT INTO api_log VALUES(NULL,1,'/login','undefined','1880472265','N','-','0000-00-00 00:00:00','Y',CURRENT_TIMESTAMP)
29-01-2025 17:23:32 info: [insert query response] : {"fieldCount":0,"affectedRows":1,"insertId":159,"info":"","serverStatus":2,"warningStatus":0,"changedRows":0}
29-01-2025 17:23:32 info: [select query request] : SELECT * FROM api_log WHERE request_id = '1880472265' AND response_status != 'N' AND api_log_status='Y'
29-01-2025 17:23:32 info: [select query response] : []
29-01-2025 17:23:32 info: [API REQUEST] /login - {"txt_username":"celebdigital","txt_password":"YJt@123#","request_id":"1880472265"} - {"host":"localhost:10017","accept":"*/*","accept-encoding":"deflate, gzip, br","content-type":"application/json","content-length":"107"} - undefined
29-01-2025 17:23:32 info: [select query request] : SELECT * FROM user_management where login_id = 'celebdigital' and usr_mgt_status in ('N', 'Y', 'R') ORDER BY user_id ASC
29-01-2025 17:23:32 info: [select query request] : SELECT * FROM user_management where login_id = 'celebdigital' and login_password = 'e58a3754522a05c1ff4d231f8e8cc1bd' and usr_mgt_status in ('N', 'Y', 'R') ORDER BY user_id ASC
29-01-2025 17:23:32 info: : [call_index_signin] Failed  - Invalid Password. Kindly try again with the valid details!
29-01-2025 17:32:54 info: [insert query request] : INSERT INTO api_log VALUES(NULL,1,'/login','undefined','4568514590','N','-','0000-00-00 00:00:00','Y',CURRENT_TIMESTAMP)
29-01-2025 17:32:54 info: [insert query response] : {"fieldCount":0,"affectedRows":1,"insertId":160,"info":"","serverStatus":2,"warningStatus":0,"changedRows":0}
29-01-2025 17:32:54 info: [select query request] : SELECT * FROM api_log WHERE request_id = '4568514590' AND response_status != 'N' AND api_log_status='Y'
29-01-2025 17:32:54 info: [select query response] : []
29-01-2025 17:32:54 info: [API REQUEST] /login - {"txt_username":"celebdigital","txt_password":"YJt@123#","request_id":"4568514590"} - {"host":"localhost:10017","accept":"*/*","accept-encoding":"deflate, gzip, br","content-type":"application/json","content-length":"107"} - undefined
29-01-2025 17:32:54 info: [select query request] : SELECT * FROM user_management where login_id = 'celebdigital' and usr_mgt_status in ('N', 'Y', 'R') ORDER BY user_id ASC
29-01-2025 17:32:54 info: [select query request] : SELECT * FROM user_management where login_id = 'celebdigital' and login_password = 'e58a3754522a05c1ff4d231f8e8cc1bd' and usr_mgt_status in ('N', 'Y', 'R') ORDER BY user_id ASC
29-01-2025 17:32:54 info: : [call_index_signin] Failed  - Invalid Password. Kindly try again with the valid details!
29-01-2025 17:35:38 info: [insert query request] : INSERT INTO api_log VALUES(NULL,1,'/login','undefined','8419938951','N','-','0000-00-00 00:00:00','Y',CURRENT_TIMESTAMP)
29-01-2025 17:35:38 info: [insert query response] : {"fieldCount":0,"affectedRows":1,"insertId":309,"info":"","serverStatus":2,"warningStatus":0,"changedRows":0}
29-01-2025 17:35:38 info: [select query request] : SELECT * FROM api_log WHERE request_id = '8419938951' AND response_status != 'N' AND api_log_status='Y'
29-01-2025 17:35:38 info: [select query response] : []
29-01-2025 17:35:38 info: [API REQUEST] /login - {"txt_username":"celebdigital","txt_password":"YJt@123#","request_id":"8419938951"} - {"host":"localhost:10017","accept":"*/*","accept-encoding":"deflate, gzip, br","content-type":"application/json","content-length":"107"} - undefined
29-01-2025 17:35:38 info: [select query request] : SELECT * FROM user_management where login_id = 'celebdigital' and usr_mgt_status in ('N', 'Y', 'R') ORDER BY user_id ASC
29-01-2025 17:35:38 info: [select query request] : SELECT * FROM user_management where login_id = 'celebdigital' and login_password = 'e58a3754522a05c1ff4d231f8e8cc1bd' and usr_mgt_status in ('N', 'Y', 'R') ORDER BY user_id ASC
29-01-2025 17:35:38 info: [Update query request] : UPDATE user_management  SET user_bearer_token = 'Bearer eyJhbGciOiJIUzI1NiIsInR5cCI6IkpXVCJ9.eyJ1c2VybmFtZSI6ImNlbGViZGlnaXRhbCIsInVzZXJfcGFzc3dvcmQiOiJZSnRAMTIzIyIsImlhdCI6MTczODE1MjMzOCwiZXhwIjoxNzM4NzU3MTM4fQ.YOz2ZYEQGc8G77bYZ36bvW8gZPHvGH-CP2VsbcxvFTI' WHERE user_id = '1'
29-01-2025 17:35:38 info: [Update query Response] : {"fieldCount":0,"affectedRows":1,"insertId":0,"info":"Rows matched: 1  Changed: 1  Warnings: 0","serverStatus":2,"warningStatus":0,"changedRows":1}
29-01-2025 17:35:38 info: [select query request] : SELECT user_id,user_log_status,login_date FROM user_log where user_id ='1' and user_log_status = 'I' and date(login_date) ='2025-1-29'
29-01-2025 17:35:38 info: [insert query request] : INSERT INTO user_log VALUES(NULL, '1', 'undefined', '2025-1-29 17:35:38', '2025-1-29 17:35:38', NULL, 'I', '2025-1-29 17:35:38')
29-01-2025 17:35:38 info: : [call_index_signin] Success 
29-01-2025 17:35:38 info: [API REQUEST] /user/dashboard_change - {} - {"host":"localhost:10017","accept":"*/*","accept-encoding":"deflate, gzip, br","authorization":"Bearer eyJhbGciOiJIUzI1NiIsInR5cCI6IkpXVCJ9.eyJ1c2VybmFtZSI6ImNlbGViZGlnaXRhbCIsInVzZXJfcGFzc3dvcmQiOiJZSnRAMTIzIyIsImlhdCI6MTczODE1MjMzOCwiZXhwIjoxNzM4NzU3MTM4fQ.YOz2ZYEQGc8G77bYZ36bvW8gZPHvGH-CP2VsbcxvFTI","content-type":"application/json"} - undefined
29-01-2025 17:35:38 info: Bearer eyJhbGciOiJIUzI1NiIsInR5cCI6IkpXVCJ9.eyJ1c2VybmFtZSI6ImNlbGViZGlnaXRhbCIsInVzZXJfcGFzc3dvcmQiOiJZSnRAMTIzIyIsImlhdCI6MTczODE1MjMzOCwiZXhwIjoxNzM4NzU3MTM4fQ.YOz2ZYEQGc8G77bYZ36bvW8gZPHvGH-CP2VsbcxvFTIbearerHeader
29-01-2025 17:35:38 info: [select query request] : SELECT * FROM user_management WHERE user_bearer_token = 'Bearer eyJhbGciOiJIUzI1NiIsInR5cCI6IkpXVCJ9.eyJ1c2VybmFtZSI6ImNlbGViZGlnaXRhbCIsInVzZXJfcGFzc3dvcmQiOiJZSnRAMTIzIyIsImlhdCI6MTczODE1MjMzOCwiZXhwIjoxNzM4NzU3MTM4fQ.YOz2ZYEQGc8G77bYZ36bvW8gZPHvGH-CP2VsbcxvFTI' AND usr_mgt_status IN ('N','Y')
29-01-2025 17:35:38 info: [select query response] : [{"user_id":1,"user_master_id":1,"parent_id":1,"user_name":"celebdigital","api_key":"AA1DE999B6B65D2","login_id":"celebdigital","login_password":"e58a3754522a05c1ff4d231f8e8cc1bd","user_email":"arun@yeejai.com","user_mobile":"8888888888","usr_mgt_status":"Y","usr_mgt_entry_date":"2025-01-29T12:05:38.000Z","user_bearer_token":"Bearer eyJhbGciOiJIUzI1NiIsInR5cCI6IkpXVCJ9.eyJ1c2VybmFtZSI6ImNlbGViZGlnaXRhbCIsInVzZXJfcGFzc3dvcmQiOiJZSnRAMTIzIyIsImlhdCI6MTczODE1MjMzOCwiZXhwIjoxNzM4NzU3MTM4fQ.YOz2ZYEQGc8G77bYZ36bvW8gZPHvGH-CP2VsbcxvFTI"}]
29-01-2025 17:37:40 info: [API REQUEST] /user/dashboard_change - {} - {"host":"localhost:10017","accept":"*/*","accept-encoding":"deflate, gzip, br","authorization":"Bearer eyJhbGciOiJIUzI1NiIsInR5cCI6IkpXVCJ9.eyJ1c2VybmFtZSI6ImNlbGViZGlnaXRhbCIsInVzZXJfcGFzc3dvcmQiOiJZSnRAMTIzIyIsImlhdCI6MTczODE1MjMzOCwiZXhwIjoxNzM4NzU3MTM4fQ.YOz2ZYEQGc8G77bYZ36bvW8gZPHvGH-CP2VsbcxvFTI","content-type":"application/json"} - undefined
29-01-2025 17:37:40 info: Bearer eyJhbGciOiJIUzI1NiIsInR5cCI6IkpXVCJ9.eyJ1c2VybmFtZSI6ImNlbGViZGlnaXRhbCIsInVzZXJfcGFzc3dvcmQiOiJZSnRAMTIzIyIsImlhdCI6MTczODE1MjMzOCwiZXhwIjoxNzM4NzU3MTM4fQ.YOz2ZYEQGc8G77bYZ36bvW8gZPHvGH-CP2VsbcxvFTIbearerHeader
29-01-2025 17:37:40 info: [select query request] : SELECT * FROM user_management WHERE user_bearer_token = 'Bearer eyJhbGciOiJIUzI1NiIsInR5cCI6IkpXVCJ9.eyJ1c2VybmFtZSI6ImNlbGViZGlnaXRhbCIsInVzZXJfcGFzc3dvcmQiOiJZSnRAMTIzIyIsImlhdCI6MTczODE1MjMzOCwiZXhwIjoxNzM4NzU3MTM4fQ.YOz2ZYEQGc8G77bYZ36bvW8gZPHvGH-CP2VsbcxvFTI' AND usr_mgt_status IN ('N','Y')
29-01-2025 17:37:40 info: [select query response] : [{"user_id":1,"user_master_id":1,"parent_id":1,"user_name":"celebdigital","api_key":"AA1DE999B6B65D2","login_id":"celebdigital","login_password":"e58a3754522a05c1ff4d231f8e8cc1bd","user_email":"arun@yeejai.com","user_mobile":"8888888888","usr_mgt_status":"Y","usr_mgt_entry_date":"2025-01-29T12:05:38.000Z","user_bearer_token":"Bearer eyJhbGciOiJIUzI1NiIsInR5cCI6IkpXVCJ9.eyJ1c2VybmFtZSI6ImNlbGViZGlnaXRhbCIsInVzZXJfcGFzc3dvcmQiOiJZSnRAMTIzIyIsImlhdCI6MTczODE1MjMzOCwiZXhwIjoxNzM4NzU3MTM4fQ.YOz2ZYEQGc8G77bYZ36bvW8gZPHvGH-CP2VsbcxvFTI"}]
29-01-2025 17:39:41 info: [API REQUEST] /user/dashboard_change - {} - {"host":"localhost:10017","accept":"*/*","accept-encoding":"deflate, gzip, br","authorization":"Bearer eyJhbGciOiJIUzI1NiIsInR5cCI6IkpXVCJ9.eyJ1c2VybmFtZSI6ImNlbGViZGlnaXRhbCIsInVzZXJfcGFzc3dvcmQiOiJZSnRAMTIzIyIsImlhdCI6MTczODE1MjMzOCwiZXhwIjoxNzM4NzU3MTM4fQ.YOz2ZYEQGc8G77bYZ36bvW8gZPHvGH-CP2VsbcxvFTI","content-type":"application/json"} - undefined
29-01-2025 17:39:41 info: Bearer eyJhbGciOiJIUzI1NiIsInR5cCI6IkpXVCJ9.eyJ1c2VybmFtZSI6ImNlbGViZGlnaXRhbCIsInVzZXJfcGFzc3dvcmQiOiJZSnRAMTIzIyIsImlhdCI6MTczODE1MjMzOCwiZXhwIjoxNzM4NzU3MTM4fQ.YOz2ZYEQGc8G77bYZ36bvW8gZPHvGH-CP2VsbcxvFTIbearerHeader
29-01-2025 17:39:41 info: [select query request] : SELECT * FROM user_management WHERE user_bearer_token = 'Bearer eyJhbGciOiJIUzI1NiIsInR5cCI6IkpXVCJ9.eyJ1c2VybmFtZSI6ImNlbGViZGlnaXRhbCIsInVzZXJfcGFzc3dvcmQiOiJZSnRAMTIzIyIsImlhdCI6MTczODE1MjMzOCwiZXhwIjoxNzM4NzU3MTM4fQ.YOz2ZYEQGc8G77bYZ36bvW8gZPHvGH-CP2VsbcxvFTI' AND usr_mgt_status IN ('N','Y')
29-01-2025 17:39:41 info: [select query response] : [{"user_id":1,"user_master_id":1,"parent_id":1,"user_name":"celebdigital","api_key":"AA1DE999B6B65D2","login_id":"celebdigital","login_password":"e58a3754522a05c1ff4d231f8e8cc1bd","user_email":"arun@yeejai.com","user_mobile":"8888888888","usr_mgt_status":"Y","usr_mgt_entry_date":"2025-01-29T12:05:38.000Z","user_bearer_token":"Bearer eyJhbGciOiJIUzI1NiIsInR5cCI6IkpXVCJ9.eyJ1c2VybmFtZSI6ImNlbGViZGlnaXRhbCIsInVzZXJfcGFzc3dvcmQiOiJZSnRAMTIzIyIsImlhdCI6MTczODE1MjMzOCwiZXhwIjoxNzM4NzU3MTM4fQ.YOz2ZYEQGc8G77bYZ36bvW8gZPHvGH-CP2VsbcxvFTI"}]
29-01-2025 17:40:06 info: [insert query request] : INSERT INTO api_log VALUES(NULL,1,'/login','undefined','7933985965','N','-','0000-00-00 00:00:00','Y',CURRENT_TIMESTAMP)
29-01-2025 17:40:07 info: [insert query response] : {"fieldCount":0,"affectedRows":1,"insertId":310,"info":"","serverStatus":2,"warningStatus":0,"changedRows":0}
29-01-2025 17:40:07 info: [select query request] : SELECT * FROM api_log WHERE request_id = '7933985965' AND response_status != 'N' AND api_log_status='Y'
29-01-2025 17:40:07 info: [select query response] : []
29-01-2025 17:40:07 info: [API REQUEST] /login - {"txt_username":"celebdigital","txt_password":"YJt@123#","request_id":"7933985965"} - {"host":"localhost:10017","accept":"*/*","accept-encoding":"deflate, gzip, br","content-type":"application/json","content-length":"107"} - undefined
29-01-2025 17:40:07 info: [select query request] : SELECT * FROM user_management where login_id = 'celebdigital' and usr_mgt_status in ('N', 'Y', 'R') ORDER BY user_id ASC
29-01-2025 17:40:07 info: [select query request] : SELECT * FROM user_management where login_id = 'celebdigital' and login_password = 'e58a3754522a05c1ff4d231f8e8cc1bd' and usr_mgt_status in ('N', 'Y', 'R') ORDER BY user_id ASC
29-01-2025 17:40:07 info: [Update query request] : UPDATE user_management  SET user_bearer_token = 'Bearer eyJhbGciOiJIUzI1NiIsInR5cCI6IkpXVCJ9.eyJ1c2VybmFtZSI6ImNlbGViZGlnaXRhbCIsInVzZXJfcGFzc3dvcmQiOiJZSnRAMTIzIyIsImlhdCI6MTczODE1MjYwNywiZXhwIjoxNzM4NzU3NDA3fQ.mSxSiyvSUSIk04Sx3rb2yGt0fXqRSmXi687_5fsRBl4' WHERE user_id = '1'
29-01-2025 17:40:07 info: [Update query Response] : {"fieldCount":0,"affectedRows":1,"insertId":0,"info":"Rows matched: 1  Changed: 1  Warnings: 0","serverStatus":2,"warningStatus":0,"changedRows":1}
29-01-2025 17:40:07 info: [select query request] : SELECT user_id,user_log_status,login_date FROM user_log where user_id ='1' and user_log_status = 'I' and date(login_date) ='2025-1-29'
29-01-2025 17:40:07 info: [update query request] : UPDATE user_log SET user_log_status = 'O',logout_time = '2025-1-29 17:40:7' WHERE user_id = '1' AND user_log_status = 'I' AND login_date = '2025-1-29'
29-01-2025 17:40:07 info: [insert query request] : INSERT INTO user_log VALUES(NULL, '1', 'undefined', '2025-1-29 17:40:7', '2025-1-29 17:40:7', NULL, 'I', '2025-1-29 17:40:7')
29-01-2025 17:40:07 info: : [call_index_signin] Success 
29-01-2025 17:40:07 info: [API REQUEST] /user/dashboard_change - {} - {"host":"localhost:10017","accept":"*/*","accept-encoding":"deflate, gzip, br","authorization":"Bearer eyJhbGciOiJIUzI1NiIsInR5cCI6IkpXVCJ9.eyJ1c2VybmFtZSI6ImNlbGViZGlnaXRhbCIsInVzZXJfcGFzc3dvcmQiOiJZSnRAMTIzIyIsImlhdCI6MTczODE1MjYwNywiZXhwIjoxNzM4NzU3NDA3fQ.mSxSiyvSUSIk04Sx3rb2yGt0fXqRSmXi687_5fsRBl4","content-type":"application/json"} - undefined
29-01-2025 17:40:07 info: Bearer eyJhbGciOiJIUzI1NiIsInR5cCI6IkpXVCJ9.eyJ1c2VybmFtZSI6ImNlbGViZGlnaXRhbCIsInVzZXJfcGFzc3dvcmQiOiJZSnRAMTIzIyIsImlhdCI6MTczODE1MjYwNywiZXhwIjoxNzM4NzU3NDA3fQ.mSxSiyvSUSIk04Sx3rb2yGt0fXqRSmXi687_5fsRBl4bearerHeader
29-01-2025 17:40:07 info: [select query request] : SELECT * FROM user_management WHERE user_bearer_token = 'Bearer eyJhbGciOiJIUzI1NiIsInR5cCI6IkpXVCJ9.eyJ1c2VybmFtZSI6ImNlbGViZGlnaXRhbCIsInVzZXJfcGFzc3dvcmQiOiJZSnRAMTIzIyIsImlhdCI6MTczODE1MjYwNywiZXhwIjoxNzM4NzU3NDA3fQ.mSxSiyvSUSIk04Sx3rb2yGt0fXqRSmXi687_5fsRBl4' AND usr_mgt_status IN ('N','Y')
29-01-2025 17:40:07 info: [select query response] : [{"user_id":1,"user_master_id":1,"parent_id":1,"user_name":"celebdigital","api_key":"AA1DE999B6B65D2","login_id":"celebdigital","login_password":"e58a3754522a05c1ff4d231f8e8cc1bd","user_email":"arun@yeejai.com","user_mobile":"8888888888","usr_mgt_status":"Y","usr_mgt_entry_date":"2025-01-29T12:10:07.000Z","user_bearer_token":"Bearer eyJhbGciOiJIUzI1NiIsInR5cCI6IkpXVCJ9.eyJ1c2VybmFtZSI6ImNlbGViZGlnaXRhbCIsInVzZXJfcGFzc3dvcmQiOiJZSnRAMTIzIyIsImlhdCI6MTczODE1MjYwNywiZXhwIjoxNzM4NzU3NDA3fQ.mSxSiyvSUSIk04Sx3rb2yGt0fXqRSmXi687_5fsRBl4"}]
29-01-2025 17:42:07 info: [API REQUEST] /user/dashboard_change - {} - {"host":"localhost:10017","accept":"*/*","accept-encoding":"deflate, gzip, br","authorization":"Bearer eyJhbGciOiJIUzI1NiIsInR5cCI6IkpXVCJ9.eyJ1c2VybmFtZSI6ImNlbGViZGlnaXRhbCIsInVzZXJfcGFzc3dvcmQiOiJZSnRAMTIzIyIsImlhdCI6MTczODE1MjYwNywiZXhwIjoxNzM4NzU3NDA3fQ.mSxSiyvSUSIk04Sx3rb2yGt0fXqRSmXi687_5fsRBl4","content-type":"application/json"} - undefined
29-01-2025 17:42:07 info: Bearer eyJhbGciOiJIUzI1NiIsInR5cCI6IkpXVCJ9.eyJ1c2VybmFtZSI6ImNlbGViZGlnaXRhbCIsInVzZXJfcGFzc3dvcmQiOiJZSnRAMTIzIyIsImlhdCI6MTczODE1MjYwNywiZXhwIjoxNzM4NzU3NDA3fQ.mSxSiyvSUSIk04Sx3rb2yGt0fXqRSmXi687_5fsRBl4bearerHeader
29-01-2025 17:42:07 info: [select query request] : SELECT * FROM user_management WHERE user_bearer_token = 'Bearer eyJhbGciOiJIUzI1NiIsInR5cCI6IkpXVCJ9.eyJ1c2VybmFtZSI6ImNlbGViZGlnaXRhbCIsInVzZXJfcGFzc3dvcmQiOiJZSnRAMTIzIyIsImlhdCI6MTczODE1MjYwNywiZXhwIjoxNzM4NzU3NDA3fQ.mSxSiyvSUSIk04Sx3rb2yGt0fXqRSmXi687_5fsRBl4' AND usr_mgt_status IN ('N','Y')
29-01-2025 17:42:07 info: [select query response] : [{"user_id":1,"user_master_id":1,"parent_id":1,"user_name":"celebdigital","api_key":"AA1DE999B6B65D2","login_id":"celebdigital","login_password":"e58a3754522a05c1ff4d231f8e8cc1bd","user_email":"arun@yeejai.com","user_mobile":"8888888888","usr_mgt_status":"Y","usr_mgt_entry_date":"2025-01-29T12:10:07.000Z","user_bearer_token":"Bearer eyJhbGciOiJIUzI1NiIsInR5cCI6IkpXVCJ9.eyJ1c2VybmFtZSI6ImNlbGViZGlnaXRhbCIsInVzZXJfcGFzc3dvcmQiOiJZSnRAMTIzIyIsImlhdCI6MTczODE1MjYwNywiZXhwIjoxNzM4NzU3NDA3fQ.mSxSiyvSUSIk04Sx3rb2yGt0fXqRSmXi687_5fsRBl4"}]
29-01-2025 17:44:08 info: [API REQUEST] /user/dashboard_change - {} - {"host":"localhost:10017","accept":"*/*","accept-encoding":"deflate, gzip, br","authorization":"Bearer eyJhbGciOiJIUzI1NiIsInR5cCI6IkpXVCJ9.eyJ1c2VybmFtZSI6ImNlbGViZGlnaXRhbCIsInVzZXJfcGFzc3dvcmQiOiJZSnRAMTIzIyIsImlhdCI6MTczODE1MjYwNywiZXhwIjoxNzM4NzU3NDA3fQ.mSxSiyvSUSIk04Sx3rb2yGt0fXqRSmXi687_5fsRBl4","content-type":"application/json"} - undefined
29-01-2025 17:44:08 info: Bearer eyJhbGciOiJIUzI1NiIsInR5cCI6IkpXVCJ9.eyJ1c2VybmFtZSI6ImNlbGViZGlnaXRhbCIsInVzZXJfcGFzc3dvcmQiOiJZSnRAMTIzIyIsImlhdCI6MTczODE1MjYwNywiZXhwIjoxNzM4NzU3NDA3fQ.mSxSiyvSUSIk04Sx3rb2yGt0fXqRSmXi687_5fsRBl4bearerHeader
29-01-2025 17:44:08 info: [select query request] : SELECT * FROM user_management WHERE user_bearer_token = 'Bearer eyJhbGciOiJIUzI1NiIsInR5cCI6IkpXVCJ9.eyJ1c2VybmFtZSI6ImNlbGViZGlnaXRhbCIsInVzZXJfcGFzc3dvcmQiOiJZSnRAMTIzIyIsImlhdCI6MTczODE1MjYwNywiZXhwIjoxNzM4NzU3NDA3fQ.mSxSiyvSUSIk04Sx3rb2yGt0fXqRSmXi687_5fsRBl4' AND usr_mgt_status IN ('N','Y')
29-01-2025 17:44:08 info: [select query response] : [{"user_id":1,"user_master_id":1,"parent_id":1,"user_name":"celebdigital","api_key":"AA1DE999B6B65D2","login_id":"celebdigital","login_password":"e58a3754522a05c1ff4d231f8e8cc1bd","user_email":"arun@yeejai.com","user_mobile":"8888888888","usr_mgt_status":"Y","usr_mgt_entry_date":"2025-01-29T12:10:07.000Z","user_bearer_token":"Bearer eyJhbGciOiJIUzI1NiIsInR5cCI6IkpXVCJ9.eyJ1c2VybmFtZSI6ImNlbGViZGlnaXRhbCIsInVzZXJfcGFzc3dvcmQiOiJZSnRAMTIzIyIsImlhdCI6MTczODE1MjYwNywiZXhwIjoxNzM4NzU3NDA3fQ.mSxSiyvSUSIk04Sx3rb2yGt0fXqRSmXi687_5fsRBl4"}]
29-01-2025 17:46:08 info: [API REQUEST] /user/dashboard_change - {} - {"host":"localhost:10017","accept":"*/*","accept-encoding":"deflate, gzip, br","authorization":"Bearer eyJhbGciOiJIUzI1NiIsInR5cCI6IkpXVCJ9.eyJ1c2VybmFtZSI6ImNlbGViZGlnaXRhbCIsInVzZXJfcGFzc3dvcmQiOiJZSnRAMTIzIyIsImlhdCI6MTczODE1MjYwNywiZXhwIjoxNzM4NzU3NDA3fQ.mSxSiyvSUSIk04Sx3rb2yGt0fXqRSmXi687_5fsRBl4","content-type":"application/json"} - undefined
29-01-2025 17:46:08 info: Bearer eyJhbGciOiJIUzI1NiIsInR5cCI6IkpXVCJ9.eyJ1c2VybmFtZSI6ImNlbGViZGlnaXRhbCIsInVzZXJfcGFzc3dvcmQiOiJZSnRAMTIzIyIsImlhdCI6MTczODE1MjYwNywiZXhwIjoxNzM4NzU3NDA3fQ.mSxSiyvSUSIk04Sx3rb2yGt0fXqRSmXi687_5fsRBl4bearerHeader
29-01-2025 17:46:08 info: [select query request] : SELECT * FROM user_management WHERE user_bearer_token = 'Bearer eyJhbGciOiJIUzI1NiIsInR5cCI6IkpXVCJ9.eyJ1c2VybmFtZSI6ImNlbGViZGlnaXRhbCIsInVzZXJfcGFzc3dvcmQiOiJZSnRAMTIzIyIsImlhdCI6MTczODE1MjYwNywiZXhwIjoxNzM4NzU3NDA3fQ.mSxSiyvSUSIk04Sx3rb2yGt0fXqRSmXi687_5fsRBl4' AND usr_mgt_status IN ('N','Y')
29-01-2025 17:46:08 info: [select query response] : [{"user_id":1,"user_master_id":1,"parent_id":1,"user_name":"celebdigital","api_key":"AA1DE999B6B65D2","login_id":"celebdigital","login_password":"e58a3754522a05c1ff4d231f8e8cc1bd","user_email":"arun@yeejai.com","user_mobile":"8888888888","usr_mgt_status":"Y","usr_mgt_entry_date":"2025-01-29T12:10:07.000Z","user_bearer_token":"Bearer eyJhbGciOiJIUzI1NiIsInR5cCI6IkpXVCJ9.eyJ1c2VybmFtZSI6ImNlbGViZGlnaXRhbCIsInVzZXJfcGFzc3dvcmQiOiJZSnRAMTIzIyIsImlhdCI6MTczODE1MjYwNywiZXhwIjoxNzM4NzU3NDA3fQ.mSxSiyvSUSIk04Sx3rb2yGt0fXqRSmXi687_5fsRBl4"}]
29-01-2025 17:48:09 info: [API REQUEST] /user/dashboard_change - {} - {"host":"localhost:10017","accept":"*/*","accept-encoding":"deflate, gzip, br","authorization":"Bearer eyJhbGciOiJIUzI1NiIsInR5cCI6IkpXVCJ9.eyJ1c2VybmFtZSI6ImNlbGViZGlnaXRhbCIsInVzZXJfcGFzc3dvcmQiOiJZSnRAMTIzIyIsImlhdCI6MTczODE1MjYwNywiZXhwIjoxNzM4NzU3NDA3fQ.mSxSiyvSUSIk04Sx3rb2yGt0fXqRSmXi687_5fsRBl4","content-type":"application/json"} - undefined
29-01-2025 17:48:09 info: Bearer eyJhbGciOiJIUzI1NiIsInR5cCI6IkpXVCJ9.eyJ1c2VybmFtZSI6ImNlbGViZGlnaXRhbCIsInVzZXJfcGFzc3dvcmQiOiJZSnRAMTIzIyIsImlhdCI6MTczODE1MjYwNywiZXhwIjoxNzM4NzU3NDA3fQ.mSxSiyvSUSIk04Sx3rb2yGt0fXqRSmXi687_5fsRBl4bearerHeader
29-01-2025 17:48:09 info: [select query request] : SELECT * FROM user_management WHERE user_bearer_token = 'Bearer eyJhbGciOiJIUzI1NiIsInR5cCI6IkpXVCJ9.eyJ1c2VybmFtZSI6ImNlbGViZGlnaXRhbCIsInVzZXJfcGFzc3dvcmQiOiJZSnRAMTIzIyIsImlhdCI6MTczODE1MjYwNywiZXhwIjoxNzM4NzU3NDA3fQ.mSxSiyvSUSIk04Sx3rb2yGt0fXqRSmXi687_5fsRBl4' AND usr_mgt_status IN ('N','Y')
29-01-2025 17:48:09 info: [select query response] : [{"user_id":1,"user_master_id":1,"parent_id":1,"user_name":"celebdigital","api_key":"AA1DE999B6B65D2","login_id":"celebdigital","login_password":"e58a3754522a05c1ff4d231f8e8cc1bd","user_email":"arun@yeejai.com","user_mobile":"8888888888","usr_mgt_status":"Y","usr_mgt_entry_date":"2025-01-29T12:10:07.000Z","user_bearer_token":"Bearer eyJhbGciOiJIUzI1NiIsInR5cCI6IkpXVCJ9.eyJ1c2VybmFtZSI6ImNlbGViZGlnaXRhbCIsInVzZXJfcGFzc3dvcmQiOiJZSnRAMTIzIyIsImlhdCI6MTczODE1MjYwNywiZXhwIjoxNzM4NzU3NDA3fQ.mSxSiyvSUSIk04Sx3rb2yGt0fXqRSmXi687_5fsRBl4"}]
29-01-2025 17:50:10 info: [API REQUEST] /user/dashboard_change - {} - {"host":"localhost:10017","accept":"*/*","accept-encoding":"deflate, gzip, br","authorization":"Bearer eyJhbGciOiJIUzI1NiIsInR5cCI6IkpXVCJ9.eyJ1c2VybmFtZSI6ImNlbGViZGlnaXRhbCIsInVzZXJfcGFzc3dvcmQiOiJZSnRAMTIzIyIsImlhdCI6MTczODE1MjYwNywiZXhwIjoxNzM4NzU3NDA3fQ.mSxSiyvSUSIk04Sx3rb2yGt0fXqRSmXi687_5fsRBl4","content-type":"application/json"} - undefined
29-01-2025 17:50:10 info: Bearer eyJhbGciOiJIUzI1NiIsInR5cCI6IkpXVCJ9.eyJ1c2VybmFtZSI6ImNlbGViZGlnaXRhbCIsInVzZXJfcGFzc3dvcmQiOiJZSnRAMTIzIyIsImlhdCI6MTczODE1MjYwNywiZXhwIjoxNzM4NzU3NDA3fQ.mSxSiyvSUSIk04Sx3rb2yGt0fXqRSmXi687_5fsRBl4bearerHeader
29-01-2025 17:50:10 info: [select query request] : SELECT * FROM user_management WHERE user_bearer_token = 'Bearer eyJhbGciOiJIUzI1NiIsInR5cCI6IkpXVCJ9.eyJ1c2VybmFtZSI6ImNlbGViZGlnaXRhbCIsInVzZXJfcGFzc3dvcmQiOiJZSnRAMTIzIyIsImlhdCI6MTczODE1MjYwNywiZXhwIjoxNzM4NzU3NDA3fQ.mSxSiyvSUSIk04Sx3rb2yGt0fXqRSmXi687_5fsRBl4' AND usr_mgt_status IN ('N','Y')
29-01-2025 17:50:10 info: [select query response] : [{"user_id":1,"user_master_id":1,"parent_id":1,"user_name":"celebdigital","api_key":"AA1DE999B6B65D2","login_id":"celebdigital","login_password":"e58a3754522a05c1ff4d231f8e8cc1bd","user_email":"arun@yeejai.com","user_mobile":"8888888888","usr_mgt_status":"Y","usr_mgt_entry_date":"2025-01-29T12:10:07.000Z","user_bearer_token":"Bearer eyJhbGciOiJIUzI1NiIsInR5cCI6IkpXVCJ9.eyJ1c2VybmFtZSI6ImNlbGViZGlnaXRhbCIsInVzZXJfcGFzc3dvcmQiOiJZSnRAMTIzIyIsImlhdCI6MTczODE1MjYwNywiZXhwIjoxNzM4NzU3NDA3fQ.mSxSiyvSUSIk04Sx3rb2yGt0fXqRSmXi687_5fsRBl4"}]
