15-02-2025 04:53:04 info: App started listening at http://localhost:10017
15-02-2025 04:53:11 info: [insert query request] : INSERT INTO api_log VALUES(NULL,1,'/login','undefined','9572989694','N','-','0000-00-00 00:00:00','Y',CURRENT_TIMESTAMP)
15-02-2025 04:53:11 info: [insert query response] : {"fieldCount":0,"affectedRows":1,"insertId":657,"info":"","serverStatus":2,"warningStatus":0,"changedRows":0}
15-02-2025 04:53:11 info: [select query request] : SELECT * FROM api_log WHERE request_id = '9572989694' AND response_status != 'N' AND api_log_status='Y'
15-02-2025 04:53:11 info: [select query response] : []
15-02-2025 04:53:11 info: [API REQUEST] /login - {"txt_username":"celebdigital","txt_password":"YJtiefn","request_id":"9572989694"} - {"host":"localhost:10017","accept":"*/*","accept-encoding":"deflate, gzip, br, zstd","content-type":"application/json","content-length":"106"} - undefined
15-02-2025 04:53:11 info: [select query request] : SELECT * FROM user_management where login_id = 'celebdigital' and usr_mgt_status in ('N', 'Y', 'R') ORDER BY user_id ASC
15-02-2025 04:53:11 info: [select query request] : SELECT * FROM user_management where login_id = 'celebdigital' and login_password = '0d50b13f4e973d1cfdc03b0dfe7aace2' and usr_mgt_status in ('N', 'Y', 'R') ORDER BY user_id ASC
15-02-2025 04:53:11 info: : [call_index_signin] Failed  - Invalid Password. Kindly try again with the valid details!
15-02-2025 04:53:15 info: [insert query request] : INSERT INTO api_log VALUES(NULL,1,'/login','undefined','8062191746','N','-','0000-00-00 00:00:00','Y',CURRENT_TIMESTAMP)
15-02-2025 04:53:15 info: [insert query response] : {"fieldCount":0,"affectedRows":1,"insertId":658,"info":"","serverStatus":2,"warningStatus":0,"changedRows":0}
15-02-2025 04:53:15 info: [select query request] : SELECT * FROM api_log WHERE request_id = '8062191746' AND response_status != 'N' AND api_log_status='Y'
15-02-2025 04:53:15 info: [select query response] : []
15-02-2025 04:53:15 info: [API REQUEST] /login - {"txt_username":"celebdigital","txt_password":"YJt@123#","request_id":"8062191746"} - {"host":"localhost:10017","accept":"*/*","accept-encoding":"deflate, gzip, br, zstd","content-type":"application/json","content-length":"107"} - undefined
15-02-2025 04:53:15 info: [select query request] : SELECT * FROM user_management where login_id = 'celebdigital' and usr_mgt_status in ('N', 'Y', 'R') ORDER BY user_id ASC
15-02-2025 04:53:15 info: [select query request] : SELECT * FROM user_management where login_id = 'celebdigital' and login_password = 'e58a3754522a05c1ff4d231f8e8cc1bd' and usr_mgt_status in ('N', 'Y', 'R') ORDER BY user_id ASC
15-02-2025 04:53:15 info: [Update query request] : UPDATE user_management  SET user_bearer_token = 'Bearer eyJhbGciOiJIUzI1NiIsInR5cCI6IkpXVCJ9.eyJ1c2VybmFtZSI6ImNlbGViZGlnaXRhbCIsInVzZXJfcGFzc3dvcmQiOiJZSnRAMTIzIyIsImlhdCI6MTczOTU5NTE5NSwiZXhwIjoxNzQwMTk5OTk1fQ.qS9gwMxItX04y1fVLuwG_PIHm_4IKeow9vApEnsCJTQ' WHERE user_id = '1'
15-02-2025 04:53:15 info: [Update query Response] : {"fieldCount":0,"affectedRows":1,"insertId":0,"info":"Rows matched: 1  Changed: 1  Warnings: 0","serverStatus":2,"warningStatus":0,"changedRows":1}
15-02-2025 04:53:15 info: [select query request] : SELECT user_id,user_log_status,login_date FROM user_log where user_id ='1' and user_log_status = 'I' and date(login_date) ='2025-2-15'
15-02-2025 04:53:15 info: [insert query request] : INSERT INTO user_log VALUES(NULL, '1', 'undefined', '2025-2-15 4:53:15', '2025-2-15 4:53:15', NULL, 'I', '2025-2-15 4:53:15')
15-02-2025 04:53:15 info: : [call_index_signin] Success 
15-02-2025 04:53:15 info: [API REQUEST] /user/dashboard_change - {} - {"host":"localhost:10017","accept":"*/*","accept-encoding":"deflate, gzip, br, zstd","authorization":"Bearer eyJhbGciOiJIUzI1NiIsInR5cCI6IkpXVCJ9.eyJ1c2VybmFtZSI6ImNlbGViZGlnaXRhbCIsInVzZXJfcGFzc3dvcmQiOiJZSnRAMTIzIyIsImlhdCI6MTczOTU5NTE5NSwiZXhwIjoxNzQwMTk5OTk1fQ.qS9gwMxItX04y1fVLuwG_PIHm_4IKeow9vApEnsCJTQ","content-type":"application/json"} - undefined
15-02-2025 04:53:15 info: Bearer eyJhbGciOiJIUzI1NiIsInR5cCI6IkpXVCJ9.eyJ1c2VybmFtZSI6ImNlbGViZGlnaXRhbCIsInVzZXJfcGFzc3dvcmQiOiJZSnRAMTIzIyIsImlhdCI6MTczOTU5NTE5NSwiZXhwIjoxNzQwMTk5OTk1fQ.qS9gwMxItX04y1fVLuwG_PIHm_4IKeow9vApEnsCJTQbearerHeader
15-02-2025 04:53:15 info: [select query request] : SELECT * FROM user_management WHERE user_bearer_token = 'Bearer eyJhbGciOiJIUzI1NiIsInR5cCI6IkpXVCJ9.eyJ1c2VybmFtZSI6ImNlbGViZGlnaXRhbCIsInVzZXJfcGFzc3dvcmQiOiJZSnRAMTIzIyIsImlhdCI6MTczOTU5NTE5NSwiZXhwIjoxNzQwMTk5OTk1fQ.qS9gwMxItX04y1fVLuwG_PIHm_4IKeow9vApEnsCJTQ' AND usr_mgt_status IN ('N','Y')
15-02-2025 04:53:15 info: [select query response] : [{"user_id":1,"user_master_id":1,"parent_id":1,"user_name":"celebdigital","api_key":"AA1DE999B6B65D2","login_id":"celebdigital","login_password":"e58a3754522a05c1ff4d231f8e8cc1bd","user_email":"arun@yeejai.com","user_mobile":"8888888888","usr_mgt_status":"Y","usr_mgt_entry_date":"2025-02-15T10:23:15.000Z","user_bearer_token":"Bearer eyJhbGciOiJIUzI1NiIsInR5cCI6IkpXVCJ9.eyJ1c2VybmFtZSI6ImNlbGViZGlnaXRhbCIsInVzZXJfcGFzc3dvcmQiOiJZSnRAMTIzIyIsImlhdCI6MTczOTU5NTE5NSwiZXhwIjoxNzQwMTk5OTk1fQ.qS9gwMxItX04y1fVLuwG_PIHm_4IKeow9vApEnsCJTQ"}]
15-02-2025 04:53:44 info: [API REQUEST] /logout - {"request_id":"1_202545102344_1088"} - {"host":"localhost:10017","accept":"*/*","accept-encoding":"deflate, gzip, br, zstd","authorization":"Bearer eyJhbGciOiJIUzI1NiIsInR5cCI6IkpXVCJ9.eyJ1c2VybmFtZSI6ImNlbGViZGlnaXRhbCIsInVzZXJfcGFzc3dvcmQiOiJZSnRAMTIzIyIsImlhdCI6MTczOTU5NTE5NSwiZXhwIjoxNzQwMTk5OTk1fQ.qS9gwMxItX04y1fVLuwG_PIHm_4IKeow9vApEnsCJTQ","content-type":"application/json","content-length":"42"} - undefined
15-02-2025 04:53:44 info: [Select query request] : CALL api_log('/logout','undefined','1_202545102344_1088' ,'Bearer eyJhbGciOiJIUzI1NiIsInR5cCI6IkpXVCJ9.eyJ1c2VybmFtZSI6ImNlbGViZGlnaXRhbCIsInVzZXJfcGFzc3dvcmQiOiJZSnRAMTIzIyIsImlhdCI6MTczOTU5NTE5NSwiZXhwIjoxNzQwMTk5OTk1fQ.qS9gwMxItX04y1fVLuwG_PIHm_4IKeow9vApEnsCJTQ',null)
15-02-2025 04:53:44 info: [select query response ] : [[{"response_user_id":1,"Success":"success"}],{"fieldCount":0,"affectedRows":0,"insertId":0,"info":"","serverStatus":16418,"warningStatus":0,"changedRows":0}]
15-02-2025 04:53:44 info: [select query response ] : [[{"response_user_id":1,"Success":"success"}],{"fieldCount":0,"affectedRows":0,"insertId":0,"info":"","serverStatus":16418,"warningStatus":0,"changedRows":0}]
15-02-2025 04:53:44 info: [select query response ] :1
15-02-2025 04:53:44 info: [update query request] : SELECT user_master_id from user_management WHERE user_id = '1'
15-02-2025 04:53:44 info: [update query Response] : [{"user_master_id":1}]
15-02-2025 04:53:44 info: [insert query request] : INSERT INTO api_log VALUES(NULL,1,'/logout','undefined','1_202545102344_1088','N','-','0000-00-00 00:00:00','Y',CURRENT_TIMESTAMP)
15-02-2025 04:53:44 info: [insert query response] : {"fieldCount":0,"affectedRows":1,"insertId":660,"info":"","serverStatus":2,"warningStatus":0,"changedRows":0}
15-02-2025 04:53:44 info: [select query request] : SELECT * FROM api_log WHERE request_id = '1_202545102344_1088' AND response_status != 'N' AND api_log_status='Y'
15-02-2025 04:53:44 info: [select query response] : []
15-02-2025 04:53:44 info: [Logout query parameters] : {"request_id":"1_202545102344_1088","user_id":1,"user_master_id":1}
15-02-2025 04:53:44 info: [select query request] : SELECT * FROM user_management where user_bearer_token = 'Bearer eyJhbGciOiJIUzI1NiIsInR5cCI6IkpXVCJ9.eyJ1c2VybmFtZSI6ImNlbGViZGlnaXRhbCIsInVzZXJfcGFzc3dvcmQiOiJZSnRAMTIzIyIsImlhdCI6MTczOTU5NTE5NSwiZXhwIjoxNzQwMTk5OTk1fQ.qS9gwMxItX04y1fVLuwG_PIHm_4IKeow9vApEnsCJTQ' AND usr_mgt_status = 'Y' 
15-02-2025 04:53:44 info: [select query request] : SELECT * FROM user_management where user_bearer_token = 'Bearer eyJhbGciOiJIUzI1NiIsInR5cCI6IkpXVCJ9.eyJ1c2VybmFtZSI6ImNlbGViZGlnaXRhbCIsInVzZXJfcGFzc3dvcmQiOiJZSnRAMTIzIyIsImlhdCI6MTczOTU5NTE5NSwiZXhwIjoxNzQwMTk5OTk1fQ.qS9gwMxItX04y1fVLuwG_PIHm_4IKeow9vApEnsCJTQ' AND usr_mgt_status = 'Y' and user_id = '1' 
15-02-2025 04:53:44 info: [select query response] : [{"user_id":1,"user_master_id":1,"parent_id":1,"user_name":"celebdigital","api_key":"AA1DE999B6B65D2","login_id":"celebdigital","login_password":"e58a3754522a05c1ff4d231f8e8cc1bd","user_email":"arun@yeejai.com","user_mobile":"8888888888","usr_mgt_status":"Y","usr_mgt_entry_date":"2025-02-15T10:23:15.000Z","user_bearer_token":"Bearer eyJhbGciOiJIUzI1NiIsInR5cCI6IkpXVCJ9.eyJ1c2VybmFtZSI6ImNlbGViZGlnaXRhbCIsInVzZXJfcGFzc3dvcmQiOiJZSnRAMTIzIyIsImlhdCI6MTczOTU5NTE5NSwiZXhwIjoxNzQwMTk5OTk1fQ.qS9gwMxItX04y1fVLuwG_PIHm_4IKeow9vApEnsCJTQ"}]
15-02-2025 04:53:44 info: [Logout Select query request] : Select * from user_log WHERE user_id ='1' and  login_date ='2025-2-15' and user_log_status = 'I'
15-02-2025 04:53:44 info: [Logout Select query response] : [{"user_log_id":269,"user_id":1,"ip_address":"undefined","login_date":"2025-02-15T00:00:00.000Z","login_time":"2025-02-15T04:53:15.000Z","logout_time":null,"user_log_status":"I","user_log_entry_date":"2025-02-15T04:53:15.000Z"}]
15-02-2025 04:53:44 info: [Update query request] : UPDATE user_management SET user_bearer_token= '-' WHERE user_id ='1' 
15-02-2025 04:53:44 info: [Update query response] : {"fieldCount":0,"affectedRows":1,"insertId":0,"info":"Rows matched: 1  Changed: 1  Warnings: 0","serverStatus":2,"warningStatus":0,"changedRows":1}
15-02-2025 04:53:44 info: [Logout Update query request] : UPDATE user_log SET logout_time = '2025-2-15 4:53:44',user_log_status ='O' WHERE user_id ='1' and login_date ='2025-2-15' and user_log_status = 'I' 
15-02-2025 04:53:44 info: [ Logout Update query response] : {"fieldCount":0,"affectedRows":1,"insertId":0,"info":"Rows matched: 1  Changed: 1  Warnings: 0","serverStatus":2,"warningStatus":0,"changedRows":1}
15-02-2025 06:28:24 info: App started listening at http://localhost:10017
15-02-2025 06:28:36 info: [insert query request] : INSERT INTO api_log VALUES(NULL,1,'/login','undefined','6002622016','N','-','0000-00-00 00:00:00','Y',CURRENT_TIMESTAMP)
15-02-2025 06:28:36 info: [insert query response] : {"fieldCount":0,"affectedRows":1,"insertId":661,"info":"","serverStatus":2,"warningStatus":0,"changedRows":0}
15-02-2025 06:28:36 info: [select query request] : SELECT * FROM api_log WHERE request_id = '6002622016' AND response_status != 'N' AND api_log_status='Y'
15-02-2025 06:28:36 info: [select query response] : []
15-02-2025 06:28:36 info: [API REQUEST] /login - {"txt_username":"celebdigital","txt_password":"YJt@123#","request_id":"6002622016"} - {"host":"localhost:10017","accept":"*/*","accept-encoding":"deflate, gzip, br, zstd","content-type":"application/json","content-length":"107"} - undefined
15-02-2025 06:28:36 info: [select query request] : SELECT * FROM user_management where login_id = 'celebdigital' and usr_mgt_status in ('N', 'Y', 'R') ORDER BY user_id ASC
15-02-2025 06:28:36 info: [select query request] : SELECT * FROM user_management where login_id = 'celebdigital' and login_password = 'e58a3754522a05c1ff4d231f8e8cc1bd' and usr_mgt_status in ('N', 'Y', 'R') ORDER BY user_id ASC
15-02-2025 06:28:36 info: [Update query request] : UPDATE user_management  SET user_bearer_token = 'Bearer eyJhbGciOiJIUzI1NiIsInR5cCI6IkpXVCJ9.eyJ1c2VybmFtZSI6ImNlbGViZGlnaXRhbCIsInVzZXJfcGFzc3dvcmQiOiJZSnRAMTIzIyIsImlhdCI6MTczOTYwMDkxNiwiZXhwIjoxNzQwMjA1NzE2fQ.r7tcQl4CQRCuSx5cNZ1OKECkDRMjdn4vpBe8AuU_v5o' WHERE user_id = '1'
15-02-2025 06:28:36 info: [Update query Response] : {"fieldCount":0,"affectedRows":1,"insertId":0,"info":"Rows matched: 1  Changed: 1  Warnings: 0","serverStatus":2,"warningStatus":0,"changedRows":1}
15-02-2025 06:28:36 info: [select query request] : SELECT user_id,user_log_status,login_date FROM user_log where user_id ='1' and user_log_status = 'I' and date(login_date) ='2025-2-15'
15-02-2025 06:28:36 info: [insert query request] : INSERT INTO user_log VALUES(NULL, '1', 'undefined', '2025-2-15 6:28:36', '2025-2-15 6:28:36', NULL, 'I', '2025-2-15 6:28:36')
15-02-2025 06:28:36 info: : [call_index_signin] Success 
15-02-2025 06:28:36 info: [API REQUEST] /user/dashboard_change - {} - {"host":"localhost:10017","accept":"*/*","accept-encoding":"deflate, gzip, br, zstd","authorization":"Bearer eyJhbGciOiJIUzI1NiIsInR5cCI6IkpXVCJ9.eyJ1c2VybmFtZSI6ImNlbGViZGlnaXRhbCIsInVzZXJfcGFzc3dvcmQiOiJZSnRAMTIzIyIsImlhdCI6MTczOTYwMDkxNiwiZXhwIjoxNzQwMjA1NzE2fQ.r7tcQl4CQRCuSx5cNZ1OKECkDRMjdn4vpBe8AuU_v5o","content-type":"application/json"} - undefined
15-02-2025 06:28:36 info: Bearer eyJhbGciOiJIUzI1NiIsInR5cCI6IkpXVCJ9.eyJ1c2VybmFtZSI6ImNlbGViZGlnaXRhbCIsInVzZXJfcGFzc3dvcmQiOiJZSnRAMTIzIyIsImlhdCI6MTczOTYwMDkxNiwiZXhwIjoxNzQwMjA1NzE2fQ.r7tcQl4CQRCuSx5cNZ1OKECkDRMjdn4vpBe8AuU_v5obearerHeader
15-02-2025 06:28:36 info: [select query request] : SELECT * FROM user_management WHERE user_bearer_token = 'Bearer eyJhbGciOiJIUzI1NiIsInR5cCI6IkpXVCJ9.eyJ1c2VybmFtZSI6ImNlbGViZGlnaXRhbCIsInVzZXJfcGFzc3dvcmQiOiJZSnRAMTIzIyIsImlhdCI6MTczOTYwMDkxNiwiZXhwIjoxNzQwMjA1NzE2fQ.r7tcQl4CQRCuSx5cNZ1OKECkDRMjdn4vpBe8AuU_v5o' AND usr_mgt_status IN ('N','Y')
15-02-2025 06:28:36 info: [select query response] : [{"user_id":1,"user_master_id":1,"parent_id":1,"user_name":"celebdigital","api_key":"AA1DE999B6B65D2","login_id":"celebdigital","login_password":"e58a3754522a05c1ff4d231f8e8cc1bd","user_email":"arun@yeejai.com","user_mobile":"8888888888","usr_mgt_status":"Y","usr_mgt_entry_date":"2025-02-15T06:28:36.000Z","user_bearer_token":"Bearer eyJhbGciOiJIUzI1NiIsInR5cCI6IkpXVCJ9.eyJ1c2VybmFtZSI6ImNlbGViZGlnaXRhbCIsInVzZXJfcGFzc3dvcmQiOiJZSnRAMTIzIyIsImlhdCI6MTczOTYwMDkxNiwiZXhwIjoxNzQwMjA1NzE2fQ.r7tcQl4CQRCuSx5cNZ1OKECkDRMjdn4vpBe8AuU_v5o"}]
15-02-2025 07:03:27 info: App started listening at http://localhost:10017
15-02-2025 07:03:35 info: [insert query request] : INSERT INTO api_log VALUES(NULL,1,'/login','undefined','5720509103','N','-','0000-00-00 00:00:00','Y',CURRENT_TIMESTAMP)
15-02-2025 07:03:35 info: [insert query response] : {"fieldCount":0,"affectedRows":1,"insertId":662,"info":"","serverStatus":2,"warningStatus":0,"changedRows":0}
15-02-2025 07:03:35 info: [select query request] : SELECT * FROM api_log WHERE request_id = '5720509103' AND response_status != 'N' AND api_log_status='Y'
15-02-2025 07:03:35 info: [select query response] : []
15-02-2025 07:03:35 info: [API REQUEST] /login - {"txt_username":"celebdigital","txt_password":"eded","request_id":"5720509103"} - {"host":"localhost:10017","accept":"*/*","accept-encoding":"deflate, gzip, br, zstd","content-type":"application/json","content-length":"103"} - undefined
15-02-2025 07:03:35 info: [select query request] : SELECT * FROM user_management where login_id = 'celebdigital' and usr_mgt_status in ('N', 'Y', 'R') ORDER BY user_id ASC
15-02-2025 07:03:35 info: [select query request] : SELECT * FROM user_management where login_id = 'celebdigital' and login_password = '8300718c57f75dc45f6d7c06f26a0fc2' and usr_mgt_status in ('N', 'Y', 'R') ORDER BY user_id ASC
15-02-2025 07:03:35 info: : [call_index_signin] Failed  - Invalid Password. Kindly try again with the valid details!
15-02-2025 07:03:39 info: [insert query request] : INSERT INTO api_log VALUES(NULL,1,'/login','undefined','2922485745','N','-','0000-00-00 00:00:00','Y',CURRENT_TIMESTAMP)
15-02-2025 07:03:39 info: [insert query response] : {"fieldCount":0,"affectedRows":1,"insertId":663,"info":"","serverStatus":2,"warningStatus":0,"changedRows":0}
15-02-2025 07:03:39 info: [select query request] : SELECT * FROM api_log WHERE request_id = '2922485745' AND response_status != 'N' AND api_log_status='Y'
15-02-2025 07:03:39 info: [select query response] : []
15-02-2025 07:03:39 info: [API REQUEST] /login - {"txt_username":"celebdigital","txt_password":"wdlmw","request_id":"2922485745"} - {"host":"localhost:10017","accept":"*/*","accept-encoding":"deflate, gzip, br, zstd","content-type":"application/json","content-length":"104"} - undefined
15-02-2025 07:03:39 info: [select query request] : SELECT * FROM user_management where login_id = 'celebdigital' and usr_mgt_status in ('N', 'Y', 'R') ORDER BY user_id ASC
15-02-2025 07:03:39 info: [select query request] : SELECT * FROM user_management where login_id = 'celebdigital' and login_password = '3d0c48cd0d0e60f58c5cec0c2b23dbe5' and usr_mgt_status in ('N', 'Y', 'R') ORDER BY user_id ASC
15-02-2025 07:03:39 info: : [call_index_signin] Failed  - Invalid Password. Kindly try again with the valid details!
15-02-2025 07:03:43 info: [insert query request] : INSERT INTO api_log VALUES(NULL,1,'/login','undefined','1854775570','N','-','0000-00-00 00:00:00','Y',CURRENT_TIMESTAMP)
15-02-2025 07:03:43 info: [insert query response] : {"fieldCount":0,"affectedRows":1,"insertId":664,"info":"","serverStatus":2,"warningStatus":0,"changedRows":0}
15-02-2025 07:03:43 info: [select query request] : SELECT * FROM api_log WHERE request_id = '1854775570' AND response_status != 'N' AND api_log_status='Y'
15-02-2025 07:03:43 info: [select query response] : []
15-02-2025 07:03:43 info: [API REQUEST] /login - {"txt_username":"celebdigital","txt_password":"YJt@123#","request_id":"1854775570"} - {"host":"localhost:10017","accept":"*/*","accept-encoding":"deflate, gzip, br, zstd","content-type":"application/json","content-length":"107"} - undefined
15-02-2025 07:03:43 info: [select query request] : SELECT * FROM user_management where login_id = 'celebdigital' and usr_mgt_status in ('N', 'Y', 'R') ORDER BY user_id ASC
15-02-2025 07:03:43 info: [select query request] : SELECT * FROM user_management where login_id = 'celebdigital' and login_password = 'e58a3754522a05c1ff4d231f8e8cc1bd' and usr_mgt_status in ('N', 'Y', 'R') ORDER BY user_id ASC
15-02-2025 07:03:43 info: [Update query request] : UPDATE user_management  SET user_bearer_token = 'Bearer eyJhbGciOiJIUzI1NiIsInR5cCI6IkpXVCJ9.eyJ1c2VybmFtZSI6ImNlbGViZGlnaXRhbCIsInVzZXJfcGFzc3dvcmQiOiJZSnRAMTIzIyIsImlhdCI6MTczOTYwMzAyMywiZXhwIjoxNzQwMjA3ODIzfQ.5fhW_yBvIBAUwzuY2HkhAEduEjPrp8yoBupsSF0Q4rk' WHERE user_id = '1'
15-02-2025 07:03:43 info: [Update query Response] : {"fieldCount":0,"affectedRows":1,"insertId":0,"info":"Rows matched: 1  Changed: 1  Warnings: 0","serverStatus":2,"warningStatus":0,"changedRows":1}
15-02-2025 07:03:43 info: [select query request] : SELECT user_id,user_log_status,login_date FROM user_log where user_id ='1' and user_log_status = 'I' and date(login_date) ='2025-2-15'
15-02-2025 07:03:43 info: [update query request] : UPDATE user_log SET user_log_status = 'O',logout_time = '2025-2-15 7:3:43' WHERE user_id = '1' AND user_log_status = 'I' AND login_date = '2025-2-15'
15-02-2025 07:03:43 info: [insert query request] : INSERT INTO user_log VALUES(NULL, '1', 'undefined', '2025-2-15 7:3:43', '2025-2-15 7:3:43', NULL, 'I', '2025-2-15 7:3:43')
15-02-2025 07:03:43 info: : [call_index_signin] Success 
15-02-2025 07:03:43 info: [API REQUEST] /user/dashboard_change - {} - {"host":"localhost:10017","accept":"*/*","accept-encoding":"deflate, gzip, br, zstd","authorization":"Bearer eyJhbGciOiJIUzI1NiIsInR5cCI6IkpXVCJ9.eyJ1c2VybmFtZSI6ImNlbGViZGlnaXRhbCIsInVzZXJfcGFzc3dvcmQiOiJZSnRAMTIzIyIsImlhdCI6MTczOTYwMzAyMywiZXhwIjoxNzQwMjA3ODIzfQ.5fhW_yBvIBAUwzuY2HkhAEduEjPrp8yoBupsSF0Q4rk","content-type":"application/json"} - undefined
15-02-2025 07:03:43 info: Bearer eyJhbGciOiJIUzI1NiIsInR5cCI6IkpXVCJ9.eyJ1c2VybmFtZSI6ImNlbGViZGlnaXRhbCIsInVzZXJfcGFzc3dvcmQiOiJZSnRAMTIzIyIsImlhdCI6MTczOTYwMzAyMywiZXhwIjoxNzQwMjA3ODIzfQ.5fhW_yBvIBAUwzuY2HkhAEduEjPrp8yoBupsSF0Q4rkbearerHeader
15-02-2025 07:03:43 info: [select query request] : SELECT * FROM user_management WHERE user_bearer_token = 'Bearer eyJhbGciOiJIUzI1NiIsInR5cCI6IkpXVCJ9.eyJ1c2VybmFtZSI6ImNlbGViZGlnaXRhbCIsInVzZXJfcGFzc3dvcmQiOiJZSnRAMTIzIyIsImlhdCI6MTczOTYwMzAyMywiZXhwIjoxNzQwMjA3ODIzfQ.5fhW_yBvIBAUwzuY2HkhAEduEjPrp8yoBupsSF0Q4rk' AND usr_mgt_status IN ('N','Y')
15-02-2025 07:03:43 info: [select query response] : [{"user_id":1,"user_master_id":1,"parent_id":1,"user_name":"celebdigital","api_key":"AA1DE999B6B65D2","login_id":"celebdigital","login_password":"e58a3754522a05c1ff4d231f8e8cc1bd","user_email":"arun@yeejai.com","user_mobile":"8888888888","usr_mgt_status":"Y","usr_mgt_entry_date":"2025-02-15T07:03:43.000Z","user_bearer_token":"Bearer eyJhbGciOiJIUzI1NiIsInR5cCI6IkpXVCJ9.eyJ1c2VybmFtZSI6ImNlbGViZGlnaXRhbCIsInVzZXJfcGFzc3dvcmQiOiJZSnRAMTIzIyIsImlhdCI6MTczOTYwMzAyMywiZXhwIjoxNzQwMjA3ODIzfQ.5fhW_yBvIBAUwzuY2HkhAEduEjPrp8yoBupsSF0Q4rk"}]
15-02-2025 07:04:15 info: [insert query request] : INSERT INTO api_log VALUES(NULL,1,'/login','undefined','8096495498','N','-','0000-00-00 00:00:00','Y',CURRENT_TIMESTAMP)
15-02-2025 07:04:15 info: [insert query response] : {"fieldCount":0,"affectedRows":1,"insertId":665,"info":"","serverStatus":2,"warningStatus":0,"changedRows":0}
15-02-2025 07:04:15 info: [select query request] : SELECT * FROM api_log WHERE request_id = '8096495498' AND response_status != 'N' AND api_log_status='Y'
15-02-2025 07:04:15 info: [select query response] : []
15-02-2025 07:04:15 info: [API REQUEST] /login - {"txt_username":"celebdigital","txt_password":"YJt@123#","request_id":"8096495498"} - {"host":"localhost:10017","accept":"*/*","accept-encoding":"deflate, gzip, br, zstd","content-type":"application/json","content-length":"107"} - undefined
15-02-2025 07:04:15 info: [select query request] : SELECT * FROM user_management where login_id = 'celebdigital' and usr_mgt_status in ('N', 'Y', 'R') ORDER BY user_id ASC
15-02-2025 07:04:15 info: [select query request] : SELECT * FROM user_management where login_id = 'celebdigital' and login_password = 'e58a3754522a05c1ff4d231f8e8cc1bd' and usr_mgt_status in ('N', 'Y', 'R') ORDER BY user_id ASC
15-02-2025 07:04:15 info: [Update query request] : UPDATE user_management  SET user_bearer_token = 'Bearer eyJhbGciOiJIUzI1NiIsInR5cCI6IkpXVCJ9.eyJ1c2VybmFtZSI6ImNlbGViZGlnaXRhbCIsInVzZXJfcGFzc3dvcmQiOiJZSnRAMTIzIyIsImlhdCI6MTczOTYwMzA1NSwiZXhwIjoxNzQwMjA3ODU1fQ.yXIlz5PSCam1KLzoXAgskl6fCRrP-bmoaobpGBUCBcA' WHERE user_id = '1'
15-02-2025 07:04:15 info: [Update query Response] : {"fieldCount":0,"affectedRows":1,"insertId":0,"info":"Rows matched: 1  Changed: 1  Warnings: 0","serverStatus":2,"warningStatus":0,"changedRows":1}
15-02-2025 07:04:15 info: [select query request] : SELECT user_id,user_log_status,login_date FROM user_log where user_id ='1' and user_log_status = 'I' and date(login_date) ='2025-2-15'
15-02-2025 07:04:15 info: [update query request] : UPDATE user_log SET user_log_status = 'O',logout_time = '2025-2-15 7:4:15' WHERE user_id = '1' AND user_log_status = 'I' AND login_date = '2025-2-15'
15-02-2025 07:04:15 info: [insert query request] : INSERT INTO user_log VALUES(NULL, '1', 'undefined', '2025-2-15 7:4:15', '2025-2-15 7:4:15', NULL, 'I', '2025-2-15 7:4:15')
15-02-2025 07:04:15 info: : [call_index_signin] Success 
15-02-2025 07:04:15 info: [API REQUEST] /user/dashboard_change - {} - {"host":"localhost:10017","accept":"*/*","accept-encoding":"deflate, gzip, br, zstd","authorization":"Bearer eyJhbGciOiJIUzI1NiIsInR5cCI6IkpXVCJ9.eyJ1c2VybmFtZSI6ImNlbGViZGlnaXRhbCIsInVzZXJfcGFzc3dvcmQiOiJZSnRAMTIzIyIsImlhdCI6MTczOTYwMzA1NSwiZXhwIjoxNzQwMjA3ODU1fQ.yXIlz5PSCam1KLzoXAgskl6fCRrP-bmoaobpGBUCBcA","content-type":"application/json"} - undefined
15-02-2025 07:04:15 info: Bearer eyJhbGciOiJIUzI1NiIsInR5cCI6IkpXVCJ9.eyJ1c2VybmFtZSI6ImNlbGViZGlnaXRhbCIsInVzZXJfcGFzc3dvcmQiOiJZSnRAMTIzIyIsImlhdCI6MTczOTYwMzA1NSwiZXhwIjoxNzQwMjA3ODU1fQ.yXIlz5PSCam1KLzoXAgskl6fCRrP-bmoaobpGBUCBcAbearerHeader
15-02-2025 07:04:15 info: [select query request] : SELECT * FROM user_management WHERE user_bearer_token = 'Bearer eyJhbGciOiJIUzI1NiIsInR5cCI6IkpXVCJ9.eyJ1c2VybmFtZSI6ImNlbGViZGlnaXRhbCIsInVzZXJfcGFzc3dvcmQiOiJZSnRAMTIzIyIsImlhdCI6MTczOTYwMzA1NSwiZXhwIjoxNzQwMjA3ODU1fQ.yXIlz5PSCam1KLzoXAgskl6fCRrP-bmoaobpGBUCBcA' AND usr_mgt_status IN ('N','Y')
15-02-2025 07:04:15 info: [select query response] : [{"user_id":1,"user_master_id":1,"parent_id":1,"user_name":"celebdigital","api_key":"AA1DE999B6B65D2","login_id":"celebdigital","login_password":"e58a3754522a05c1ff4d231f8e8cc1bd","user_email":"arun@yeejai.com","user_mobile":"8888888888","usr_mgt_status":"Y","usr_mgt_entry_date":"2025-02-15T07:04:15.000Z","user_bearer_token":"Bearer eyJhbGciOiJIUzI1NiIsInR5cCI6IkpXVCJ9.eyJ1c2VybmFtZSI6ImNlbGViZGlnaXRhbCIsInVzZXJfcGFzc3dvcmQiOiJZSnRAMTIzIyIsImlhdCI6MTczOTYwMzA1NSwiZXhwIjoxNzQwMjA3ODU1fQ.yXIlz5PSCam1KLzoXAgskl6fCRrP-bmoaobpGBUCBcA"}]
15-02-2025 07:04:23 info: [API REQUEST] /report/interest_list - {} - {"host":"localhost:10017","accept":"*/*","accept-encoding":"deflate, gzip, br, zstd","authorization":"Bearer eyJhbGciOiJIUzI1NiIsInR5cCI6IkpXVCJ9.eyJ1c2VybmFtZSI6ImNlbGViZGlnaXRhbCIsInVzZXJfcGFzc3dvcmQiOiJZSnRAMTIzIyIsImlhdCI6MTczOTYwMzA1NSwiZXhwIjoxNzQwMjA3ODU1fQ.yXIlz5PSCam1KLzoXAgskl6fCRrP-bmoaobpGBUCBcA","content-type":"application/json"} - undefined
15-02-2025 07:04:23 info: Bearer eyJhbGciOiJIUzI1NiIsInR5cCI6IkpXVCJ9.eyJ1c2VybmFtZSI6ImNlbGViZGlnaXRhbCIsInVzZXJfcGFzc3dvcmQiOiJZSnRAMTIzIyIsImlhdCI6MTczOTYwMzA1NSwiZXhwIjoxNzQwMjA3ODU1fQ.yXIlz5PSCam1KLzoXAgskl6fCRrP-bmoaobpGBUCBcAbearerHeader
15-02-2025 07:04:23 info: [select query request] : SELECT * FROM user_management WHERE user_bearer_token = 'Bearer eyJhbGciOiJIUzI1NiIsInR5cCI6IkpXVCJ9.eyJ1c2VybmFtZSI6ImNlbGViZGlnaXRhbCIsInVzZXJfcGFzc3dvcmQiOiJZSnRAMTIzIyIsImlhdCI6MTczOTYwMzA1NSwiZXhwIjoxNzQwMjA3ODU1fQ.yXIlz5PSCam1KLzoXAgskl6fCRrP-bmoaobpGBUCBcA' AND usr_mgt_status IN ('N','Y')
15-02-2025 07:04:23 info: [select query response] : [{"user_id":1,"user_master_id":1,"parent_id":1,"user_name":"celebdigital","api_key":"AA1DE999B6B65D2","login_id":"celebdigital","login_password":"e58a3754522a05c1ff4d231f8e8cc1bd","user_email":"arun@yeejai.com","user_mobile":"8888888888","usr_mgt_status":"Y","usr_mgt_entry_date":"2025-02-15T07:04:15.000Z","user_bearer_token":"Bearer eyJhbGciOiJIUzI1NiIsInR5cCI6IkpXVCJ9.eyJ1c2VybmFtZSI6ImNlbGViZGlnaXRhbCIsInVzZXJfcGFzc3dvcmQiOiJZSnRAMTIzIyIsImlhdCI6MTczOTYwMzA1NSwiZXhwIjoxNzQwMjA3ODU1fQ.yXIlz5PSCam1KLzoXAgskl6fCRrP-bmoaobpGBUCBcA"}]
15-02-2025 07:05:29 info: [API REQUEST] /report/userlist_report - {} - {"host":"localhost:10017","accept":"*/*","accept-encoding":"deflate, gzip, br, zstd","authorization":"Bearer eyJhbGciOiJIUzI1NiIsInR5cCI6IkpXVCJ9.eyJ1c2VybmFtZSI6ImNlbGViZGlnaXRhbCIsInVzZXJfcGFzc3dvcmQiOiJZSnRAMTIzIyIsImlhdCI6MTczOTYwMzA1NSwiZXhwIjoxNzQwMjA3ODU1fQ.yXIlz5PSCam1KLzoXAgskl6fCRrP-bmoaobpGBUCBcA","content-type":"application/json"} - undefined
15-02-2025 07:05:29 info: Bearer eyJhbGciOiJIUzI1NiIsInR5cCI6IkpXVCJ9.eyJ1c2VybmFtZSI6ImNlbGViZGlnaXRhbCIsInVzZXJfcGFzc3dvcmQiOiJZSnRAMTIzIyIsImlhdCI6MTczOTYwMzA1NSwiZXhwIjoxNzQwMjA3ODU1fQ.yXIlz5PSCam1KLzoXAgskl6fCRrP-bmoaobpGBUCBcAbearerHeader
15-02-2025 07:05:29 info: [select query request] : SELECT * FROM user_management WHERE user_bearer_token = 'Bearer eyJhbGciOiJIUzI1NiIsInR5cCI6IkpXVCJ9.eyJ1c2VybmFtZSI6ImNlbGViZGlnaXRhbCIsInVzZXJfcGFzc3dvcmQiOiJZSnRAMTIzIyIsImlhdCI6MTczOTYwMzA1NSwiZXhwIjoxNzQwMjA3ODU1fQ.yXIlz5PSCam1KLzoXAgskl6fCRrP-bmoaobpGBUCBcA' AND usr_mgt_status IN ('N','Y')
15-02-2025 07:05:29 info: [select query response] : [{"user_id":1,"user_master_id":1,"parent_id":1,"user_name":"celebdigital","api_key":"AA1DE999B6B65D2","login_id":"celebdigital","login_password":"e58a3754522a05c1ff4d231f8e8cc1bd","user_email":"arun@yeejai.com","user_mobile":"8888888888","usr_mgt_status":"Y","usr_mgt_entry_date":"2025-02-15T07:04:15.000Z","user_bearer_token":"Bearer eyJhbGciOiJIUzI1NiIsInR5cCI6IkpXVCJ9.eyJ1c2VybmFtZSI6ImNlbGViZGlnaXRhbCIsInVzZXJfcGFzc3dvcmQiOiJZSnRAMTIzIyIsImlhdCI6MTczOTYwMzA1NSwiZXhwIjoxNzQwMjA3ODU1fQ.yXIlz5PSCam1KLzoXAgskl6fCRrP-bmoaobpGBUCBcA"}]
15-02-2025 07:29:39 info: App started listening at http://localhost:10017
15-02-2025 07:29:50 info: [insert query request] : INSERT INTO api_log VALUES(NULL,1,'/login','undefined','8658700469','N','-','0000-00-00 00:00:00','Y',CURRENT_TIMESTAMP)
15-02-2025 07:29:50 info: [insert query response] : {"fieldCount":0,"affectedRows":1,"insertId":666,"info":"","serverStatus":2,"warningStatus":0,"changedRows":0}
15-02-2025 07:29:50 info: [select query request] : SELECT * FROM api_log WHERE request_id = '8658700469' AND response_status != 'N' AND api_log_status='Y'
15-02-2025 07:29:50 info: [select query response] : []
15-02-2025 07:29:50 info: [API REQUEST] /login - {"txt_username":"celebdigital","txt_password":"YJt@123#","request_id":"8658700469"} - {"host":"localhost:10017","accept":"*/*","accept-encoding":"deflate, gzip, br, zstd","content-type":"application/json","content-length":"107"} - undefined
15-02-2025 07:29:50 info: [select query request] : SELECT * FROM user_management where login_id = 'celebdigital' and usr_mgt_status in ('N', 'Y', 'R') ORDER BY user_id ASC
15-02-2025 07:29:50 info: [select query request] : SELECT * FROM user_management where login_id = 'celebdigital' and login_password = 'e58a3754522a05c1ff4d231f8e8cc1bd' and usr_mgt_status in ('N', 'Y', 'R') ORDER BY user_id ASC
15-02-2025 07:29:50 info: [Update query request] : UPDATE user_management  SET user_bearer_token = 'Bearer eyJhbGciOiJIUzI1NiIsInR5cCI6IkpXVCJ9.eyJ1c2VybmFtZSI6ImNlbGViZGlnaXRhbCIsInVzZXJfcGFzc3dvcmQiOiJZSnRAMTIzIyIsImlhdCI6MTczOTYwNDU5MCwiZXhwIjoxNzQwMjA5MzkwfQ.pZ1ZGUeM_1BLcNAvg6SUI4NdwO7pKexq-rjFEYiriNg' WHERE user_id = '1'
15-02-2025 07:29:50 info: [Update query Response] : {"fieldCount":0,"affectedRows":1,"insertId":0,"info":"Rows matched: 1  Changed: 1  Warnings: 0","serverStatus":2,"warningStatus":0,"changedRows":1}
15-02-2025 07:29:50 info: [select query request] : SELECT user_id,user_log_status,login_date FROM user_log where user_id ='1' and user_log_status = 'I' and date(login_date) ='2025-2-15'
15-02-2025 07:29:50 info: [update query request] : UPDATE user_log SET user_log_status = 'O',logout_time = '2025-2-15 7:29:50' WHERE user_id = '1' AND user_log_status = 'I' AND login_date = '2025-2-15'
15-02-2025 07:29:50 info: [insert query request] : INSERT INTO user_log VALUES(NULL, '1', 'undefined', '2025-2-15 7:29:50', '2025-2-15 7:29:50', NULL, 'I', '2025-2-15 7:29:50')
15-02-2025 07:29:50 info: : [call_index_signin] Success 
15-02-2025 07:29:50 info: [API REQUEST] /user/dashboard_change - {} - {"host":"localhost:10017","accept":"*/*","accept-encoding":"deflate, gzip, br, zstd","authorization":"Bearer eyJhbGciOiJIUzI1NiIsInR5cCI6IkpXVCJ9.eyJ1c2VybmFtZSI6ImNlbGViZGlnaXRhbCIsInVzZXJfcGFzc3dvcmQiOiJZSnRAMTIzIyIsImlhdCI6MTczOTYwNDU5MCwiZXhwIjoxNzQwMjA5MzkwfQ.pZ1ZGUeM_1BLcNAvg6SUI4NdwO7pKexq-rjFEYiriNg","content-type":"application/json"} - undefined
15-02-2025 07:29:50 info: Bearer eyJhbGciOiJIUzI1NiIsInR5cCI6IkpXVCJ9.eyJ1c2VybmFtZSI6ImNlbGViZGlnaXRhbCIsInVzZXJfcGFzc3dvcmQiOiJZSnRAMTIzIyIsImlhdCI6MTczOTYwNDU5MCwiZXhwIjoxNzQwMjA5MzkwfQ.pZ1ZGUeM_1BLcNAvg6SUI4NdwO7pKexq-rjFEYiriNgbearerHeader
15-02-2025 07:29:50 info: [select query request] : SELECT * FROM user_management WHERE user_bearer_token = 'Bearer eyJhbGciOiJIUzI1NiIsInR5cCI6IkpXVCJ9.eyJ1c2VybmFtZSI6ImNlbGViZGlnaXRhbCIsInVzZXJfcGFzc3dvcmQiOiJZSnRAMTIzIyIsImlhdCI6MTczOTYwNDU5MCwiZXhwIjoxNzQwMjA5MzkwfQ.pZ1ZGUeM_1BLcNAvg6SUI4NdwO7pKexq-rjFEYiriNg' AND usr_mgt_status IN ('N','Y')
15-02-2025 07:29:50 info: [select query response] : [{"user_id":1,"user_master_id":1,"parent_id":1,"user_name":"celebdigital","api_key":"AA1DE999B6B65D2","login_id":"celebdigital","login_password":"e58a3754522a05c1ff4d231f8e8cc1bd","user_email":"arun@yeejai.com","user_mobile":"8888888888","usr_mgt_status":"Y","usr_mgt_entry_date":"2025-02-15T07:29:50.000Z","user_bearer_token":"Bearer eyJhbGciOiJIUzI1NiIsInR5cCI6IkpXVCJ9.eyJ1c2VybmFtZSI6ImNlbGViZGlnaXRhbCIsInVzZXJfcGFzc3dvcmQiOiJZSnRAMTIzIyIsImlhdCI6MTczOTYwNDU5MCwiZXhwIjoxNzQwMjA5MzkwfQ.pZ1ZGUeM_1BLcNAvg6SUI4NdwO7pKexq-rjFEYiriNg"}]
15-02-2025 07:30:38 info: [API REQUEST] /report/interest_list - {} - {"host":"localhost:10017","accept":"*/*","accept-encoding":"deflate, gzip, br, zstd","authorization":"Bearer eyJhbGciOiJIUzI1NiIsInR5cCI6IkpXVCJ9.eyJ1c2VybmFtZSI6ImNlbGViZGlnaXRhbCIsInVzZXJfcGFzc3dvcmQiOiJZSnRAMTIzIyIsImlhdCI6MTczOTYwNDU5MCwiZXhwIjoxNzQwMjA5MzkwfQ.pZ1ZGUeM_1BLcNAvg6SUI4NdwO7pKexq-rjFEYiriNg","content-type":"application/json"} - undefined
15-02-2025 07:30:38 info: Bearer eyJhbGciOiJIUzI1NiIsInR5cCI6IkpXVCJ9.eyJ1c2VybmFtZSI6ImNlbGViZGlnaXRhbCIsInVzZXJfcGFzc3dvcmQiOiJZSnRAMTIzIyIsImlhdCI6MTczOTYwNDU5MCwiZXhwIjoxNzQwMjA5MzkwfQ.pZ1ZGUeM_1BLcNAvg6SUI4NdwO7pKexq-rjFEYiriNgbearerHeader
15-02-2025 07:30:38 info: [select query request] : SELECT * FROM user_management WHERE user_bearer_token = 'Bearer eyJhbGciOiJIUzI1NiIsInR5cCI6IkpXVCJ9.eyJ1c2VybmFtZSI6ImNlbGViZGlnaXRhbCIsInVzZXJfcGFzc3dvcmQiOiJZSnRAMTIzIyIsImlhdCI6MTczOTYwNDU5MCwiZXhwIjoxNzQwMjA5MzkwfQ.pZ1ZGUeM_1BLcNAvg6SUI4NdwO7pKexq-rjFEYiriNg' AND usr_mgt_status IN ('N','Y')
15-02-2025 07:30:38 info: [select query response] : [{"user_id":1,"user_master_id":1,"parent_id":1,"user_name":"celebdigital","api_key":"AA1DE999B6B65D2","login_id":"celebdigital","login_password":"e58a3754522a05c1ff4d231f8e8cc1bd","user_email":"arun@yeejai.com","user_mobile":"8888888888","usr_mgt_status":"Y","usr_mgt_entry_date":"2025-02-15T07:29:50.000Z","user_bearer_token":"Bearer eyJhbGciOiJIUzI1NiIsInR5cCI6IkpXVCJ9.eyJ1c2VybmFtZSI6ImNlbGViZGlnaXRhbCIsInVzZXJfcGFzc3dvcmQiOiJZSnRAMTIzIyIsImlhdCI6MTczOTYwNDU5MCwiZXhwIjoxNzQwMjA5MzkwfQ.pZ1ZGUeM_1BLcNAvg6SUI4NdwO7pKexq-rjFEYiriNg"}]
15-02-2025 07:30:55 info: [insert query request] : INSERT INTO api_log VALUES(NULL,1,'/login','undefined','7566971052','N','-','0000-00-00 00:00:00','Y',CURRENT_TIMESTAMP)
15-02-2025 07:30:55 info: [insert query response] : {"fieldCount":0,"affectedRows":1,"insertId":667,"info":"","serverStatus":2,"warningStatus":0,"changedRows":0}
15-02-2025 07:30:55 info: [select query request] : SELECT * FROM api_log WHERE request_id = '7566971052' AND response_status != 'N' AND api_log_status='Y'
15-02-2025 07:30:55 info: [select query response] : []
15-02-2025 07:30:55 info: [API REQUEST] /login - {"txt_username":"celebdigital","txt_password":"YJt@123#","request_id":"7566971052"} - {"host":"localhost:10017","accept":"*/*","accept-encoding":"deflate, gzip, br, zstd","content-type":"application/json","content-length":"107"} - undefined
15-02-2025 07:30:55 info: [select query request] : SELECT * FROM user_management where login_id = 'celebdigital' and usr_mgt_status in ('N', 'Y', 'R') ORDER BY user_id ASC
15-02-2025 07:30:55 info: [select query request] : SELECT * FROM user_management where login_id = 'celebdigital' and login_password = 'e58a3754522a05c1ff4d231f8e8cc1bd' and usr_mgt_status in ('N', 'Y', 'R') ORDER BY user_id ASC
15-02-2025 07:30:55 info: [Update query request] : UPDATE user_management  SET user_bearer_token = 'Bearer eyJhbGciOiJIUzI1NiIsInR5cCI6IkpXVCJ9.eyJ1c2VybmFtZSI6ImNlbGViZGlnaXRhbCIsInVzZXJfcGFzc3dvcmQiOiJZSnRAMTIzIyIsImlhdCI6MTczOTYwNDY1NSwiZXhwIjoxNzQwMjA5NDU1fQ.PmGEg-jCwGwFT6OdiwnSAcJrl9Qxs0nbmfpwTti29zk' WHERE user_id = '1'
15-02-2025 07:30:55 info: [Update query Response] : {"fieldCount":0,"affectedRows":1,"insertId":0,"info":"Rows matched: 1  Changed: 1  Warnings: 0","serverStatus":2,"warningStatus":0,"changedRows":1}
15-02-2025 07:30:55 info: [select query request] : SELECT user_id,user_log_status,login_date FROM user_log where user_id ='1' and user_log_status = 'I' and date(login_date) ='2025-2-15'
15-02-2025 07:30:55 info: [update query request] : UPDATE user_log SET user_log_status = 'O',logout_time = '2025-2-15 7:30:55' WHERE user_id = '1' AND user_log_status = 'I' AND login_date = '2025-2-15'
15-02-2025 07:30:55 info: [insert query request] : INSERT INTO user_log VALUES(NULL, '1', 'undefined', '2025-2-15 7:30:55', '2025-2-15 7:30:55', NULL, 'I', '2025-2-15 7:30:55')
15-02-2025 07:30:55 info: : [call_index_signin] Success 
15-02-2025 07:30:55 info: [API REQUEST] /user/dashboard_change - {} - {"host":"localhost:10017","accept":"*/*","accept-encoding":"deflate, gzip, br, zstd","authorization":"Bearer eyJhbGciOiJIUzI1NiIsInR5cCI6IkpXVCJ9.eyJ1c2VybmFtZSI6ImNlbGViZGlnaXRhbCIsInVzZXJfcGFzc3dvcmQiOiJZSnRAMTIzIyIsImlhdCI6MTczOTYwNDY1NSwiZXhwIjoxNzQwMjA5NDU1fQ.PmGEg-jCwGwFT6OdiwnSAcJrl9Qxs0nbmfpwTti29zk","content-type":"application/json"} - undefined
15-02-2025 07:30:55 info: Bearer eyJhbGciOiJIUzI1NiIsInR5cCI6IkpXVCJ9.eyJ1c2VybmFtZSI6ImNlbGViZGlnaXRhbCIsInVzZXJfcGFzc3dvcmQiOiJZSnRAMTIzIyIsImlhdCI6MTczOTYwNDY1NSwiZXhwIjoxNzQwMjA5NDU1fQ.PmGEg-jCwGwFT6OdiwnSAcJrl9Qxs0nbmfpwTti29zkbearerHeader
15-02-2025 07:30:55 info: [select query request] : SELECT * FROM user_management WHERE user_bearer_token = 'Bearer eyJhbGciOiJIUzI1NiIsInR5cCI6IkpXVCJ9.eyJ1c2VybmFtZSI6ImNlbGViZGlnaXRhbCIsInVzZXJfcGFzc3dvcmQiOiJZSnRAMTIzIyIsImlhdCI6MTczOTYwNDY1NSwiZXhwIjoxNzQwMjA5NDU1fQ.PmGEg-jCwGwFT6OdiwnSAcJrl9Qxs0nbmfpwTti29zk' AND usr_mgt_status IN ('N','Y')
15-02-2025 07:30:55 info: [select query response] : [{"user_id":1,"user_master_id":1,"parent_id":1,"user_name":"celebdigital","api_key":"AA1DE999B6B65D2","login_id":"celebdigital","login_password":"e58a3754522a05c1ff4d231f8e8cc1bd","user_email":"arun@yeejai.com","user_mobile":"8888888888","usr_mgt_status":"Y","usr_mgt_entry_date":"2025-02-15T07:30:55.000Z","user_bearer_token":"Bearer eyJhbGciOiJIUzI1NiIsInR5cCI6IkpXVCJ9.eyJ1c2VybmFtZSI6ImNlbGViZGlnaXRhbCIsInVzZXJfcGFzc3dvcmQiOiJZSnRAMTIzIyIsImlhdCI6MTczOTYwNDY1NSwiZXhwIjoxNzQwMjA5NDU1fQ.PmGEg-jCwGwFT6OdiwnSAcJrl9Qxs0nbmfpwTti29zk"}]
15-02-2025 07:30:59 info: [API REQUEST] /user/dashboard_change - {} - {"host":"localhost:10017","accept":"*/*","accept-encoding":"deflate, gzip, br, zstd","authorization":"Bearer eyJhbGciOiJIUzI1NiIsInR5cCI6IkpXVCJ9.eyJ1c2VybmFtZSI6ImNlbGViZGlnaXRhbCIsInVzZXJfcGFzc3dvcmQiOiJZSnRAMTIzIyIsImlhdCI6MTczOTYwNDU5MCwiZXhwIjoxNzQwMjA5MzkwfQ.pZ1ZGUeM_1BLcNAvg6SUI4NdwO7pKexq-rjFEYiriNg","content-type":"application/json"} - undefined
15-02-2025 07:30:59 info: Bearer eyJhbGciOiJIUzI1NiIsInR5cCI6IkpXVCJ9.eyJ1c2VybmFtZSI6ImNlbGViZGlnaXRhbCIsInVzZXJfcGFzc3dvcmQiOiJZSnRAMTIzIyIsImlhdCI6MTczOTYwNDU5MCwiZXhwIjoxNzQwMjA5MzkwfQ.pZ1ZGUeM_1BLcNAvg6SUI4NdwO7pKexq-rjFEYiriNgbearerHeader
15-02-2025 07:30:59 info: [select query request] : SELECT * FROM user_management WHERE user_bearer_token = 'Bearer eyJhbGciOiJIUzI1NiIsInR5cCI6IkpXVCJ9.eyJ1c2VybmFtZSI6ImNlbGViZGlnaXRhbCIsInVzZXJfcGFzc3dvcmQiOiJZSnRAMTIzIyIsImlhdCI6MTczOTYwNDU5MCwiZXhwIjoxNzQwMjA5MzkwfQ.pZ1ZGUeM_1BLcNAvg6SUI4NdwO7pKexq-rjFEYiriNg' AND usr_mgt_status IN ('N','Y')
15-02-2025 07:30:59 info: [select query response] : []
15-02-2025 07:30:59 info: [API RESPONSE] {"response_code":0,"response_status":403,"response_msg":"Invalid Token"}
15-02-2025 07:30:59 info: [API REQUEST] /logout - {"request_id":"1_202545130059_8637"} - {"host":"localhost:10017","accept":"*/*","accept-encoding":"deflate, gzip, br, zstd","authorization":"Bearer eyJhbGciOiJIUzI1NiIsInR5cCI6IkpXVCJ9.eyJ1c2VybmFtZSI6ImNlbGViZGlnaXRhbCIsInVzZXJfcGFzc3dvcmQiOiJZSnRAMTIzIyIsImlhdCI6MTczOTYwNDU5MCwiZXhwIjoxNzQwMjA5MzkwfQ.pZ1ZGUeM_1BLcNAvg6SUI4NdwO7pKexq-rjFEYiriNg","content-type":"application/json","content-length":"42"} - undefined
15-02-2025 07:30:59 info: [Select query request] : CALL api_log('/logout','undefined','1_202545130059_8637' ,'Bearer eyJhbGciOiJIUzI1NiIsInR5cCI6IkpXVCJ9.eyJ1c2VybmFtZSI6ImNlbGViZGlnaXRhbCIsInVzZXJfcGFzc3dvcmQiOiJZSnRAMTIzIyIsImlhdCI6MTczOTYwNDU5MCwiZXhwIjoxNzQwMjA5MzkwfQ.pZ1ZGUeM_1BLcNAvg6SUI4NdwO7pKexq-rjFEYiriNg',null)
15-02-2025 07:30:59 info: [Validate user error] : Error: PROCEDURE mms.api_log does not exist
15-02-2025 07:30:59 info: [update query request] : UPDATE api_log SET response_status = 'F',response_date = CURRENT_TIMESTAMP, response_comments = 'Error occurred' WHERE request_id = '1_202545130059_8637' AND response_status = 'N'
15-02-2025 07:30:59 info: [update query response] : {"fieldCount":0,"affectedRows":0,"insertId":0,"info":"Rows matched: 0  Changed: 0  Warnings: 0","serverStatus":34,"warningStatus":0,"changedRows":0}
15-02-2025 07:30:59 info: [API RESPONSE] {"request_id":"1_202545130059_8637","response_code":0,"response_status":201,"response_msg":"Error occurred"}
15-02-2025 07:33:04 info: [API REQUEST] /user/dashboard_change - {} - {"host":"localhost:10017","accept":"*/*","accept-encoding":"deflate, gzip, br, zstd","authorization":"Bearer eyJhbGciOiJIUzI1NiIsInR5cCI6IkpXVCJ9.eyJ1c2VybmFtZSI6ImNlbGViZGlnaXRhbCIsInVzZXJfcGFzc3dvcmQiOiJZSnRAMTIzIyIsImlhdCI6MTczOTYwNDY1NSwiZXhwIjoxNzQwMjA5NDU1fQ.PmGEg-jCwGwFT6OdiwnSAcJrl9Qxs0nbmfpwTti29zk","content-type":"application/json"} - undefined
15-02-2025 07:33:04 info: Bearer eyJhbGciOiJIUzI1NiIsInR5cCI6IkpXVCJ9.eyJ1c2VybmFtZSI6ImNlbGViZGlnaXRhbCIsInVzZXJfcGFzc3dvcmQiOiJZSnRAMTIzIyIsImlhdCI6MTczOTYwNDY1NSwiZXhwIjoxNzQwMjA5NDU1fQ.PmGEg-jCwGwFT6OdiwnSAcJrl9Qxs0nbmfpwTti29zkbearerHeader
15-02-2025 07:33:04 info: [select query request] : SELECT * FROM user_management WHERE user_bearer_token = 'Bearer eyJhbGciOiJIUzI1NiIsInR5cCI6IkpXVCJ9.eyJ1c2VybmFtZSI6ImNlbGViZGlnaXRhbCIsInVzZXJfcGFzc3dvcmQiOiJZSnRAMTIzIyIsImlhdCI6MTczOTYwNDY1NSwiZXhwIjoxNzQwMjA5NDU1fQ.PmGEg-jCwGwFT6OdiwnSAcJrl9Qxs0nbmfpwTti29zk' AND usr_mgt_status IN ('N','Y')
15-02-2025 07:33:04 info: [select query response] : [{"user_id":1,"user_master_id":1,"parent_id":1,"user_name":"celebdigital","api_key":"AA1DE999B6B65D2","login_id":"celebdigital","login_password":"e58a3754522a05c1ff4d231f8e8cc1bd","user_email":"arun@yeejai.com","user_mobile":"8888888888","usr_mgt_status":"Y","usr_mgt_entry_date":"2025-02-15T07:30:55.000Z","user_bearer_token":"Bearer eyJhbGciOiJIUzI1NiIsInR5cCI6IkpXVCJ9.eyJ1c2VybmFtZSI6ImNlbGViZGlnaXRhbCIsInVzZXJfcGFzc3dvcmQiOiJZSnRAMTIzIyIsImlhdCI6MTczOTYwNDY1NSwiZXhwIjoxNzQwMjA5NDU1fQ.PmGEg-jCwGwFT6OdiwnSAcJrl9Qxs0nbmfpwTti29zk"}]
15-02-2025 07:35:04 info: [API REQUEST] /user/dashboard_change - {} - {"host":"localhost:10017","accept":"*/*","accept-encoding":"deflate, gzip, br, zstd","authorization":"Bearer eyJhbGciOiJIUzI1NiIsInR5cCI6IkpXVCJ9.eyJ1c2VybmFtZSI6ImNlbGViZGlnaXRhbCIsInVzZXJfcGFzc3dvcmQiOiJZSnRAMTIzIyIsImlhdCI6MTczOTYwNDY1NSwiZXhwIjoxNzQwMjA5NDU1fQ.PmGEg-jCwGwFT6OdiwnSAcJrl9Qxs0nbmfpwTti29zk","content-type":"application/json"} - undefined
15-02-2025 07:35:04 info: Bearer eyJhbGciOiJIUzI1NiIsInR5cCI6IkpXVCJ9.eyJ1c2VybmFtZSI6ImNlbGViZGlnaXRhbCIsInVzZXJfcGFzc3dvcmQiOiJZSnRAMTIzIyIsImlhdCI6MTczOTYwNDY1NSwiZXhwIjoxNzQwMjA5NDU1fQ.PmGEg-jCwGwFT6OdiwnSAcJrl9Qxs0nbmfpwTti29zkbearerHeader
15-02-2025 07:35:04 info: [select query request] : SELECT * FROM user_management WHERE user_bearer_token = 'Bearer eyJhbGciOiJIUzI1NiIsInR5cCI6IkpXVCJ9.eyJ1c2VybmFtZSI6ImNlbGViZGlnaXRhbCIsInVzZXJfcGFzc3dvcmQiOiJZSnRAMTIzIyIsImlhdCI6MTczOTYwNDY1NSwiZXhwIjoxNzQwMjA5NDU1fQ.PmGEg-jCwGwFT6OdiwnSAcJrl9Qxs0nbmfpwTti29zk' AND usr_mgt_status IN ('N','Y')
15-02-2025 07:35:04 info: [select query response] : [{"user_id":1,"user_master_id":1,"parent_id":1,"user_name":"celebdigital","api_key":"AA1DE999B6B65D2","login_id":"celebdigital","login_password":"e58a3754522a05c1ff4d231f8e8cc1bd","user_email":"arun@yeejai.com","user_mobile":"8888888888","usr_mgt_status":"Y","usr_mgt_entry_date":"2025-02-15T07:30:55.000Z","user_bearer_token":"Bearer eyJhbGciOiJIUzI1NiIsInR5cCI6IkpXVCJ9.eyJ1c2VybmFtZSI6ImNlbGViZGlnaXRhbCIsInVzZXJfcGFzc3dvcmQiOiJZSnRAMTIzIyIsImlhdCI6MTczOTYwNDY1NSwiZXhwIjoxNzQwMjA5NDU1fQ.PmGEg-jCwGwFT6OdiwnSAcJrl9Qxs0nbmfpwTti29zk"}]
