29-06-2024 10:03:28 info: [API REQUEST] /login - {"txt_username":"celebdigital","txt_password":"YJt@123#","request_id":"2181451188"} - {"host":"localhost:10017","accept":"*/*","accept-encoding":"deflate, gzip","content-type":"application/json","content-length":"107"} - undefined
29-06-2024 10:03:28 info: [API RESPONSE] {"response_code":1,"response_status":200,"response_msg":"Success","user_bearer_token":"Bearer eyJhbGciOiJIUzI1NiIsInR5cCI6IkpXVCJ9.eyJ1c2VybmFtZSI6ImNlbGViZGlnaXRhbCIsInVzZXJfcGFzc3dvcmQiOiJZSnRAMTIzIyIsImlhdCI6MTcxOTYzNTYwOCwiZXhwIjoxNzIwMjQwNDA4fQ.q3PxOfCVdM9N5CTZNOySRGulj3GbmXFsKUf6cZHqISA","user_id":1,"request_id":"2181451188"}
29-06-2024 10:03:28 info: [API REQUEST] /user/dashboard_change - {} - {"host":"localhost:10017","accept":"*/*","accept-encoding":"deflate, gzip","authorization":"Bearer eyJhbGciOiJIUzI1NiIsInR5cCI6IkpXVCJ9.eyJ1c2VybmFtZSI6ImNlbGViZGlnaXRhbCIsInVzZXJfcGFzc3dvcmQiOiJZSnRAMTIzIyIsImlhdCI6MTcxOTYzNTYwOCwiZXhwIjoxNzIwMjQwNDA4fQ.q3PxOfCVdM9N5CTZNOySRGulj3GbmXFsKUf6cZHqISA","content-type":"application/json"} - undefined
29-06-2024 10:03:28 info: [user_bearer_token] Bearer eyJhbGciOiJIUzI1NiIsInR5cCI6IkpXVCJ9.eyJ1c2VybmFtZSI6ImNlbGViZGlnaXRhbCIsInVzZXJfcGFzc3dvcmQiOiJZSnRAMTIzIyIsImlhdCI6MTcxOTYzNTYwOCwiZXhwIjoxNzIwMjQwNDA4fQ.q3PxOfCVdM9N5CTZNOySRGulj3GbmXFsKUf6cZHqISA
29-06-2024 10:03:33 info: [API REQUEST] /report/interest_list - {} - {"host":"localhost:10017","accept":"*/*","accept-encoding":"deflate, gzip","authorization":"Bearer eyJhbGciOiJIUzI1NiIsInR5cCI6IkpXVCJ9.eyJ1c2VybmFtZSI6ImNlbGViZGlnaXRhbCIsInVzZXJfcGFzc3dvcmQiOiJZSnRAMTIzIyIsImlhdCI6MTcxOTYzNTYwOCwiZXhwIjoxNzIwMjQwNDA4fQ.q3PxOfCVdM9N5CTZNOySRGulj3GbmXFsKUf6cZHqISA","content-type":"application/json"} - undefined
29-06-2024 10:03:33 info: [user_bearer_token] Bearer eyJhbGciOiJIUzI1NiIsInR5cCI6IkpXVCJ9.eyJ1c2VybmFtZSI6ImNlbGViZGlnaXRhbCIsInVzZXJfcGFzc3dvcmQiOiJZSnRAMTIzIyIsImlhdCI6MTcxOTYzNTYwOCwiZXhwIjoxNzIwMjQwNDA4fQ.q3PxOfCVdM9N5CTZNOySRGulj3GbmXFsKUf6cZHqISA
29-06-2024 10:03:56 info: [API REQUEST] /login - {"txt_username":"celebdigital","txt_password":"YJt@123#","request_id":"9002445336"} - {"host":"localhost:10017","accept":"*/*","accept-encoding":"deflate, gzip","content-type":"application/json","content-length":"107"} - undefined
29-06-2024 10:03:56 info: [API RESPONSE] {"response_code":1,"response_status":200,"response_msg":"Success","user_bearer_token":"Bearer eyJhbGciOiJIUzI1NiIsInR5cCI6IkpXVCJ9.eyJ1c2VybmFtZSI6ImNlbGViZGlnaXRhbCIsInVzZXJfcGFzc3dvcmQiOiJZSnRAMTIzIyIsImlhdCI6MTcxOTYzNTYzNiwiZXhwIjoxNzIwMjQwNDM2fQ.aVSHIjNSMBSdPWfeKsXsMa_eCuAhF0SSi-2eG44Is-s","user_id":1,"request_id":"9002445336"}
29-06-2024 10:03:56 info: [API REQUEST] /user/dashboard_change - {} - {"host":"localhost:10017","accept":"*/*","accept-encoding":"deflate, gzip","authorization":"Bearer eyJhbGciOiJIUzI1NiIsInR5cCI6IkpXVCJ9.eyJ1c2VybmFtZSI6ImNlbGViZGlnaXRhbCIsInVzZXJfcGFzc3dvcmQiOiJZSnRAMTIzIyIsImlhdCI6MTcxOTYzNTYzNiwiZXhwIjoxNzIwMjQwNDM2fQ.aVSHIjNSMBSdPWfeKsXsMa_eCuAhF0SSi-2eG44Is-s","content-type":"application/json"} - undefined
29-06-2024 10:03:56 info: [user_bearer_token] Bearer eyJhbGciOiJIUzI1NiIsInR5cCI6IkpXVCJ9.eyJ1c2VybmFtZSI6ImNlbGViZGlnaXRhbCIsInVzZXJfcGFzc3dvcmQiOiJZSnRAMTIzIyIsImlhdCI6MTcxOTYzNTYzNiwiZXhwIjoxNzIwMjQwNDM2fQ.aVSHIjNSMBSdPWfeKsXsMa_eCuAhF0SSi-2eG44Is-s
29-06-2024 10:03:59 info: [API REQUEST] /report/interest_list - {} - {"host":"localhost:10017","accept":"*/*","accept-encoding":"deflate, gzip","authorization":"Bearer eyJhbGciOiJIUzI1NiIsInR5cCI6IkpXVCJ9.eyJ1c2VybmFtZSI6ImNlbGViZGlnaXRhbCIsInVzZXJfcGFzc3dvcmQiOiJZSnRAMTIzIyIsImlhdCI6MTcxOTYzNTYzNiwiZXhwIjoxNzIwMjQwNDM2fQ.aVSHIjNSMBSdPWfeKsXsMa_eCuAhF0SSi-2eG44Is-s","content-type":"application/json"} - undefined
29-06-2024 10:03:59 info: [user_bearer_token] Bearer eyJhbGciOiJIUzI1NiIsInR5cCI6IkpXVCJ9.eyJ1c2VybmFtZSI6ImNlbGViZGlnaXRhbCIsInVzZXJfcGFzc3dvcmQiOiJZSnRAMTIzIyIsImlhdCI6MTcxOTYzNTYzNiwiZXhwIjoxNzIwMjQwNDM2fQ.aVSHIjNSMBSdPWfeKsXsMa_eCuAhF0SSi-2eG44Is-s
29-06-2024 10:04:10 info: [API REQUEST] /report/interest_list - {} - {"host":"localhost:10017","accept":"*/*","accept-encoding":"deflate, gzip","authorization":"Bearer eyJhbGciOiJIUzI1NiIsInR5cCI6IkpXVCJ9.eyJ1c2VybmFtZSI6ImNlbGViZGlnaXRhbCIsInVzZXJfcGFzc3dvcmQiOiJZSnRAMTIzIyIsImlhdCI6MTcxOTYzNTYwOCwiZXhwIjoxNzIwMjQwNDA4fQ.q3PxOfCVdM9N5CTZNOySRGulj3GbmXFsKUf6cZHqISA","content-type":"application/json"} - undefined
29-06-2024 10:04:10 info: [user_bearer_token] Bearer eyJhbGciOiJIUzI1NiIsInR5cCI6IkpXVCJ9.eyJ1c2VybmFtZSI6ImNlbGViZGlnaXRhbCIsInVzZXJfcGFzc3dvcmQiOiJZSnRAMTIzIyIsImlhdCI6MTcxOTYzNTYwOCwiZXhwIjoxNzIwMjQwNDA4fQ.q3PxOfCVdM9N5CTZNOySRGulj3GbmXFsKUf6cZHqISA
29-06-2024 10:04:10 info: [API RESPONSE] {"response_code":0,"response_status":403,"response_msg":"Invalid Token"}
29-06-2024 10:04:11 info: [API REQUEST] /report/interest_list - {} - {"host":"localhost:10017","accept":"*/*","accept-encoding":"deflate, gzip","authorization":"Bearer eyJhbGciOiJIUzI1NiIsInR5cCI6IkpXVCJ9.eyJ1c2VybmFtZSI6ImNlbGViZGlnaXRhbCIsInVzZXJfcGFzc3dvcmQiOiJZSnRAMTIzIyIsImlhdCI6MTcxOTYzNTYwOCwiZXhwIjoxNzIwMjQwNDA4fQ.q3PxOfCVdM9N5CTZNOySRGulj3GbmXFsKUf6cZHqISA","content-type":"application/json"} - undefined
29-06-2024 10:04:11 info: [user_bearer_token] Bearer eyJhbGciOiJIUzI1NiIsInR5cCI6IkpXVCJ9.eyJ1c2VybmFtZSI6ImNlbGViZGlnaXRhbCIsInVzZXJfcGFzc3dvcmQiOiJZSnRAMTIzIyIsImlhdCI6MTcxOTYzNTYwOCwiZXhwIjoxNzIwMjQwNDA4fQ.q3PxOfCVdM9N5CTZNOySRGulj3GbmXFsKUf6cZHqISA
29-06-2024 10:04:11 info: [API RESPONSE] {"response_code":0,"response_status":403,"response_msg":"Invalid Token"}
29-06-2024 10:04:19 info: [API REQUEST] /report/today_report - {} - {"host":"localhost:10017","accept":"*/*","accept-encoding":"deflate, gzip","authorization":"Bearer eyJhbGciOiJIUzI1NiIsInR5cCI6IkpXVCJ9.eyJ1c2VybmFtZSI6ImNlbGViZGlnaXRhbCIsInVzZXJfcGFzc3dvcmQiOiJZSnRAMTIzIyIsImlhdCI6MTcxOTYzNTYwOCwiZXhwIjoxNzIwMjQwNDA4fQ.q3PxOfCVdM9N5CTZNOySRGulj3GbmXFsKUf6cZHqISA","content-type":"application/json"} - undefined
29-06-2024 10:04:19 info: [user_bearer_token] Bearer eyJhbGciOiJIUzI1NiIsInR5cCI6IkpXVCJ9.eyJ1c2VybmFtZSI6ImNlbGViZGlnaXRhbCIsInVzZXJfcGFzc3dvcmQiOiJZSnRAMTIzIyIsImlhdCI6MTcxOTYzNTYwOCwiZXhwIjoxNzIwMjQwNDA4fQ.q3PxOfCVdM9N5CTZNOySRGulj3GbmXFsKUf6cZHqISA
29-06-2024 10:04:19 info: [API RESPONSE] {"response_code":0,"response_status":403,"response_msg":"Invalid Token"}
29-06-2024 10:04:19 info: [API REQUEST] /logout - {"request_id":"1_2024180100419_1169"} - {"host":"localhost:10017","accept":"*/*","accept-encoding":"deflate, gzip","authorization":"Bearer eyJhbGciOiJIUzI1NiIsInR5cCI6IkpXVCJ9.eyJ1c2VybmFtZSI6ImNlbGViZGlnaXRhbCIsInVzZXJfcGFzc3dvcmQiOiJZSnRAMTIzIyIsImlhdCI6MTcxOTYzNTYwOCwiZXhwIjoxNzIwMjQwNDA4fQ.q3PxOfCVdM9N5CTZNOySRGulj3GbmXFsKUf6cZHqISA","content-type":"application/json","content-length":"43"} - undefined
29-06-2024 10:07:55 info: [API REQUEST] /login - {"txt_username":"celebdigital","txt_password":"YJt@123#","request_id":"2353227941"} - {"host":"localhost:10017","accept":"*/*","accept-encoding":"deflate, gzip","content-type":"application/json","content-length":"107"} - undefined
29-06-2024 10:07:55 info: [API RESPONSE] {"response_code":1,"response_status":200,"response_msg":"Success","user_bearer_token":"Bearer eyJhbGciOiJIUzI1NiIsInR5cCI6IkpXVCJ9.eyJ1c2VybmFtZSI6ImNlbGViZGlnaXRhbCIsInVzZXJfcGFzc3dvcmQiOiJZSnRAMTIzIyIsImlhdCI6MTcxOTYzNTg3NSwiZXhwIjoxNzIwMjQwNjc1fQ.tTyvYDj35S_EaohWMEdetbHsPt0If-5y4ulBUP85kJU","user_id":1,"request_id":"2353227941"}
29-06-2024 10:07:55 info: [API REQUEST] /user/dashboard_change - {} - {"host":"localhost:10017","accept":"*/*","accept-encoding":"deflate, gzip","authorization":"Bearer eyJhbGciOiJIUzI1NiIsInR5cCI6IkpXVCJ9.eyJ1c2VybmFtZSI6ImNlbGViZGlnaXRhbCIsInVzZXJfcGFzc3dvcmQiOiJZSnRAMTIzIyIsImlhdCI6MTcxOTYzNTg3NSwiZXhwIjoxNzIwMjQwNjc1fQ.tTyvYDj35S_EaohWMEdetbHsPt0If-5y4ulBUP85kJU","content-type":"application/json"} - undefined
29-06-2024 10:07:55 info: [user_bearer_token] Bearer eyJhbGciOiJIUzI1NiIsInR5cCI6IkpXVCJ9.eyJ1c2VybmFtZSI6ImNlbGViZGlnaXRhbCIsInVzZXJfcGFzc3dvcmQiOiJZSnRAMTIzIyIsImlhdCI6MTcxOTYzNTg3NSwiZXhwIjoxNzIwMjQwNjc1fQ.tTyvYDj35S_EaohWMEdetbHsPt0If-5y4ulBUP85kJU
29-06-2024 10:08:04 info: [API REQUEST] /report/interest_list - {} - {"host":"localhost:10017","accept":"*/*","accept-encoding":"deflate, gzip","authorization":"Bearer eyJhbGciOiJIUzI1NiIsInR5cCI6IkpXVCJ9.eyJ1c2VybmFtZSI6ImNlbGViZGlnaXRhbCIsInVzZXJfcGFzc3dvcmQiOiJZSnRAMTIzIyIsImlhdCI6MTcxOTYzNTYzNiwiZXhwIjoxNzIwMjQwNDM2fQ.aVSHIjNSMBSdPWfeKsXsMa_eCuAhF0SSi-2eG44Is-s","content-type":"application/json"} - undefined
29-06-2024 10:08:04 info: [user_bearer_token] Bearer eyJhbGciOiJIUzI1NiIsInR5cCI6IkpXVCJ9.eyJ1c2VybmFtZSI6ImNlbGViZGlnaXRhbCIsInVzZXJfcGFzc3dvcmQiOiJZSnRAMTIzIyIsImlhdCI6MTcxOTYzNTYzNiwiZXhwIjoxNzIwMjQwNDM2fQ.aVSHIjNSMBSdPWfeKsXsMa_eCuAhF0SSi-2eG44Is-s
29-06-2024 10:08:04 info: [API RESPONSE] {"response_code":0,"response_status":403,"response_msg":"Invalid Token"}
29-06-2024 10:08:10 info: [API REQUEST] /logout - {"request_id":"1_2024180100810_9394"} - {"host":"localhost:10017","accept":"*/*","accept-encoding":"deflate, gzip","authorization":"Bearer eyJhbGciOiJIUzI1NiIsInR5cCI6IkpXVCJ9.eyJ1c2VybmFtZSI6ImNlbGViZGlnaXRhbCIsInVzZXJfcGFzc3dvcmQiOiJZSnRAMTIzIyIsImlhdCI6MTcxOTYzNTYzNiwiZXhwIjoxNzIwMjQwNDM2fQ.aVSHIjNSMBSdPWfeKsXsMa_eCuAhF0SSi-2eG44Is-s","content-type":"application/json","content-length":"43"} - undefined
29-06-2024 10:08:18 info: [API REQUEST] /login - {"txt_username":"celebdigital","txt_password":"YJt@123#","request_id":"5614810253"} - {"host":"localhost:10017","accept":"*/*","accept-encoding":"deflate, gzip","content-type":"application/json","content-length":"107"} - undefined
29-06-2024 10:08:18 info: [API RESPONSE] {"response_code":1,"response_status":200,"response_msg":"Success","user_bearer_token":"Bearer eyJhbGciOiJIUzI1NiIsInR5cCI6IkpXVCJ9.eyJ1c2VybmFtZSI6ImNlbGViZGlnaXRhbCIsInVzZXJfcGFzc3dvcmQiOiJZSnRAMTIzIyIsImlhdCI6MTcxOTYzNTg5OCwiZXhwIjoxNzIwMjQwNjk4fQ.JqQuhR1z4Ily8i0auf8aSKgtJ9pZi2H44oXB_RaD7i0","user_id":1,"request_id":"5614810253"}
29-06-2024 10:08:18 info: [API REQUEST] /user/dashboard_change - {} - {"host":"localhost:10017","accept":"*/*","accept-encoding":"deflate, gzip","authorization":"Bearer eyJhbGciOiJIUzI1NiIsInR5cCI6IkpXVCJ9.eyJ1c2VybmFtZSI6ImNlbGViZGlnaXRhbCIsInVzZXJfcGFzc3dvcmQiOiJZSnRAMTIzIyIsImlhdCI6MTcxOTYzNTg5OCwiZXhwIjoxNzIwMjQwNjk4fQ.JqQuhR1z4Ily8i0auf8aSKgtJ9pZi2H44oXB_RaD7i0","content-type":"application/json"} - undefined
29-06-2024 10:08:18 info: [user_bearer_token] Bearer eyJhbGciOiJIUzI1NiIsInR5cCI6IkpXVCJ9.eyJ1c2VybmFtZSI6ImNlbGViZGlnaXRhbCIsInVzZXJfcGFzc3dvcmQiOiJZSnRAMTIzIyIsImlhdCI6MTcxOTYzNTg5OCwiZXhwIjoxNzIwMjQwNjk4fQ.JqQuhR1z4Ily8i0auf8aSKgtJ9pZi2H44oXB_RaD7i0
29-06-2024 10:08:25 info: [API REQUEST] /user/dashboard_change - {} - {"host":"localhost:10017","accept":"*/*","accept-encoding":"deflate, gzip","authorization":"Bearer eyJhbGciOiJIUzI1NiIsInR5cCI6IkpXVCJ9.eyJ1c2VybmFtZSI6ImNlbGViZGlnaXRhbCIsInVzZXJfcGFzc3dvcmQiOiJZSnRAMTIzIyIsImlhdCI6MTcxOTYzNTg3NSwiZXhwIjoxNzIwMjQwNjc1fQ.tTyvYDj35S_EaohWMEdetbHsPt0If-5y4ulBUP85kJU","content-type":"application/json"} - undefined
29-06-2024 10:08:25 info: [user_bearer_token] Bearer eyJhbGciOiJIUzI1NiIsInR5cCI6IkpXVCJ9.eyJ1c2VybmFtZSI6ImNlbGViZGlnaXRhbCIsInVzZXJfcGFzc3dvcmQiOiJZSnRAMTIzIyIsImlhdCI6MTcxOTYzNTg3NSwiZXhwIjoxNzIwMjQwNjc1fQ.tTyvYDj35S_EaohWMEdetbHsPt0If-5y4ulBUP85kJU
29-06-2024 10:08:25 info: [API RESPONSE] {"response_code":0,"response_status":403,"response_msg":"Invalid Token"}
29-06-2024 10:08:25 info: [API REQUEST] /logout - {"request_id":"1_2024180100825_9228"} - {"host":"localhost:10017","accept":"*/*","accept-encoding":"deflate, gzip","authorization":"Bearer eyJhbGciOiJIUzI1NiIsInR5cCI6IkpXVCJ9.eyJ1c2VybmFtZSI6ImNlbGViZGlnaXRhbCIsInVzZXJfcGFzc3dvcmQiOiJZSnRAMTIzIyIsImlhdCI6MTcxOTYzNTg3NSwiZXhwIjoxNzIwMjQwNjc1fQ.tTyvYDj35S_EaohWMEdetbHsPt0If-5y4ulBUP85kJU","content-type":"application/json","content-length":"43"} - undefined
29-06-2024 10:08:39 info: [API REQUEST] /login - {"txt_username":"celebdigital","txt_password":"YJt@123#","request_id":"9704555416"} - {"host":"localhost:10017","accept":"*/*","accept-encoding":"deflate, gzip","content-type":"application/json","content-length":"107"} - undefined
29-06-2024 10:08:39 info: [API RESPONSE] {"response_code":1,"response_status":200,"response_msg":"Success","user_bearer_token":"Bearer eyJhbGciOiJIUzI1NiIsInR5cCI6IkpXVCJ9.eyJ1c2VybmFtZSI6ImNlbGViZGlnaXRhbCIsInVzZXJfcGFzc3dvcmQiOiJZSnRAMTIzIyIsImlhdCI6MTcxOTYzNTkxOSwiZXhwIjoxNzIwMjQwNzE5fQ.iA5iXfOa4tFWaiBnMfdAPmLz3Lo_1UbflqQoNzoz8n8","user_id":1,"request_id":"9704555416"}
29-06-2024 10:08:39 info: [API REQUEST] /user/dashboard_change - {} - {"host":"localhost:10017","accept":"*/*","accept-encoding":"deflate, gzip","authorization":"Bearer eyJhbGciOiJIUzI1NiIsInR5cCI6IkpXVCJ9.eyJ1c2VybmFtZSI6ImNlbGViZGlnaXRhbCIsInVzZXJfcGFzc3dvcmQiOiJZSnRAMTIzIyIsImlhdCI6MTcxOTYzNTkxOSwiZXhwIjoxNzIwMjQwNzE5fQ.iA5iXfOa4tFWaiBnMfdAPmLz3Lo_1UbflqQoNzoz8n8","content-type":"application/json"} - undefined
29-06-2024 10:08:39 info: [user_bearer_token] Bearer eyJhbGciOiJIUzI1NiIsInR5cCI6IkpXVCJ9.eyJ1c2VybmFtZSI6ImNlbGViZGlnaXRhbCIsInVzZXJfcGFzc3dvcmQiOiJZSnRAMTIzIyIsImlhdCI6MTcxOTYzNTkxOSwiZXhwIjoxNzIwMjQwNzE5fQ.iA5iXfOa4tFWaiBnMfdAPmLz3Lo_1UbflqQoNzoz8n8
29-06-2024 10:08:42 info: [API REQUEST] /report/interest_list - {} - {"host":"localhost:10017","accept":"*/*","accept-encoding":"deflate, gzip","authorization":"Bearer eyJhbGciOiJIUzI1NiIsInR5cCI6IkpXVCJ9.eyJ1c2VybmFtZSI6ImNlbGViZGlnaXRhbCIsInVzZXJfcGFzc3dvcmQiOiJZSnRAMTIzIyIsImlhdCI6MTcxOTYzNTkxOSwiZXhwIjoxNzIwMjQwNzE5fQ.iA5iXfOa4tFWaiBnMfdAPmLz3Lo_1UbflqQoNzoz8n8","content-type":"application/json"} - undefined
29-06-2024 10:08:42 info: [user_bearer_token] Bearer eyJhbGciOiJIUzI1NiIsInR5cCI6IkpXVCJ9.eyJ1c2VybmFtZSI6ImNlbGViZGlnaXRhbCIsInVzZXJfcGFzc3dvcmQiOiJZSnRAMTIzIyIsImlhdCI6MTcxOTYzNTkxOSwiZXhwIjoxNzIwMjQwNzE5fQ.iA5iXfOa4tFWaiBnMfdAPmLz3Lo_1UbflqQoNzoz8n8
29-06-2024 10:08:49 info: [API REQUEST] /report/interest_list - {} - {"host":"localhost:10017","accept":"*/*","accept-encoding":"deflate, gzip","authorization":"Bearer eyJhbGciOiJIUzI1NiIsInR5cCI6IkpXVCJ9.eyJ1c2VybmFtZSI6ImNlbGViZGlnaXRhbCIsInVzZXJfcGFzc3dvcmQiOiJZSnRAMTIzIyIsImlhdCI6MTcxOTYzNTg5OCwiZXhwIjoxNzIwMjQwNjk4fQ.JqQuhR1z4Ily8i0auf8aSKgtJ9pZi2H44oXB_RaD7i0","content-type":"application/json"} - undefined
29-06-2024 10:08:49 info: [user_bearer_token] Bearer eyJhbGciOiJIUzI1NiIsInR5cCI6IkpXVCJ9.eyJ1c2VybmFtZSI6ImNlbGViZGlnaXRhbCIsInVzZXJfcGFzc3dvcmQiOiJZSnRAMTIzIyIsImlhdCI6MTcxOTYzNTg5OCwiZXhwIjoxNzIwMjQwNjk4fQ.JqQuhR1z4Ily8i0auf8aSKgtJ9pZi2H44oXB_RaD7i0
29-06-2024 10:08:49 info: [API RESPONSE] {"response_code":0,"response_status":403,"response_msg":"Invalid Token"}
29-06-2024 10:08:51 info: [API REQUEST] /report/interest_list - {} - {"host":"localhost:10017","accept":"*/*","accept-encoding":"deflate, gzip","authorization":"Bearer eyJhbGciOiJIUzI1NiIsInR5cCI6IkpXVCJ9.eyJ1c2VybmFtZSI6ImNlbGViZGlnaXRhbCIsInVzZXJfcGFzc3dvcmQiOiJZSnRAMTIzIyIsImlhdCI6MTcxOTYzNTg5OCwiZXhwIjoxNzIwMjQwNjk4fQ.JqQuhR1z4Ily8i0auf8aSKgtJ9pZi2H44oXB_RaD7i0","content-type":"application/json"} - undefined
29-06-2024 10:08:51 info: [user_bearer_token] Bearer eyJhbGciOiJIUzI1NiIsInR5cCI6IkpXVCJ9.eyJ1c2VybmFtZSI6ImNlbGViZGlnaXRhbCIsInVzZXJfcGFzc3dvcmQiOiJZSnRAMTIzIyIsImlhdCI6MTcxOTYzNTg5OCwiZXhwIjoxNzIwMjQwNjk4fQ.JqQuhR1z4Ily8i0auf8aSKgtJ9pZi2H44oXB_RaD7i0
29-06-2024 10:08:51 info: [API RESPONSE] {"response_code":0,"response_status":403,"response_msg":"Invalid Token"}
29-06-2024 10:08:53 info: [API REQUEST] /report/interest_list - {} - {"host":"localhost:10017","accept":"*/*","accept-encoding":"deflate, gzip","authorization":"Bearer eyJhbGciOiJIUzI1NiIsInR5cCI6IkpXVCJ9.eyJ1c2VybmFtZSI6ImNlbGViZGlnaXRhbCIsInVzZXJfcGFzc3dvcmQiOiJZSnRAMTIzIyIsImlhdCI6MTcxOTYzNTg5OCwiZXhwIjoxNzIwMjQwNjk4fQ.JqQuhR1z4Ily8i0auf8aSKgtJ9pZi2H44oXB_RaD7i0","content-type":"application/json"} - undefined
29-06-2024 10:08:53 info: [user_bearer_token] Bearer eyJhbGciOiJIUzI1NiIsInR5cCI6IkpXVCJ9.eyJ1c2VybmFtZSI6ImNlbGViZGlnaXRhbCIsInVzZXJfcGFzc3dvcmQiOiJZSnRAMTIzIyIsImlhdCI6MTcxOTYzNTg5OCwiZXhwIjoxNzIwMjQwNjk4fQ.JqQuhR1z4Ily8i0auf8aSKgtJ9pZi2H44oXB_RaD7i0
29-06-2024 10:08:53 info: [API RESPONSE] {"response_code":0,"response_status":403,"response_msg":"Invalid Token"}
29-06-2024 10:08:54 info: [API REQUEST] /user/dashboard_change - {} - {"host":"localhost:10017","accept":"*/*","accept-encoding":"deflate, gzip","authorization":"Bearer eyJhbGciOiJIUzI1NiIsInR5cCI6IkpXVCJ9.eyJ1c2VybmFtZSI6ImNlbGViZGlnaXRhbCIsInVzZXJfcGFzc3dvcmQiOiJZSnRAMTIzIyIsImlhdCI6MTcxOTYzNTg5OCwiZXhwIjoxNzIwMjQwNjk4fQ.JqQuhR1z4Ily8i0auf8aSKgtJ9pZi2H44oXB_RaD7i0","content-type":"application/json"} - undefined
29-06-2024 10:08:54 info: [user_bearer_token] Bearer eyJhbGciOiJIUzI1NiIsInR5cCI6IkpXVCJ9.eyJ1c2VybmFtZSI6ImNlbGViZGlnaXRhbCIsInVzZXJfcGFzc3dvcmQiOiJZSnRAMTIzIyIsImlhdCI6MTcxOTYzNTg5OCwiZXhwIjoxNzIwMjQwNjk4fQ.JqQuhR1z4Ily8i0auf8aSKgtJ9pZi2H44oXB_RaD7i0
29-06-2024 10:08:54 info: [API RESPONSE] {"response_code":0,"response_status":403,"response_msg":"Invalid Token"}
29-06-2024 10:08:54 info: [API REQUEST] /logout - {"request_id":"1_2024180100854_6718"} - {"host":"localhost:10017","accept":"*/*","accept-encoding":"deflate, gzip","authorization":"Bearer eyJhbGciOiJIUzI1NiIsInR5cCI6IkpXVCJ9.eyJ1c2VybmFtZSI6ImNlbGViZGlnaXRhbCIsInVzZXJfcGFzc3dvcmQiOiJZSnRAMTIzIyIsImlhdCI6MTcxOTYzNTg5OCwiZXhwIjoxNzIwMjQwNjk4fQ.JqQuhR1z4Ily8i0auf8aSKgtJ9pZi2H44oXB_RaD7i0","content-type":"application/json","content-length":"43"} - undefined
29-06-2024 10:13:29 info: [API REQUEST] /report/interest_list - {} - {"host":"localhost:10017","accept":"*/*","accept-encoding":"deflate, gzip","authorization":"Bearer eyJhbGciOiJIUzI1NiIsInR5cCI6IkpXVCJ9.eyJ1c2VybmFtZSI6ImNlbGViZGlnaXRhbCIsInVzZXJfcGFzc3dvcmQiOiJZSnRAMTIzIyIsImlhdCI6MTcxOTYzNTkxOSwiZXhwIjoxNzIwMjQwNzE5fQ.iA5iXfOa4tFWaiBnMfdAPmLz3Lo_1UbflqQoNzoz8n8","content-type":"application/json"} - undefined
29-06-2024 10:13:29 info: [user_bearer_token] Bearer eyJhbGciOiJIUzI1NiIsInR5cCI6IkpXVCJ9.eyJ1c2VybmFtZSI6ImNlbGViZGlnaXRhbCIsInVzZXJfcGFzc3dvcmQiOiJZSnRAMTIzIyIsImlhdCI6MTcxOTYzNTkxOSwiZXhwIjoxNzIwMjQwNzE5fQ.iA5iXfOa4tFWaiBnMfdAPmLz3Lo_1UbflqQoNzoz8n8
29-06-2024 10:14:01 info: [API REQUEST] /report/userlist_report - {} - {"host":"localhost:10017","accept":"*/*","accept-encoding":"deflate, gzip","authorization":"Bearer eyJhbGciOiJIUzI1NiIsInR5cCI6IkpXVCJ9.eyJ1c2VybmFtZSI6ImNlbGViZGlnaXRhbCIsInVzZXJfcGFzc3dvcmQiOiJZSnRAMTIzIyIsImlhdCI6MTcxOTYzNTkxOSwiZXhwIjoxNzIwMjQwNzE5fQ.iA5iXfOa4tFWaiBnMfdAPmLz3Lo_1UbflqQoNzoz8n8","content-type":"application/json"} - undefined
29-06-2024 10:14:01 info: [user_bearer_token] Bearer eyJhbGciOiJIUzI1NiIsInR5cCI6IkpXVCJ9.eyJ1c2VybmFtZSI6ImNlbGViZGlnaXRhbCIsInVzZXJfcGFzc3dvcmQiOiJZSnRAMTIzIyIsImlhdCI6MTcxOTYzNTkxOSwiZXhwIjoxNzIwMjQwNzE5fQ.iA5iXfOa4tFWaiBnMfdAPmLz3Lo_1UbflqQoNzoz8n8
29-06-2024 10:16:01 info: [API REQUEST] /report/userlist_report - {} - {"host":"localhost:10017","accept":"*/*","accept-encoding":"deflate, gzip","authorization":"Bearer eyJhbGciOiJIUzI1NiIsInR5cCI6IkpXVCJ9.eyJ1c2VybmFtZSI6ImNlbGViZGlnaXRhbCIsInVzZXJfcGFzc3dvcmQiOiJZSnRAMTIzIyIsImlhdCI6MTcxOTYzNTkxOSwiZXhwIjoxNzIwMjQwNzE5fQ.iA5iXfOa4tFWaiBnMfdAPmLz3Lo_1UbflqQoNzoz8n8","content-type":"application/json"} - undefined
29-06-2024 10:16:01 info: [user_bearer_token] Bearer eyJhbGciOiJIUzI1NiIsInR5cCI6IkpXVCJ9.eyJ1c2VybmFtZSI6ImNlbGViZGlnaXRhbCIsInVzZXJfcGFzc3dvcmQiOiJZSnRAMTIzIyIsImlhdCI6MTcxOTYzNTkxOSwiZXhwIjoxNzIwMjQwNzE5fQ.iA5iXfOa4tFWaiBnMfdAPmLz3Lo_1UbflqQoNzoz8n8
29-06-2024 10:18:01 info: [API REQUEST] /report/userlist_report - {} - {"host":"localhost:10017","accept":"*/*","accept-encoding":"deflate, gzip","authorization":"Bearer eyJhbGciOiJIUzI1NiIsInR5cCI6IkpXVCJ9.eyJ1c2VybmFtZSI6ImNlbGViZGlnaXRhbCIsInVzZXJfcGFzc3dvcmQiOiJZSnRAMTIzIyIsImlhdCI6MTcxOTYzNTkxOSwiZXhwIjoxNzIwMjQwNzE5fQ.iA5iXfOa4tFWaiBnMfdAPmLz3Lo_1UbflqQoNzoz8n8","content-type":"application/json"} - undefined
29-06-2024 10:18:01 info: [user_bearer_token] Bearer eyJhbGciOiJIUzI1NiIsInR5cCI6IkpXVCJ9.eyJ1c2VybmFtZSI6ImNlbGViZGlnaXRhbCIsInVzZXJfcGFzc3dvcmQiOiJZSnRAMTIzIyIsImlhdCI6MTcxOTYzNTkxOSwiZXhwIjoxNzIwMjQwNzE5fQ.iA5iXfOa4tFWaiBnMfdAPmLz3Lo_1UbflqQoNzoz8n8
29-06-2024 10:20:02 info: [API REQUEST] /report/userlist_report - {} - {"host":"localhost:10017","accept":"*/*","accept-encoding":"deflate, gzip","authorization":"Bearer eyJhbGciOiJIUzI1NiIsInR5cCI6IkpXVCJ9.eyJ1c2VybmFtZSI6ImNlbGViZGlnaXRhbCIsInVzZXJfcGFzc3dvcmQiOiJZSnRAMTIzIyIsImlhdCI6MTcxOTYzNTkxOSwiZXhwIjoxNzIwMjQwNzE5fQ.iA5iXfOa4tFWaiBnMfdAPmLz3Lo_1UbflqQoNzoz8n8","content-type":"application/json"} - undefined
29-06-2024 10:20:02 info: [user_bearer_token] Bearer eyJhbGciOiJIUzI1NiIsInR5cCI6IkpXVCJ9.eyJ1c2VybmFtZSI6ImNlbGViZGlnaXRhbCIsInVzZXJfcGFzc3dvcmQiOiJZSnRAMTIzIyIsImlhdCI6MTcxOTYzNTkxOSwiZXhwIjoxNzIwMjQwNzE5fQ.iA5iXfOa4tFWaiBnMfdAPmLz3Lo_1UbflqQoNzoz8n8
29-06-2024 10:22:02 info: [API REQUEST] /report/userlist_report - {} - {"host":"localhost:10017","accept":"*/*","accept-encoding":"deflate, gzip","authorization":"Bearer eyJhbGciOiJIUzI1NiIsInR5cCI6IkpXVCJ9.eyJ1c2VybmFtZSI6ImNlbGViZGlnaXRhbCIsInVzZXJfcGFzc3dvcmQiOiJZSnRAMTIzIyIsImlhdCI6MTcxOTYzNTkxOSwiZXhwIjoxNzIwMjQwNzE5fQ.iA5iXfOa4tFWaiBnMfdAPmLz3Lo_1UbflqQoNzoz8n8","content-type":"application/json"} - undefined
29-06-2024 10:22:02 info: [user_bearer_token] Bearer eyJhbGciOiJIUzI1NiIsInR5cCI6IkpXVCJ9.eyJ1c2VybmFtZSI6ImNlbGViZGlnaXRhbCIsInVzZXJfcGFzc3dvcmQiOiJZSnRAMTIzIyIsImlhdCI6MTcxOTYzNTkxOSwiZXhwIjoxNzIwMjQwNzE5fQ.iA5iXfOa4tFWaiBnMfdAPmLz3Lo_1UbflqQoNzoz8n8
29-06-2024 10:22:42 info: [API REQUEST] /report/userlist_report - {} - {"host":"localhost:10017","accept":"*/*","accept-encoding":"deflate, gzip","authorization":"Bearer eyJhbGciOiJIUzI1NiIsInR5cCI6IkpXVCJ9.eyJ1c2VybmFtZSI6ImNlbGViZGlnaXRhbCIsInVzZXJfcGFzc3dvcmQiOiJZSnRAMTIzIyIsImlhdCI6MTcxOTYzNTkxOSwiZXhwIjoxNzIwMjQwNzE5fQ.iA5iXfOa4tFWaiBnMfdAPmLz3Lo_1UbflqQoNzoz8n8","content-type":"application/json"} - undefined
29-06-2024 10:22:42 info: [user_bearer_token] Bearer eyJhbGciOiJIUzI1NiIsInR5cCI6IkpXVCJ9.eyJ1c2VybmFtZSI6ImNlbGViZGlnaXRhbCIsInVzZXJfcGFzc3dvcmQiOiJZSnRAMTIzIyIsImlhdCI6MTcxOTYzNTkxOSwiZXhwIjoxNzIwMjQwNzE5fQ.iA5iXfOa4tFWaiBnMfdAPmLz3Lo_1UbflqQoNzoz8n8
29-06-2024 10:22:43 info: [API REQUEST] /report/interest_list - {} - {"host":"localhost:10017","accept":"*/*","accept-encoding":"deflate, gzip","authorization":"Bearer eyJhbGciOiJIUzI1NiIsInR5cCI6IkpXVCJ9.eyJ1c2VybmFtZSI6ImNlbGViZGlnaXRhbCIsInVzZXJfcGFzc3dvcmQiOiJZSnRAMTIzIyIsImlhdCI6MTcxOTYzNTkxOSwiZXhwIjoxNzIwMjQwNzE5fQ.iA5iXfOa4tFWaiBnMfdAPmLz3Lo_1UbflqQoNzoz8n8","content-type":"application/json"} - undefined
29-06-2024 10:22:43 info: [user_bearer_token] Bearer eyJhbGciOiJIUzI1NiIsInR5cCI6IkpXVCJ9.eyJ1c2VybmFtZSI6ImNlbGViZGlnaXRhbCIsInVzZXJfcGFzc3dvcmQiOiJZSnRAMTIzIyIsImlhdCI6MTcxOTYzNTkxOSwiZXhwIjoxNzIwMjQwNzE5fQ.iA5iXfOa4tFWaiBnMfdAPmLz3Lo_1UbflqQoNzoz8n8
29-06-2024 10:22:55 info: [API REQUEST] /login - {"txt_username":"celebdigital","txt_password":"YJt@123#","request_id":"1133924949"} - {"host":"localhost:10017","accept":"*/*","accept-encoding":"deflate, gzip","content-type":"application/json","content-length":"107"} - undefined
29-06-2024 10:22:56 info: [API RESPONSE] {"response_code":1,"response_status":200,"response_msg":"Success","user_bearer_token":"Bearer eyJhbGciOiJIUzI1NiIsInR5cCI6IkpXVCJ9.eyJ1c2VybmFtZSI6ImNlbGViZGlnaXRhbCIsInVzZXJfcGFzc3dvcmQiOiJZSnRAMTIzIyIsImlhdCI6MTcxOTYzNjc3NSwiZXhwIjoxNzIwMjQxNTc1fQ.WzcTDTE7Sem7AAqBRyiBBad2YpPdOA51EyCdk5_z8KM","user_id":1,"request_id":"1133924949"}
29-06-2024 10:22:56 info: [API REQUEST] /user/dashboard_change - {} - {"host":"localhost:10017","accept":"*/*","accept-encoding":"deflate, gzip","authorization":"Bearer eyJhbGciOiJIUzI1NiIsInR5cCI6IkpXVCJ9.eyJ1c2VybmFtZSI6ImNlbGViZGlnaXRhbCIsInVzZXJfcGFzc3dvcmQiOiJZSnRAMTIzIyIsImlhdCI6MTcxOTYzNjc3NSwiZXhwIjoxNzIwMjQxNTc1fQ.WzcTDTE7Sem7AAqBRyiBBad2YpPdOA51EyCdk5_z8KM","content-type":"application/json"} - undefined
29-06-2024 10:22:56 info: [user_bearer_token] Bearer eyJhbGciOiJIUzI1NiIsInR5cCI6IkpXVCJ9.eyJ1c2VybmFtZSI6ImNlbGViZGlnaXRhbCIsInVzZXJfcGFzc3dvcmQiOiJZSnRAMTIzIyIsImlhdCI6MTcxOTYzNjc3NSwiZXhwIjoxNzIwMjQxNTc1fQ.WzcTDTE7Sem7AAqBRyiBBad2YpPdOA51EyCdk5_z8KM
29-06-2024 10:23:02 info: [API REQUEST] /report/interest_list - {} - {"host":"localhost:10017","accept":"*/*","accept-encoding":"deflate, gzip","authorization":"Bearer eyJhbGciOiJIUzI1NiIsInR5cCI6IkpXVCJ9.eyJ1c2VybmFtZSI6ImNlbGViZGlnaXRhbCIsInVzZXJfcGFzc3dvcmQiOiJZSnRAMTIzIyIsImlhdCI6MTcxOTYzNTkxOSwiZXhwIjoxNzIwMjQwNzE5fQ.iA5iXfOa4tFWaiBnMfdAPmLz3Lo_1UbflqQoNzoz8n8","content-type":"application/json"} - undefined
29-06-2024 10:23:02 info: [user_bearer_token] Bearer eyJhbGciOiJIUzI1NiIsInR5cCI6IkpXVCJ9.eyJ1c2VybmFtZSI6ImNlbGViZGlnaXRhbCIsInVzZXJfcGFzc3dvcmQiOiJZSnRAMTIzIyIsImlhdCI6MTcxOTYzNTkxOSwiZXhwIjoxNzIwMjQwNzE5fQ.iA5iXfOa4tFWaiBnMfdAPmLz3Lo_1UbflqQoNzoz8n8
29-06-2024 10:23:02 info: [API RESPONSE] {"response_code":0,"response_status":403,"response_msg":"Invalid Token"}
29-06-2024 10:23:03 info: [API REQUEST] /report/interest_list - {} - {"host":"localhost:10017","accept":"*/*","accept-encoding":"deflate, gzip","authorization":"Bearer eyJhbGciOiJIUzI1NiIsInR5cCI6IkpXVCJ9.eyJ1c2VybmFtZSI6ImNlbGViZGlnaXRhbCIsInVzZXJfcGFzc3dvcmQiOiJZSnRAMTIzIyIsImlhdCI6MTcxOTYzNTkxOSwiZXhwIjoxNzIwMjQwNzE5fQ.iA5iXfOa4tFWaiBnMfdAPmLz3Lo_1UbflqQoNzoz8n8","content-type":"application/json"} - undefined
29-06-2024 10:23:03 info: [user_bearer_token] Bearer eyJhbGciOiJIUzI1NiIsInR5cCI6IkpXVCJ9.eyJ1c2VybmFtZSI6ImNlbGViZGlnaXRhbCIsInVzZXJfcGFzc3dvcmQiOiJZSnRAMTIzIyIsImlhdCI6MTcxOTYzNTkxOSwiZXhwIjoxNzIwMjQwNzE5fQ.iA5iXfOa4tFWaiBnMfdAPmLz3Lo_1UbflqQoNzoz8n8
29-06-2024 10:23:03 info: [API RESPONSE] {"response_code":0,"response_status":403,"response_msg":"Invalid Token"}
29-06-2024 10:23:06 info: [API REQUEST] /report/userlist_report - {} - {"host":"localhost:10017","accept":"*/*","accept-encoding":"deflate, gzip","authorization":"Bearer eyJhbGciOiJIUzI1NiIsInR5cCI6IkpXVCJ9.eyJ1c2VybmFtZSI6ImNlbGViZGlnaXRhbCIsInVzZXJfcGFzc3dvcmQiOiJZSnRAMTIzIyIsImlhdCI6MTcxOTYzNTkxOSwiZXhwIjoxNzIwMjQwNzE5fQ.iA5iXfOa4tFWaiBnMfdAPmLz3Lo_1UbflqQoNzoz8n8","content-type":"application/json"} - undefined
29-06-2024 10:23:06 info: [user_bearer_token] Bearer eyJhbGciOiJIUzI1NiIsInR5cCI6IkpXVCJ9.eyJ1c2VybmFtZSI6ImNlbGViZGlnaXRhbCIsInVzZXJfcGFzc3dvcmQiOiJZSnRAMTIzIyIsImlhdCI6MTcxOTYzNTkxOSwiZXhwIjoxNzIwMjQwNzE5fQ.iA5iXfOa4tFWaiBnMfdAPmLz3Lo_1UbflqQoNzoz8n8
29-06-2024 10:23:06 info: [API RESPONSE] {"response_code":0,"response_status":403,"response_msg":"Invalid Token"}
29-06-2024 10:23:23 info: [API REQUEST] /report/userlist_report - {} - {"host":"localhost:10017","accept":"*/*","accept-encoding":"deflate, gzip","authorization":"Bearer eyJhbGciOiJIUzI1NiIsInR5cCI6IkpXVCJ9.eyJ1c2VybmFtZSI6ImNlbGViZGlnaXRhbCIsInVzZXJfcGFzc3dvcmQiOiJZSnRAMTIzIyIsImlhdCI6MTcxOTYzNTkxOSwiZXhwIjoxNzIwMjQwNzE5fQ.iA5iXfOa4tFWaiBnMfdAPmLz3Lo_1UbflqQoNzoz8n8","content-type":"application/json"} - undefined
29-06-2024 10:23:23 info: [user_bearer_token] Bearer eyJhbGciOiJIUzI1NiIsInR5cCI6IkpXVCJ9.eyJ1c2VybmFtZSI6ImNlbGViZGlnaXRhbCIsInVzZXJfcGFzc3dvcmQiOiJZSnRAMTIzIyIsImlhdCI6MTcxOTYzNTkxOSwiZXhwIjoxNzIwMjQwNzE5fQ.iA5iXfOa4tFWaiBnMfdAPmLz3Lo_1UbflqQoNzoz8n8
29-06-2024 10:23:23 info: [API RESPONSE] {"response_code":0,"response_status":403,"response_msg":"Invalid Token"}
29-06-2024 10:24:56 info: [API REQUEST] /user/dashboard_change - {} - {"host":"localhost:10017","accept":"*/*","accept-encoding":"deflate, gzip","authorization":"Bearer eyJhbGciOiJIUzI1NiIsInR5cCI6IkpXVCJ9.eyJ1c2VybmFtZSI6ImNlbGViZGlnaXRhbCIsInVzZXJfcGFzc3dvcmQiOiJZSnRAMTIzIyIsImlhdCI6MTcxOTYzNjc3NSwiZXhwIjoxNzIwMjQxNTc1fQ.WzcTDTE7Sem7AAqBRyiBBad2YpPdOA51EyCdk5_z8KM","content-type":"application/json"} - undefined
29-06-2024 10:24:56 info: [user_bearer_token] Bearer eyJhbGciOiJIUzI1NiIsInR5cCI6IkpXVCJ9.eyJ1c2VybmFtZSI6ImNlbGViZGlnaXRhbCIsInVzZXJfcGFzc3dvcmQiOiJZSnRAMTIzIyIsImlhdCI6MTcxOTYzNjc3NSwiZXhwIjoxNzIwMjQxNTc1fQ.WzcTDTE7Sem7AAqBRyiBBad2YpPdOA51EyCdk5_z8KM
29-06-2024 10:25:24 info: [API REQUEST] /report/userlist_report - {} - {"host":"localhost:10017","accept":"*/*","accept-encoding":"deflate, gzip","authorization":"Bearer eyJhbGciOiJIUzI1NiIsInR5cCI6IkpXVCJ9.eyJ1c2VybmFtZSI6ImNlbGViZGlnaXRhbCIsInVzZXJfcGFzc3dvcmQiOiJZSnRAMTIzIyIsImlhdCI6MTcxOTYzNTkxOSwiZXhwIjoxNzIwMjQwNzE5fQ.iA5iXfOa4tFWaiBnMfdAPmLz3Lo_1UbflqQoNzoz8n8","content-type":"application/json"} - undefined
29-06-2024 10:25:24 info: [user_bearer_token] Bearer eyJhbGciOiJIUzI1NiIsInR5cCI6IkpXVCJ9.eyJ1c2VybmFtZSI6ImNlbGViZGlnaXRhbCIsInVzZXJfcGFzc3dvcmQiOiJZSnRAMTIzIyIsImlhdCI6MTcxOTYzNTkxOSwiZXhwIjoxNzIwMjQwNzE5fQ.iA5iXfOa4tFWaiBnMfdAPmLz3Lo_1UbflqQoNzoz8n8
29-06-2024 10:25:24 info: [API RESPONSE] {"response_code":0,"response_status":403,"response_msg":"Invalid Token"}
29-06-2024 10:26:56 info: [API REQUEST] /user/dashboard_change - {} - {"host":"localhost:10017","accept":"*/*","accept-encoding":"deflate, gzip","authorization":"Bearer eyJhbGciOiJIUzI1NiIsInR5cCI6IkpXVCJ9.eyJ1c2VybmFtZSI6ImNlbGViZGlnaXRhbCIsInVzZXJfcGFzc3dvcmQiOiJZSnRAMTIzIyIsImlhdCI6MTcxOTYzNjc3NSwiZXhwIjoxNzIwMjQxNTc1fQ.WzcTDTE7Sem7AAqBRyiBBad2YpPdOA51EyCdk5_z8KM","content-type":"application/json"} - undefined
29-06-2024 10:26:56 info: [user_bearer_token] Bearer eyJhbGciOiJIUzI1NiIsInR5cCI6IkpXVCJ9.eyJ1c2VybmFtZSI6ImNlbGViZGlnaXRhbCIsInVzZXJfcGFzc3dvcmQiOiJZSnRAMTIzIyIsImlhdCI6MTcxOTYzNjc3NSwiZXhwIjoxNzIwMjQxNTc1fQ.WzcTDTE7Sem7AAqBRyiBBad2YpPdOA51EyCdk5_z8KM
29-06-2024 10:27:25 info: [API REQUEST] /report/userlist_report - {} - {"host":"localhost:10017","accept":"*/*","accept-encoding":"deflate, gzip","authorization":"Bearer eyJhbGciOiJIUzI1NiIsInR5cCI6IkpXVCJ9.eyJ1c2VybmFtZSI6ImNlbGViZGlnaXRhbCIsInVzZXJfcGFzc3dvcmQiOiJZSnRAMTIzIyIsImlhdCI6MTcxOTYzNTkxOSwiZXhwIjoxNzIwMjQwNzE5fQ.iA5iXfOa4tFWaiBnMfdAPmLz3Lo_1UbflqQoNzoz8n8","content-type":"application/json"} - undefined
29-06-2024 10:27:25 info: [user_bearer_token] Bearer eyJhbGciOiJIUzI1NiIsInR5cCI6IkpXVCJ9.eyJ1c2VybmFtZSI6ImNlbGViZGlnaXRhbCIsInVzZXJfcGFzc3dvcmQiOiJZSnRAMTIzIyIsImlhdCI6MTcxOTYzNTkxOSwiZXhwIjoxNzIwMjQwNzE5fQ.iA5iXfOa4tFWaiBnMfdAPmLz3Lo_1UbflqQoNzoz8n8
29-06-2024 10:27:25 info: [API RESPONSE] {"response_code":0,"response_status":403,"response_msg":"Invalid Token"}
29-06-2024 10:27:56 info: [API REQUEST] /report/userlist_report - {} - {"host":"localhost:10017","accept":"*/*","accept-encoding":"deflate, gzip","authorization":"Bearer eyJhbGciOiJIUzI1NiIsInR5cCI6IkpXVCJ9.eyJ1c2VybmFtZSI6ImNlbGViZGlnaXRhbCIsInVzZXJfcGFzc3dvcmQiOiJZSnRAMTIzIyIsImlhdCI6MTcxOTYzNTkxOSwiZXhwIjoxNzIwMjQwNzE5fQ.iA5iXfOa4tFWaiBnMfdAPmLz3Lo_1UbflqQoNzoz8n8","content-type":"application/json"} - undefined
29-06-2024 10:27:56 info: [user_bearer_token] Bearer eyJhbGciOiJIUzI1NiIsInR5cCI6IkpXVCJ9.eyJ1c2VybmFtZSI6ImNlbGViZGlnaXRhbCIsInVzZXJfcGFzc3dvcmQiOiJZSnRAMTIzIyIsImlhdCI6MTcxOTYzNTkxOSwiZXhwIjoxNzIwMjQwNzE5fQ.iA5iXfOa4tFWaiBnMfdAPmLz3Lo_1UbflqQoNzoz8n8
29-06-2024 10:27:56 info: [API RESPONSE] {"response_code":0,"response_status":403,"response_msg":"Invalid Token"}
29-06-2024 10:27:58 info: [API REQUEST] /report/userlist_report - {} - {"host":"localhost:10017","accept":"*/*","accept-encoding":"deflate, gzip","authorization":"Bearer eyJhbGciOiJIUzI1NiIsInR5cCI6IkpXVCJ9.eyJ1c2VybmFtZSI6ImNlbGViZGlnaXRhbCIsInVzZXJfcGFzc3dvcmQiOiJZSnRAMTIzIyIsImlhdCI6MTcxOTYzNTkxOSwiZXhwIjoxNzIwMjQwNzE5fQ.iA5iXfOa4tFWaiBnMfdAPmLz3Lo_1UbflqQoNzoz8n8","content-type":"application/json"} - undefined
29-06-2024 10:27:58 info: [user_bearer_token] Bearer eyJhbGciOiJIUzI1NiIsInR5cCI6IkpXVCJ9.eyJ1c2VybmFtZSI6ImNlbGViZGlnaXRhbCIsInVzZXJfcGFzc3dvcmQiOiJZSnRAMTIzIyIsImlhdCI6MTcxOTYzNTkxOSwiZXhwIjoxNzIwMjQwNzE5fQ.iA5iXfOa4tFWaiBnMfdAPmLz3Lo_1UbflqQoNzoz8n8
29-06-2024 10:27:58 info: [API RESPONSE] {"response_code":0,"response_status":403,"response_msg":"Invalid Token"}
29-06-2024 10:28:32 info: [API REQUEST] /report/userlist_report - {} - {"host":"localhost:10017","accept":"*/*","accept-encoding":"deflate, gzip","authorization":"Bearer eyJhbGciOiJIUzI1NiIsInR5cCI6IkpXVCJ9.eyJ1c2VybmFtZSI6ImNlbGViZGlnaXRhbCIsInVzZXJfcGFzc3dvcmQiOiJZSnRAMTIzIyIsImlhdCI6MTcxOTYzNTkxOSwiZXhwIjoxNzIwMjQwNzE5fQ.iA5iXfOa4tFWaiBnMfdAPmLz3Lo_1UbflqQoNzoz8n8","content-type":"application/json"} - undefined
29-06-2024 10:28:32 info: [user_bearer_token] Bearer eyJhbGciOiJIUzI1NiIsInR5cCI6IkpXVCJ9.eyJ1c2VybmFtZSI6ImNlbGViZGlnaXRhbCIsInVzZXJfcGFzc3dvcmQiOiJZSnRAMTIzIyIsImlhdCI6MTcxOTYzNTkxOSwiZXhwIjoxNzIwMjQwNzE5fQ.iA5iXfOa4tFWaiBnMfdAPmLz3Lo_1UbflqQoNzoz8n8
29-06-2024 10:28:32 info: [API RESPONSE] {"response_code":0,"response_status":403,"response_msg":"Invalid Token"}
29-06-2024 10:28:57 info: [API REQUEST] /user/dashboard_change - {} - {"host":"localhost:10017","accept":"*/*","accept-encoding":"deflate, gzip","authorization":"Bearer eyJhbGciOiJIUzI1NiIsInR5cCI6IkpXVCJ9.eyJ1c2VybmFtZSI6ImNlbGViZGlnaXRhbCIsInVzZXJfcGFzc3dvcmQiOiJZSnRAMTIzIyIsImlhdCI6MTcxOTYzNjc3NSwiZXhwIjoxNzIwMjQxNTc1fQ.WzcTDTE7Sem7AAqBRyiBBad2YpPdOA51EyCdk5_z8KM","content-type":"application/json"} - undefined
29-06-2024 10:28:57 info: [user_bearer_token] Bearer eyJhbGciOiJIUzI1NiIsInR5cCI6IkpXVCJ9.eyJ1c2VybmFtZSI6ImNlbGViZGlnaXRhbCIsInVzZXJfcGFzc3dvcmQiOiJZSnRAMTIzIyIsImlhdCI6MTcxOTYzNjc3NSwiZXhwIjoxNzIwMjQxNTc1fQ.WzcTDTE7Sem7AAqBRyiBBad2YpPdOA51EyCdk5_z8KM
29-06-2024 10:29:05 info: [API REQUEST] /report/userlist_report - {} - {"host":"localhost:10017","accept":"*/*","accept-encoding":"deflate, gzip","authorization":"Bearer eyJhbGciOiJIUzI1NiIsInR5cCI6IkpXVCJ9.eyJ1c2VybmFtZSI6ImNlbGViZGlnaXRhbCIsInVzZXJfcGFzc3dvcmQiOiJZSnRAMTIzIyIsImlhdCI6MTcxOTYzNTkxOSwiZXhwIjoxNzIwMjQwNzE5fQ.iA5iXfOa4tFWaiBnMfdAPmLz3Lo_1UbflqQoNzoz8n8","content-type":"application/json"} - undefined
29-06-2024 10:29:05 info: [user_bearer_token] Bearer eyJhbGciOiJIUzI1NiIsInR5cCI6IkpXVCJ9.eyJ1c2VybmFtZSI6ImNlbGViZGlnaXRhbCIsInVzZXJfcGFzc3dvcmQiOiJZSnRAMTIzIyIsImlhdCI6MTcxOTYzNTkxOSwiZXhwIjoxNzIwMjQwNzE5fQ.iA5iXfOa4tFWaiBnMfdAPmLz3Lo_1UbflqQoNzoz8n8
29-06-2024 10:29:05 info: [API RESPONSE] {"response_code":0,"response_status":403,"response_msg":"Invalid Token"}
29-06-2024 10:30:35 info: [API REQUEST] /report/userlist_report - {} - {"host":"localhost:10017","accept":"*/*","accept-encoding":"deflate, gzip","authorization":"Bearer eyJhbGciOiJIUzI1NiIsInR5cCI6IkpXVCJ9.eyJ1c2VybmFtZSI6ImNlbGViZGlnaXRhbCIsInVzZXJfcGFzc3dvcmQiOiJZSnRAMTIzIyIsImlhdCI6MTcxOTYzNTkxOSwiZXhwIjoxNzIwMjQwNzE5fQ.iA5iXfOa4tFWaiBnMfdAPmLz3Lo_1UbflqQoNzoz8n8","content-type":"application/json"} - undefined
29-06-2024 10:30:35 info: [user_bearer_token] Bearer eyJhbGciOiJIUzI1NiIsInR5cCI6IkpXVCJ9.eyJ1c2VybmFtZSI6ImNlbGViZGlnaXRhbCIsInVzZXJfcGFzc3dvcmQiOiJZSnRAMTIzIyIsImlhdCI6MTcxOTYzNTkxOSwiZXhwIjoxNzIwMjQwNzE5fQ.iA5iXfOa4tFWaiBnMfdAPmLz3Lo_1UbflqQoNzoz8n8
29-06-2024 10:30:35 info: [API RESPONSE] {"response_code":0,"response_status":403,"response_msg":"Invalid Token"}
29-06-2024 10:30:37 info: [API REQUEST] /report/userlist_report - {} - {"host":"localhost:10017","accept":"*/*","accept-encoding":"deflate, gzip","authorization":"Bearer eyJhbGciOiJIUzI1NiIsInR5cCI6IkpXVCJ9.eyJ1c2VybmFtZSI6ImNlbGViZGlnaXRhbCIsInVzZXJfcGFzc3dvcmQiOiJZSnRAMTIzIyIsImlhdCI6MTcxOTYzNTkxOSwiZXhwIjoxNzIwMjQwNzE5fQ.iA5iXfOa4tFWaiBnMfdAPmLz3Lo_1UbflqQoNzoz8n8","content-type":"application/json"} - undefined
29-06-2024 10:30:37 info: [user_bearer_token] Bearer eyJhbGciOiJIUzI1NiIsInR5cCI6IkpXVCJ9.eyJ1c2VybmFtZSI6ImNlbGViZGlnaXRhbCIsInVzZXJfcGFzc3dvcmQiOiJZSnRAMTIzIyIsImlhdCI6MTcxOTYzNTkxOSwiZXhwIjoxNzIwMjQwNzE5fQ.iA5iXfOa4tFWaiBnMfdAPmLz3Lo_1UbflqQoNzoz8n8
29-06-2024 10:30:37 info: [API RESPONSE] {"response_code":0,"response_status":403,"response_msg":"Invalid Token"}
29-06-2024 10:30:50 info: [API REQUEST] /report/userlist_report - {} - {"host":"localhost:10017","accept":"*/*","accept-encoding":"deflate, gzip","authorization":"Bearer eyJhbGciOiJIUzI1NiIsInR5cCI6IkpXVCJ9.eyJ1c2VybmFtZSI6ImNlbGViZGlnaXRhbCIsInVzZXJfcGFzc3dvcmQiOiJZSnRAMTIzIyIsImlhdCI6MTcxOTYzNjc3NSwiZXhwIjoxNzIwMjQxNTc1fQ.WzcTDTE7Sem7AAqBRyiBBad2YpPdOA51EyCdk5_z8KM","content-type":"application/json"} - undefined
29-06-2024 10:30:50 info: [user_bearer_token] Bearer eyJhbGciOiJIUzI1NiIsInR5cCI6IkpXVCJ9.eyJ1c2VybmFtZSI6ImNlbGViZGlnaXRhbCIsInVzZXJfcGFzc3dvcmQiOiJZSnRAMTIzIyIsImlhdCI6MTcxOTYzNjc3NSwiZXhwIjoxNzIwMjQxNTc1fQ.WzcTDTE7Sem7AAqBRyiBBad2YpPdOA51EyCdk5_z8KM
29-06-2024 10:30:59 info: [API REQUEST] /report/userlist_report - {} - {"host":"localhost:10017","accept":"*/*","accept-encoding":"deflate, gzip","authorization":"Bearer eyJhbGciOiJIUzI1NiIsInR5cCI6IkpXVCJ9.eyJ1c2VybmFtZSI6ImNlbGViZGlnaXRhbCIsInVzZXJfcGFzc3dvcmQiOiJZSnRAMTIzIyIsImlhdCI6MTcxOTYzNTkxOSwiZXhwIjoxNzIwMjQwNzE5fQ.iA5iXfOa4tFWaiBnMfdAPmLz3Lo_1UbflqQoNzoz8n8","content-type":"application/json"} - undefined
29-06-2024 10:30:59 info: [user_bearer_token] Bearer eyJhbGciOiJIUzI1NiIsInR5cCI6IkpXVCJ9.eyJ1c2VybmFtZSI6ImNlbGViZGlnaXRhbCIsInVzZXJfcGFzc3dvcmQiOiJZSnRAMTIzIyIsImlhdCI6MTcxOTYzNTkxOSwiZXhwIjoxNzIwMjQwNzE5fQ.iA5iXfOa4tFWaiBnMfdAPmLz3Lo_1UbflqQoNzoz8n8
29-06-2024 10:30:59 info: [API RESPONSE] {"response_code":0,"response_status":403,"response_msg":"Invalid Token"}
29-06-2024 10:32:50 info: [API REQUEST] /report/userlist_report - {} - {"host":"localhost:10017","accept":"*/*","accept-encoding":"deflate, gzip","authorization":"Bearer eyJhbGciOiJIUzI1NiIsInR5cCI6IkpXVCJ9.eyJ1c2VybmFtZSI6ImNlbGViZGlnaXRhbCIsInVzZXJfcGFzc3dvcmQiOiJZSnRAMTIzIyIsImlhdCI6MTcxOTYzNjc3NSwiZXhwIjoxNzIwMjQxNTc1fQ.WzcTDTE7Sem7AAqBRyiBBad2YpPdOA51EyCdk5_z8KM","content-type":"application/json"} - undefined
29-06-2024 10:32:50 info: [user_bearer_token] Bearer eyJhbGciOiJIUzI1NiIsInR5cCI6IkpXVCJ9.eyJ1c2VybmFtZSI6ImNlbGViZGlnaXRhbCIsInVzZXJfcGFzc3dvcmQiOiJZSnRAMTIzIyIsImlhdCI6MTcxOTYzNjc3NSwiZXhwIjoxNzIwMjQxNTc1fQ.WzcTDTE7Sem7AAqBRyiBBad2YpPdOA51EyCdk5_z8KM
29-06-2024 10:33:00 info: [API REQUEST] /report/userlist_report - {} - {"host":"localhost:10017","accept":"*/*","accept-encoding":"deflate, gzip","authorization":"Bearer eyJhbGciOiJIUzI1NiIsInR5cCI6IkpXVCJ9.eyJ1c2VybmFtZSI6ImNlbGViZGlnaXRhbCIsInVzZXJfcGFzc3dvcmQiOiJZSnRAMTIzIyIsImlhdCI6MTcxOTYzNTkxOSwiZXhwIjoxNzIwMjQwNzE5fQ.iA5iXfOa4tFWaiBnMfdAPmLz3Lo_1UbflqQoNzoz8n8","content-type":"application/json"} - undefined
29-06-2024 10:33:00 info: [user_bearer_token] Bearer eyJhbGciOiJIUzI1NiIsInR5cCI6IkpXVCJ9.eyJ1c2VybmFtZSI6ImNlbGViZGlnaXRhbCIsInVzZXJfcGFzc3dvcmQiOiJZSnRAMTIzIyIsImlhdCI6MTcxOTYzNTkxOSwiZXhwIjoxNzIwMjQwNzE5fQ.iA5iXfOa4tFWaiBnMfdAPmLz3Lo_1UbflqQoNzoz8n8
29-06-2024 10:33:00 info: [API RESPONSE] {"response_code":0,"response_status":403,"response_msg":"Invalid Token"}
29-06-2024 10:34:51 info: [API REQUEST] /report/userlist_report - {} - {"host":"localhost:10017","accept":"*/*","accept-encoding":"deflate, gzip","authorization":"Bearer eyJhbGciOiJIUzI1NiIsInR5cCI6IkpXVCJ9.eyJ1c2VybmFtZSI6ImNlbGViZGlnaXRhbCIsInVzZXJfcGFzc3dvcmQiOiJZSnRAMTIzIyIsImlhdCI6MTcxOTYzNjc3NSwiZXhwIjoxNzIwMjQxNTc1fQ.WzcTDTE7Sem7AAqBRyiBBad2YpPdOA51EyCdk5_z8KM","content-type":"application/json"} - undefined
29-06-2024 10:34:51 info: [user_bearer_token] Bearer eyJhbGciOiJIUzI1NiIsInR5cCI6IkpXVCJ9.eyJ1c2VybmFtZSI6ImNlbGViZGlnaXRhbCIsInVzZXJfcGFzc3dvcmQiOiJZSnRAMTIzIyIsImlhdCI6MTcxOTYzNjc3NSwiZXhwIjoxNzIwMjQxNTc1fQ.WzcTDTE7Sem7AAqBRyiBBad2YpPdOA51EyCdk5_z8KM
29-06-2024 10:35:25 info: [API REQUEST] /report/userlist_report - {} - {"host":"localhost:10017","accept":"*/*","accept-encoding":"deflate, gzip","authorization":"Bearer eyJhbGciOiJIUzI1NiIsInR5cCI6IkpXVCJ9.eyJ1c2VybmFtZSI6ImNlbGViZGlnaXRhbCIsInVzZXJfcGFzc3dvcmQiOiJZSnRAMTIzIyIsImlhdCI6MTcxOTYzNjc3NSwiZXhwIjoxNzIwMjQxNTc1fQ.WzcTDTE7Sem7AAqBRyiBBad2YpPdOA51EyCdk5_z8KM","content-type":"application/json"} - undefined
29-06-2024 10:35:25 info: [user_bearer_token] Bearer eyJhbGciOiJIUzI1NiIsInR5cCI6IkpXVCJ9.eyJ1c2VybmFtZSI6ImNlbGViZGlnaXRhbCIsInVzZXJfcGFzc3dvcmQiOiJZSnRAMTIzIyIsImlhdCI6MTcxOTYzNjc3NSwiZXhwIjoxNzIwMjQxNTc1fQ.WzcTDTE7Sem7AAqBRyiBBad2YpPdOA51EyCdk5_z8KM
29-06-2024 10:36:06 info: [API REQUEST] /report/userlist_report - {} - {"host":"localhost:10017","accept":"*/*","accept-encoding":"deflate, gzip","authorization":"Bearer eyJhbGciOiJIUzI1NiIsInR5cCI6IkpXVCJ9.eyJ1c2VybmFtZSI6ImNlbGViZGlnaXRhbCIsInVzZXJfcGFzc3dvcmQiOiJZSnRAMTIzIyIsImlhdCI6MTcxOTYzNTkxOSwiZXhwIjoxNzIwMjQwNzE5fQ.iA5iXfOa4tFWaiBnMfdAPmLz3Lo_1UbflqQoNzoz8n8","content-type":"application/json"} - undefined
29-06-2024 10:36:06 info: [user_bearer_token] Bearer eyJhbGciOiJIUzI1NiIsInR5cCI6IkpXVCJ9.eyJ1c2VybmFtZSI6ImNlbGViZGlnaXRhbCIsInVzZXJfcGFzc3dvcmQiOiJZSnRAMTIzIyIsImlhdCI6MTcxOTYzNTkxOSwiZXhwIjoxNzIwMjQwNzE5fQ.iA5iXfOa4tFWaiBnMfdAPmLz3Lo_1UbflqQoNzoz8n8
29-06-2024 10:36:06 info: [API RESPONSE] {"response_code":0,"response_status":403,"response_msg":"Invalid Token"}
29-06-2024 10:37:05 info: [API REQUEST] /report/userlist_report - {} - {"host":"localhost:10017","accept":"*/*","accept-encoding":"deflate, gzip","authorization":"Bearer eyJhbGciOiJIUzI1NiIsInR5cCI6IkpXVCJ9.eyJ1c2VybmFtZSI6ImNlbGViZGlnaXRhbCIsInVzZXJfcGFzc3dvcmQiOiJZSnRAMTIzIyIsImlhdCI6MTcxOTYzNTkxOSwiZXhwIjoxNzIwMjQwNzE5fQ.iA5iXfOa4tFWaiBnMfdAPmLz3Lo_1UbflqQoNzoz8n8","content-type":"application/json"} - undefined
29-06-2024 10:37:05 info: [user_bearer_token] Bearer eyJhbGciOiJIUzI1NiIsInR5cCI6IkpXVCJ9.eyJ1c2VybmFtZSI6ImNlbGViZGlnaXRhbCIsInVzZXJfcGFzc3dvcmQiOiJZSnRAMTIzIyIsImlhdCI6MTcxOTYzNTkxOSwiZXhwIjoxNzIwMjQwNzE5fQ.iA5iXfOa4tFWaiBnMfdAPmLz3Lo_1UbflqQoNzoz8n8
29-06-2024 10:37:05 info: [API RESPONSE] {"response_code":0,"response_status":403,"response_msg":"Invalid Token"}
29-06-2024 10:37:23 info: [API REQUEST] /logout - {"request_id":"1_2024180103723_3096"} - {"host":"localhost:10017","accept":"*/*","accept-encoding":"deflate, gzip","authorization":"Bearer eyJhbGciOiJIUzI1NiIsInR5cCI6IkpXVCJ9.eyJ1c2VybmFtZSI6ImNlbGViZGlnaXRhbCIsInVzZXJfcGFzc3dvcmQiOiJZSnRAMTIzIyIsImlhdCI6MTcxOTYzNTkxOSwiZXhwIjoxNzIwMjQwNzE5fQ.iA5iXfOa4tFWaiBnMfdAPmLz3Lo_1UbflqQoNzoz8n8","content-type":"application/json","content-length":"43"} - undefined
29-06-2024 10:37:25 info: [API REQUEST] /report/userlist_report - {} - {"host":"localhost:10017","accept":"*/*","accept-encoding":"deflate, gzip","authorization":"Bearer eyJhbGciOiJIUzI1NiIsInR5cCI6IkpXVCJ9.eyJ1c2VybmFtZSI6ImNlbGViZGlnaXRhbCIsInVzZXJfcGFzc3dvcmQiOiJZSnRAMTIzIyIsImlhdCI6MTcxOTYzNjc3NSwiZXhwIjoxNzIwMjQxNTc1fQ.WzcTDTE7Sem7AAqBRyiBBad2YpPdOA51EyCdk5_z8KM","content-type":"application/json"} - undefined
29-06-2024 10:37:25 info: [user_bearer_token] Bearer eyJhbGciOiJIUzI1NiIsInR5cCI6IkpXVCJ9.eyJ1c2VybmFtZSI6ImNlbGViZGlnaXRhbCIsInVzZXJfcGFzc3dvcmQiOiJZSnRAMTIzIyIsImlhdCI6MTcxOTYzNjc3NSwiZXhwIjoxNzIwMjQxNTc1fQ.WzcTDTE7Sem7AAqBRyiBBad2YpPdOA51EyCdk5_z8KM
29-06-2024 10:37:31 info: [API REQUEST] /login - {"txt_username":"celebdigital","txt_password":"YJt@123#","request_id":"6552678220"} - {"host":"localhost:10017","accept":"*/*","accept-encoding":"deflate, gzip","content-type":"application/json","content-length":"107"} - undefined
29-06-2024 10:37:31 info: [API RESPONSE] {"response_code":1,"response_status":200,"response_msg":"Success","user_bearer_token":"Bearer eyJhbGciOiJIUzI1NiIsInR5cCI6IkpXVCJ9.eyJ1c2VybmFtZSI6ImNlbGViZGlnaXRhbCIsInVzZXJfcGFzc3dvcmQiOiJZSnRAMTIzIyIsImlhdCI6MTcxOTYzNzY1MSwiZXhwIjoxNzIwMjQyNDUxfQ.LY6T3wbm0tOr-wRpjyXBgUnySWCbfPEnnFpqXDWI2MI","user_id":1,"request_id":"6552678220"}
29-06-2024 10:37:31 info: [API REQUEST] /user/dashboard_change - {} - {"host":"localhost:10017","accept":"*/*","accept-encoding":"deflate, gzip","authorization":"Bearer eyJhbGciOiJIUzI1NiIsInR5cCI6IkpXVCJ9.eyJ1c2VybmFtZSI6ImNlbGViZGlnaXRhbCIsInVzZXJfcGFzc3dvcmQiOiJZSnRAMTIzIyIsImlhdCI6MTcxOTYzNzY1MSwiZXhwIjoxNzIwMjQyNDUxfQ.LY6T3wbm0tOr-wRpjyXBgUnySWCbfPEnnFpqXDWI2MI","content-type":"application/json"} - undefined
29-06-2024 10:37:31 info: [user_bearer_token] Bearer eyJhbGciOiJIUzI1NiIsInR5cCI6IkpXVCJ9.eyJ1c2VybmFtZSI6ImNlbGViZGlnaXRhbCIsInVzZXJfcGFzc3dvcmQiOiJZSnRAMTIzIyIsImlhdCI6MTcxOTYzNzY1MSwiZXhwIjoxNzIwMjQyNDUxfQ.LY6T3wbm0tOr-wRpjyXBgUnySWCbfPEnnFpqXDWI2MI
29-06-2024 10:37:36 info: [API REQUEST] /report/userlist_report - {} - {"host":"localhost:10017","accept":"*/*","accept-encoding":"deflate, gzip","authorization":"Bearer eyJhbGciOiJIUzI1NiIsInR5cCI6IkpXVCJ9.eyJ1c2VybmFtZSI6ImNlbGViZGlnaXRhbCIsInVzZXJfcGFzc3dvcmQiOiJZSnRAMTIzIyIsImlhdCI6MTcxOTYzNzY1MSwiZXhwIjoxNzIwMjQyNDUxfQ.LY6T3wbm0tOr-wRpjyXBgUnySWCbfPEnnFpqXDWI2MI","content-type":"application/json"} - undefined
29-06-2024 10:37:36 info: [user_bearer_token] Bearer eyJhbGciOiJIUzI1NiIsInR5cCI6IkpXVCJ9.eyJ1c2VybmFtZSI6ImNlbGViZGlnaXRhbCIsInVzZXJfcGFzc3dvcmQiOiJZSnRAMTIzIyIsImlhdCI6MTcxOTYzNzY1MSwiZXhwIjoxNzIwMjQyNDUxfQ.LY6T3wbm0tOr-wRpjyXBgUnySWCbfPEnnFpqXDWI2MI
29-06-2024 10:38:43 info: [API REQUEST] /report/userlist_report - {} - {"host":"localhost:10017","accept":"*/*","accept-encoding":"deflate, gzip","authorization":"Bearer eyJhbGciOiJIUzI1NiIsInR5cCI6IkpXVCJ9.eyJ1c2VybmFtZSI6ImNlbGViZGlnaXRhbCIsInVzZXJfcGFzc3dvcmQiOiJZSnRAMTIzIyIsImlhdCI6MTcxOTYzNjc3NSwiZXhwIjoxNzIwMjQxNTc1fQ.WzcTDTE7Sem7AAqBRyiBBad2YpPdOA51EyCdk5_z8KM","content-type":"application/json"} - undefined
29-06-2024 10:38:43 info: [user_bearer_token] Bearer eyJhbGciOiJIUzI1NiIsInR5cCI6IkpXVCJ9.eyJ1c2VybmFtZSI6ImNlbGViZGlnaXRhbCIsInVzZXJfcGFzc3dvcmQiOiJZSnRAMTIzIyIsImlhdCI6MTcxOTYzNjc3NSwiZXhwIjoxNzIwMjQxNTc1fQ.WzcTDTE7Sem7AAqBRyiBBad2YpPdOA51EyCdk5_z8KM
29-06-2024 10:38:43 info: [API RESPONSE] {"response_code":0,"response_status":403,"response_msg":"Invalid Token"}
29-06-2024 10:38:54 info: [API REQUEST] /report/userlist_report - {} - {"host":"localhost:10017","accept":"*/*","accept-encoding":"deflate, gzip","authorization":"Bearer eyJhbGciOiJIUzI1NiIsInR5cCI6IkpXVCJ9.eyJ1c2VybmFtZSI6ImNlbGViZGlnaXRhbCIsInVzZXJfcGFzc3dvcmQiOiJZSnRAMTIzIyIsImlhdCI6MTcxOTYzNjc3NSwiZXhwIjoxNzIwMjQxNTc1fQ.WzcTDTE7Sem7AAqBRyiBBad2YpPdOA51EyCdk5_z8KM","content-type":"application/json"} - undefined
29-06-2024 10:38:54 info: [user_bearer_token] Bearer eyJhbGciOiJIUzI1NiIsInR5cCI6IkpXVCJ9.eyJ1c2VybmFtZSI6ImNlbGViZGlnaXRhbCIsInVzZXJfcGFzc3dvcmQiOiJZSnRAMTIzIyIsImlhdCI6MTcxOTYzNjc3NSwiZXhwIjoxNzIwMjQxNTc1fQ.WzcTDTE7Sem7AAqBRyiBBad2YpPdOA51EyCdk5_z8KM
29-06-2024 10:38:54 info: [API RESPONSE] {"response_code":0,"response_status":403,"response_msg":"Invalid Token"}
29-06-2024 10:39:37 info: [API REQUEST] /report/userlist_report - {} - {"host":"localhost:10017","accept":"*/*","accept-encoding":"deflate, gzip","authorization":"Bearer eyJhbGciOiJIUzI1NiIsInR5cCI6IkpXVCJ9.eyJ1c2VybmFtZSI6ImNlbGViZGlnaXRhbCIsInVzZXJfcGFzc3dvcmQiOiJZSnRAMTIzIyIsImlhdCI6MTcxOTYzNzY1MSwiZXhwIjoxNzIwMjQyNDUxfQ.LY6T3wbm0tOr-wRpjyXBgUnySWCbfPEnnFpqXDWI2MI","content-type":"application/json"} - undefined
29-06-2024 10:39:37 info: [user_bearer_token] Bearer eyJhbGciOiJIUzI1NiIsInR5cCI6IkpXVCJ9.eyJ1c2VybmFtZSI6ImNlbGViZGlnaXRhbCIsInVzZXJfcGFzc3dvcmQiOiJZSnRAMTIzIyIsImlhdCI6MTcxOTYzNzY1MSwiZXhwIjoxNzIwMjQyNDUxfQ.LY6T3wbm0tOr-wRpjyXBgUnySWCbfPEnnFpqXDWI2MI
29-06-2024 10:39:45 info: [API REQUEST] /report/userlist_report - {} - {"host":"localhost:10017","accept":"*/*","accept-encoding":"deflate, gzip","authorization":"Bearer eyJhbGciOiJIUzI1NiIsInR5cCI6IkpXVCJ9.eyJ1c2VybmFtZSI6ImNlbGViZGlnaXRhbCIsInVzZXJfcGFzc3dvcmQiOiJZSnRAMTIzIyIsImlhdCI6MTcxOTYzNjc3NSwiZXhwIjoxNzIwMjQxNTc1fQ.WzcTDTE7Sem7AAqBRyiBBad2YpPdOA51EyCdk5_z8KM","content-type":"application/json"} - undefined
29-06-2024 10:39:45 info: [user_bearer_token] Bearer eyJhbGciOiJIUzI1NiIsInR5cCI6IkpXVCJ9.eyJ1c2VybmFtZSI6ImNlbGViZGlnaXRhbCIsInVzZXJfcGFzc3dvcmQiOiJZSnRAMTIzIyIsImlhdCI6MTcxOTYzNjc3NSwiZXhwIjoxNzIwMjQxNTc1fQ.WzcTDTE7Sem7AAqBRyiBBad2YpPdOA51EyCdk5_z8KM
29-06-2024 10:39:45 info: [API RESPONSE] {"response_code":0,"response_status":403,"response_msg":"Invalid Token"}
29-06-2024 10:39:54 info: [API REQUEST] /logout - {"request_id":"1_2024180103954_8310"} - {"host":"localhost:10017","accept":"*/*","accept-encoding":"deflate, gzip","authorization":"Bearer eyJhbGciOiJIUzI1NiIsInR5cCI6IkpXVCJ9.eyJ1c2VybmFtZSI6ImNlbGViZGlnaXRhbCIsInVzZXJfcGFzc3dvcmQiOiJZSnRAMTIzIyIsImlhdCI6MTcxOTYzNjc3NSwiZXhwIjoxNzIwMjQxNTc1fQ.WzcTDTE7Sem7AAqBRyiBBad2YpPdOA51EyCdk5_z8KM","content-type":"application/json","content-length":"43"} - undefined
29-06-2024 10:40:34 info: [API REQUEST] /login - {"txt_username":"celebdigital","txt_password":"YJJt@123#","request_id":"4286096545"} - {"host":"localhost:10017","accept":"*/*","accept-encoding":"deflate, gzip","content-type":"application/json","content-length":"108"} - undefined
29-06-2024 10:40:34 info: [API RESPONSE] {"response_code":0,"response_status":201,"response_msg":"Invalid Password. Kindly try again with the valid details!","request_id":"4286096545"}
29-06-2024 10:40:42 info: [API REQUEST] /login - {"txt_username":"celebdigital","txt_password":"YJt@123#","request_id":"3072543142"} - {"host":"localhost:10017","accept":"*/*","accept-encoding":"deflate, gzip","content-type":"application/json","content-length":"107"} - undefined
29-06-2024 10:40:42 info: [API RESPONSE] {"response_code":1,"response_status":200,"response_msg":"Success","user_bearer_token":"Bearer eyJhbGciOiJIUzI1NiIsInR5cCI6IkpXVCJ9.eyJ1c2VybmFtZSI6ImNlbGViZGlnaXRhbCIsInVzZXJfcGFzc3dvcmQiOiJZSnRAMTIzIyIsImlhdCI6MTcxOTYzNzg0MiwiZXhwIjoxNzIwMjQyNjQyfQ.iavCpo0sfJOO7HeLa6oHCQg7TnpEF0FtiX0Iov2QI_0","user_id":1,"request_id":"3072543142"}
29-06-2024 10:40:42 info: [API REQUEST] /user/dashboard_change - {} - {"host":"localhost:10017","accept":"*/*","accept-encoding":"deflate, gzip","authorization":"Bearer eyJhbGciOiJIUzI1NiIsInR5cCI6IkpXVCJ9.eyJ1c2VybmFtZSI6ImNlbGViZGlnaXRhbCIsInVzZXJfcGFzc3dvcmQiOiJZSnRAMTIzIyIsImlhdCI6MTcxOTYzNzg0MiwiZXhwIjoxNzIwMjQyNjQyfQ.iavCpo0sfJOO7HeLa6oHCQg7TnpEF0FtiX0Iov2QI_0","content-type":"application/json"} - undefined
29-06-2024 10:40:42 info: [user_bearer_token] Bearer eyJhbGciOiJIUzI1NiIsInR5cCI6IkpXVCJ9.eyJ1c2VybmFtZSI6ImNlbGViZGlnaXRhbCIsInVzZXJfcGFzc3dvcmQiOiJZSnRAMTIzIyIsImlhdCI6MTcxOTYzNzg0MiwiZXhwIjoxNzIwMjQyNjQyfQ.iavCpo0sfJOO7HeLa6oHCQg7TnpEF0FtiX0Iov2QI_0
29-06-2024 10:40:49 info: [API REQUEST] /report/userlist_report - {} - {"host":"localhost:10017","accept":"*/*","accept-encoding":"deflate, gzip","authorization":"Bearer eyJhbGciOiJIUzI1NiIsInR5cCI6IkpXVCJ9.eyJ1c2VybmFtZSI6ImNlbGViZGlnaXRhbCIsInVzZXJfcGFzc3dvcmQiOiJZSnRAMTIzIyIsImlhdCI6MTcxOTYzNzY1MSwiZXhwIjoxNzIwMjQyNDUxfQ.LY6T3wbm0tOr-wRpjyXBgUnySWCbfPEnnFpqXDWI2MI","content-type":"application/json"} - undefined
29-06-2024 10:40:49 info: [user_bearer_token] Bearer eyJhbGciOiJIUzI1NiIsInR5cCI6IkpXVCJ9.eyJ1c2VybmFtZSI6ImNlbGViZGlnaXRhbCIsInVzZXJfcGFzc3dvcmQiOiJZSnRAMTIzIyIsImlhdCI6MTcxOTYzNzY1MSwiZXhwIjoxNzIwMjQyNDUxfQ.LY6T3wbm0tOr-wRpjyXBgUnySWCbfPEnnFpqXDWI2MI
29-06-2024 10:40:49 info: [API RESPONSE] {"response_code":0,"response_status":403,"response_msg":"Invalid Token"}
29-06-2024 10:40:54 info: [API REQUEST] /logout - {"request_id":"1_2024180104054_5613"} - {"host":"localhost:10017","accept":"*/*","accept-encoding":"deflate, gzip","authorization":"Bearer eyJhbGciOiJIUzI1NiIsInR5cCI6IkpXVCJ9.eyJ1c2VybmFtZSI6ImNlbGViZGlnaXRhbCIsInVzZXJfcGFzc3dvcmQiOiJZSnRAMTIzIyIsImlhdCI6MTcxOTYzNzY1MSwiZXhwIjoxNzIwMjQyNDUxfQ.LY6T3wbm0tOr-wRpjyXBgUnySWCbfPEnnFpqXDWI2MI","content-type":"application/json","content-length":"43"} - undefined
29-06-2024 10:42:43 info: [API REQUEST] /user/dashboard_change - {} - {"host":"localhost:10017","accept":"*/*","accept-encoding":"deflate, gzip","authorization":"Bearer eyJhbGciOiJIUzI1NiIsInR5cCI6IkpXVCJ9.eyJ1c2VybmFtZSI6ImNlbGViZGlnaXRhbCIsInVzZXJfcGFzc3dvcmQiOiJZSnRAMTIzIyIsImlhdCI6MTcxOTYzNzg0MiwiZXhwIjoxNzIwMjQyNjQyfQ.iavCpo0sfJOO7HeLa6oHCQg7TnpEF0FtiX0Iov2QI_0","content-type":"application/json"} - undefined
29-06-2024 10:42:43 info: [user_bearer_token] Bearer eyJhbGciOiJIUzI1NiIsInR5cCI6IkpXVCJ9.eyJ1c2VybmFtZSI6ImNlbGViZGlnaXRhbCIsInVzZXJfcGFzc3dvcmQiOiJZSnRAMTIzIyIsImlhdCI6MTcxOTYzNzg0MiwiZXhwIjoxNzIwMjQyNjQyfQ.iavCpo0sfJOO7HeLa6oHCQg7TnpEF0FtiX0Iov2QI_0
29-06-2024 10:44:44 info: [API REQUEST] /user/dashboard_change - {} - {"host":"localhost:10017","accept":"*/*","accept-encoding":"deflate, gzip","authorization":"Bearer eyJhbGciOiJIUzI1NiIsInR5cCI6IkpXVCJ9.eyJ1c2VybmFtZSI6ImNlbGViZGlnaXRhbCIsInVzZXJfcGFzc3dvcmQiOiJZSnRAMTIzIyIsImlhdCI6MTcxOTYzNzg0MiwiZXhwIjoxNzIwMjQyNjQyfQ.iavCpo0sfJOO7HeLa6oHCQg7TnpEF0FtiX0Iov2QI_0","content-type":"application/json"} - undefined
29-06-2024 10:44:44 info: [user_bearer_token] Bearer eyJhbGciOiJIUzI1NiIsInR5cCI6IkpXVCJ9.eyJ1c2VybmFtZSI6ImNlbGViZGlnaXRhbCIsInVzZXJfcGFzc3dvcmQiOiJZSnRAMTIzIyIsImlhdCI6MTcxOTYzNzg0MiwiZXhwIjoxNzIwMjQyNjQyfQ.iavCpo0sfJOO7HeLa6oHCQg7TnpEF0FtiX0Iov2QI_0
29-06-2024 10:44:44 info: [API REQUEST] /login - {"txt_username":"celebdigital","txt_password":"YJt@123#","request_id":"4355313753"} - {"host":"localhost:10017","accept":"*/*","accept-encoding":"deflate, gzip","content-type":"application/json","content-length":"107"} - undefined
29-06-2024 10:44:44 info: [API RESPONSE] {"response_code":1,"response_status":200,"response_msg":"Success","user_bearer_token":"Bearer eyJhbGciOiJIUzI1NiIsInR5cCI6IkpXVCJ9.eyJ1c2VybmFtZSI6ImNlbGViZGlnaXRhbCIsInVzZXJfcGFzc3dvcmQiOiJZSnRAMTIzIyIsImlhdCI6MTcxOTYzODA4NCwiZXhwIjoxNzIwMjQyODg0fQ.qYdbugkS5tL9-klyuduyxmcVphceBXhEO_YZT4F6iKc","user_id":1,"request_id":"4355313753"}
29-06-2024 10:44:44 info: [API REQUEST] /user/dashboard_change - {} - {"host":"localhost:10017","accept":"*/*","accept-encoding":"deflate, gzip","authorization":"Bearer eyJhbGciOiJIUzI1NiIsInR5cCI6IkpXVCJ9.eyJ1c2VybmFtZSI6ImNlbGViZGlnaXRhbCIsInVzZXJfcGFzc3dvcmQiOiJZSnRAMTIzIyIsImlhdCI6MTcxOTYzODA4NCwiZXhwIjoxNzIwMjQyODg0fQ.qYdbugkS5tL9-klyuduyxmcVphceBXhEO_YZT4F6iKc","content-type":"application/json"} - undefined
29-06-2024 10:44:44 info: [user_bearer_token] Bearer eyJhbGciOiJIUzI1NiIsInR5cCI6IkpXVCJ9.eyJ1c2VybmFtZSI6ImNlbGViZGlnaXRhbCIsInVzZXJfcGFzc3dvcmQiOiJZSnRAMTIzIyIsImlhdCI6MTcxOTYzODA4NCwiZXhwIjoxNzIwMjQyODg0fQ.qYdbugkS5tL9-klyuduyxmcVphceBXhEO_YZT4F6iKc
29-06-2024 10:44:51 info: [API REQUEST] /report/todaysummary_report - {} - {"host":"localhost:10017","accept":"*/*","accept-encoding":"deflate, gzip","authorization":"Bearer eyJhbGciOiJIUzI1NiIsInR5cCI6IkpXVCJ9.eyJ1c2VybmFtZSI6ImNlbGViZGlnaXRhbCIsInVzZXJfcGFzc3dvcmQiOiJZSnRAMTIzIyIsImlhdCI6MTcxOTYzNzg0MiwiZXhwIjoxNzIwMjQyNjQyfQ.iavCpo0sfJOO7HeLa6oHCQg7TnpEF0FtiX0Iov2QI_0","content-type":"application/json"} - undefined
29-06-2024 10:44:51 info: [user_bearer_token] Bearer eyJhbGciOiJIUzI1NiIsInR5cCI6IkpXVCJ9.eyJ1c2VybmFtZSI6ImNlbGViZGlnaXRhbCIsInVzZXJfcGFzc3dvcmQiOiJZSnRAMTIzIyIsImlhdCI6MTcxOTYzNzg0MiwiZXhwIjoxNzIwMjQyNjQyfQ.iavCpo0sfJOO7HeLa6oHCQg7TnpEF0FtiX0Iov2QI_0
29-06-2024 10:44:51 info: [API RESPONSE] {"response_code":0,"response_status":403,"response_msg":"Invalid Token"}
29-06-2024 10:44:51 info: [API REQUEST] /logout - {"request_id":"1_2024180104451_2821"} - {"host":"localhost:10017","accept":"*/*","accept-encoding":"deflate, gzip","authorization":"Bearer eyJhbGciOiJIUzI1NiIsInR5cCI6IkpXVCJ9.eyJ1c2VybmFtZSI6ImNlbGViZGlnaXRhbCIsInVzZXJfcGFzc3dvcmQiOiJZSnRAMTIzIyIsImlhdCI6MTcxOTYzNzg0MiwiZXhwIjoxNzIwMjQyNjQyfQ.iavCpo0sfJOO7HeLa6oHCQg7TnpEF0FtiX0Iov2QI_0","content-type":"application/json","content-length":"43"} - undefined
29-06-2024 10:45:05 info: [API REQUEST] /login - {"txt_username":"celebdigital","txt_password":"YJt@123#","request_id":"2969952679"} - {"host":"localhost:10017","accept":"*/*","accept-encoding":"deflate, gzip","content-type":"application/json","content-length":"107"} - undefined
29-06-2024 10:45:05 info: [API RESPONSE] {"response_code":1,"response_status":200,"response_msg":"Success","user_bearer_token":"Bearer eyJhbGciOiJIUzI1NiIsInR5cCI6IkpXVCJ9.eyJ1c2VybmFtZSI6ImNlbGViZGlnaXRhbCIsInVzZXJfcGFzc3dvcmQiOiJZSnRAMTIzIyIsImlhdCI6MTcxOTYzODEwNSwiZXhwIjoxNzIwMjQyOTA1fQ.uJNm-ehYVmBmLxwB7rkpiGnECmfAKXia99cMBIIEibQ","user_id":1,"request_id":"2969952679"}
29-06-2024 10:45:05 info: [API REQUEST] /user/dashboard_change - {} - {"host":"localhost:10017","accept":"*/*","accept-encoding":"deflate, gzip","authorization":"Bearer eyJhbGciOiJIUzI1NiIsInR5cCI6IkpXVCJ9.eyJ1c2VybmFtZSI6ImNlbGViZGlnaXRhbCIsInVzZXJfcGFzc3dvcmQiOiJZSnRAMTIzIyIsImlhdCI6MTcxOTYzODEwNSwiZXhwIjoxNzIwMjQyOTA1fQ.uJNm-ehYVmBmLxwB7rkpiGnECmfAKXia99cMBIIEibQ","content-type":"application/json"} - undefined
29-06-2024 10:45:05 info: [user_bearer_token] Bearer eyJhbGciOiJIUzI1NiIsInR5cCI6IkpXVCJ9.eyJ1c2VybmFtZSI6ImNlbGViZGlnaXRhbCIsInVzZXJfcGFzc3dvcmQiOiJZSnRAMTIzIyIsImlhdCI6MTcxOTYzODEwNSwiZXhwIjoxNzIwMjQyOTA1fQ.uJNm-ehYVmBmLxwB7rkpiGnECmfAKXia99cMBIIEibQ
29-06-2024 10:46:32 info: [API REQUEST] /report/interest_list - {} - {"host":"localhost:10017","accept":"*/*","accept-encoding":"deflate, gzip","authorization":"Bearer eyJhbGciOiJIUzI1NiIsInR5cCI6IkpXVCJ9.eyJ1c2VybmFtZSI6ImNlbGViZGlnaXRhbCIsInVzZXJfcGFzc3dvcmQiOiJZSnRAMTIzIyIsImlhdCI6MTcxOTYzODEwNSwiZXhwIjoxNzIwMjQyOTA1fQ.uJNm-ehYVmBmLxwB7rkpiGnECmfAKXia99cMBIIEibQ","content-type":"application/json"} - undefined
29-06-2024 10:46:32 info: [user_bearer_token] Bearer eyJhbGciOiJIUzI1NiIsInR5cCI6IkpXVCJ9.eyJ1c2VybmFtZSI6ImNlbGViZGlnaXRhbCIsInVzZXJfcGFzc3dvcmQiOiJZSnRAMTIzIyIsImlhdCI6MTcxOTYzODEwNSwiZXhwIjoxNzIwMjQyOTA1fQ.uJNm-ehYVmBmLxwB7rkpiGnECmfAKXia99cMBIIEibQ
29-06-2024 10:46:37 info: [API REQUEST] /report/interest_list - {} - {"host":"localhost:10017","accept":"*/*","accept-encoding":"deflate, gzip","authorization":"Bearer eyJhbGciOiJIUzI1NiIsInR5cCI6IkpXVCJ9.eyJ1c2VybmFtZSI6ImNlbGViZGlnaXRhbCIsInVzZXJfcGFzc3dvcmQiOiJZSnRAMTIzIyIsImlhdCI6MTcxOTYzODA4NCwiZXhwIjoxNzIwMjQyODg0fQ.qYdbugkS5tL9-klyuduyxmcVphceBXhEO_YZT4F6iKc","content-type":"application/json"} - undefined
29-06-2024 10:46:37 info: [user_bearer_token] Bearer eyJhbGciOiJIUzI1NiIsInR5cCI6IkpXVCJ9.eyJ1c2VybmFtZSI6ImNlbGViZGlnaXRhbCIsInVzZXJfcGFzc3dvcmQiOiJZSnRAMTIzIyIsImlhdCI6MTcxOTYzODA4NCwiZXhwIjoxNzIwMjQyODg0fQ.qYdbugkS5tL9-klyuduyxmcVphceBXhEO_YZT4F6iKc
29-06-2024 10:46:37 info: [API RESPONSE] {"response_code":0,"response_status":403,"response_msg":"Invalid Token"}
29-06-2024 10:47:01 info: [API REQUEST] /report/interest_list - {} - {"host":"localhost:10017","accept":"*/*","accept-encoding":"deflate, gzip","authorization":"Bearer eyJhbGciOiJIUzI1NiIsInR5cCI6IkpXVCJ9.eyJ1c2VybmFtZSI6ImNlbGViZGlnaXRhbCIsInVzZXJfcGFzc3dvcmQiOiJZSnRAMTIzIyIsImlhdCI6MTcxOTYzODEwNSwiZXhwIjoxNzIwMjQyOTA1fQ.uJNm-ehYVmBmLxwB7rkpiGnECmfAKXia99cMBIIEibQ","content-type":"application/json"} - undefined
29-06-2024 10:47:01 info: [user_bearer_token] Bearer eyJhbGciOiJIUzI1NiIsInR5cCI6IkpXVCJ9.eyJ1c2VybmFtZSI6ImNlbGViZGlnaXRhbCIsInVzZXJfcGFzc3dvcmQiOiJZSnRAMTIzIyIsImlhdCI6MTcxOTYzODEwNSwiZXhwIjoxNzIwMjQyOTA1fQ.uJNm-ehYVmBmLxwB7rkpiGnECmfAKXia99cMBIIEibQ
29-06-2024 10:47:12 info: [API REQUEST] /report/interest_list - {} - {"host":"localhost:10017","accept":"*/*","accept-encoding":"deflate, gzip","authorization":"Bearer eyJhbGciOiJIUzI1NiIsInR5cCI6IkpXVCJ9.eyJ1c2VybmFtZSI6ImNlbGViZGlnaXRhbCIsInVzZXJfcGFzc3dvcmQiOiJZSnRAMTIzIyIsImlhdCI6MTcxOTYzODA4NCwiZXhwIjoxNzIwMjQyODg0fQ.qYdbugkS5tL9-klyuduyxmcVphceBXhEO_YZT4F6iKc","content-type":"application/json"} - undefined
29-06-2024 10:47:12 info: [user_bearer_token] Bearer eyJhbGciOiJIUzI1NiIsInR5cCI6IkpXVCJ9.eyJ1c2VybmFtZSI6ImNlbGViZGlnaXRhbCIsInVzZXJfcGFzc3dvcmQiOiJZSnRAMTIzIyIsImlhdCI6MTcxOTYzODA4NCwiZXhwIjoxNzIwMjQyODg0fQ.qYdbugkS5tL9-klyuduyxmcVphceBXhEO_YZT4F6iKc
29-06-2024 10:47:12 info: [API RESPONSE] {"response_code":0,"response_status":403,"response_msg":"Invalid Token"}
29-06-2024 10:47:29 info: [API REQUEST] /report/interest_list - {} - {"host":"localhost:10017","accept":"*/*","accept-encoding":"deflate, gzip","authorization":"Bearer eyJhbGciOiJIUzI1NiIsInR5cCI6IkpXVCJ9.eyJ1c2VybmFtZSI6ImNlbGViZGlnaXRhbCIsInVzZXJfcGFzc3dvcmQiOiJZSnRAMTIzIyIsImlhdCI6MTcxOTYzODA4NCwiZXhwIjoxNzIwMjQyODg0fQ.qYdbugkS5tL9-klyuduyxmcVphceBXhEO_YZT4F6iKc","content-type":"application/json"} - undefined
29-06-2024 10:47:29 info: [user_bearer_token] Bearer eyJhbGciOiJIUzI1NiIsInR5cCI6IkpXVCJ9.eyJ1c2VybmFtZSI6ImNlbGViZGlnaXRhbCIsInVzZXJfcGFzc3dvcmQiOiJZSnRAMTIzIyIsImlhdCI6MTcxOTYzODA4NCwiZXhwIjoxNzIwMjQyODg0fQ.qYdbugkS5tL9-klyuduyxmcVphceBXhEO_YZT4F6iKc
29-06-2024 10:47:29 info: [API RESPONSE] {"response_code":0,"response_status":403,"response_msg":"Invalid Token"}
29-06-2024 10:47:34 info: [API REQUEST] /report/interest_list - {} - {"host":"localhost:10017","accept":"*/*","accept-encoding":"deflate, gzip","authorization":"Bearer eyJhbGciOiJIUzI1NiIsInR5cCI6IkpXVCJ9.eyJ1c2VybmFtZSI6ImNlbGViZGlnaXRhbCIsInVzZXJfcGFzc3dvcmQiOiJZSnRAMTIzIyIsImlhdCI6MTcxOTYzODEwNSwiZXhwIjoxNzIwMjQyOTA1fQ.uJNm-ehYVmBmLxwB7rkpiGnECmfAKXia99cMBIIEibQ","content-type":"application/json"} - undefined
29-06-2024 10:47:34 info: [user_bearer_token] Bearer eyJhbGciOiJIUzI1NiIsInR5cCI6IkpXVCJ9.eyJ1c2VybmFtZSI6ImNlbGViZGlnaXRhbCIsInVzZXJfcGFzc3dvcmQiOiJZSnRAMTIzIyIsImlhdCI6MTcxOTYzODEwNSwiZXhwIjoxNzIwMjQyOTA1fQ.uJNm-ehYVmBmLxwB7rkpiGnECmfAKXia99cMBIIEibQ
29-06-2024 10:48:25 info: [API REQUEST] /report/interest_list - {} - {"host":"localhost:10017","accept":"*/*","accept-encoding":"deflate, gzip","authorization":"Bearer eyJhbGciOiJIUzI1NiIsInR5cCI6IkpXVCJ9.eyJ1c2VybmFtZSI6ImNlbGViZGlnaXRhbCIsInVzZXJfcGFzc3dvcmQiOiJZSnRAMTIzIyIsImlhdCI6MTcxOTYzODEwNSwiZXhwIjoxNzIwMjQyOTA1fQ.uJNm-ehYVmBmLxwB7rkpiGnECmfAKXia99cMBIIEibQ","content-type":"application/json"} - undefined
29-06-2024 10:48:25 info: [user_bearer_token] Bearer eyJhbGciOiJIUzI1NiIsInR5cCI6IkpXVCJ9.eyJ1c2VybmFtZSI6ImNlbGViZGlnaXRhbCIsInVzZXJfcGFzc3dvcmQiOiJZSnRAMTIzIyIsImlhdCI6MTcxOTYzODEwNSwiZXhwIjoxNzIwMjQyOTA1fQ.uJNm-ehYVmBmLxwB7rkpiGnECmfAKXia99cMBIIEibQ
29-06-2024 10:48:29 info: [API REQUEST] /report/interest_list - {} - {"host":"localhost:10017","accept":"*/*","accept-encoding":"deflate, gzip","authorization":"Bearer eyJhbGciOiJIUzI1NiIsInR5cCI6IkpXVCJ9.eyJ1c2VybmFtZSI6ImNlbGViZGlnaXRhbCIsInVzZXJfcGFzc3dvcmQiOiJZSnRAMTIzIyIsImlhdCI6MTcxOTYzODA4NCwiZXhwIjoxNzIwMjQyODg0fQ.qYdbugkS5tL9-klyuduyxmcVphceBXhEO_YZT4F6iKc","content-type":"application/json"} - undefined
29-06-2024 10:48:29 info: [user_bearer_token] Bearer eyJhbGciOiJIUzI1NiIsInR5cCI6IkpXVCJ9.eyJ1c2VybmFtZSI6ImNlbGViZGlnaXRhbCIsInVzZXJfcGFzc3dvcmQiOiJZSnRAMTIzIyIsImlhdCI6MTcxOTYzODA4NCwiZXhwIjoxNzIwMjQyODg0fQ.qYdbugkS5tL9-klyuduyxmcVphceBXhEO_YZT4F6iKc
29-06-2024 10:48:29 info: [API RESPONSE] {"response_code":0,"response_status":403,"response_msg":"Invalid Token"}
29-06-2024 10:50:11 info: [API REQUEST] /report/interest_list - {} - {"host":"localhost:10017","accept":"*/*","accept-encoding":"deflate, gzip","authorization":"Bearer eyJhbGciOiJIUzI1NiIsInR5cCI6IkpXVCJ9.eyJ1c2VybmFtZSI6ImNlbGViZGlnaXRhbCIsInVzZXJfcGFzc3dvcmQiOiJZSnRAMTIzIyIsImlhdCI6MTcxOTYzODEwNSwiZXhwIjoxNzIwMjQyOTA1fQ.uJNm-ehYVmBmLxwB7rkpiGnECmfAKXia99cMBIIEibQ","content-type":"application/json"} - undefined
29-06-2024 10:50:11 info: [user_bearer_token] Bearer eyJhbGciOiJIUzI1NiIsInR5cCI6IkpXVCJ9.eyJ1c2VybmFtZSI6ImNlbGViZGlnaXRhbCIsInVzZXJfcGFzc3dvcmQiOiJZSnRAMTIzIyIsImlhdCI6MTcxOTYzODEwNSwiZXhwIjoxNzIwMjQyOTA1fQ.uJNm-ehYVmBmLxwB7rkpiGnECmfAKXia99cMBIIEibQ
29-06-2024 10:50:14 info: [API REQUEST] /report/interest_list - {} - {"host":"localhost:10017","accept":"*/*","accept-encoding":"deflate, gzip","authorization":"Bearer eyJhbGciOiJIUzI1NiIsInR5cCI6IkpXVCJ9.eyJ1c2VybmFtZSI6ImNlbGViZGlnaXRhbCIsInVzZXJfcGFzc3dvcmQiOiJZSnRAMTIzIyIsImlhdCI6MTcxOTYzODA4NCwiZXhwIjoxNzIwMjQyODg0fQ.qYdbugkS5tL9-klyuduyxmcVphceBXhEO_YZT4F6iKc","content-type":"application/json"} - undefined
29-06-2024 10:50:14 info: [user_bearer_token] Bearer eyJhbGciOiJIUzI1NiIsInR5cCI6IkpXVCJ9.eyJ1c2VybmFtZSI6ImNlbGViZGlnaXRhbCIsInVzZXJfcGFzc3dvcmQiOiJZSnRAMTIzIyIsImlhdCI6MTcxOTYzODA4NCwiZXhwIjoxNzIwMjQyODg0fQ.qYdbugkS5tL9-klyuduyxmcVphceBXhEO_YZT4F6iKc
29-06-2024 10:50:14 info: [API RESPONSE] {"response_code":0,"response_status":403,"response_msg":"Invalid Token"}
29-06-2024 10:50:14 info: [API REQUEST] /logout - {"request_id":"1_2024180105014_8098"} - {"host":"localhost:10017","accept":"*/*","accept-encoding":"deflate, gzip","authorization":"Bearer eyJhbGciOiJIUzI1NiIsInR5cCI6IkpXVCJ9.eyJ1c2VybmFtZSI6ImNlbGViZGlnaXRhbCIsInVzZXJfcGFzc3dvcmQiOiJZSnRAMTIzIyIsImlhdCI6MTcxOTYzODA4NCwiZXhwIjoxNzIwMjQyODg0fQ.qYdbugkS5tL9-klyuduyxmcVphceBXhEO_YZT4F6iKc","content-type":"application/json","content-length":"43"} - undefined
29-06-2024 10:50:27 info: [API REQUEST] /login - {"txt_username":"celebdigital","txt_password":"YJt@123#","request_id":"7124802219"} - {"host":"localhost:10017","accept":"*/*","accept-encoding":"deflate, gzip","content-type":"application/json","content-length":"107"} - undefined
29-06-2024 10:50:28 info: [API RESPONSE] {"response_code":1,"response_status":200,"response_msg":"Success","user_bearer_token":"Bearer eyJhbGciOiJIUzI1NiIsInR5cCI6IkpXVCJ9.eyJ1c2VybmFtZSI6ImNlbGViZGlnaXRhbCIsInVzZXJfcGFzc3dvcmQiOiJZSnRAMTIzIyIsImlhdCI6MTcxOTYzODQyNywiZXhwIjoxNzIwMjQzMjI3fQ.hZxXBVsby_GwuEzCffx9JcdWD3mvMrh6dqI035biPe4","user_id":1,"request_id":"7124802219"}
29-06-2024 10:50:28 info: [API REQUEST] /user/dashboard_change - {} - {"host":"localhost:10017","accept":"*/*","accept-encoding":"deflate, gzip","authorization":"Bearer eyJhbGciOiJIUzI1NiIsInR5cCI6IkpXVCJ9.eyJ1c2VybmFtZSI6ImNlbGViZGlnaXRhbCIsInVzZXJfcGFzc3dvcmQiOiJZSnRAMTIzIyIsImlhdCI6MTcxOTYzODQyNywiZXhwIjoxNzIwMjQzMjI3fQ.hZxXBVsby_GwuEzCffx9JcdWD3mvMrh6dqI035biPe4","content-type":"application/json"} - undefined
29-06-2024 10:50:28 info: [user_bearer_token] Bearer eyJhbGciOiJIUzI1NiIsInR5cCI6IkpXVCJ9.eyJ1c2VybmFtZSI6ImNlbGViZGlnaXRhbCIsInVzZXJfcGFzc3dvcmQiOiJZSnRAMTIzIyIsImlhdCI6MTcxOTYzODQyNywiZXhwIjoxNzIwMjQzMjI3fQ.hZxXBVsby_GwuEzCffx9JcdWD3mvMrh6dqI035biPe4
29-06-2024 10:50:49 info: [API REQUEST] /report/today_report - {} - {"host":"localhost:10017","accept":"*/*","accept-encoding":"deflate, gzip","authorization":"Bearer eyJhbGciOiJIUzI1NiIsInR5cCI6IkpXVCJ9.eyJ1c2VybmFtZSI6ImNlbGViZGlnaXRhbCIsInVzZXJfcGFzc3dvcmQiOiJZSnRAMTIzIyIsImlhdCI6MTcxOTYzODQyNywiZXhwIjoxNzIwMjQzMjI3fQ.hZxXBVsby_GwuEzCffx9JcdWD3mvMrh6dqI035biPe4","content-type":"application/json"} - undefined
29-06-2024 10:50:49 info: [user_bearer_token] Bearer eyJhbGciOiJIUzI1NiIsInR5cCI6IkpXVCJ9.eyJ1c2VybmFtZSI6ImNlbGViZGlnaXRhbCIsInVzZXJfcGFzc3dvcmQiOiJZSnRAMTIzIyIsImlhdCI6MTcxOTYzODQyNywiZXhwIjoxNzIwMjQzMjI3fQ.hZxXBVsby_GwuEzCffx9JcdWD3mvMrh6dqI035biPe4
29-06-2024 10:50:53 info: [API REQUEST] /report/today_report - {} - {"host":"localhost:10017","accept":"*/*","accept-encoding":"deflate, gzip","authorization":"Bearer eyJhbGciOiJIUzI1NiIsInR5cCI6IkpXVCJ9.eyJ1c2VybmFtZSI6ImNlbGViZGlnaXRhbCIsInVzZXJfcGFzc3dvcmQiOiJZSnRAMTIzIyIsImlhdCI6MTcxOTYzODQyNywiZXhwIjoxNzIwMjQzMjI3fQ.hZxXBVsby_GwuEzCffx9JcdWD3mvMrh6dqI035biPe4","content-type":"application/json"} - undefined
29-06-2024 10:50:53 info: [user_bearer_token] Bearer eyJhbGciOiJIUzI1NiIsInR5cCI6IkpXVCJ9.eyJ1c2VybmFtZSI6ImNlbGViZGlnaXRhbCIsInVzZXJfcGFzc3dvcmQiOiJZSnRAMTIzIyIsImlhdCI6MTcxOTYzODQyNywiZXhwIjoxNzIwMjQzMjI3fQ.hZxXBVsby_GwuEzCffx9JcdWD3mvMrh6dqI035biPe4
29-06-2024 10:50:56 info: [API REQUEST] /report/todaysummary_report - {} - {"host":"localhost:10017","accept":"*/*","accept-encoding":"deflate, gzip","authorization":"Bearer eyJhbGciOiJIUzI1NiIsInR5cCI6IkpXVCJ9.eyJ1c2VybmFtZSI6ImNlbGViZGlnaXRhbCIsInVzZXJfcGFzc3dvcmQiOiJZSnRAMTIzIyIsImlhdCI6MTcxOTYzODQyNywiZXhwIjoxNzIwMjQzMjI3fQ.hZxXBVsby_GwuEzCffx9JcdWD3mvMrh6dqI035biPe4","content-type":"application/json"} - undefined
29-06-2024 10:50:56 info: [user_bearer_token] Bearer eyJhbGciOiJIUzI1NiIsInR5cCI6IkpXVCJ9.eyJ1c2VybmFtZSI6ImNlbGViZGlnaXRhbCIsInVzZXJfcGFzc3dvcmQiOiJZSnRAMTIzIyIsImlhdCI6MTcxOTYzODQyNywiZXhwIjoxNzIwMjQzMjI3fQ.hZxXBVsby_GwuEzCffx9JcdWD3mvMrh6dqI035biPe4
29-06-2024 10:50:56 info: [API REQUEST] /logout - {"request_id":"1_2024180105056_4007"} - {"host":"localhost:10017","accept":"*/*","accept-encoding":"deflate, gzip","authorization":"Bearer eyJhbGciOiJIUzI1NiIsInR5cCI6IkpXVCJ9.eyJ1c2VybmFtZSI6ImNlbGViZGlnaXRhbCIsInVzZXJfcGFzc3dvcmQiOiJZSnRAMTIzIyIsImlhdCI6MTcxOTYzODQyNywiZXhwIjoxNzIwMjQzMjI3fQ.hZxXBVsby_GwuEzCffx9JcdWD3mvMrh6dqI035biPe4","content-type":"application/json","content-length":"43"} - undefined
29-06-2024 10:50:56 info: [API RESPONSE] {"response_code":1,"response_status":200,"response_msg":"Success","request_id":"1_2024180105056_4007"}
29-06-2024 10:51:08 info: [API REQUEST] /report/today_report - {} - {"host":"localhost:10017","accept":"*/*","accept-encoding":"deflate, gzip","authorization":"Bearer eyJhbGciOiJIUzI1NiIsInR5cCI6IkpXVCJ9.eyJ1c2VybmFtZSI6ImNlbGViZGlnaXRhbCIsInVzZXJfcGFzc3dvcmQiOiJZSnRAMTIzIyIsImlhdCI6MTcxOTYzODEwNSwiZXhwIjoxNzIwMjQyOTA1fQ.uJNm-ehYVmBmLxwB7rkpiGnECmfAKXia99cMBIIEibQ","content-type":"application/json"} - undefined
29-06-2024 10:51:08 info: [user_bearer_token] Bearer eyJhbGciOiJIUzI1NiIsInR5cCI6IkpXVCJ9.eyJ1c2VybmFtZSI6ImNlbGViZGlnaXRhbCIsInVzZXJfcGFzc3dvcmQiOiJZSnRAMTIzIyIsImlhdCI6MTcxOTYzODEwNSwiZXhwIjoxNzIwMjQyOTA1fQ.uJNm-ehYVmBmLxwB7rkpiGnECmfAKXia99cMBIIEibQ
29-06-2024 10:51:08 info: [API RESPONSE] {"response_code":0,"response_status":403,"response_msg":"Invalid Token"}
29-06-2024 10:51:08 info: [API REQUEST] /logout - {"request_id":"1_2024180105108_3815"} - {"host":"localhost:10017","accept":"*/*","accept-encoding":"deflate, gzip","authorization":"Bearer eyJhbGciOiJIUzI1NiIsInR5cCI6IkpXVCJ9.eyJ1c2VybmFtZSI6ImNlbGViZGlnaXRhbCIsInVzZXJfcGFzc3dvcmQiOiJZSnRAMTIzIyIsImlhdCI6MTcxOTYzODEwNSwiZXhwIjoxNzIwMjQyOTA1fQ.uJNm-ehYVmBmLxwB7rkpiGnECmfAKXia99cMBIIEibQ","content-type":"application/json","content-length":"43"} - undefined
29-06-2024 10:51:08 info: [API RESPONSE] {"response_code":0,"response_status":201,"response_msg":"Invalid Token","request_id":"1_2024180105108_3815"}
29-06-2024 10:51:21 info: [API REQUEST] /login - {"txt_username":"celebdigital","txt_password":"YJt@123#","request_id":"3944330913"} - {"host":"localhost:10017","accept":"*/*","accept-encoding":"deflate, gzip","content-type":"application/json","content-length":"107"} - undefined
29-06-2024 10:51:21 info: [API RESPONSE] {"response_code":1,"response_status":200,"response_msg":"Success","user_bearer_token":"Bearer eyJhbGciOiJIUzI1NiIsInR5cCI6IkpXVCJ9.eyJ1c2VybmFtZSI6ImNlbGViZGlnaXRhbCIsInVzZXJfcGFzc3dvcmQiOiJZSnRAMTIzIyIsImlhdCI6MTcxOTYzODQ4MSwiZXhwIjoxNzIwMjQzMjgxfQ.mHZIludL4S8dJjWqEGxAYmrZbOL71DVilUZrhJKgLV4","user_id":1,"request_id":"3944330913"}
29-06-2024 10:51:21 info: [API REQUEST] /user/dashboard_change - {} - {"host":"localhost:10017","accept":"*/*","accept-encoding":"deflate, gzip","authorization":"Bearer eyJhbGciOiJIUzI1NiIsInR5cCI6IkpXVCJ9.eyJ1c2VybmFtZSI6ImNlbGViZGlnaXRhbCIsInVzZXJfcGFzc3dvcmQiOiJZSnRAMTIzIyIsImlhdCI6MTcxOTYzODQ4MSwiZXhwIjoxNzIwMjQzMjgxfQ.mHZIludL4S8dJjWqEGxAYmrZbOL71DVilUZrhJKgLV4","content-type":"application/json"} - undefined
29-06-2024 10:51:21 info: [user_bearer_token] Bearer eyJhbGciOiJIUzI1NiIsInR5cCI6IkpXVCJ9.eyJ1c2VybmFtZSI6ImNlbGViZGlnaXRhbCIsInVzZXJfcGFzc3dvcmQiOiJZSnRAMTIzIyIsImlhdCI6MTcxOTYzODQ4MSwiZXhwIjoxNzIwMjQzMjgxfQ.mHZIludL4S8dJjWqEGxAYmrZbOL71DVilUZrhJKgLV4
29-06-2024 10:51:26 info: [API REQUEST] /report/today_report - {} - {"host":"localhost:10017","accept":"*/*","accept-encoding":"deflate, gzip","authorization":"Bearer eyJhbGciOiJIUzI1NiIsInR5cCI6IkpXVCJ9.eyJ1c2VybmFtZSI6ImNlbGViZGlnaXRhbCIsInVzZXJfcGFzc3dvcmQiOiJZSnRAMTIzIyIsImlhdCI6MTcxOTYzODQ4MSwiZXhwIjoxNzIwMjQzMjgxfQ.mHZIludL4S8dJjWqEGxAYmrZbOL71DVilUZrhJKgLV4","content-type":"application/json"} - undefined
29-06-2024 10:51:26 info: [user_bearer_token] Bearer eyJhbGciOiJIUzI1NiIsInR5cCI6IkpXVCJ9.eyJ1c2VybmFtZSI6ImNlbGViZGlnaXRhbCIsInVzZXJfcGFzc3dvcmQiOiJZSnRAMTIzIyIsImlhdCI6MTcxOTYzODQ4MSwiZXhwIjoxNzIwMjQzMjgxfQ.mHZIludL4S8dJjWqEGxAYmrZbOL71DVilUZrhJKgLV4
29-06-2024 10:51:28 info: [API REQUEST] /report/todaysummary_report - {} - {"host":"localhost:10017","accept":"*/*","accept-encoding":"deflate, gzip","authorization":"Bearer eyJhbGciOiJIUzI1NiIsInR5cCI6IkpXVCJ9.eyJ1c2VybmFtZSI6ImNlbGViZGlnaXRhbCIsInVzZXJfcGFzc3dvcmQiOiJZSnRAMTIzIyIsImlhdCI6MTcxOTYzODQ4MSwiZXhwIjoxNzIwMjQzMjgxfQ.mHZIludL4S8dJjWqEGxAYmrZbOL71DVilUZrhJKgLV4","content-type":"application/json"} - undefined
29-06-2024 10:51:28 info: [user_bearer_token] Bearer eyJhbGciOiJIUzI1NiIsInR5cCI6IkpXVCJ9.eyJ1c2VybmFtZSI6ImNlbGViZGlnaXRhbCIsInVzZXJfcGFzc3dvcmQiOiJZSnRAMTIzIyIsImlhdCI6MTcxOTYzODQ4MSwiZXhwIjoxNzIwMjQzMjgxfQ.mHZIludL4S8dJjWqEGxAYmrZbOL71DVilUZrhJKgLV4
29-06-2024 10:51:28 info: [API REQUEST] /logout - {"request_id":"1_2024180105128_2346"} - {"host":"localhost:10017","accept":"*/*","accept-encoding":"deflate, gzip","authorization":"Bearer eyJhbGciOiJIUzI1NiIsInR5cCI6IkpXVCJ9.eyJ1c2VybmFtZSI6ImNlbGViZGlnaXRhbCIsInVzZXJfcGFzc3dvcmQiOiJZSnRAMTIzIyIsImlhdCI6MTcxOTYzODQ4MSwiZXhwIjoxNzIwMjQzMjgxfQ.mHZIludL4S8dJjWqEGxAYmrZbOL71DVilUZrhJKgLV4","content-type":"application/json","content-length":"43"} - undefined
29-06-2024 10:51:29 info: [API RESPONSE] {"response_code":1,"response_status":200,"response_msg":"Success","request_id":"1_2024180105128_2346"}
29-06-2024 10:52:04 info: [API REQUEST] /login - {"txt_username":"celebdigital","txt_password":"YJt@123#","request_id":"8614861319"} - {"host":"localhost:10017","accept":"*/*","accept-encoding":"deflate, gzip","content-type":"application/json","content-length":"107"} - undefined
29-06-2024 10:52:04 info: [API RESPONSE] {"response_code":1,"response_status":200,"response_msg":"Success","user_bearer_token":"Bearer eyJhbGciOiJIUzI1NiIsInR5cCI6IkpXVCJ9.eyJ1c2VybmFtZSI6ImNlbGViZGlnaXRhbCIsInVzZXJfcGFzc3dvcmQiOiJZSnRAMTIzIyIsImlhdCI6MTcxOTYzODUyNCwiZXhwIjoxNzIwMjQzMzI0fQ.dOY0Sjkwb9vL0TlvkgME2pPFtFeC9C28tfTTL1MsgEc","user_id":1,"request_id":"8614861319"}
29-06-2024 10:52:04 info: [API REQUEST] /user/dashboard_change - {} - {"host":"localhost:10017","accept":"*/*","accept-encoding":"deflate, gzip","authorization":"Bearer eyJhbGciOiJIUzI1NiIsInR5cCI6IkpXVCJ9.eyJ1c2VybmFtZSI6ImNlbGViZGlnaXRhbCIsInVzZXJfcGFzc3dvcmQiOiJZSnRAMTIzIyIsImlhdCI6MTcxOTYzODUyNCwiZXhwIjoxNzIwMjQzMzI0fQ.dOY0Sjkwb9vL0TlvkgME2pPFtFeC9C28tfTTL1MsgEc","content-type":"application/json"} - undefined
29-06-2024 10:52:04 info: [user_bearer_token] Bearer eyJhbGciOiJIUzI1NiIsInR5cCI6IkpXVCJ9.eyJ1c2VybmFtZSI6ImNlbGViZGlnaXRhbCIsInVzZXJfcGFzc3dvcmQiOiJZSnRAMTIzIyIsImlhdCI6MTcxOTYzODUyNCwiZXhwIjoxNzIwMjQzMzI0fQ.dOY0Sjkwb9vL0TlvkgME2pPFtFeC9C28tfTTL1MsgEc
29-06-2024 10:52:08 info: [API REQUEST] /report/ltd_report - {} - {"host":"localhost:10017","accept":"*/*","accept-encoding":"deflate, gzip","authorization":"Bearer eyJhbGciOiJIUzI1NiIsInR5cCI6IkpXVCJ9.eyJ1c2VybmFtZSI6ImNlbGViZGlnaXRhbCIsInVzZXJfcGFzc3dvcmQiOiJZSnRAMTIzIyIsImlhdCI6MTcxOTYzODUyNCwiZXhwIjoxNzIwMjQzMzI0fQ.dOY0Sjkwb9vL0TlvkgME2pPFtFeC9C28tfTTL1MsgEc","content-type":"application/json"} - undefined
29-06-2024 10:52:08 info: [user_bearer_token] Bearer eyJhbGciOiJIUzI1NiIsInR5cCI6IkpXVCJ9.eyJ1c2VybmFtZSI6ImNlbGViZGlnaXRhbCIsInVzZXJfcGFzc3dvcmQiOiJZSnRAMTIzIyIsImlhdCI6MTcxOTYzODUyNCwiZXhwIjoxNzIwMjQzMzI0fQ.dOY0Sjkwb9vL0TlvkgME2pPFtFeC9C28tfTTL1MsgEc
29-06-2024 10:52:19 info: [API REQUEST] /report/userlist_report - {} - {"host":"localhost:10017","accept":"*/*","accept-encoding":"deflate, gzip","authorization":"Bearer eyJhbGciOiJIUzI1NiIsInR5cCI6IkpXVCJ9.eyJ1c2VybmFtZSI6ImNlbGViZGlnaXRhbCIsInVzZXJfcGFzc3dvcmQiOiJZSnRAMTIzIyIsImlhdCI6MTcxOTYzODUyNCwiZXhwIjoxNzIwMjQzMzI0fQ.dOY0Sjkwb9vL0TlvkgME2pPFtFeC9C28tfTTL1MsgEc","content-type":"application/json"} - undefined
29-06-2024 10:52:19 info: [user_bearer_token] Bearer eyJhbGciOiJIUzI1NiIsInR5cCI6IkpXVCJ9.eyJ1c2VybmFtZSI6ImNlbGViZGlnaXRhbCIsInVzZXJfcGFzc3dvcmQiOiJZSnRAMTIzIyIsImlhdCI6MTcxOTYzODUyNCwiZXhwIjoxNzIwMjQzMzI0fQ.dOY0Sjkwb9vL0TlvkgME2pPFtFeC9C28tfTTL1MsgEc
29-06-2024 10:52:21 info: [API REQUEST] /report/interest_list - {} - {"host":"localhost:10017","accept":"*/*","accept-encoding":"deflate, gzip","authorization":"Bearer eyJhbGciOiJIUzI1NiIsInR5cCI6IkpXVCJ9.eyJ1c2VybmFtZSI6ImNlbGViZGlnaXRhbCIsInVzZXJfcGFzc3dvcmQiOiJZSnRAMTIzIyIsImlhdCI6MTcxOTYzODUyNCwiZXhwIjoxNzIwMjQzMzI0fQ.dOY0Sjkwb9vL0TlvkgME2pPFtFeC9C28tfTTL1MsgEc","content-type":"application/json"} - undefined
29-06-2024 10:52:21 info: [user_bearer_token] Bearer eyJhbGciOiJIUzI1NiIsInR5cCI6IkpXVCJ9.eyJ1c2VybmFtZSI6ImNlbGViZGlnaXRhbCIsInVzZXJfcGFzc3dvcmQiOiJZSnRAMTIzIyIsImlhdCI6MTcxOTYzODUyNCwiZXhwIjoxNzIwMjQzMzI0fQ.dOY0Sjkwb9vL0TlvkgME2pPFtFeC9C28tfTTL1MsgEc
29-06-2024 10:52:26 info: [API REQUEST] /report/interest_list - {} - {"host":"localhost:10017","accept":"*/*","accept-encoding":"deflate, gzip","authorization":"Bearer eyJhbGciOiJIUzI1NiIsInR5cCI6IkpXVCJ9.eyJ1c2VybmFtZSI6ImNlbGViZGlnaXRhbCIsInVzZXJfcGFzc3dvcmQiOiJZSnRAMTIzIyIsImlhdCI6MTcxOTYzODUyNCwiZXhwIjoxNzIwMjQzMzI0fQ.dOY0Sjkwb9vL0TlvkgME2pPFtFeC9C28tfTTL1MsgEc","content-type":"application/json"} - undefined
29-06-2024 10:52:26 info: [user_bearer_token] Bearer eyJhbGciOiJIUzI1NiIsInR5cCI6IkpXVCJ9.eyJ1c2VybmFtZSI6ImNlbGViZGlnaXRhbCIsInVzZXJfcGFzc3dvcmQiOiJZSnRAMTIzIyIsImlhdCI6MTcxOTYzODUyNCwiZXhwIjoxNzIwMjQzMzI0fQ.dOY0Sjkwb9vL0TlvkgME2pPFtFeC9C28tfTTL1MsgEc
29-06-2024 10:52:32 info: [API REQUEST] /report/userlist_report - {} - {"host":"localhost:10017","accept":"*/*","accept-encoding":"deflate, gzip","authorization":"Bearer eyJhbGciOiJIUzI1NiIsInR5cCI6IkpXVCJ9.eyJ1c2VybmFtZSI6ImNlbGViZGlnaXRhbCIsInVzZXJfcGFzc3dvcmQiOiJZSnRAMTIzIyIsImlhdCI6MTcxOTYzODUyNCwiZXhwIjoxNzIwMjQzMzI0fQ.dOY0Sjkwb9vL0TlvkgME2pPFtFeC9C28tfTTL1MsgEc","content-type":"application/json"} - undefined
29-06-2024 10:52:32 info: [user_bearer_token] Bearer eyJhbGciOiJIUzI1NiIsInR5cCI6IkpXVCJ9.eyJ1c2VybmFtZSI6ImNlbGViZGlnaXRhbCIsInVzZXJfcGFzc3dvcmQiOiJZSnRAMTIzIyIsImlhdCI6MTcxOTYzODUyNCwiZXhwIjoxNzIwMjQzMzI0fQ.dOY0Sjkwb9vL0TlvkgME2pPFtFeC9C28tfTTL1MsgEc
29-06-2024 10:52:36 info: [API REQUEST] /report/todaysummary_report - {} - {"host":"localhost:10017","accept":"*/*","accept-encoding":"deflate, gzip","authorization":"Bearer eyJhbGciOiJIUzI1NiIsInR5cCI6IkpXVCJ9.eyJ1c2VybmFtZSI6ImNlbGViZGlnaXRhbCIsInVzZXJfcGFzc3dvcmQiOiJZSnRAMTIzIyIsImlhdCI6MTcxOTYzODUyNCwiZXhwIjoxNzIwMjQzMzI0fQ.dOY0Sjkwb9vL0TlvkgME2pPFtFeC9C28tfTTL1MsgEc","content-type":"application/json"} - undefined
29-06-2024 10:52:36 info: [user_bearer_token] Bearer eyJhbGciOiJIUzI1NiIsInR5cCI6IkpXVCJ9.eyJ1c2VybmFtZSI6ImNlbGViZGlnaXRhbCIsInVzZXJfcGFzc3dvcmQiOiJZSnRAMTIzIyIsImlhdCI6MTcxOTYzODUyNCwiZXhwIjoxNzIwMjQzMzI0fQ.dOY0Sjkwb9vL0TlvkgME2pPFtFeC9C28tfTTL1MsgEc
29-06-2024 10:52:36 info: [API REQUEST] /logout - {"request_id":"1_2024180105236_5527"} - {"host":"localhost:10017","accept":"*/*","accept-encoding":"deflate, gzip","authorization":"Bearer eyJhbGciOiJIUzI1NiIsInR5cCI6IkpXVCJ9.eyJ1c2VybmFtZSI6ImNlbGViZGlnaXRhbCIsInVzZXJfcGFzc3dvcmQiOiJZSnRAMTIzIyIsImlhdCI6MTcxOTYzODUyNCwiZXhwIjoxNzIwMjQzMzI0fQ.dOY0Sjkwb9vL0TlvkgME2pPFtFeC9C28tfTTL1MsgEc","content-type":"application/json","content-length":"43"} - undefined
29-06-2024 10:52:36 info: [API RESPONSE] {"response_code":1,"response_status":200,"response_msg":"Success","request_id":"1_2024180105236_5527"}
29-06-2024 11:14:34 info: [API REQUEST] /login - {"txt_username":"celebdigital","txt_password":"YJt@123#","request_id":"2273333607"} - {"host":"localhost:10017","accept":"*/*","accept-encoding":"deflate, gzip","content-type":"application/json","content-length":"107"} - undefined
29-06-2024 11:14:34 info: [API RESPONSE] {"response_code":1,"response_status":200,"response_msg":"Success","user_bearer_token":"Bearer eyJhbGciOiJIUzI1NiIsInR5cCI6IkpXVCJ9.eyJ1c2VybmFtZSI6ImNlbGViZGlnaXRhbCIsInVzZXJfcGFzc3dvcmQiOiJZSnRAMTIzIyIsImlhdCI6MTcxOTYzOTg3NCwiZXhwIjoxNzIwMjQ0Njc0fQ.D3cljdY93uzzhqQ6mEdOQWcqvwNZc7sbi3N2rRY1zKs","user_id":1,"request_id":"2273333607"}
29-06-2024 11:14:34 info: [API REQUEST] /user/dashboard_change - {} - {"host":"localhost:10017","accept":"*/*","accept-encoding":"deflate, gzip","authorization":"Bearer eyJhbGciOiJIUzI1NiIsInR5cCI6IkpXVCJ9.eyJ1c2VybmFtZSI6ImNlbGViZGlnaXRhbCIsInVzZXJfcGFzc3dvcmQiOiJZSnRAMTIzIyIsImlhdCI6MTcxOTYzOTg3NCwiZXhwIjoxNzIwMjQ0Njc0fQ.D3cljdY93uzzhqQ6mEdOQWcqvwNZc7sbi3N2rRY1zKs","content-type":"application/json"} - undefined
29-06-2024 11:14:34 info: [user_bearer_token] Bearer eyJhbGciOiJIUzI1NiIsInR5cCI6IkpXVCJ9.eyJ1c2VybmFtZSI6ImNlbGViZGlnaXRhbCIsInVzZXJfcGFzc3dvcmQiOiJZSnRAMTIzIyIsImlhdCI6MTcxOTYzOTg3NCwiZXhwIjoxNzIwMjQ0Njc0fQ.D3cljdY93uzzhqQ6mEdOQWcqvwNZc7sbi3N2rRY1zKs
29-06-2024 11:14:38 info: [API REQUEST] /report/todaysummary_report - {} - {"host":"localhost:10017","accept":"*/*","accept-encoding":"deflate, gzip","authorization":"Bearer eyJhbGciOiJIUzI1NiIsInR5cCI6IkpXVCJ9.eyJ1c2VybmFtZSI6ImNlbGViZGlnaXRhbCIsInVzZXJfcGFzc3dvcmQiOiJZSnRAMTIzIyIsImlhdCI6MTcxOTYzOTg3NCwiZXhwIjoxNzIwMjQ0Njc0fQ.D3cljdY93uzzhqQ6mEdOQWcqvwNZc7sbi3N2rRY1zKs","content-type":"application/json"} - undefined
29-06-2024 11:14:38 info: [user_bearer_token] Bearer eyJhbGciOiJIUzI1NiIsInR5cCI6IkpXVCJ9.eyJ1c2VybmFtZSI6ImNlbGViZGlnaXRhbCIsInVzZXJfcGFzc3dvcmQiOiJZSnRAMTIzIyIsImlhdCI6MTcxOTYzOTg3NCwiZXhwIjoxNzIwMjQ0Njc0fQ.D3cljdY93uzzhqQ6mEdOQWcqvwNZc7sbi3N2rRY1zKs
29-06-2024 11:14:38 info: [API REQUEST] /logout - {"request_id":"1_2024180111438_3033"} - {"host":"localhost:10017","accept":"*/*","accept-encoding":"deflate, gzip","authorization":"Bearer eyJhbGciOiJIUzI1NiIsInR5cCI6IkpXVCJ9.eyJ1c2VybmFtZSI6ImNlbGViZGlnaXRhbCIsInVzZXJfcGFzc3dvcmQiOiJZSnRAMTIzIyIsImlhdCI6MTcxOTYzOTg3NCwiZXhwIjoxNzIwMjQ0Njc0fQ.D3cljdY93uzzhqQ6mEdOQWcqvwNZc7sbi3N2rRY1zKs","content-type":"application/json","content-length":"43"} - undefined
29-06-2024 11:14:38 info: [API RESPONSE] {"response_code":1,"response_status":200,"response_msg":"Success","request_id":"1_2024180111438_3033"}
29-06-2024 11:16:10 info: [API REQUEST] /login - {"txt_username":"celebdigital","txt_password":"YJt@123#","request_id":"3208982636"} - {"host":"localhost:10017","accept":"*/*","accept-encoding":"deflate, gzip","content-type":"application/json","content-length":"107"} - undefined
29-06-2024 11:16:10 info: [API RESPONSE] {"response_code":1,"response_status":200,"response_msg":"Success","user_bearer_token":"Bearer eyJhbGciOiJIUzI1NiIsInR5cCI6IkpXVCJ9.eyJ1c2VybmFtZSI6ImNlbGViZGlnaXRhbCIsInVzZXJfcGFzc3dvcmQiOiJZSnRAMTIzIyIsImlhdCI6MTcxOTYzOTk3MCwiZXhwIjoxNzIwMjQ0NzcwfQ.ZTimkR5P0pu96W5qkYvDlOBeiRnElknmheF6R2LOS6w","user_id":1,"request_id":"3208982636"}
29-06-2024 11:16:10 info: [API REQUEST] /user/dashboard_change - {} - {"host":"localhost:10017","accept":"*/*","accept-encoding":"deflate, gzip","authorization":"Bearer eyJhbGciOiJIUzI1NiIsInR5cCI6IkpXVCJ9.eyJ1c2VybmFtZSI6ImNlbGViZGlnaXRhbCIsInVzZXJfcGFzc3dvcmQiOiJZSnRAMTIzIyIsImlhdCI6MTcxOTYzOTk3MCwiZXhwIjoxNzIwMjQ0NzcwfQ.ZTimkR5P0pu96W5qkYvDlOBeiRnElknmheF6R2LOS6w","content-type":"application/json"} - undefined
29-06-2024 11:16:10 info: [user_bearer_token] Bearer eyJhbGciOiJIUzI1NiIsInR5cCI6IkpXVCJ9.eyJ1c2VybmFtZSI6ImNlbGViZGlnaXRhbCIsInVzZXJfcGFzc3dvcmQiOiJZSnRAMTIzIyIsImlhdCI6MTcxOTYzOTk3MCwiZXhwIjoxNzIwMjQ0NzcwfQ.ZTimkR5P0pu96W5qkYvDlOBeiRnElknmheF6R2LOS6w
29-06-2024 11:16:14 info: [API REQUEST] /report/todaysummary_report - {} - {"host":"localhost:10017","accept":"*/*","accept-encoding":"deflate, gzip","authorization":"Bearer eyJhbGciOiJIUzI1NiIsInR5cCI6IkpXVCJ9.eyJ1c2VybmFtZSI6ImNlbGViZGlnaXRhbCIsInVzZXJfcGFzc3dvcmQiOiJZSnRAMTIzIyIsImlhdCI6MTcxOTYzOTk3MCwiZXhwIjoxNzIwMjQ0NzcwfQ.ZTimkR5P0pu96W5qkYvDlOBeiRnElknmheF6R2LOS6w","content-type":"application/json"} - undefined
29-06-2024 11:16:14 info: [user_bearer_token] Bearer eyJhbGciOiJIUzI1NiIsInR5cCI6IkpXVCJ9.eyJ1c2VybmFtZSI6ImNlbGViZGlnaXRhbCIsInVzZXJfcGFzc3dvcmQiOiJZSnRAMTIzIyIsImlhdCI6MTcxOTYzOTk3MCwiZXhwIjoxNzIwMjQ0NzcwfQ.ZTimkR5P0pu96W5qkYvDlOBeiRnElknmheF6R2LOS6w
29-06-2024 11:16:14 info: [API REQUEST] /logout - {"request_id":"1_2024180111614_1959"} - {"host":"localhost:10017","accept":"*/*","accept-encoding":"deflate, gzip","authorization":"Bearer eyJhbGciOiJIUzI1NiIsInR5cCI6IkpXVCJ9.eyJ1c2VybmFtZSI6ImNlbGViZGlnaXRhbCIsInVzZXJfcGFzc3dvcmQiOiJZSnRAMTIzIyIsImlhdCI6MTcxOTYzOTk3MCwiZXhwIjoxNzIwMjQ0NzcwfQ.ZTimkR5P0pu96W5qkYvDlOBeiRnElknmheF6R2LOS6w","content-type":"application/json","content-length":"43"} - undefined
29-06-2024 11:16:14 info: [API RESPONSE] {"response_code":1,"response_status":200,"response_msg":"Success","request_id":"1_2024180111614_1959"}
29-06-2024 15:52:35 info: [API REQUEST] /login - {"txt_username":"celebdigital","txt_password":"YJt@123#","request_id":"5444151678"} - {"host":"localhost:10017","accept":"*/*","accept-encoding":"deflate, gzip","content-type":"application/json","content-length":"107"} - undefined
29-06-2024 15:52:35 info: [API RESPONSE] {"response_code":1,"response_status":200,"response_msg":"Success","user_bearer_token":"Bearer eyJhbGciOiJIUzI1NiIsInR5cCI6IkpXVCJ9.eyJ1c2VybmFtZSI6ImNlbGViZGlnaXRhbCIsInVzZXJfcGFzc3dvcmQiOiJZSnRAMTIzIyIsImlhdCI6MTcxOTY1NjU1NSwiZXhwIjoxNzIwMjYxMzU1fQ.0AzRgh7c7jDjqrAyNzUUUBy7hmrcjPVSrLgc_9tRiZM","user_id":1,"request_id":"5444151678"}
29-06-2024 15:52:35 info: [API REQUEST] /user/dashboard_change - {} - {"host":"localhost:10017","accept":"*/*","accept-encoding":"deflate, gzip","authorization":"Bearer eyJhbGciOiJIUzI1NiIsInR5cCI6IkpXVCJ9.eyJ1c2VybmFtZSI6ImNlbGViZGlnaXRhbCIsInVzZXJfcGFzc3dvcmQiOiJZSnRAMTIzIyIsImlhdCI6MTcxOTY1NjU1NSwiZXhwIjoxNzIwMjYxMzU1fQ.0AzRgh7c7jDjqrAyNzUUUBy7hmrcjPVSrLgc_9tRiZM","content-type":"application/json"} - undefined
29-06-2024 15:52:35 info: [user_bearer_token] Bearer eyJhbGciOiJIUzI1NiIsInR5cCI6IkpXVCJ9.eyJ1c2VybmFtZSI6ImNlbGViZGlnaXRhbCIsInVzZXJfcGFzc3dvcmQiOiJZSnRAMTIzIyIsImlhdCI6MTcxOTY1NjU1NSwiZXhwIjoxNzIwMjYxMzU1fQ.0AzRgh7c7jDjqrAyNzUUUBy7hmrcjPVSrLgc_9tRiZM
29-06-2024 15:52:38 info: [API REQUEST] /report/todaysummary_report - {} - {"host":"localhost:10017","accept":"*/*","accept-encoding":"deflate, gzip","authorization":"Bearer eyJhbGciOiJIUzI1NiIsInR5cCI6IkpXVCJ9.eyJ1c2VybmFtZSI6ImNlbGViZGlnaXRhbCIsInVzZXJfcGFzc3dvcmQiOiJZSnRAMTIzIyIsImlhdCI6MTcxOTY1NjU1NSwiZXhwIjoxNzIwMjYxMzU1fQ.0AzRgh7c7jDjqrAyNzUUUBy7hmrcjPVSrLgc_9tRiZM","content-type":"application/json"} - undefined
29-06-2024 15:52:38 info: [user_bearer_token] Bearer eyJhbGciOiJIUzI1NiIsInR5cCI6IkpXVCJ9.eyJ1c2VybmFtZSI6ImNlbGViZGlnaXRhbCIsInVzZXJfcGFzc3dvcmQiOiJZSnRAMTIzIyIsImlhdCI6MTcxOTY1NjU1NSwiZXhwIjoxNzIwMjYxMzU1fQ.0AzRgh7c7jDjqrAyNzUUUBy7hmrcjPVSrLgc_9tRiZM
29-06-2024 15:52:38 info: [API REQUEST] /logout - {"request_id":"1_2024180155238_7131"} - {"host":"localhost:10017","accept":"*/*","accept-encoding":"deflate, gzip","authorization":"Bearer eyJhbGciOiJIUzI1NiIsInR5cCI6IkpXVCJ9.eyJ1c2VybmFtZSI6ImNlbGViZGlnaXRhbCIsInVzZXJfcGFzc3dvcmQiOiJZSnRAMTIzIyIsImlhdCI6MTcxOTY1NjU1NSwiZXhwIjoxNzIwMjYxMzU1fQ.0AzRgh7c7jDjqrAyNzUUUBy7hmrcjPVSrLgc_9tRiZM","content-type":"application/json","content-length":"43"} - undefined
29-06-2024 15:52:38 info: [API RESPONSE] {"response_code":1,"response_status":200,"response_msg":"Success","request_id":"1_2024180155238_7131"}
