29-01-2025 17:18:29 info: [API REQUEST] /login - {"txt_username":"celebdigital","txt_password":"YJt@123#","request_id":"3961106828"} - {"host":"localhost:10017","accept":"*/*","accept-encoding":"deflate, gzip, br","content-type":"application/json","content-length":"107"} - undefined
29-01-2025 17:18:29 info: [API RESPONSE] {"response_code":0,"response_status":201,"response_msg":"Invalid Password. Kindly try again with the valid details!","request_id":"3961106828"}
29-01-2025 17:19:51 info: [API REQUEST] /login - {"txt_username":"celebdigital","txt_password":"YJt@123#","request_id":"5541135248"} - {"host":"localhost:10017","accept":"*/*","accept-encoding":"deflate, gzip, br","content-type":"application/json","content-length":"107"} - undefined
29-01-2025 17:19:51 info: [API RESPONSE] {"response_code":0,"response_status":201,"response_msg":"Invalid Password. Kindly try again with the valid details!","request_id":"5541135248"}
29-01-2025 17:19:59 info: [API REQUEST] /login - {"txt_username":"celebdigital","txt_password":"YJt@123#","request_id":"3191213241"} - {"host":"localhost:10017","accept":"*/*","accept-encoding":"deflate, gzip, br","content-type":"application/json","content-length":"107"} - undefined
29-01-2025 17:19:59 info: [API RESPONSE] {"response_code":0,"response_status":201,"response_msg":"Invalid Password. Kindly try again with the valid details!","request_id":"3191213241"}
29-01-2025 17:20:21 info: [API REQUEST] /login - {"txt_username":"celebdigital","txt_password":"YJt@123#","request_id":"6594523431"} - {"host":"localhost:10017","accept":"*/*","accept-encoding":"deflate, gzip, br","content-type":"application/json","content-length":"107"} - undefined
29-01-2025 17:20:21 info: [API RESPONSE] {"response_code":0,"response_status":201,"response_msg":"Invalid Password. Kindly try again with the valid details!","request_id":"6594523431"}
29-01-2025 17:23:02 info: [API REQUEST] /login - {"txt_username":"celebdigital","txt_password":"Password@123","request_id":"3149125114"} - {"host":"localhost:10017","accept":"*/*","accept-encoding":"deflate, gzip, br","content-type":"application/json","content-length":"111"} - undefined
29-01-2025 17:23:02 info: [API RESPONSE] {"response_code":0,"response_status":201,"response_msg":"Invalid Password. Kindly try again with the valid details!","request_id":"3149125114"}
29-01-2025 17:23:32 info: [API REQUEST] /login - {"txt_username":"celebdigital","txt_password":"YJt@123#","request_id":"1880472265"} - {"host":"localhost:10017","accept":"*/*","accept-encoding":"deflate, gzip, br","content-type":"application/json","content-length":"107"} - undefined
29-01-2025 17:23:32 info: [API RESPONSE] {"response_code":0,"response_status":201,"response_msg":"Invalid Password. Kindly try again with the valid details!","request_id":"1880472265"}
29-01-2025 17:32:54 info: [API REQUEST] /login - {"txt_username":"celebdigital","txt_password":"YJt@123#","request_id":"4568514590"} - {"host":"localhost:10017","accept":"*/*","accept-encoding":"deflate, gzip, br","content-type":"application/json","content-length":"107"} - undefined
29-01-2025 17:32:54 info: [API RESPONSE] {"response_code":0,"response_status":201,"response_msg":"Invalid Password. Kindly try again with the valid details!","request_id":"4568514590"}
29-01-2025 17:35:38 info: [API REQUEST] /login - {"txt_username":"celebdigital","txt_password":"YJt@123#","request_id":"8419938951"} - {"host":"localhost:10017","accept":"*/*","accept-encoding":"deflate, gzip, br","content-type":"application/json","content-length":"107"} - undefined
29-01-2025 17:35:38 info: [API RESPONSE] {"response_code":1,"response_status":200,"response_msg":"Success","user_bearer_token":"Bearer eyJhbGciOiJIUzI1NiIsInR5cCI6IkpXVCJ9.eyJ1c2VybmFtZSI6ImNlbGViZGlnaXRhbCIsInVzZXJfcGFzc3dvcmQiOiJZSnRAMTIzIyIsImlhdCI6MTczODE1MjMzOCwiZXhwIjoxNzM4NzU3MTM4fQ.YOz2ZYEQGc8G77bYZ36bvW8gZPHvGH-CP2VsbcxvFTI","user_id":1,"request_id":"8419938951"}
29-01-2025 17:35:38 info: [API REQUEST] /user/dashboard_change - {} - {"host":"localhost:10017","accept":"*/*","accept-encoding":"deflate, gzip, br","authorization":"Bearer eyJhbGciOiJIUzI1NiIsInR5cCI6IkpXVCJ9.eyJ1c2VybmFtZSI6ImNlbGViZGlnaXRhbCIsInVzZXJfcGFzc3dvcmQiOiJZSnRAMTIzIyIsImlhdCI6MTczODE1MjMzOCwiZXhwIjoxNzM4NzU3MTM4fQ.YOz2ZYEQGc8G77bYZ36bvW8gZPHvGH-CP2VsbcxvFTI","content-type":"application/json"} - undefined
29-01-2025 17:35:38 info: [user_bearer_token] Bearer eyJhbGciOiJIUzI1NiIsInR5cCI6IkpXVCJ9.eyJ1c2VybmFtZSI6ImNlbGViZGlnaXRhbCIsInVzZXJfcGFzc3dvcmQiOiJZSnRAMTIzIyIsImlhdCI6MTczODE1MjMzOCwiZXhwIjoxNzM4NzU3MTM4fQ.YOz2ZYEQGc8G77bYZ36bvW8gZPHvGH-CP2VsbcxvFTI
29-01-2025 17:37:40 info: [API REQUEST] /user/dashboard_change - {} - {"host":"localhost:10017","accept":"*/*","accept-encoding":"deflate, gzip, br","authorization":"Bearer eyJhbGciOiJIUzI1NiIsInR5cCI6IkpXVCJ9.eyJ1c2VybmFtZSI6ImNlbGViZGlnaXRhbCIsInVzZXJfcGFzc3dvcmQiOiJZSnRAMTIzIyIsImlhdCI6MTczODE1MjMzOCwiZXhwIjoxNzM4NzU3MTM4fQ.YOz2ZYEQGc8G77bYZ36bvW8gZPHvGH-CP2VsbcxvFTI","content-type":"application/json"} - undefined
29-01-2025 17:37:40 info: [user_bearer_token] Bearer eyJhbGciOiJIUzI1NiIsInR5cCI6IkpXVCJ9.eyJ1c2VybmFtZSI6ImNlbGViZGlnaXRhbCIsInVzZXJfcGFzc3dvcmQiOiJZSnRAMTIzIyIsImlhdCI6MTczODE1MjMzOCwiZXhwIjoxNzM4NzU3MTM4fQ.YOz2ZYEQGc8G77bYZ36bvW8gZPHvGH-CP2VsbcxvFTI
29-01-2025 17:39:41 info: [API REQUEST] /user/dashboard_change - {} - {"host":"localhost:10017","accept":"*/*","accept-encoding":"deflate, gzip, br","authorization":"Bearer eyJhbGciOiJIUzI1NiIsInR5cCI6IkpXVCJ9.eyJ1c2VybmFtZSI6ImNlbGViZGlnaXRhbCIsInVzZXJfcGFzc3dvcmQiOiJZSnRAMTIzIyIsImlhdCI6MTczODE1MjMzOCwiZXhwIjoxNzM4NzU3MTM4fQ.YOz2ZYEQGc8G77bYZ36bvW8gZPHvGH-CP2VsbcxvFTI","content-type":"application/json"} - undefined
29-01-2025 17:39:41 info: [user_bearer_token] Bearer eyJhbGciOiJIUzI1NiIsInR5cCI6IkpXVCJ9.eyJ1c2VybmFtZSI6ImNlbGViZGlnaXRhbCIsInVzZXJfcGFzc3dvcmQiOiJZSnRAMTIzIyIsImlhdCI6MTczODE1MjMzOCwiZXhwIjoxNzM4NzU3MTM4fQ.YOz2ZYEQGc8G77bYZ36bvW8gZPHvGH-CP2VsbcxvFTI
29-01-2025 17:40:07 info: [API REQUEST] /login - {"txt_username":"celebdigital","txt_password":"YJt@123#","request_id":"7933985965"} - {"host":"localhost:10017","accept":"*/*","accept-encoding":"deflate, gzip, br","content-type":"application/json","content-length":"107"} - undefined
29-01-2025 17:40:07 info: [API RESPONSE] {"response_code":1,"response_status":200,"response_msg":"Success","user_bearer_token":"Bearer eyJhbGciOiJIUzI1NiIsInR5cCI6IkpXVCJ9.eyJ1c2VybmFtZSI6ImNlbGViZGlnaXRhbCIsInVzZXJfcGFzc3dvcmQiOiJZSnRAMTIzIyIsImlhdCI6MTczODE1MjYwNywiZXhwIjoxNzM4NzU3NDA3fQ.mSxSiyvSUSIk04Sx3rb2yGt0fXqRSmXi687_5fsRBl4","user_id":1,"request_id":"7933985965"}
29-01-2025 17:40:07 info: [API REQUEST] /user/dashboard_change - {} - {"host":"localhost:10017","accept":"*/*","accept-encoding":"deflate, gzip, br","authorization":"Bearer eyJhbGciOiJIUzI1NiIsInR5cCI6IkpXVCJ9.eyJ1c2VybmFtZSI6ImNlbGViZGlnaXRhbCIsInVzZXJfcGFzc3dvcmQiOiJZSnRAMTIzIyIsImlhdCI6MTczODE1MjYwNywiZXhwIjoxNzM4NzU3NDA3fQ.mSxSiyvSUSIk04Sx3rb2yGt0fXqRSmXi687_5fsRBl4","content-type":"application/json"} - undefined
29-01-2025 17:40:07 info: [user_bearer_token] Bearer eyJhbGciOiJIUzI1NiIsInR5cCI6IkpXVCJ9.eyJ1c2VybmFtZSI6ImNlbGViZGlnaXRhbCIsInVzZXJfcGFzc3dvcmQiOiJZSnRAMTIzIyIsImlhdCI6MTczODE1MjYwNywiZXhwIjoxNzM4NzU3NDA3fQ.mSxSiyvSUSIk04Sx3rb2yGt0fXqRSmXi687_5fsRBl4
29-01-2025 17:42:07 info: [API REQUEST] /user/dashboard_change - {} - {"host":"localhost:10017","accept":"*/*","accept-encoding":"deflate, gzip, br","authorization":"Bearer eyJhbGciOiJIUzI1NiIsInR5cCI6IkpXVCJ9.eyJ1c2VybmFtZSI6ImNlbGViZGlnaXRhbCIsInVzZXJfcGFzc3dvcmQiOiJZSnRAMTIzIyIsImlhdCI6MTczODE1MjYwNywiZXhwIjoxNzM4NzU3NDA3fQ.mSxSiyvSUSIk04Sx3rb2yGt0fXqRSmXi687_5fsRBl4","content-type":"application/json"} - undefined
29-01-2025 17:42:07 info: [user_bearer_token] Bearer eyJhbGciOiJIUzI1NiIsInR5cCI6IkpXVCJ9.eyJ1c2VybmFtZSI6ImNlbGViZGlnaXRhbCIsInVzZXJfcGFzc3dvcmQiOiJZSnRAMTIzIyIsImlhdCI6MTczODE1MjYwNywiZXhwIjoxNzM4NzU3NDA3fQ.mSxSiyvSUSIk04Sx3rb2yGt0fXqRSmXi687_5fsRBl4
29-01-2025 17:44:08 info: [API REQUEST] /user/dashboard_change - {} - {"host":"localhost:10017","accept":"*/*","accept-encoding":"deflate, gzip, br","authorization":"Bearer eyJhbGciOiJIUzI1NiIsInR5cCI6IkpXVCJ9.eyJ1c2VybmFtZSI6ImNlbGViZGlnaXRhbCIsInVzZXJfcGFzc3dvcmQiOiJZSnRAMTIzIyIsImlhdCI6MTczODE1MjYwNywiZXhwIjoxNzM4NzU3NDA3fQ.mSxSiyvSUSIk04Sx3rb2yGt0fXqRSmXi687_5fsRBl4","content-type":"application/json"} - undefined
29-01-2025 17:44:08 info: [user_bearer_token] Bearer eyJhbGciOiJIUzI1NiIsInR5cCI6IkpXVCJ9.eyJ1c2VybmFtZSI6ImNlbGViZGlnaXRhbCIsInVzZXJfcGFzc3dvcmQiOiJZSnRAMTIzIyIsImlhdCI6MTczODE1MjYwNywiZXhwIjoxNzM4NzU3NDA3fQ.mSxSiyvSUSIk04Sx3rb2yGt0fXqRSmXi687_5fsRBl4
29-01-2025 17:46:08 info: [API REQUEST] /user/dashboard_change - {} - {"host":"localhost:10017","accept":"*/*","accept-encoding":"deflate, gzip, br","authorization":"Bearer eyJhbGciOiJIUzI1NiIsInR5cCI6IkpXVCJ9.eyJ1c2VybmFtZSI6ImNlbGViZGlnaXRhbCIsInVzZXJfcGFzc3dvcmQiOiJZSnRAMTIzIyIsImlhdCI6MTczODE1MjYwNywiZXhwIjoxNzM4NzU3NDA3fQ.mSxSiyvSUSIk04Sx3rb2yGt0fXqRSmXi687_5fsRBl4","content-type":"application/json"} - undefined
29-01-2025 17:46:08 info: [user_bearer_token] Bearer eyJhbGciOiJIUzI1NiIsInR5cCI6IkpXVCJ9.eyJ1c2VybmFtZSI6ImNlbGViZGlnaXRhbCIsInVzZXJfcGFzc3dvcmQiOiJZSnRAMTIzIyIsImlhdCI6MTczODE1MjYwNywiZXhwIjoxNzM4NzU3NDA3fQ.mSxSiyvSUSIk04Sx3rb2yGt0fXqRSmXi687_5fsRBl4
29-01-2025 17:48:09 info: [API REQUEST] /user/dashboard_change - {} - {"host":"localhost:10017","accept":"*/*","accept-encoding":"deflate, gzip, br","authorization":"Bearer eyJhbGciOiJIUzI1NiIsInR5cCI6IkpXVCJ9.eyJ1c2VybmFtZSI6ImNlbGViZGlnaXRhbCIsInVzZXJfcGFzc3dvcmQiOiJZSnRAMTIzIyIsImlhdCI6MTczODE1MjYwNywiZXhwIjoxNzM4NzU3NDA3fQ.mSxSiyvSUSIk04Sx3rb2yGt0fXqRSmXi687_5fsRBl4","content-type":"application/json"} - undefined
29-01-2025 17:48:09 info: [user_bearer_token] Bearer eyJhbGciOiJIUzI1NiIsInR5cCI6IkpXVCJ9.eyJ1c2VybmFtZSI6ImNlbGViZGlnaXRhbCIsInVzZXJfcGFzc3dvcmQiOiJZSnRAMTIzIyIsImlhdCI6MTczODE1MjYwNywiZXhwIjoxNzM4NzU3NDA3fQ.mSxSiyvSUSIk04Sx3rb2yGt0fXqRSmXi687_5fsRBl4
29-01-2025 17:50:10 info: [API REQUEST] /user/dashboard_change - {} - {"host":"localhost:10017","accept":"*/*","accept-encoding":"deflate, gzip, br","authorization":"Bearer eyJhbGciOiJIUzI1NiIsInR5cCI6IkpXVCJ9.eyJ1c2VybmFtZSI6ImNlbGViZGlnaXRhbCIsInVzZXJfcGFzc3dvcmQiOiJZSnRAMTIzIyIsImlhdCI6MTczODE1MjYwNywiZXhwIjoxNzM4NzU3NDA3fQ.mSxSiyvSUSIk04Sx3rb2yGt0fXqRSmXi687_5fsRBl4","content-type":"application/json"} - undefined
29-01-2025 17:50:10 info: [user_bearer_token] Bearer eyJhbGciOiJIUzI1NiIsInR5cCI6IkpXVCJ9.eyJ1c2VybmFtZSI6ImNlbGViZGlnaXRhbCIsInVzZXJfcGFzc3dvcmQiOiJZSnRAMTIzIyIsImlhdCI6MTczODE1MjYwNywiZXhwIjoxNzM4NzU3NDA3fQ.mSxSiyvSUSIk04Sx3rb2yGt0fXqRSmXi687_5fsRBl4
