http://localhost/mms/ajax/call_functions.php : IP Address : ::1 ==> Index Page : Username => celebdigital trying to login on 2025-02-12 11:19:08
http://localhost/mms/ajax/call_functions.php : IP Address : ::1 ==> Loginpage :  Execute the service [{
    "txt_username" : "celebdigital",
    "txt_password" : "YJt@123#",
    "request_id" : "4067969938"
  }] on 2025-02-12 11:19:08
http://localhost/mms/ajax/call_functions.php : IP Address : ::1 ==> Index Page : Username => celebdigital trying to login on 2025-02-12 11:29:25
http://localhost/mms/ajax/call_functions.php : IP Address : ::1 ==> Loginpage :  Execute the service [{
    "txt_username" : "celebdigital",
    "txt_password" : "YJt@123#",
    "request_id" : "9648200811"
  }] on 2025-02-12 11:29:25
http://localhost/mms/ajax/call_functions.php : IP Address : ::1 ==> Index Page : Username => ded trying to login on 2025-02-12 13:32:24
http://localhost/mms/ajax/call_functions.php : IP Address : ::1 ==> Loginpage :  Execute the service [{
    "txt_username" : "ded",
    "txt_password" : "sdnkdededed",
    "request_id" : "3245845760"
  }] on 2025-02-12 13:32:24
http://localhost/mms/ajax/call_functions.php : IP Address : ::1 ==> Index Page : Username => celebdigital trying to login on 2025-02-12 14:42:22
http://localhost/mms/ajax/call_functions.php : IP Address : ::1 ==> Loginpage :  Execute the service [{
    "txt_username" : "celebdigital",
    "txt_password" : "YJt@123#",
    "request_id" : "8473885831"
  }] on 2025-02-12 14:42:22
http://localhost/mms/ajax/call_functions.php : IP Address : ::1 ==> Index Page : Username => celebdigital trying to login on 2025-02-12 14:47:20
http://localhost/mms/ajax/call_functions.php : IP Address : ::1 ==> Loginpage :  Execute the service [{
    "txt_username" : "celebdigital",
    "txt_password" : "YJt@123#",
    "request_id" : "4693422274"
  }] on 2025-02-12 14:47:20
http://localhost/mms/ajax/call_functions.php : IP Address : ::1 ==> Index Page : celebdigital logged in successfully on 2025-02-12 14:47:21
http://localhost/mms/user_register : IP Address : ::1 ==> User Registration Page : User :  access the page on 2025-02-12 14:47:25
http://localhost/mms/user_register : IP Address : ::1 ==> User Registration Page : User :  access the page on 2025-02-12 14:47:55
