Change Password Page : User :  access the page on 2024-06-18 09:32:06
Index Page : Username => celebdigital trying to login on 2024-06-18 09:48:06
Loginpage :  Execute the service [{
    "txt_username" : "celebdigital",
    "txt_password" : "YJt@123#",
    "request_id" : "7578871028"
  }] on 2024-06-18 09:48:06
Index Page : celebdigital logged in successfully on 2024-06-18 09:48:06
Dashboard Page : User :  access the page on 2024-06-18 09:48:06
Dashboard Page : User :  executed the Query (<!DOCTYPE html>
<html lang="en">
<head>
<meta charset="utf-8">
<title>Error</title>
</head>
<body>
<pre>Cannot POST /select_query</pre>
</body>
</html>
) on 2024-06-18 09:48:06
Dashboard Page : User :  executed the Query (<!DOCTYPE html>
<html lang="en">
<head>
<meta charset="utf-8">
<title>Error</title>
</head>
<body>
<pre>Cannot POST /select_query</pre>
</body>
</html>
) on 2024-06-18 09:48:06
Dashboard Page : User :  access the page on 2024-06-18 09:48:11
Dashboard Page : User :  executed the Query (<!DOCTYPE html>
<html lang="en">
<head>
<meta charset="utf-8">
<title>Error</title>
</head>
<body>
<pre>Cannot POST /select_query</pre>
</body>
</html>
) on 2024-06-18 09:48:11
Dashboard Page : User :  executed the Query (<!DOCTYPE html>
<html lang="en">
<head>
<meta charset="utf-8">
<title>Error</title>
</head>
<body>
<pre>Cannot POST /select_query</pre>
</body>
</html>
) on 2024-06-18 09:48:11
Dashboard Page : User :  access the page on 2024-06-18 09:48:13
Dashboard Page : User :  executed the Query (<!DOCTYPE html>
<html lang="en">
<head>
<meta charset="utf-8">
<title>Error</title>
</head>
<body>
<pre>Cannot POST /select_query</pre>
</body>
</html>
) on 2024-06-18 09:48:13
Dashboard Page : User :  executed the Query (<!DOCTYPE html>
<html lang="en">
<head>
<meta charset="utf-8">
<title>Error</title>
</head>
<body>
<pre>Cannot POST /select_query</pre>
</body>
</html>
) on 2024-06-18 09:48:13
Dashboard Page : User :  access the page on 2024-06-18 09:48:13
Dashboard Page : User :  executed the Query (<!DOCTYPE html>
<html lang="en">
<head>
<meta charset="utf-8">
<title>Error</title>
</head>
<body>
<pre>Cannot POST /select_query</pre>
</body>
</html>
) on 2024-06-18 09:48:13
Dashboard Page : User :  executed the Query (<!DOCTYPE html>
<html lang="en">
<head>
<meta charset="utf-8">
<title>Error</title>
</head>
<body>
<pre>Cannot POST /select_query</pre>
</body>
</html>
) on 2024-06-18 09:48:13
Index Page : Username => celebdigital trying to login on 2024-06-18 09:48:44
Loginpage :  Execute the service [{
    "txt_username" : "celebdigital",
    "txt_password" : "YJt@123#",
    "request_id" : "1116185743"
  }] on 2024-06-18 09:48:44
Index Page : celebdigital logged in successfully on 2024-06-18 09:48:44
Dashboard Page : User :  access the page on 2024-06-18 09:48:44
Dashboard Page : User :  executed the Query (<!DOCTYPE html>
<html lang="en">
<head>
<meta charset="utf-8">
<title>Error</title>
</head>
<body>
<pre>Cannot POST /select_query</pre>
</body>
</html>
) on 2024-06-18 09:48:44
Dashboard Page : User :  executed the Query (<!DOCTYPE html>
<html lang="en">
<head>
<meta charset="utf-8">
<title>Error</title>
</head>
<body>
<pre>Cannot POST /select_query</pre>
</body>
</html>
) on 2024-06-18 09:48:44
Dashboard Page : User :  access the page on 2024-06-18 09:48:57
Dashboard Page : User :  executed the Query (<!DOCTYPE html>
<html lang="en">
<head>
<meta charset="utf-8">
<title>Error</title>
</head>
<body>
<pre>Cannot POST /select_query</pre>
</body>
</html>
) on 2024-06-18 09:48:57
Dashboard Page : User :  executed the Query (<!DOCTYPE html>
<html lang="en">
<head>
<meta charset="utf-8">
<title>Error</title>
</head>
<body>
<pre>Cannot POST /select_query</pre>
</body>
</html>
) on 2024-06-18 09:48:57
Index Page : Username => celebdigital trying to login on 2024-06-18 09:49:41
Loginpage :  Execute the service [{
    "txt_username" : "celebdigital",
    "txt_password" : "YJt@123#",
    "request_id" : "4076936121"
  }] on 2024-06-18 09:49:41
Index Page : celebdigital logged in successfully on 2024-06-18 09:49:41
Dashboard Page : User :  access the page on 2024-06-18 09:49:41
Dashboard Page : User :  executed the Query (<!DOCTYPE html>
<html lang="en">
<head>
<meta charset="utf-8">
<title>Error</title>
</head>
<body>
<pre>Cannot POST /select_query</pre>
</body>
</html>
) on 2024-06-18 09:49:41
Dashboard Page : User :  executed the Query (<!DOCTYPE html>
<html lang="en">
<head>
<meta charset="utf-8">
<title>Error</title>
</head>
<body>
<pre>Cannot POST /select_query</pre>
</body>
</html>
) on 2024-06-18 09:49:41
Index Page : Username => celebdigital trying to login on 2024-06-18 09:50:04
Loginpage :  Execute the service [{
    "txt_username" : "celebdigital",
    "txt_password" : "YJt@123#",
    "request_id" : "7199633757"
  }] on 2024-06-18 09:50:04
Index Page : celebdigital logged in successfully on 2024-06-18 09:50:04
Dashboard Page : User :  access the page on 2024-06-18 09:50:04
Dashboard Page : User :  executed the Query (<!DOCTYPE html>
<html lang="en">
<head>
<meta charset="utf-8">
<title>Error</title>
</head>
<body>
<pre>Cannot POST /select_query</pre>
</body>
</html>
) on 2024-06-18 09:50:04
Dashboard Page : User :  executed the Query (<!DOCTYPE html>
<html lang="en">
<head>
<meta charset="utf-8">
<title>Error</title>
</head>
<body>
<pre>Cannot POST /select_query</pre>
</body>
</html>
) on 2024-06-18 09:50:04
Dashboard Page : User :  access the page on 2024-06-18 09:50:55
Dashboard Page : User :  executed the Query (<!DOCTYPE html>
<html lang="en">
<head>
<meta charset="utf-8">
<title>Error</title>
</head>
<body>
<pre>Cannot POST /select_query</pre>
</body>
</html>
) on 2024-06-18 09:50:55
Dashboard Page : User :  executed the Query (<!DOCTYPE html>
<html lang="en">
<head>
<meta charset="utf-8">
<title>Error</title>
</head>
<body>
<pre>Cannot POST /select_query</pre>
</body>
</html>
) on 2024-06-18 09:50:55
Dashboard Page : User :  access the page on 2024-06-18 09:50:56
Dashboard Page : User :  executed the Query (<!DOCTYPE html>
<html lang="en">
<head>
<meta charset="utf-8">
<title>Error</title>
</head>
<body>
<pre>Cannot POST /select_query</pre>
</body>
</html>
) on 2024-06-18 09:50:56
Dashboard Page : User :  executed the Query (<!DOCTYPE html>
<html lang="en">
<head>
<meta charset="utf-8">
<title>Error</title>
</head>
<body>
<pre>Cannot POST /select_query</pre>
</body>
</html>
) on 2024-06-18 09:50:56
Dashboard Page : User :  access the page on 2024-06-18 09:50:57
Dashboard Page : User :  executed the Query (<!DOCTYPE html>
<html lang="en">
<head>
<meta charset="utf-8">
<title>Error</title>
</head>
<body>
<pre>Cannot POST /select_query</pre>
</body>
</html>
) on 2024-06-18 09:50:57
Dashboard Page : User :  executed the Query (<!DOCTYPE html>
<html lang="en">
<head>
<meta charset="utf-8">
<title>Error</title>
</head>
<body>
<pre>Cannot POST /select_query</pre>
</body>
</html>
) on 2024-06-18 09:50:57
Index Page : Username => celebdigital trying to login on 2024-06-18 09:52:15
Loginpage :  Execute the service [{
    "txt_username" : "celebdigital",
    "txt_password" : "YJt@123#",
    "request_id" : "1604807451"
  }] on 2024-06-18 09:52:15
Index Page : celebdigital logged in successfully on 2024-06-18 09:52:15
Dashboard Page : User :  access the page on 2024-06-18 09:52:15
Dashboard Page : User :  executed the Query (<!DOCTYPE html>
<html lang="en">
<head>
<meta charset="utf-8">
<title>Error</title>
</head>
<body>
<pre>Cannot POST /select_query</pre>
</body>
</html>
) on 2024-06-18 09:52:15
Dashboard Page : User :  executed the Query (<!DOCTYPE html>
<html lang="en">
<head>
<meta charset="utf-8">
<title>Error</title>
</head>
<body>
<pre>Cannot POST /select_query</pre>
</body>
</html>
) on 2024-06-18 09:52:15
Index Page : Username => celebdigital trying to login on 2024-06-18 09:52:34
Loginpage :  Execute the service [{
    "txt_username" : "celebdigital",
    "txt_password" : "YJt@123#",
    "request_id" : "7189491445"
  }] on 2024-06-18 09:52:34
Index Page : celebdigital logged in successfully on 2024-06-18 09:52:34
Dashboard Page : User :  access the page on 2024-06-18 09:52:34
Dashboard Page : User :  executed the Query (<!DOCTYPE html>
<html lang="en">
<head>
<meta charset="utf-8">
<title>Error</title>
</head>
<body>
<pre>Cannot POST /select_query</pre>
</body>
</html>
) on 2024-06-18 09:52:34
Dashboard Page : User :  executed the Query (<!DOCTYPE html>
<html lang="en">
<head>
<meta charset="utf-8">
<title>Error</title>
</head>
<body>
<pre>Cannot POST /select_query</pre>
</body>
</html>
) on 2024-06-18 09:52:34
Dashboard Page : User :  access the page on 2024-06-18 09:53:21
Dashboard Page : User :  executed the Query (<!DOCTYPE html>
<html lang="en">
<head>
<meta charset="utf-8">
<title>Error</title>
</head>
<body>
<pre>Cannot POST /select_query</pre>
</body>
</html>
) on 2024-06-18 09:53:21
Dashboard Page : User :  executed the Query (<!DOCTYPE html>
<html lang="en">
<head>
<meta charset="utf-8">
<title>Error</title>
</head>
<body>
<pre>Cannot POST /select_query</pre>
</body>
</html>
) on 2024-06-18 09:53:21
Dashboard Page : User :  access the page on 2024-06-18 09:53:50
Dashboard Page : User :  executed the Query (<!DOCTYPE html>
<html lang="en">
<head>
<meta charset="utf-8">
<title>Error</title>
</head>
<body>
<pre>Cannot POST /select_query</pre>
</body>
</html>
) on 2024-06-18 09:53:50
Dashboard Page : User :  executed the Query (<!DOCTYPE html>
<html lang="en">
<head>
<meta charset="utf-8">
<title>Error</title>
</head>
<body>
<pre>Cannot POST /select_query</pre>
</body>
</html>
) on 2024-06-18 09:53:50
Index Page : Username => celebdigital trying to login on 2024-06-18 09:54:49
Loginpage :  Execute the service [{
    "txt_username" : "celebdigital",
    "txt_password" : "digital@123",
    "request_id" : "6572245847"
  }] on 2024-06-18 09:54:49
Index Page : celebdigital logged in failed [Invalid Password] on 2024-06-18 09:54:49
Index Page : Username => celebdigital trying to login on 2024-06-18 09:54:57
Loginpage :  Execute the service [{
    "txt_username" : "celebdigital",
    "txt_password" : "YJt@123#",
    "request_id" : "5996138121"
  }] on 2024-06-18 09:54:57
Index Page : celebdigital logged in successfully on 2024-06-18 09:54:57
Dashboard Page : User :  access the page on 2024-06-18 09:54:57
Dashboard Page : User :  executed the Query (<!DOCTYPE html>
<html lang="en">
<head>
<meta charset="utf-8">
<title>Error</title>
</head>
<body>
<pre>Cannot POST /select_query</pre>
</body>
</html>
) on 2024-06-18 09:54:57
Dashboard Page : User :  executed the Query (<!DOCTYPE html>
<html lang="en">
<head>
<meta charset="utf-8">
<title>Error</title>
</head>
<body>
<pre>Cannot POST /select_query</pre>
</body>
</html>
) on 2024-06-18 09:54:57
Dashboard Page : User :  access the page on 2024-06-18 09:56:06
Dashboard Page : User :  executed the Query (<!DOCTYPE html>
<html lang="en">
<head>
<meta charset="utf-8">
<title>Error</title>
</head>
<body>
<pre>Cannot POST /select_query</pre>
</body>
</html>
) on 2024-06-18 09:56:06
Dashboard Page : User :  executed the Query (<!DOCTYPE html>
<html lang="en">
<head>
<meta charset="utf-8">
<title>Error</title>
</head>
<body>
<pre>Cannot POST /select_query</pre>
</body>
</html>
) on 2024-06-18 09:56:06
Index Page : Username => celebdigital trying to login on 2024-06-18 09:58:25
Loginpage :  Execute the service [{
    "txt_username" : "celebdigital",
    "txt_password" : "YJt@123#",
    "request_id" : "5764347512"
  }] on 2024-06-18 09:58:25
Index Page : celebdigital logged in successfully on 2024-06-18 09:58:25
Dashboard Page : User :  access the page on 2024-06-18 09:58:25
Dashboard Page : User :  executed the Query (<!DOCTYPE html>
<html lang="en">
<head>
<meta charset="utf-8">
<title>Error</title>
</head>
<body>
<pre>Cannot POST /select_query</pre>
</body>
</html>
) on 2024-06-18 09:58:25
Dashboard Page : User :  executed the Query (<!DOCTYPE html>
<html lang="en">
<head>
<meta charset="utf-8">
<title>Error</title>
</head>
<body>
<pre>Cannot POST /select_query</pre>
</body>
</html>
) on 2024-06-18 09:58:25
Dashboard Page : User :  access the page on 2024-06-18 10:09:17
Dashboard Page : User :  executed the Query (<!DOCTYPE html>
<html lang="en">
<head>
<meta charset="utf-8">
<title>Error</title>
</head>
<body>
<pre>Cannot POST /select_query</pre>
</body>
</html>
) on 2024-06-18 10:09:17
Dashboard Page : User :  executed the Query (<!DOCTYPE html>
<html lang="en">
<head>
<meta charset="utf-8">
<title>Error</title>
</head>
<body>
<pre>Cannot POST /select_query</pre>
</body>
</html>
) on 2024-06-18 10:09:17
Index Page : Username => celebdigital trying to login on 2024-06-18 10:09:30
Loginpage :  Execute the service [{
    "txt_username" : "celebdigital",
    "txt_password" : "YJt@123#",
    "request_id" : "8756434149"
  }] on 2024-06-18 10:09:30
Index Page : celebdigital logged in successfully on 2024-06-18 10:09:30
Dashboard Page : User :  access the page on 2024-06-18 10:09:30
Dashboard Page : User :  executed the Query (<!DOCTYPE html>
<html lang="en">
<head>
<meta charset="utf-8">
<title>Error</title>
</head>
<body>
<pre>Cannot POST /select_query</pre>
</body>
</html>
) on 2024-06-18 10:09:30
Dashboard Page : User :  executed the Query (<!DOCTYPE html>
<html lang="en">
<head>
<meta charset="utf-8">
<title>Error</title>
</head>
<body>
<pre>Cannot POST /select_query</pre>
</body>
</html>
) on 2024-06-18 10:09:30
Change Password Page : User :  access the page on 2024-06-18 10:09:37
Logout Page : User : 'celebdigital' logged out successfully on 
Logout Page : All sessions destroyed successfully on 
Index Page : Username => celebdigital trying to login on 2024-06-18 10:15:38
Loginpage :  Execute the service [{
    "txt_username" : "celebdigital",
    "txt_password" : "YJt@123#",
    "request_id" : "1972326606"
  }] on 2024-06-18 10:15:38
Index Page : celebdigital logged in successfully on 2024-06-18 10:15:38
Dashboard Page : User :  access the page on 2024-06-18 10:15:38
Dashboard Page : User :  executed the Query (<!DOCTYPE html>
<html lang="en">
<head>
<meta charset="utf-8">
<title>Error</title>
</head>
<body>
<pre>Cannot POST /select_query</pre>
</body>
</html>
) on 2024-06-18 10:15:38
Dashboard Page : User :  executed the Query (<!DOCTYPE html>
<html lang="en">
<head>
<meta charset="utf-8">
<title>Error</title>
</head>
<body>
<pre>Cannot POST /select_query</pre>
</body>
</html>
) on 2024-06-18 10:15:38
Change Password Page : User :  access the page on 2024-06-18 10:15:48
Edit Profile - Change Password Page : User : celebdigital access the page on 2024-06-18 10:19:08
Edit Profile - Change Password Page : User : celebdigital executed the query (<!DOCTYPE html>
<html lang="en">
<head>
<meta charset="utf-8">
<title>Error</title>
</head>
<body>
<pre>Cannot POST /select_query</pre>
</body>
</html>
) on 2024-06-18 10:19:08
Edit Profile - Change Password Page : User : celebdigital Password Update failed [Invalid Existing Password] on 2024-06-18 10:19:08
Change Password Page : User :  access the page on 2024-06-18 10:19:09
Edit Profile - Change Password Page : User : celebdigital access the page on 2024-06-18 10:20:07
Edit Profile - Change Password Page : User : celebdigital executed the query (<!DOCTYPE html>
<html lang="en">
<head>
<meta charset="utf-8">
<title>Error</title>
</head>
<body>
<pre>Cannot POST /select_query</pre>
</body>
</html>
) on 2024-06-18 10:20:07
Edit Profile - Change Password Page : User : celebdigital Password Update failed [Invalid Existing Password] on 2024-06-18 10:20:07
Change Password Page : User :  access the page on 2024-06-18 10:20:07
Change Password Page : User :  access the page on 2024-06-18 10:48:56
Edit Profile - Change Password Page : User : celebdigital access the page on 2024-06-18 10:49:37
Change Password Page : User :  access the page on 2024-06-18 10:49:37
Change Password Page : User :  access the page on 2024-06-18 10:54:50
Edit Profile - Change Password Page : User : celebdigital access the page on 2024-06-18 10:55:40
Change Password Page : User :  access the page on 2024-06-18 10:55:40
Change Password Page : User :  access the page on 2024-06-18 10:56:51
Edit Profile - Change Password Page : User : celebdigital access the page on 2024-06-18 10:57:52
Change Password Page : User :  access the page on 2024-06-18 10:57:52
Change Password Page : User :  access the page on 2024-06-18 11:01:25
Change Password Page : User :  access the page on 2024-06-18 11:01:32
Change Password Page : User :  access the page on 2024-06-18 11:01:39
Change Password Page : User :  access the page on 2024-06-18 11:01:41
Change Password Page : User :  access the page on 2024-06-18 11:01:41
Change Password Page : User :  access the page on 2024-06-18 11:01:41
Change Password Page : User :  access the page on 2024-06-18 11:01:46
Change Password Page : User :  access the page on 2024-06-18 11:01:50
Change Password Page : User :  access the page on 2024-06-18 11:01:52
Change Password Page : User :  access the page on 2024-06-18 11:01:53
Change Password Page : User :  access the page on 2024-06-18 11:06:23
Change Password Page : User :  access the page on 2024-06-18 11:06:24
Change Password Page : User :  access the page on 2024-06-18 11:08:30
Edit Profile - Change Password Page : User : celebdigital access the page on 2024-06-18 11:09:25
Edit Profile - Change Password Page : User : celebdigital access the page on 2024-06-18 11:09:25
Edit Profile - Change Password Page : User : celebdigital access the page on 2024-06-18 11:09:25
Change Password Page : User :  access the page on 2024-06-18 11:09:25
Change Password Page : User :  access the page on 2024-06-18 11:15:10
Edit Profile - Change Password Page : User : celebdigital access the page on 2024-06-18 11:16:06
Change Password Page : User :  access the page on 2024-06-18 11:16:06
Change Password Page : User :  access the page on 2024-06-18 11:17:11
Edit Profile - Change Password Page : User : celebdigital access the page on 2024-06-18 11:21:59
Change Password Page : User :  access the page on 2024-06-18 11:21:59
Change Password Page : User :  access the page on 2024-06-18 11:26:54
Change Password Page : User :  access the page on 2024-06-18 11:26:55
Edit Profile - Change Password Page : User : celebdigital access the page on 2024-06-18 11:27:21
Change Password Page : User :  access the page on 2024-06-18 11:27:42
Edit Profile - Change Password Page : User : celebdigital access the page on 2024-06-18 11:28:41
Change Password Page : User :  access the page on 2024-06-18 11:30:08
Edit Profile - Change Password Page : User : celebdigital access the page on 2024-06-18 11:30:51
Change Password Page : User :  access the page on 2024-06-18 11:30:51
Change Password Page : User :  access the page on 2024-06-18 11:31:53
Edit Profile - Change Password Page : User : celebdigital access the page on 2024-06-18 11:32:31
Change Password Page : User :  access the page on 2024-06-18 11:32:31
Change Password Page : User :  access the page on 2024-06-18 11:33:16
Change Password Page : User :  access the page on 2024-06-18 11:34:06
Change Password Page : User :  access the page on 2024-06-18 11:36:01
Change Password Page : User :  access the page on 2024-06-18 11:36:01
Change Password Page : User :  access the page on 2024-06-18 11:36:01
Change Password Page : User :  access the page on 2024-06-18 11:36:02
Change Password Page : User :  access the page on 2024-06-18 11:36:02
Change Password Page : User :  access the page on 2024-06-18 11:36:02
Change Password Page : User :  access the page on 2024-06-18 11:36:07
Change Password Page : User :  access the page on 2024-06-18 11:36:11
Change Password Page : User :  access the page on 2024-06-18 11:36:12
Change Password Page : User :  access the page on 2024-06-18 11:36:12
Change Password Page : User :  access the page on 2024-06-18 11:36:13
Change Password Page : User :  access the page on 2024-06-18 11:36:13
Edit Profile - Change Password Page : User : celebdigital access the page on 2024-06-18 11:36:52
Change Password Page : User :  access the page on 2024-06-18 11:36:52
Change Password Page : User :  access the page on 2024-06-18 11:38:42
Edit Profile - Change Password Page : User : celebdigital access the page on 2024-06-18 11:39:26
Change Password Page : User :  access the page on 2024-06-18 11:39:33
Change Password Page : User :  access the page on 2024-06-18 11:39:36
Edit Profile - Change Password Page : User : celebdigital access the page on 2024-06-18 11:40:19
Change Password Page : User :  access the page on 2024-06-18 11:40:32
Edit Profile - Change Password Page : User : celebdigital access the page on 2024-06-18 11:41:04
Edit Profile - Change Password Page : User : celebdigital access the page on 2024-06-18 11:42:13
Change Password Page : User :  access the page on 2024-06-18 11:42:52
Edit Profile - Change Password Page : User : celebdigital access the page on 2024-06-18 11:43:15
Change Password Page : User :  access the page on 2024-06-18 11:45:52
Edit Profile - Change Password Page : User : celebdigital access the page on 2024-06-18 11:46:21
Change Password Page : User :  access the page on 2024-06-18 11:53:42
Edit Profile - Change Password Page : User : celebdigital access the page on 2024-06-18 11:54:36
Change Password Page : User :  access the page on 2024-06-18 11:59:29
Edit Profile - Change Password Page : User : celebdigital access the page on 2024-06-18 12:00:04
Change Password Page : User :  access the page on 2024-06-18 12:00:58
Edit Profile - Change Password Page : User : celebdigital access the page on 2024-06-18 12:01:21
Change Password Page : User :  access the page on 2024-06-18 12:03:27
Edit Profile - Change Password Page : User : celebdigital access the page on 2024-06-18 12:03:56
Change Password Page : User :  access the page on 2024-06-18 12:05:12
Edit Profile - Change Password Page : User : celebdigital access the page on 2024-06-18 12:05:32
Edit Profile - Change Password Page : User : celebdigital access the page on 2024-06-18 12:06:10
Edit Profile - Change Password Page : User : celebdigital access the page on 2024-06-18 12:06:30
Edit Profile - Change Password Page : User : celebdigital access the page on 2024-06-18 12:07:21
Edit Profile - Change Password Page : User : celebdigital access the page on 2024-06-18 12:09:02
Edit Profile - Change Password Page : User : celebdigital access the page on 2024-06-18 12:09:49
Edit Profile - Change Password Page : User : celebdigital access the page on 2024-06-18 12:12:00
Change Password Page : User :  access the page on 2024-06-18 12:13:23
Change Password Page : User :  access the page on 2024-06-18 12:22:30
Edit Profile - Change Password Page : User : celebdigital access the page on 2024-06-18 12:22:54
Change Password Page : User :  access the page on 2024-06-18 12:25:29
Change Password Page : User :  access the page on 2024-06-18 12:26:58
Change Password Page : User :  access the page on 2024-06-18 12:28:12
Dashboard Page : User :  access the page on 2024-06-18 12:28:28
Dashboard Page : User :  executed the Query (<!DOCTYPE html>
<html lang="en">
<head>
<meta charset="utf-8">
<title>Error</title>
</head>
<body>
<pre>Cannot POST /select_query</pre>
</body>
</html>
) on 2024-06-18 12:28:28
Dashboard Page : User :  executed the Query (<!DOCTYPE html>
<html lang="en">
<head>
<meta charset="utf-8">
<title>Error</title>
</head>
<body>
<pre>Cannot POST /select_query</pre>
</body>
</html>
) on 2024-06-18 12:28:28
Change Password Page : User :  access the page on 2024-06-18 12:31:17
Index Page : Username => celebdigital trying to login on 2024-06-18 12:46:11
Loginpage :  Execute the service [{
    "txt_username" : "celebdigital",
    "txt_password" : "YJt@123#",
    "request_id" : "6762625604"
  }] on 2024-06-18 12:46:11
Index Page : celebdigital logged in failed [Invalid Password] on 2024-06-18 12:46:11
Index Page : Username => celebdigital trying to login on 2024-06-18 12:46:47
Loginpage :  Execute the service [{
    "txt_username" : "celebdigital",
    "txt_password" : "YJt@123#",
    "request_id" : "1032108028"
  }] on 2024-06-18 12:46:47
Index Page : celebdigital logged in successfully on 2024-06-18 12:46:47
Dashboard Page : User :  access the page on 2024-06-18 12:46:47
Dashboard Page : User :  executed the Query (<!DOCTYPE html>
<html lang="en">
<head>
<meta charset="utf-8">
<title>Error</title>
</head>
<body>
<pre>Cannot POST /select_query</pre>
</body>
</html>
) on 2024-06-18 12:46:47
Dashboard Page : User :  executed the Query (<!DOCTYPE html>
<html lang="en">
<head>
<meta charset="utf-8">
<title>Error</title>
</head>
<body>
<pre>Cannot POST /select_query</pre>
</body>
</html>
) on 2024-06-18 12:46:47
Change Password Page : User :  access the page on 2024-06-18 12:46:59
Change Password Page : User :  access the page on 2024-06-18 12:47:43
Change Password Page : User :  access the page on 2024-06-18 12:51:45
Change Password Page : User :  access the page on 2024-06-18 12:55:37
Change Password Page : User :  access the page on 2024-06-18 12:57:42
Change Password Page : User :  access the page on 2024-06-18 13:04:02
Change Password Page : User :  access the page on 2024-06-18 13:04:23
Change Password Page : User :  access the page on 2024-06-18 13:14:34
Change Password Page : User :  access the page on 2024-06-18 13:15:42
Change Password Page : User :  access the page on 2024-06-18 13:16:29
Change Password Page : User :  access the page on 2024-06-18 13:19:52
Change Password Page : User :  access the page on 2024-06-18 13:22:20
Change Password Page : User :  access the page on 2024-06-18 13:26:18
Change Password Page : User :  access the page on 2024-06-18 13:29:14
Change Password Page : User :  access the page on 2024-06-18 13:31:57
Change Password Page : User :  access the page on 2024-06-18 13:32:21
Dashboard Page : User :  access the page on 2024-06-18 13:32:26
Dashboard Page : User :  executed the Query (<!DOCTYPE html>
<html lang="en">
<head>
<meta charset="utf-8">
<title>Error</title>
</head>
<body>
<pre>Cannot POST /select_query</pre>
</body>
</html>
) on 2024-06-18 13:32:26
Dashboard Page : User :  executed the Query (<!DOCTYPE html>
<html lang="en">
<head>
<meta charset="utf-8">
<title>Error</title>
</head>
<body>
<pre>Cannot POST /select_query</pre>
</body>
</html>
) on 2024-06-18 13:32:26
Change Password Page : User :  access the page on 2024-06-18 13:32:28
Real Time Hourly Report Page : User :  access the page on 2024-06-18 13:32:33
Real Time Hourly Summary Report Page : User :  access the page on 2024-06-18 13:32:42
Change Password Page : User :  access the page on 2024-06-18 13:34:18
Change Password Page : User :  access the page on 2024-06-18 14:27:11
Logout Page : User : 'celebdigital' logged out successfully on 
Logout Page : All sessions destroyed successfully on 
Index Page : Username => celebdigital trying to login on 2024-06-18 14:30:45
Loginpage :  Execute the service [{
    "txt_username" : "celebdigital",
    "txt_password" : "Yeejai@123",
    "request_id" : "4532879774"
  }] on 2024-06-18 14:30:45
Index Page : celebdigital logged in successfully on 2024-06-18 14:30:45
Dashboard Page : User :  access the page on 2024-06-18 14:30:45
Dashboard Page : User :  executed the Query (<!DOCTYPE html>
<html lang="en">
<head>
<meta charset="utf-8">
<title>Error</title>
</head>
<body>
<pre>Cannot POST /select_query</pre>
</body>
</html>
) on 2024-06-18 14:30:45
Dashboard Page : User :  executed the Query (<!DOCTYPE html>
<html lang="en">
<head>
<meta charset="utf-8">
<title>Error</title>
</head>
<body>
<pre>Cannot POST /select_query</pre>
</body>
</html>
) on 2024-06-18 14:30:45
Change Password Page : User :  access the page on 2024-06-18 14:30:57
Change Password Page : User :  access the page on 2024-06-18 14:39:49
Change Password Page : User :  access the page on 2024-06-18 14:40:37
Change Password Page : User :  access the page on 2024-06-18 14:40:55
Logout Page : User : 'celebdigital' logged out successfully on 
Logout Page : All sessions destroyed successfully on 
Change Password Page : User :  access the page on 2024-06-18 14:41:27
Index Page : Username => celebdigital trying to login on 2024-06-18 14:41:42
Loginpage :  Execute the service [{
    "txt_username" : "celebdigital",
    "txt_password" : "Yeejai@123",
    "request_id" : "3502542189"
  }] on 2024-06-18 14:41:42
Index Page : celebdigital logged in successfully on 2024-06-18 14:41:43
Dashboard Page : User :  access the page on 2024-06-18 14:41:43
Dashboard Page : User :  executed the Query (<!DOCTYPE html>
<html lang="en">
<head>
<meta charset="utf-8">
<title>Error</title>
</head>
<body>
<pre>Cannot POST /select_query</pre>
</body>
</html>
) on 2024-06-18 14:41:43
Dashboard Page : User :  executed the Query (<!DOCTYPE html>
<html lang="en">
<head>
<meta charset="utf-8">
<title>Error</title>
</head>
<body>
<pre>Cannot POST /select_query</pre>
</body>
</html>
) on 2024-06-18 14:41:43
Change Password Page : User :  access the page on 2024-06-18 14:43:36
Logout Page : User : 'celebdigital' logged out successfully on 
Logout Page : All sessions destroyed successfully on 
Change Password Page : User :  access the page on 2024-06-18 14:44:35
Change Password Page : User :  access the page on 2024-06-18 14:44:56
Index Page : Username => celebdigital trying to login on 2024-06-18 14:45:13
Loginpage :  Execute the service [{
    "txt_username" : "celebdigital",
    "txt_password" : "YJt@123#",
    "request_id" : "7814574808"
  }] on 2024-06-18 14:45:13
Index Page : celebdigital logged in successfully on 2024-06-18 14:45:13
Dashboard Page : User :  access the page on 2024-06-18 14:45:13
Dashboard Page : User :  executed the Query (<!DOCTYPE html>
<html lang="en">
<head>
<meta charset="utf-8">
<title>Error</title>
</head>
<body>
<pre>Cannot POST /select_query</pre>
</body>
</html>
) on 2024-06-18 14:45:13
Dashboard Page : User :  executed the Query (<!DOCTYPE html>
<html lang="en">
<head>
<meta charset="utf-8">
<title>Error</title>
</head>
<body>
<pre>Cannot POST /select_query</pre>
</body>
</html>
) on 2024-06-18 14:45:13
Change Password Page : User :  access the page on 2024-06-18 14:45:19
Logout Page : User : 'celebdigital' logged out successfully on 
Logout Page : All sessions destroyed successfully on 
Index Page : Username => celebdigital trying to login on 2024-06-18 14:46:09
Loginpage :  Execute the service [{
    "txt_username" : "celebdigital",
    "txt_password" : "Yeejai@123",
    "request_id" : "3620723398"
  }] on 2024-06-18 14:46:09
Index Page : celebdigital logged in successfully on 2024-06-18 14:46:09
Dashboard Page : User :  access the page on 2024-06-18 14:46:09
Dashboard Page : User :  executed the Query (<!DOCTYPE html>
<html lang="en">
<head>
<meta charset="utf-8">
<title>Error</title>
</head>
<body>
<pre>Cannot POST /select_query</pre>
</body>
</html>
) on 2024-06-18 14:46:09
Dashboard Page : User :  executed the Query (<!DOCTYPE html>
<html lang="en">
<head>
<meta charset="utf-8">
<title>Error</title>
</head>
<body>
<pre>Cannot POST /select_query</pre>
</body>
</html>
) on 2024-06-18 14:46:09
Change Password Page : User :  access the page on 2024-06-18 14:46:16
Change Password Page : User :  access the page on 2024-06-18 14:52:56
Change Password Page : User :  access the page on 2024-06-18 15:02:30
Change Password Page : User :  access the page on 2024-06-18 15:03:54
Change Password Page : User :  access the page on 2024-06-18 15:04:52
Change Password Page : User :  access the page on 2024-06-18 15:05:34
Change Password Page : User :  access the page on 2024-06-18 15:06:10
Change Password Page : User :  access the page on 2024-06-18 15:09:19
Change Password Page : User :  access the page on 2024-06-18 15:15:33
Change Password Page : User :  access the page on 2024-06-18 15:22:13
Change Password Page : User :  access the page on 2024-06-18 15:23:49
Change Password Page : User :  access the page on 2024-06-18 15:25:27
Change Password Page : User :  access the page on 2024-06-18 15:26:02
Logout Page : User : 'celebdigital' logged out successfully on 
Logout Page : All sessions destroyed successfully on 
Index Page : Username => celebdigital trying to login on 2024-06-18 15:26:38
Loginpage :  Execute the service [{
    "txt_username" : "celebdigital",
    "txt_password" : "Yeejai@123#",
    "request_id" : "6379720823"
  }] on 2024-06-18 15:26:38
Index Page : celebdigital logged in successfully on 2024-06-18 15:26:39
Dashboard Page : User :  access the page on 2024-06-18 15:26:39
Dashboard Page : User :  executed the Query (<!DOCTYPE html>
<html lang="en">
<head>
<meta charset="utf-8">
<title>Error</title>
</head>
<body>
<pre>Cannot POST /select_query</pre>
</body>
</html>
) on 2024-06-18 15:26:39
Dashboard Page : User :  executed the Query (<!DOCTYPE html>
<html lang="en">
<head>
<meta charset="utf-8">
<title>Error</title>
</head>
<body>
<pre>Cannot POST /select_query</pre>
</body>
</html>
) on 2024-06-18 15:26:39
Change Password Page : User :  access the page on 2024-06-18 15:26:44
Change Password Page : User :  access the page on 2024-06-18 15:28:49
Change Password Page : User :  access the page on 2024-06-18 15:31:06
Change Password Page : User :  access the page on 2024-06-18 15:31:29
Change Password Page : User :  access the page on 2024-06-18 15:31:43
Change Password Page : User :  access the page on 2024-06-18 15:33:33
Change Password Page : User :  access the page on 2024-06-18 15:48:05
Change Password Page : User :  access the page on 2024-06-18 15:48:07
Logout Page : User : 'celebdigital' logged out successfully on 
Logout Page : All sessions destroyed successfully on 
Index Page : Username => celebdigital trying to login on 2024-06-18 15:48:30
Loginpage :  Execute the service [{
    "txt_username" : "celebdigital",
    "txt_password" : "YJt@123#",
    "request_id" : "9568369019"
  }] on 2024-06-18 15:48:30
Index Page : celebdigital logged in failed [Invalid Password] on 2024-06-18 15:48:30
Index Page : Username => celebdigital trying to login on 2024-06-18 15:48:39
Loginpage :  Execute the service [{
    "txt_username" : "celebdigital",
    "txt_password" : "Yeejai@123",
    "request_id" : "7130540190"
  }] on 2024-06-18 15:48:39
Index Page : celebdigital logged in failed [Invalid Password] on 2024-06-18 15:48:39
Index Page : Username => celebdigital trying to login on 2024-06-18 15:49:11
Loginpage :  Execute the service [{
    "txt_username" : "celebdigital",
    "txt_password" : "YJt@123#",
    "request_id" : "6017837937"
  }] on 2024-06-18 15:49:11
Index Page : celebdigital logged in successfully on 2024-06-18 15:49:11
Dashboard Page : User :  access the page on 2024-06-18 15:49:11
Dashboard Page : User :  executed the Query (<!DOCTYPE html>
<html lang="en">
<head>
<meta charset="utf-8">
<title>Error</title>
</head>
<body>
<pre>Cannot POST /select_query</pre>
</body>
</html>
) on 2024-06-18 15:49:11
Dashboard Page : User :  executed the Query (<!DOCTYPE html>
<html lang="en">
<head>
<meta charset="utf-8">
<title>Error</title>
</head>
<body>
<pre>Cannot POST /select_query</pre>
</body>
</html>
) on 2024-06-18 15:49:11
Change Password Page : User :  access the page on 2024-06-18 15:55:56
Change Password Page : User :  access the page on 2024-06-18 15:58:36
Logout Page : User : 'celebdigital' logged out successfully on 
Logout Page : All sessions destroyed successfully on 
Index Page : Username => celebdigital trying to login on 2024-06-18 16:02:57
Loginpage :  Execute the service [{
    "txt_username" : "celebdigital",
    "txt_password" : "YJt@123#",
    "request_id" : "3421876420"
  }] on 2024-06-18 16:02:57
Index Page : celebdigital logged in successfully on 2024-06-18 16:02:57
Dashboard Page : User :  access the page on 2024-06-18 16:02:57
Dashboard Page : User :  executed the Query (<!DOCTYPE html>
<html lang="en">
<head>
<meta charset="utf-8">
<title>Error</title>
</head>
<body>
<pre>Cannot POST /select_query</pre>
</body>
</html>
) on 2024-06-18 16:02:57
Dashboard Page : User :  executed the Query (<!DOCTYPE html>
<html lang="en">
<head>
<meta charset="utf-8">
<title>Error</title>
</head>
<body>
<pre>Cannot POST /select_query</pre>
</body>
</html>
) on 2024-06-18 16:02:57
Change Password Page : User :  access the page on 2024-06-18 16:03:04
Logout Page : User : 'celebdigital' logged out successfully on 
Logout Page : All sessions destroyed successfully on 
Index Page : Username => celebdigital trying to login on 2024-06-18 16:12:30
Loginpage :  Execute the service [{
    "txt_username" : "celebdigital",
    "txt_password" : "YJt@123#",
    "request_id" : "6197634512"
  }] on 2024-06-18 16:12:30
Index Page : celebdigital logged in successfully on 2024-06-18 16:12:30
Dashboard Page : User :  access the page on 2024-06-18 16:12:30
Dashboard Page : User :  executed the Query (<!DOCTYPE html>
<html lang="en">
<head>
<meta charset="utf-8">
<title>Error</title>
</head>
<body>
<pre>Cannot POST /select_query</pre>
</body>
</html>
) on 2024-06-18 16:12:30
Dashboard Page : User :  executed the Query (<!DOCTYPE html>
<html lang="en">
<head>
<meta charset="utf-8">
<title>Error</title>
</head>
<body>
<pre>Cannot POST /select_query</pre>
</body>
</html>
) on 2024-06-18 16:12:30
User Registration Page : User :  access the page on 2024-06-18 16:19:02
Mobile OTP - OTP Check Page : User : celebdigital access the page on 2024-06-18 16:20:00
User Registration Page : User :  access the page on 2024-06-18 16:20:12
User Registration Page : User :  access the page on 2024-06-18 16:48:43
Logout Page : User : 'celebdigital' logged out successfully on 
Logout Page : All sessions destroyed successfully on 
Index Page : Username => celebdigital trying to login on 2024-06-18 17:13:09
Loginpage :  Execute the service [{
    "txt_username" : "celebdigital",
    "txt_password" : "YJt@123#",
    "request_id" : "8863337466"
  }] on 2024-06-18 17:13:09
Index Page : celebdigital logged in failed [Invalid Password] on 2024-06-18 17:13:09
Index Page : Username => celebdigital trying to login on 2024-06-18 17:13:41
Loginpage :  Execute the service [{
    "txt_username" : "celebdigital",
    "txt_password" : "YJt@123#",
    "request_id" : "9044123159"
  }] on 2024-06-18 17:13:41
Index Page : celebdigital logged in successfully on 2024-06-18 17:13:41
Dashboard Page : User :  access the page on 2024-06-18 17:13:41
Dashboard Page : User :  executed the Query (<!DOCTYPE html>
<html lang="en">
<head>
<meta charset="utf-8">
<title>Error</title>
</head>
<body>
<pre>Cannot POST /select_query</pre>
</body>
</html>
) on 2024-06-18 17:13:41
Dashboard Page : User :  executed the Query (<!DOCTYPE html>
<html lang="en">
<head>
<meta charset="utf-8">
<title>Error</title>
</head>
<body>
<pre>Cannot POST /select_query</pre>
</body>
</html>
) on 2024-06-18 17:13:41
Dashboard Page : User :  access the page on 2024-06-18 17:16:40
Dashboard Page : User :  executed the Query (<!DOCTYPE html>
<html lang="en">
<head>
<meta charset="utf-8">
<title>Error</title>
</head>
<body>
<pre>Cannot POST /select_query</pre>
</body>
</html>
) on 2024-06-18 17:16:40
Dashboard Page : User :  executed the Query (<!DOCTYPE html>
<html lang="en">
<head>
<meta charset="utf-8">
<title>Error</title>
</head>
<body>
<pre>Cannot POST /select_query</pre>
</body>
</html>
) on 2024-06-18 17:16:40
Change Password Page : User :  access the page on 2024-06-18 17:16:52
Dashboard Page : User :  access the page on 2024-06-18 17:16:58
Dashboard Page : User :  executed the Query (<!DOCTYPE html>
<html lang="en">
<head>
<meta charset="utf-8">
<title>Error</title>
</head>
<body>
<pre>Cannot POST /select_query</pre>
</body>
</html>
) on 2024-06-18 17:16:58
Dashboard Page : User :  executed the Query (<!DOCTYPE html>
<html lang="en">
<head>
<meta charset="utf-8">
<title>Error</title>
</head>
<body>
<pre>Cannot POST /select_query</pre>
</body>
</html>
) on 2024-06-18 17:16:58
Change Password Page : User :  access the page on 2024-06-18 17:17:02
User Registration Page : User :  access the page on 2024-06-18 17:17:17
User List Page : User :  access the page on 2024-06-18 17:17:29
Dashboard Page : User :  access the page on 2024-06-18 17:17:33
Dashboard Page : User :  executed the Query (<!DOCTYPE html>
<html lang="en">
<head>
<meta charset="utf-8">
<title>Error</title>
</head>
<body>
<pre>Cannot POST /select_query</pre>
</body>
</html>
) on 2024-06-18 17:17:33
Dashboard Page : User :  executed the Query (<!DOCTYPE html>
<html lang="en">
<head>
<meta charset="utf-8">
<title>Error</title>
</head>
<body>
<pre>Cannot POST /select_query</pre>
</body>
</html>
) on 2024-06-18 17:17:33
Dashboard Page : User :  access the page on 2024-06-18 17:24:16
Dashboard Page : User :  executed the Query (<!DOCTYPE html>
<html lang="en">
<head>
<meta charset="utf-8">
<title>Error</title>
</head>
<body>
<pre>Cannot POST /select_query</pre>
</body>
</html>
) on 2024-06-18 17:24:16
Dashboard Page : User :  executed the Query (<!DOCTYPE html>
<html lang="en">
<head>
<meta charset="utf-8">
<title>Error</title>
</head>
<body>
<pre>Cannot POST /select_query</pre>
</body>
</html>
) on 2024-06-18 17:24:16
Dashboard Page : User :  access the page on 2024-06-18 17:24:25
Dashboard Page : User :  executed the Query (<!DOCTYPE html>
<html lang="en">
<head>
<meta charset="utf-8">
<title>Error</title>
</head>
<body>
<pre>Cannot POST /select_query</pre>
</body>
</html>
) on 2024-06-18 17:24:25
Dashboard Page : User :  executed the Query (<!DOCTYPE html>
<html lang="en">
<head>
<meta charset="utf-8">
<title>Error</title>
</head>
<body>
<pre>Cannot POST /select_query</pre>
</body>
</html>
) on 2024-06-18 17:24:25
User List Page : User :  access the page on 2024-06-18 17:24:26
Dashboard Page : User :  access the page on 2024-06-18 17:24:29
Dashboard Page : User :  executed the Query (<!DOCTYPE html>
<html lang="en">
<head>
<meta charset="utf-8">
<title>Error</title>
</head>
<body>
<pre>Cannot POST /select_query</pre>
</body>
</html>
) on 2024-06-18 17:24:29
Dashboard Page : User :  executed the Query (<!DOCTYPE html>
<html lang="en">
<head>
<meta charset="utf-8">
<title>Error</title>
</head>
<body>
<pre>Cannot POST /select_query</pre>
</body>
</html>
) on 2024-06-18 17:24:29
Dashboard Page : User :  access the page on 2024-06-18 17:24:31
Dashboard Page : User :  executed the Query (<!DOCTYPE html>
<html lang="en">
<head>
<meta charset="utf-8">
<title>Error</title>
</head>
<body>
<pre>Cannot POST /select_query</pre>
</body>
</html>
) on 2024-06-18 17:24:31
Dashboard Page : User :  executed the Query (<!DOCTYPE html>
<html lang="en">
<head>
<meta charset="utf-8">
<title>Error</title>
</head>
<body>
<pre>Cannot POST /select_query</pre>
</body>
</html>
) on 2024-06-18 17:24:31
Dashboard Page : User :  access the page on 2024-06-18 17:25:04
Dashboard Page : User :  executed the Query (<!DOCTYPE html>
<html lang="en">
<head>
<meta charset="utf-8">
<title>Error</title>
</head>
<body>
<pre>Cannot POST /select_query</pre>
</body>
</html>
) on 2024-06-18 17:25:04
Dashboard Page : User :  executed the Query (<!DOCTYPE html>
<html lang="en">
<head>
<meta charset="utf-8">
<title>Error</title>
</head>
<body>
<pre>Cannot POST /select_query</pre>
</body>
</html>
) on 2024-06-18 17:25:04
Dashboard Page : User :  access the page on 2024-06-18 17:27:06
Dashboard Page : User :  executed the Query (<!DOCTYPE html>
<html lang="en">
<head>
<meta charset="utf-8">
<title>Error</title>
</head>
<body>
<pre>Cannot POST /select_query</pre>
</body>
</html>
) on 2024-06-18 17:27:06
Dashboard Page : User :  executed the Query (<!DOCTYPE html>
<html lang="en">
<head>
<meta charset="utf-8">
<title>Error</title>
</head>
<body>
<pre>Cannot POST /select_query</pre>
</body>
</html>
) on 2024-06-18 17:27:06
Change Password Page : User :  access the page on 2024-06-18 17:30:53
Dashboard Page : User :  access the page on 2024-06-18 17:31:04
Dashboard Page : User :  executed the Query (<!DOCTYPE html>
<html lang="en">
<head>
<meta charset="utf-8">
<title>Error</title>
</head>
<body>
<pre>Cannot POST /select_query</pre>
</body>
</html>
) on 2024-06-18 17:31:04
Dashboard Page : User :  executed the Query (<!DOCTYPE html>
<html lang="en">
<head>
<meta charset="utf-8">
<title>Error</title>
</head>
<body>
<pre>Cannot POST /select_query</pre>
</body>
</html>
) on 2024-06-18 17:31:04
Change Password Page : User :  access the page on 2024-06-18 17:31:07
Dashboard Page : User :  access the page on 2024-06-18 17:31:16
Dashboard Page : User :  executed the Query (<!DOCTYPE html>
<html lang="en">
<head>
<meta charset="utf-8">
<title>Error</title>
</head>
<body>
<pre>Cannot POST /select_query</pre>
</body>
</html>
) on 2024-06-18 17:31:16
Dashboard Page : User :  executed the Query (<!DOCTYPE html>
<html lang="en">
<head>
<meta charset="utf-8">
<title>Error</title>
</head>
<body>
<pre>Cannot POST /select_query</pre>
</body>
</html>
) on 2024-06-18 17:31:16
Dashboard Page : User :  access the page on 2024-06-18 17:33:17
Dashboard Page : User :  executed the Query (<!DOCTYPE html>
<html lang="en">
<head>
<meta charset="utf-8">
<title>Error</title>
</head>
<body>
<pre>Cannot POST /select_query</pre>
</body>
</html>
) on 2024-06-18 17:33:17
Dashboard Page : User :  executed the Query (<!DOCTYPE html>
<html lang="en">
<head>
<meta charset="utf-8">
<title>Error</title>
</head>
<body>
<pre>Cannot POST /select_query</pre>
</body>
</html>
) on 2024-06-18 17:33:17
User Registration Page : User :  access the page on 2024-06-18 17:34:52
Dashboard Page : User :  access the page on 2024-06-18 17:35:14
Dashboard Page : User :  executed the Query (<!DOCTYPE html>
<html lang="en">
<head>
<meta charset="utf-8">
<title>Error</title>
</head>
<body>
<pre>Cannot POST /select_query</pre>
</body>
</html>
) on 2024-06-18 17:35:14
Dashboard Page : User :  executed the Query (<!DOCTYPE html>
<html lang="en">
<head>
<meta charset="utf-8">
<title>Error</title>
</head>
<body>
<pre>Cannot POST /select_query</pre>
</body>
</html>
) on 2024-06-18 17:35:14
User Registration Page : User :  access the page on 2024-06-18 17:35:29
Change Password Page : User :  access the page on 2024-06-18 17:39:42
Logout Page : User : 'celebdigital' logged out successfully on 
Logout Page : All sessions destroyed successfully on 
Index Page : Username => celebdigital trying to login on 2024-06-18 17:45:12
Loginpage :  Execute the service [{
    "txt_username" : "celebdigital",
    "txt_password" : "Yeejai@123",
    "request_id" : "3937174344"
  }] on 2024-06-18 17:45:12
Index Page : celebdigital logged in successfully on 2024-06-18 17:45:12
Dashboard Page : User :  access the page on 2024-06-18 17:45:12
Dashboard Page : User :  executed the Query (<!DOCTYPE html>
<html lang="en">
<head>
<meta charset="utf-8">
<title>Error</title>
</head>
<body>
<pre>Cannot POST /select_query</pre>
</body>
</html>
) on 2024-06-18 17:45:12
Dashboard Page : User :  executed the Query (<!DOCTYPE html>
<html lang="en">
<head>
<meta charset="utf-8">
<title>Error</title>
</head>
<body>
<pre>Cannot POST /select_query</pre>
</body>
</html>
) on 2024-06-18 17:45:12
Change Password Page : User :  access the page on 2024-06-18 17:45:17
Change Password Page : User :  access the page on 2024-06-18 17:48:51
Change Password Page : User :  access the page on 2024-06-18 17:55:20
Change Password Page : User :  access the page on 2024-06-18 17:58:04
Change Password Page : User :  access the page on 2024-06-18 17:59:15
Change Password Page : User :  access the page on 2024-06-18 18:01:20
Change Password Page : User :  access the page on 2024-06-18 18:02:45
Change Password Page : User :  access the page on 2024-06-18 18:02:46
Logout Page : User : 'celebdigital' logged out successfully on 
Logout Page : All sessions destroyed successfully on 
Index Page : Username => celebdigital trying to login on 2024-06-18 18:03:58
Loginpage :  Execute the service [{
    "txt_username" : "celebdigital",
    "txt_password" : "Yeejai@123#",
    "request_id" : "4252290492"
  }] on 2024-06-18 18:03:58
Index Page : celebdigital logged in failed [Invalid Password] on 2024-06-18 18:03:58
Index Page : Username => celebdigital trying to login on 2024-06-18 18:04:09
Loginpage :  Execute the service [{
    "txt_username" : "celebdigital",
    "txt_password" : "YJt@123#",
    "request_id" : "3753130926"
  }] on 2024-06-18 18:04:09
Index Page : celebdigital logged in successfully on 2024-06-18 18:04:09
Dashboard Page : User :  access the page on 2024-06-18 18:04:09
Dashboard Page : User :  executed the Query (<!DOCTYPE html>
<html lang="en">
<head>
<meta charset="utf-8">
<title>Error</title>
</head>
<body>
<pre>Cannot POST /select_query</pre>
</body>
</html>
) on 2024-06-18 18:04:09
Dashboard Page : User :  executed the Query (<!DOCTYPE html>
<html lang="en">
<head>
<meta charset="utf-8">
<title>Error</title>
</head>
<body>
<pre>Cannot POST /select_query</pre>
</body>
</html>
) on 2024-06-18 18:04:09
Change Password Page : User :  access the page on 2024-06-18 18:04:16
Change Password Page : User :  access the page on 2024-06-18 18:05:01
Change Password Page : User :  access the page on 2024-06-18 18:10:13
Change Password Page : User :  access the page on 2024-06-18 18:11:32
Logout Page : User : 'celebdigital' logged out successfully on 
Logout Page : All sessions destroyed successfully on 
Index Page : Username => celebdigital trying to login on 2024-06-18 18:12:13
Loginpage :  Execute the service [{
    "txt_username" : "celebdigital",
    "txt_password" : "Yeejai@123",
    "request_id" : "1810210074"
  }] on 2024-06-18 18:12:13
Index Page : celebdigital logged in successfully on 2024-06-18 18:12:13
Dashboard Page : User :  access the page on 2024-06-18 18:12:14
Dashboard Page : User :  executed the Query (<!DOCTYPE html>
<html lang="en">
<head>
<meta charset="utf-8">
<title>Error</title>
</head>
<body>
<pre>Cannot POST /select_query</pre>
</body>
</html>
) on 2024-06-18 18:12:14
Dashboard Page : User :  executed the Query (<!DOCTYPE html>
<html lang="en">
<head>
<meta charset="utf-8">
<title>Error</title>
</head>
<body>
<pre>Cannot POST /select_query</pre>
</body>
</html>
) on 2024-06-18 18:12:14
Change Password Page : User :  access the page on 2024-06-18 18:12:20
Change Password Page : User :  access the page on 2024-06-18 18:13:32
Change Password Page : User :  access the page on 2024-06-18 18:14:23
Change Password Page : User :  access the page on 2024-06-18 18:16:45
Change Password Page : User :  access the page on 2024-06-18 18:20:04
Logout Page : User : 'celebdigital' logged out successfully on 
Logout Page : All sessions destroyed successfully on 
Index Page : Username => celebdigital trying to login on 2024-06-18 18:21:12
Loginpage :  Execute the service [{
    "txt_username" : "celebdigital",
    "txt_password" : "YJt@123#",
    "request_id" : "1842615490"
  }] on 2024-06-18 18:21:12
Index Page : celebdigital logged in successfully on 2024-06-18 18:21:12
Dashboard Page : User :  access the page on 2024-06-18 18:21:12
Dashboard Page : User :  executed the Query (<!DOCTYPE html>
<html lang="en">
<head>
<meta charset="utf-8">
<title>Error</title>
</head>
<body>
<pre>Cannot POST /select_query</pre>
</body>
</html>
) on 2024-06-18 18:21:12
Dashboard Page : User :  executed the Query (<!DOCTYPE html>
<html lang="en">
<head>
<meta charset="utf-8">
<title>Error</title>
</head>
<body>
<pre>Cannot POST /select_query</pre>
</body>
</html>
) on 2024-06-18 18:21:12
Change Password Page : User :  access the page on 2024-06-18 18:21:17
Logout Page : User : 'celebdigital' logged out successfully on 
Logout Page : All sessions destroyed successfully on 
Index Page : Username => celebdigital trying to login on 2024-06-18 18:25:06
Loginpage :  Execute the service [{
    "txt_username" : "celebdigital",
    "txt_password" : "YJt@123#",
    "request_id" : "4226273192"
  }] on 2024-06-18 18:25:06
Index Page : celebdigital logged in successfully on 2024-06-18 18:25:06
Dashboard Page : User :  access the page on 2024-06-18 18:25:06
Dashboard Page : User :  executed the Query (<!DOCTYPE html>
<html lang="en">
<head>
<meta charset="utf-8">
<title>Error</title>
</head>
<body>
<pre>Cannot POST /select_query</pre>
</body>
</html>
) on 2024-06-18 18:25:06
Dashboard Page : User :  executed the Query (<!DOCTYPE html>
<html lang="en">
<head>
<meta charset="utf-8">
<title>Error</title>
</head>
<body>
<pre>Cannot POST /select_query</pre>
</body>
</html>
) on 2024-06-18 18:25:06
Change Password Page : User :  access the page on 2024-06-18 18:25:11
Change Password Page : User :  access the page on 2024-06-18 18:27:58
Change Password Page : User :  access the page on 2024-06-18 18:50:08
Change Password Page : User :  access the page on 2024-06-18 18:52:02
Logout Page : User : 'celebdigital' logged out successfully on 
Logout Page : All sessions destroyed successfully on 
Index Page : Username => celebdigital trying to login on 2024-06-18 18:54:34
Loginpage :  Execute the service [{
    "txt_username" : "celebdigital",
    "txt_password" : "YJt@123#",
    "request_id" : "7546074962"
  }] on 2024-06-18 18:54:34
Index Page : celebdigital logged in successfully on 2024-06-18 18:54:34
Dashboard Page : User :  access the page on 2024-06-18 18:54:34
Dashboard Page : User :  executed the Query (<!DOCTYPE html>
<html lang="en">
<head>
<meta charset="utf-8">
<title>Error</title>
</head>
<body>
<pre>Cannot POST /select_query</pre>
</body>
</html>
) on 2024-06-18 18:54:34
Dashboard Page : User :  executed the Query (<!DOCTYPE html>
<html lang="en">
<head>
<meta charset="utf-8">
<title>Error</title>
</head>
<body>
<pre>Cannot POST /select_query</pre>
</body>
</html>
) on 2024-06-18 18:54:34
Change Password Page : User :  access the page on 2024-06-18 18:54:41
Change Password Page : User :  access the page on 2024-06-18 18:58:31
Change Password Page : User :  access the page on 2024-06-18 19:05:16
Dashboard Page : User :  access the page on 2024-06-18 19:05:24
Dashboard Page : User :  executed the Query (<!DOCTYPE html>
<html lang="en">
<head>
<meta charset="utf-8">
<title>Error</title>
</head>
<body>
<pre>Cannot POST /select_query</pre>
</body>
</html>
) on 2024-06-18 19:05:24
Dashboard Page : User :  executed the Query (<!DOCTYPE html>
<html lang="en">
<head>
<meta charset="utf-8">
<title>Error</title>
</head>
<body>
<pre>Cannot POST /select_query</pre>
</body>
</html>
) on 2024-06-18 19:05:24
Change Password Page : User :  access the page on 2024-06-18 19:05:25
Dashboard Page : User :  access the page on 2024-06-18 19:06:05
Dashboard Page : User :  executed the Query (<!DOCTYPE html>
<html lang="en">
<head>
<meta charset="utf-8">
<title>Error</title>
</head>
<body>
<pre>Cannot POST /select_query</pre>
</body>
</html>
) on 2024-06-18 19:06:05
Dashboard Page : User :  executed the Query (<!DOCTYPE html>
<html lang="en">
<head>
<meta charset="utf-8">
<title>Error</title>
</head>
<body>
<pre>Cannot POST /select_query</pre>
</body>
</html>
) on 2024-06-18 19:06:05
Dashboard Page : User :  access the page on 2024-06-18 19:07:54
Dashboard Page : User :  executed the Query () on 2024-06-18 19:07:54
Dashboard Page : User :  executed the Query (<!DOCTYPE html>
<html lang="en">
<head>
<meta charset="utf-8">
<title>Error</title>
</head>
<body>
<pre>Cannot POST /http://localhost:10017/user/dashboard_change</pre>
</body>
</html>
) on 2024-06-18 19:07:54
Dashboard Page : User :  access the page on 2024-06-18 19:07:55
Dashboard Page : User :  executed the Query () on 2024-06-18 19:07:55
Dashboard Page : User :  executed the Query (<!DOCTYPE html>
<html lang="en">
<head>
<meta charset="utf-8">
<title>Error</title>
</head>
<body>
<pre>Cannot POST /http://localhost:10017/user/dashboard_change</pre>
</body>
</html>
) on 2024-06-18 19:07:55
Dashboard Page : User :  access the page on 2024-06-18 19:08:04
Dashboard Page : User :  executed the Query () on 2024-06-18 19:08:04
Dashboard Page : User :  executed the Query (<!DOCTYPE html>
<html lang="en">
<head>
<meta charset="utf-8">
<title>Error</title>
</head>
<body>
<pre>Cannot POST /http://localhost:10017/user/dashboard_change</pre>
</body>
</html>
) on 2024-06-18 19:08:04
Dashboard Page : User :  access the page on 2024-06-18 19:09:51
Dashboard Page : User :  executed the Query ({"response_code":0,"response_status":201,"response_msg":"Error occurred","data":["\"query\" is not allowed"]}) on 2024-06-18 19:09:51
Dashboard Page : User :  executed the Query ({"response_code":0,"response_status":201,"response_msg":"Error occurred","data":["\"query\" is not allowed"]}) on 2024-06-18 19:09:51
Dashboard Page : User :  access the page on 2024-06-18 19:12:15
Dashboard Page : User :  access the page on 2024-06-18 19:16:13
Dashboard Page : User :  access the page on 2024-06-18 19:16:46
Dashboard Page : User :  access the page on 2024-06-18 19:16:56
Dashboard Page : User :  access the page on 2024-06-18 19:17:09
Dashboard Page : User :  access the page on 2024-06-18 19:17:25
Dashboard Page : User :  access the page on 2024-06-18 19:17:40
Dashboard Page : User :  executed the Query ({"response_code":1,"response_status":200,"response_msg":"Success","data":{"report":[{"cnt_visitor_id":0,"cnt_visitor":0,"cnt_male":0,"cnt_unique_male":0,"cnt_female":0,"cnt_unique_female":0,"cnt_others":0,"cnt_unique_others":0,"cnt_kids":0,"cnt_adult":0,"cnt_registration":0}],"graph":[]}}) on 2024-06-18 19:17:40
Dashboard Page : User :  executed the Query ({"response_code":0,"response_status":403,"response_msg":"Token is required"}) on 2024-06-18 19:17:40
Dashboard Page : User :  access the page on 2024-06-18 19:17:43
Dashboard Page : User :  executed the Query ({"response_code":1,"response_status":200,"response_msg":"Success","data":{"report":[{"cnt_visitor_id":0,"cnt_visitor":0,"cnt_male":0,"cnt_unique_male":0,"cnt_female":0,"cnt_unique_female":0,"cnt_others":0,"cnt_unique_others":0,"cnt_kids":0,"cnt_adult":0,"cnt_registration":0}],"graph":[]}}) on 2024-06-18 19:17:43
Dashboard Page : User :  executed the Query ({"response_code":0,"response_status":403,"response_msg":"Token is required"}) on 2024-06-18 19:17:43
Dashboard Page : User :  access the page on 2024-06-18 19:17:54
Dashboard Page : User :  executed the Query ({"response_code":1,"response_status":200,"response_msg":"Success","data":{"report":[{"cnt_visitor_id":0,"cnt_visitor":0,"cnt_male":0,"cnt_unique_male":0,"cnt_female":0,"cnt_unique_female":0,"cnt_others":0,"cnt_unique_others":0,"cnt_kids":0,"cnt_adult":0,"cnt_registration":0}],"graph":[]}}) on 2024-06-18 19:17:54
Dashboard Page : User :  executed the Query ({"response_code":0,"response_status":403,"response_msg":"Token is required"}) on 2024-06-18 19:17:54
Dashboard Page : User :  access the page on 2024-06-18 19:18:03
Dashboard Page : User :  executed the Query ({"response_code":1,"response_status":200,"response_msg":"Success","data":{"report":[{"cnt_visitor_id":0,"cnt_visitor":0,"cnt_male":0,"cnt_unique_male":0,"cnt_female":0,"cnt_unique_female":0,"cnt_others":0,"cnt_unique_others":0,"cnt_kids":0,"cnt_adult":0,"cnt_registration":0}],"graph":[]}}) on 2024-06-18 19:18:03
Dashboard Page : User :  executed the Query ({"response_code":0,"response_status":403,"response_msg":"Token is required"}) on 2024-06-18 19:18:03
Dashboard Page : User :  access the page on 2024-06-18 19:18:20
Dashboard Page : User :  executed the Query ({"response_code":1,"response_status":200,"response_msg":"Success","data":{"report":[{"cnt_visitor_id":0,"cnt_visitor":0,"cnt_male":0,"cnt_unique_male":0,"cnt_female":0,"cnt_unique_female":0,"cnt_others":0,"cnt_unique_others":0,"cnt_kids":0,"cnt_adult":0,"cnt_registration":0}],"graph":[]}}) on 2024-06-18 19:18:20
Dashboard Page : User :  executed the Query ({"response_code":0,"response_status":403,"response_msg":"Token is required"}) on 2024-06-18 19:18:20
Change Password Page : User :  access the page on 2024-06-18 21:06:23
Dashboard Page : User :  access the page on 2024-06-18 21:06:26
Index Page : Username => celebdigital trying to login on 2024-06-18 21:08:50
Loginpage :  Execute the service [{
    "txt_username" : "celebdigital",
    "txt_password" : "YJt@123#",
    "request_id" : "1483410576"
  }] on 2024-06-18 21:08:50
Index Page : celebdigital logged in successfully on 2024-06-18 21:08:50
Dashboard Page : User :  access the page on 2024-06-18 21:08:50
Dashboard Page : User :  access the page on 2024-06-18 21:09:04
Dashboard Page : User :  access the page on 2024-06-18 21:09:29
Change Password Page : User :  access the page on 2024-06-18 21:09:44
Dashboard Page : User :  access the page on 2024-06-18 21:14:57
Dashboard Page : User :  executed the Query ({"response_code":1,"response_status":200,"response_msg":"Success","data":{"report":[{"cnt_visitor_id":0,"cnt_visitor":0,"cnt_male":0,"cnt_unique_male":0,"cnt_female":0,"cnt_unique_female":0,"cnt_others":0,"cnt_unique_others":0,"cnt_kids":0,"cnt_adult":0,"cnt_registration":0}],"graph":[]}}) on 2024-06-18 21:14:57
Dashboard Page : User :  executed the Query ({"response_code":1,"response_status":200,"response_msg":"Success","data":{"report":[{"cnt_visitor_id":0,"cnt_visitor":0,"cnt_male":0,"cnt_unique_male":0,"cnt_female":0,"cnt_unique_female":0,"cnt_others":0,"cnt_unique_others":0,"cnt_kids":0,"cnt_adult":0,"cnt_registration":0}],"graph":[]}}) on 2024-06-18 21:14:57
Index Page : Username => celebdigital trying to login on 2024-06-18 21:21:52
Loginpage : celebdigital Execute the service [{
    "txt_username" : "celebdigital",
    "txt_password" : "YJt@123#",
    "request_id" : "8114141627"
  }] on 2024-06-18 21:21:52
Index Page : celebdigital logged in successfully on 2024-06-18 21:21:53
Dashboard Page : User :  access the page on 2024-06-18 21:21:53
Dashboard Page : User :  executed the Query ({"response_code":1,"response_status":200,"response_msg":"Success","data":{"report":[{"cnt_visitor_id":0,"cnt_visitor":0,"cnt_male":0,"cnt_unique_male":0,"cnt_female":0,"cnt_unique_female":0,"cnt_others":0,"cnt_unique_others":0,"cnt_kids":0,"cnt_adult":0,"cnt_registration":0}],"graph":[]}}) on 2024-06-18 21:21:53
Dashboard Page : User :  executed the Query ({"response_code":1,"response_status":200,"response_msg":"Success","data":{"report":[{"cnt_visitor_id":0,"cnt_visitor":0,"cnt_male":0,"cnt_unique_male":0,"cnt_female":0,"cnt_unique_female":0,"cnt_others":0,"cnt_unique_others":0,"cnt_kids":0,"cnt_adult":0,"cnt_registration":0}],"graph":[]}}) on 2024-06-18 21:21:53
Dashboard Page : User :  access the page on 2024-06-18 21:23:22
Dashboard Page : User :  executed the Query ({"response_code":1,"response_status":200,"response_msg":"Success","data":{"report":[{"cnt_visitor_id":0,"cnt_visitor":0,"cnt_male":0,"cnt_unique_male":0,"cnt_female":0,"cnt_unique_female":0,"cnt_others":0,"cnt_unique_others":0,"cnt_kids":0,"cnt_adult":0,"cnt_registration":0}],"graph":[]}}) on 2024-06-18 21:23:22
Dashboard Page : User :  executed the Query ({"response_code":1,"response_status":200,"response_msg":"Success","data":{"report":[{"cnt_visitor_id":0,"cnt_visitor":0,"cnt_male":0,"cnt_unique_male":0,"cnt_female":0,"cnt_unique_female":0,"cnt_others":0,"cnt_unique_others":0,"cnt_kids":0,"cnt_adult":0,"cnt_registration":0}],"graph":[]}}) on 2024-06-18 21:23:22
Dashboard Page : User :  access the page on 2024-06-18 21:23:33
Dashboard Page : User :  executed the Query ({"response_code":1,"response_status":200,"response_msg":"Success","data":{"report":[{"cnt_visitor_id":0,"cnt_visitor":0,"cnt_male":0,"cnt_unique_male":0,"cnt_female":0,"cnt_unique_female":0,"cnt_others":0,"cnt_unique_others":0,"cnt_kids":0,"cnt_adult":0,"cnt_registration":0}],"graph":[]}}) on 2024-06-18 21:23:33
Dashboard Page : User :  executed the Query ({"response_code":1,"response_status":200,"response_msg":"Success","data":{"report":[{"cnt_visitor_id":0,"cnt_visitor":0,"cnt_male":0,"cnt_unique_male":0,"cnt_female":0,"cnt_unique_female":0,"cnt_others":0,"cnt_unique_others":0,"cnt_kids":0,"cnt_adult":0,"cnt_registration":0}],"graph":[]}}) on 2024-06-18 21:23:33
Dashboard Page : User :  access the page on 2024-06-18 21:23:34
Dashboard Page : User :  executed the Query ({"response_code":1,"response_status":200,"response_msg":"Success","data":{"report":[{"cnt_visitor_id":0,"cnt_visitor":0,"cnt_male":0,"cnt_unique_male":0,"cnt_female":0,"cnt_unique_female":0,"cnt_others":0,"cnt_unique_others":0,"cnt_kids":0,"cnt_adult":0,"cnt_registration":0}],"graph":[]}}) on 2024-06-18 21:23:34
Dashboard Page : User :  executed the Query ({"response_code":1,"response_status":200,"response_msg":"Success","data":{"report":[{"cnt_visitor_id":0,"cnt_visitor":0,"cnt_male":0,"cnt_unique_male":0,"cnt_female":0,"cnt_unique_female":0,"cnt_others":0,"cnt_unique_others":0,"cnt_kids":0,"cnt_adult":0,"cnt_registration":0}],"graph":[]}}) on 2024-06-18 21:23:34
Dashboard Page : User :  access the page on 2024-06-18 21:23:55
Dashboard Page : User :  executed the Query ({"response_code":1,"response_status":200,"response_msg":"Success","data":{"report":[{"cnt_visitor_id":0,"cnt_visitor":0,"cnt_male":0,"cnt_unique_male":0,"cnt_female":0,"cnt_unique_female":0,"cnt_others":0,"cnt_unique_others":0,"cnt_kids":0,"cnt_adult":0,"cnt_registration":0}],"graph":[]}}) on 2024-06-18 21:23:55
Dashboard Page : User :  executed the Query ({"response_code":1,"response_status":200,"response_msg":"Success","data":{"report":[{"cnt_visitor_id":0,"cnt_visitor":0,"cnt_male":0,"cnt_unique_male":0,"cnt_female":0,"cnt_unique_female":0,"cnt_others":0,"cnt_unique_others":0,"cnt_kids":0,"cnt_adult":0,"cnt_registration":0}],"graph":[]}}) on 2024-06-18 21:23:55
Dashboard Page : User :  access the page on 2024-06-18 21:24:44
Dashboard Page : User :  executed the Query ({"response_code":1,"response_status":200,"response_msg":"Success","data":{"report":[{"cnt_visitor_id":0,"cnt_visitor":0,"cnt_male":0,"cnt_unique_male":0,"cnt_female":0,"cnt_unique_female":0,"cnt_others":0,"cnt_unique_others":0,"cnt_kids":0,"cnt_adult":0,"cnt_registration":0}],"graph":[]}}) on 2024-06-18 21:24:44
Dashboard Page : User :  executed the Query ({"response_code":1,"response_status":200,"response_msg":"Success","data":{"report":[{"cnt_visitor_id":0,"cnt_visitor":0,"cnt_male":0,"cnt_unique_male":0,"cnt_female":0,"cnt_unique_female":0,"cnt_others":0,"cnt_unique_others":0,"cnt_kids":0,"cnt_adult":0,"cnt_registration":0}],"graph":[]}}) on 2024-06-18 21:24:44
Dashboard Page : User :  access the page on 2024-06-18 21:24:45
Dashboard Page : User :  executed the Query ({"response_code":1,"response_status":200,"response_msg":"Success","data":{"report":[{"cnt_visitor_id":0,"cnt_visitor":0,"cnt_male":0,"cnt_unique_male":0,"cnt_female":0,"cnt_unique_female":0,"cnt_others":0,"cnt_unique_others":0,"cnt_kids":0,"cnt_adult":0,"cnt_registration":0}],"graph":[]}}) on 2024-06-18 21:24:45
Dashboard Page : User :  executed the Query ({"response_code":1,"response_status":200,"response_msg":"Success","data":{"report":[{"cnt_visitor_id":0,"cnt_visitor":0,"cnt_male":0,"cnt_unique_male":0,"cnt_female":0,"cnt_unique_female":0,"cnt_others":0,"cnt_unique_others":0,"cnt_kids":0,"cnt_adult":0,"cnt_registration":0}],"graph":[]}}) on 2024-06-18 21:24:45
Dashboard Page : User :  access the page on 2024-06-18 21:24:53
Dashboard Page : User :  executed the Query ({"response_code":1,"response_status":200,"response_msg":"Success","data":{"report":[{"cnt_visitor_id":0,"cnt_visitor":0,"cnt_male":0,"cnt_unique_male":0,"cnt_female":0,"cnt_unique_female":0,"cnt_others":0,"cnt_unique_others":0,"cnt_kids":0,"cnt_adult":0,"cnt_registration":0}],"graph":[]}}) on 2024-06-18 21:24:53
Dashboard Page : User :  executed the Query ({"response_code":1,"response_status":200,"response_msg":"Success","data":{"report":[{"cnt_visitor_id":0,"cnt_visitor":0,"cnt_male":0,"cnt_unique_male":0,"cnt_female":0,"cnt_unique_female":0,"cnt_others":0,"cnt_unique_others":0,"cnt_kids":0,"cnt_adult":0,"cnt_registration":0}],"graph":[]}}) on 2024-06-18 21:24:53
Dashboard Page : User :  access the page on 2024-06-18 21:24:54
Dashboard Page : User :  executed the Query ({"response_code":1,"response_status":200,"response_msg":"Success","data":{"report":[{"cnt_visitor_id":0,"cnt_visitor":0,"cnt_male":0,"cnt_unique_male":0,"cnt_female":0,"cnt_unique_female":0,"cnt_others":0,"cnt_unique_others":0,"cnt_kids":0,"cnt_adult":0,"cnt_registration":0}],"graph":[]}}) on 2024-06-18 21:24:54
Dashboard Page : User :  executed the Query ({"response_code":1,"response_status":200,"response_msg":"Success","data":{"report":[{"cnt_visitor_id":0,"cnt_visitor":0,"cnt_male":0,"cnt_unique_male":0,"cnt_female":0,"cnt_unique_female":0,"cnt_others":0,"cnt_unique_others":0,"cnt_kids":0,"cnt_adult":0,"cnt_registration":0}],"graph":[]}}) on 2024-06-18 21:24:54
Dashboard Page : User :  access the page on 2024-06-18 21:28:55
Dashboard Page : User :  executed the Query ({"response_code":1,"response_status":200,"response_msg":"Success","data":{"report":[{"cnt_visitor_id":0,"cnt_visitor":0,"cnt_male":0,"cnt_unique_male":0,"cnt_female":0,"cnt_unique_female":0,"cnt_others":0,"cnt_unique_others":0,"cnt_kids":0,"cnt_adult":0,"cnt_registration":0}],"graph":[]}}) on 2024-06-18 21:28:55
Dashboard Page : User :  executed the Query ({"response_code":1,"response_status":200,"response_msg":"Success","data":{"report":[{"cnt_visitor_id":0,"cnt_visitor":0,"cnt_male":0,"cnt_unique_male":0,"cnt_female":0,"cnt_unique_female":0,"cnt_others":0,"cnt_unique_others":0,"cnt_kids":0,"cnt_adult":0,"cnt_registration":0}],"graph":[]}}) on 2024-06-18 21:28:55
Dashboard Page : User :  access the page on 2024-06-18 21:28:55
Dashboard Page : User :  executed the Query ({"response_code":1,"response_status":200,"response_msg":"Success","data":{"report":[{"cnt_visitor_id":0,"cnt_visitor":0,"cnt_male":0,"cnt_unique_male":0,"cnt_female":0,"cnt_unique_female":0,"cnt_others":0,"cnt_unique_others":0,"cnt_kids":0,"cnt_adult":0,"cnt_registration":0}],"graph":[]}}) on 2024-06-18 21:28:55
Dashboard Page : User :  executed the Query ({"response_code":1,"response_status":200,"response_msg":"Success","data":{"report":[{"cnt_visitor_id":0,"cnt_visitor":0,"cnt_male":0,"cnt_unique_male":0,"cnt_female":0,"cnt_unique_female":0,"cnt_others":0,"cnt_unique_others":0,"cnt_kids":0,"cnt_adult":0,"cnt_registration":0}],"graph":[]}}) on 2024-06-18 21:28:55
http://localhost/mms/dashboard : IP Address : ::1 ==> Dashboard Page : User :  access the page on 2024-06-18 21:31:16
http://localhost/mms/dashboard : IP Address : ::1 ==> Dashboard Page : User :  executed the Query ({"response_code":1,"response_status":200,"response_msg":"Success","data":{"report":[{"cnt_visitor_id":0,"cnt_visitor":0,"cnt_male":0,"cnt_unique_male":0,"cnt_female":0,"cnt_unique_female":0,"cnt_others":0,"cnt_unique_others":0,"cnt_kids":0,"cnt_adult":0,"cnt_registration":0}],"graph":[]}}) on 2024-06-18 21:31:16
http://localhost/mms/dashboard : IP Address : ::1 ==> Dashboard Page : User :  executed the Query ({"response_code":1,"response_status":200,"response_msg":"Success","data":{"report":[{"cnt_visitor_id":0,"cnt_visitor":0,"cnt_male":0,"cnt_unique_male":0,"cnt_female":0,"cnt_unique_female":0,"cnt_others":0,"cnt_unique_others":0,"cnt_kids":0,"cnt_adult":0,"cnt_registration":0}],"graph":[]}}) on 2024-06-18 21:31:16
http://localhost/mms/dashboard : IP Address : ::1 ==> Dashboard Page : User :  access the page on 2024-06-18 21:31:17
http://localhost/mms/dashboard : IP Address : ::1 ==> Dashboard Page : User :  executed the Query ({"response_code":1,"response_status":200,"response_msg":"Success","data":{"report":[{"cnt_visitor_id":0,"cnt_visitor":0,"cnt_male":0,"cnt_unique_male":0,"cnt_female":0,"cnt_unique_female":0,"cnt_others":0,"cnt_unique_others":0,"cnt_kids":0,"cnt_adult":0,"cnt_registration":0}],"graph":[]}}) on 2024-06-18 21:31:17
http://localhost/mms/dashboard : IP Address : ::1 ==> Dashboard Page : User :  executed the Query ({"response_code":1,"response_status":200,"response_msg":"Success","data":{"report":[{"cnt_visitor_id":0,"cnt_visitor":0,"cnt_male":0,"cnt_unique_male":0,"cnt_female":0,"cnt_unique_female":0,"cnt_others":0,"cnt_unique_others":0,"cnt_kids":0,"cnt_adult":0,"cnt_registration":0}],"graph":[]}}) on 2024-06-18 21:31:17
http://localhost/mms/dashboard : IP Address : ::1 ==> Dashboard Page : User :  access the page on 2024-06-18 21:31:18
http://localhost/mms/dashboard : IP Address : ::1 ==> Dashboard Page : User :  executed the Query ({"response_code":1,"response_status":200,"response_msg":"Success","data":{"report":[{"cnt_visitor_id":0,"cnt_visitor":0,"cnt_male":0,"cnt_unique_male":0,"cnt_female":0,"cnt_unique_female":0,"cnt_others":0,"cnt_unique_others":0,"cnt_kids":0,"cnt_adult":0,"cnt_registration":0}],"graph":[]}}) on 2024-06-18 21:31:18
http://localhost/mms/dashboard : IP Address : ::1 ==> Dashboard Page : User :  executed the Query ({"response_code":1,"response_status":200,"response_msg":"Success","data":{"report":[{"cnt_visitor_id":0,"cnt_visitor":0,"cnt_male":0,"cnt_unique_male":0,"cnt_female":0,"cnt_unique_female":0,"cnt_others":0,"cnt_unique_others":0,"cnt_kids":0,"cnt_adult":0,"cnt_registration":0}],"graph":[]}}) on 2024-06-18 21:31:18
http://localhost/mms/dashboard : IP Address : ::1 ==> Dashboard Page : User :  access the page on 2024-06-18 21:31:18
http://localhost/mms/dashboard : IP Address : ::1 ==> Dashboard Page : User :  executed the Query ({"response_code":1,"response_status":200,"response_msg":"Success","data":{"report":[{"cnt_visitor_id":0,"cnt_visitor":0,"cnt_male":0,"cnt_unique_male":0,"cnt_female":0,"cnt_unique_female":0,"cnt_others":0,"cnt_unique_others":0,"cnt_kids":0,"cnt_adult":0,"cnt_registration":0}],"graph":[]}}) on 2024-06-18 21:31:18
http://localhost/mms/dashboard : IP Address : ::1 ==> Dashboard Page : User :  executed the Query ({"response_code":1,"response_status":200,"response_msg":"Success","data":{"report":[{"cnt_visitor_id":0,"cnt_visitor":0,"cnt_male":0,"cnt_unique_male":0,"cnt_female":0,"cnt_unique_female":0,"cnt_others":0,"cnt_unique_others":0,"cnt_kids":0,"cnt_adult":0,"cnt_registration":0}],"graph":[]}}) on 2024-06-18 21:31:18
http://localhost/mms/dashboard : IP Address : ::1 ==> Dashboard Page : User :  access the page on 2024-06-18 21:31:18
http://localhost/mms/dashboard : IP Address : ::1 ==> Dashboard Page : User :  executed the Query ({"response_code":1,"response_status":200,"response_msg":"Success","data":{"report":[{"cnt_visitor_id":0,"cnt_visitor":0,"cnt_male":0,"cnt_unique_male":0,"cnt_female":0,"cnt_unique_female":0,"cnt_others":0,"cnt_unique_others":0,"cnt_kids":0,"cnt_adult":0,"cnt_registration":0}],"graph":[]}}) on 2024-06-18 21:31:18
http://localhost/mms/dashboard : IP Address : ::1 ==> Dashboard Page : User :  executed the Query ({"response_code":1,"response_status":200,"response_msg":"Success","data":{"report":[{"cnt_visitor_id":0,"cnt_visitor":0,"cnt_male":0,"cnt_unique_male":0,"cnt_female":0,"cnt_unique_female":0,"cnt_others":0,"cnt_unique_others":0,"cnt_kids":0,"cnt_adult":0,"cnt_registration":0}],"graph":[]}}) on 2024-06-18 21:31:18
http://localhost/mms/dashboard : IP Address : ::1 ==> Dashboard Page : User :  access the page on 2024-06-18 21:31:18
http://localhost/mms/dashboard : IP Address : ::1 ==> Dashboard Page : User :  executed the Query ({"response_code":1,"response_status":200,"response_msg":"Success","data":{"report":[{"cnt_visitor_id":0,"cnt_visitor":0,"cnt_male":0,"cnt_unique_male":0,"cnt_female":0,"cnt_unique_female":0,"cnt_others":0,"cnt_unique_others":0,"cnt_kids":0,"cnt_adult":0,"cnt_registration":0}],"graph":[]}}) on 2024-06-18 21:31:18
http://localhost/mms/dashboard : IP Address : ::1 ==> Dashboard Page : User :  executed the Query ({"response_code":1,"response_status":200,"response_msg":"Success","data":{"report":[{"cnt_visitor_id":0,"cnt_visitor":0,"cnt_male":0,"cnt_unique_male":0,"cnt_female":0,"cnt_unique_female":0,"cnt_others":0,"cnt_unique_others":0,"cnt_kids":0,"cnt_adult":0,"cnt_registration":0}],"graph":[]}}) on 2024-06-18 21:31:18
http://localhost/mms/dashboard : IP Address : ::1 ==> Dashboard Page : User :  access the page on 2024-06-18 21:31:19
http://localhost/mms/dashboard : IP Address : ::1 ==> Dashboard Page : User :  executed the Query ({"response_code":1,"response_status":200,"response_msg":"Success","data":{"report":[{"cnt_visitor_id":0,"cnt_visitor":0,"cnt_male":0,"cnt_unique_male":0,"cnt_female":0,"cnt_unique_female":0,"cnt_others":0,"cnt_unique_others":0,"cnt_kids":0,"cnt_adult":0,"cnt_registration":0}],"graph":[]}}) on 2024-06-18 21:31:19
http://localhost/mms/dashboard : IP Address : ::1 ==> Dashboard Page : User :  executed the Query ({"response_code":1,"response_status":200,"response_msg":"Success","data":{"report":[{"cnt_visitor_id":0,"cnt_visitor":0,"cnt_male":0,"cnt_unique_male":0,"cnt_female":0,"cnt_unique_female":0,"cnt_others":0,"cnt_unique_others":0,"cnt_kids":0,"cnt_adult":0,"cnt_registration":0}],"graph":[]}}) on 2024-06-18 21:31:19
http://localhost/mms/dashboard : IP Address : ::1 ==> Dashboard Page : User :  access the page on 2024-06-18 21:31:19
http://localhost/mms/dashboard : IP Address : ::1 ==> Dashboard Page : User :  executed the Query ({"response_code":1,"response_status":200,"response_msg":"Success","data":{"report":[{"cnt_visitor_id":0,"cnt_visitor":0,"cnt_male":0,"cnt_unique_male":0,"cnt_female":0,"cnt_unique_female":0,"cnt_others":0,"cnt_unique_others":0,"cnt_kids":0,"cnt_adult":0,"cnt_registration":0}],"graph":[]}}) on 2024-06-18 21:31:19
http://localhost/mms/dashboard : IP Address : ::1 ==> Dashboard Page : User :  executed the Query ({"response_code":1,"response_status":200,"response_msg":"Success","data":{"report":[{"cnt_visitor_id":0,"cnt_visitor":0,"cnt_male":0,"cnt_unique_male":0,"cnt_female":0,"cnt_unique_female":0,"cnt_others":0,"cnt_unique_others":0,"cnt_kids":0,"cnt_adult":0,"cnt_registration":0}],"graph":[]}}) on 2024-06-18 21:31:19
http://localhost/mms/ajax/call_functions.php : IP Address : ::1 ==> Index Page : Username => celebdigital trying to login on 2024-06-18 21:35:35
http://localhost/mms/ajax/call_functions.php : IP Address : ::1 ==> Loginpage : celebdigital Execute the service [{
    "txt_username" : "celebdigital",
    "txt_password" : "YJt@123#",
    "request_id" : "6358420424"
  }] on 2024-06-18 21:35:35
http://localhost/mms/ajax/call_functions.php : IP Address : ::1 ==> Index Page : celebdigital logged in successfully on 2024-06-18 21:35:35
http://localhost/mms/dashboard : IP Address : ::1 ==> Dashboard Page : User :  access the page on 2024-06-18 21:35:35
http://localhost/mms/dashboard : IP Address : ::1 ==> Dashboard Page : User :  executed the Query ({"response_code":1,"response_status":200,"response_msg":"Success","data":{"report":[{"cnt_visitor_id":0,"cnt_visitor":0,"cnt_male":0,"cnt_unique_male":0,"cnt_female":0,"cnt_unique_female":0,"cnt_others":0,"cnt_unique_others":0,"cnt_kids":0,"cnt_adult":0,"cnt_registration":0}],"graph":[]}}) on 2024-06-18 21:35:35
http://localhost/mms/dashboard : IP Address : ::1 ==> Dashboard Page : User :  executed the Query ({"response_code":1,"response_status":200,"response_msg":"Success","data":{"report":[{"cnt_visitor_id":0,"cnt_visitor":0,"cnt_male":0,"cnt_unique_male":0,"cnt_female":0,"cnt_unique_female":0,"cnt_others":0,"cnt_unique_others":0,"cnt_kids":0,"cnt_adult":0,"cnt_registration":0}],"graph":[]}}) on 2024-06-18 21:35:35
http://localhost/mms/ajax/call_functions.php : IP Address : ::1 ==> Index Page : Username => celebdigital trying to login on 2024-06-18 21:39:54
http://localhost/mms/ajax/call_functions.php : IP Address : ::1 ==> Loginpage : celebdigital Execute the service [{
    "txt_username" : "celebdigital",
    "txt_password" : "YJt@123#",
    "request_id" : "6250130535"
  }] on 2024-06-18 21:39:54
http://localhost/mms/ajax/call_functions.php : IP Address : ::1 ==> Index Page : celebdigital logged in successfully on 2024-06-18 21:39:54
http://localhost/mms/dashboard : IP Address : ::1 ==> Dashboard Page : User :  access the page on 2024-06-18 21:40:25
http://localhost/mms/dashboard : IP Address : ::1 ==> Dashboard Page : User :  executed the Query ({"response_code":1,"response_status":200,"response_msg":"Success","data":{"report":[{"cnt_visitor_id":0,"cnt_visitor":0,"cnt_male":0,"cnt_unique_male":0,"cnt_female":0,"cnt_unique_female":0,"cnt_others":0,"cnt_unique_others":0,"cnt_kids":0,"cnt_adult":0,"cnt_registration":0}],"graph":[]}}) on 2024-06-18 21:40:25
http://localhost/mms/dashboard : IP Address : ::1 ==> Dashboard Page : User :  executed the Query ({"response_code":1,"response_status":200,"response_msg":"Success","data":{"report":[{"cnt_visitor_id":0,"cnt_visitor":0,"cnt_male":0,"cnt_unique_male":0,"cnt_female":0,"cnt_unique_female":0,"cnt_others":0,"cnt_unique_others":0,"cnt_kids":0,"cnt_adult":0,"cnt_registration":0}],"graph":[]}}) on 2024-06-18 21:40:25
http://localhost/mms/ajax/call_functions.php : IP Address : ::1 ==> Index Page : Username => celebdigital trying to login on 2024-06-18 21:42:04
http://localhost/mms/ajax/call_functions.php : IP Address : ::1 ==> Loginpage : celebdigital Execute the service [{
    "txt_username" : "celebdigital",
    "txt_password" : "YJt@123#",
    "request_id" : "7602147774"
  }] on 2024-06-18 21:42:04
http://localhost/mms/ajax/call_functions.php : IP Address : ::1 ==> Index Page : celebdigital logged in successfully on 2024-06-18 21:42:04
http://localhost/mms/ajax/call_functions.php : IP Address : ::1 ==> Index Page : Username => celebdigital trying to login on 2024-06-18 21:42:53
http://localhost/mms/ajax/call_functions.php : IP Address : ::1 ==> Loginpage : celebdigital Execute the service [{
    "txt_username" : "celebdigital",
    "txt_password" : "YJt@123#",
    "request_id" : "2717632279"
  }] on 2024-06-18 21:42:53
http://localhost/mms/ajax/call_functions.php : IP Address : ::1 ==> Index Page : celebdigital logged in successfully on 2024-06-18 21:42:53
http://localhost/mms/dashboard : IP Address : ::1 ==> Dashboard Page: User:  accessed the page on 2024-06-18 21:42:53
http://localhost/mms/dashboard : IP Address : ::1 ==> Dashboard Page: User:  executed the Query ({"response_code":1,"response_status":200,"response_msg":"Success","data":{"report":[{"cnt_visitor_id":0,"cnt_visitor":0,"cnt_male":0,"cnt_unique_male":0,"cnt_female":0,"cnt_unique_female":0,"cnt_others":0,"cnt_unique_others":0,"cnt_kids":0,"cnt_adult":0,"cnt_registration":0}],"graph":[]}}) on 2024-06-18 21:42:53
http://localhost/mms/dashboard : IP Address : ::1 ==> Dashboard Page: User:  executed the Query ({"response_code":1,"response_status":200,"response_msg":"Success","data":{"report":[{"cnt_visitor_id":0,"cnt_visitor":0,"cnt_male":0,"cnt_unique_male":0,"cnt_female":0,"cnt_unique_female":0,"cnt_others":0,"cnt_unique_others":0,"cnt_kids":0,"cnt_adult":0,"cnt_registration":0}],"graph":[]}}) on 2024-06-18 21:42:53
http://localhost/mms/dashboard : IP Address : ::1 ==> Dashboard Page : User :  access the page on 2024-06-18 21:47:27
http://localhost/mms/dashboard : IP Address : ::1 ==> Dashboard Page : User :  executed the Query ({"response_code":1,"response_status":200,"response_msg":"Success","data":{"report":[{"cnt_visitor_id":0,"cnt_visitor":0,"cnt_male":0,"cnt_unique_male":0,"cnt_female":0,"cnt_unique_female":0,"cnt_others":0,"cnt_unique_others":0,"cnt_kids":0,"cnt_adult":0,"cnt_registration":0}],"graph":[]}}) on 2024-06-18 21:47:27
http://localhost/mms/dashboard : IP Address : ::1 ==> Dashboard Page : User :  executed the Query ({"response_code":1,"response_status":200,"response_msg":"Success","data":{"report":[{"cnt_visitor_id":0,"cnt_visitor":0,"cnt_male":0,"cnt_unique_male":0,"cnt_female":0,"cnt_unique_female":0,"cnt_others":0,"cnt_unique_others":0,"cnt_kids":0,"cnt_adult":0,"cnt_registration":0}],"graph":[]}}) on 2024-06-18 21:47:27
http://localhost/mms/dashboard : IP Address : ::1 ==> Dashboard Page : User :  access the page on 2024-06-18 21:47:28
http://localhost/mms/dashboard : IP Address : ::1 ==> Dashboard Page : User :  executed the Query ({"response_code":1,"response_status":200,"response_msg":"Success","data":{"report":[{"cnt_visitor_id":0,"cnt_visitor":0,"cnt_male":0,"cnt_unique_male":0,"cnt_female":0,"cnt_unique_female":0,"cnt_others":0,"cnt_unique_others":0,"cnt_kids":0,"cnt_adult":0,"cnt_registration":0}],"graph":[]}}) on 2024-06-18 21:47:28
http://localhost/mms/dashboard : IP Address : ::1 ==> Dashboard Page : User :  executed the Query ({"response_code":1,"response_status":200,"response_msg":"Success","data":{"report":[{"cnt_visitor_id":0,"cnt_visitor":0,"cnt_male":0,"cnt_unique_male":0,"cnt_female":0,"cnt_unique_female":0,"cnt_others":0,"cnt_unique_others":0,"cnt_kids":0,"cnt_adult":0,"cnt_registration":0}],"graph":[]}}) on 2024-06-18 21:47:28
http://localhost/mms/dashboard : IP Address : ::1 ==> Dashboard Page : User :  access the page on 2024-06-18 21:47:28
http://localhost/mms/dashboard : IP Address : ::1 ==> Dashboard Page : User :  executed the Query ({"response_code":1,"response_status":200,"response_msg":"Success","data":{"report":[{"cnt_visitor_id":0,"cnt_visitor":0,"cnt_male":0,"cnt_unique_male":0,"cnt_female":0,"cnt_unique_female":0,"cnt_others":0,"cnt_unique_others":0,"cnt_kids":0,"cnt_adult":0,"cnt_registration":0}],"graph":[]}}) on 2024-06-18 21:47:28
http://localhost/mms/dashboard : IP Address : ::1 ==> Dashboard Page : User :  executed the Query ({"response_code":1,"response_status":200,"response_msg":"Success","data":{"report":[{"cnt_visitor_id":0,"cnt_visitor":0,"cnt_male":0,"cnt_unique_male":0,"cnt_female":0,"cnt_unique_female":0,"cnt_others":0,"cnt_unique_others":0,"cnt_kids":0,"cnt_adult":0,"cnt_registration":0}],"graph":[]}}) on 2024-06-18 21:47:28
http://localhost/mms/dashboard : IP Address : ::1 ==> Dashboard Page : User :  access the page on 2024-06-18 21:47:28
http://localhost/mms/dashboard : IP Address : ::1 ==> Dashboard Page : User :  executed the Query ({"response_code":1,"response_status":200,"response_msg":"Success","data":{"report":[{"cnt_visitor_id":0,"cnt_visitor":0,"cnt_male":0,"cnt_unique_male":0,"cnt_female":0,"cnt_unique_female":0,"cnt_others":0,"cnt_unique_others":0,"cnt_kids":0,"cnt_adult":0,"cnt_registration":0}],"graph":[]}}) on 2024-06-18 21:47:28
http://localhost/mms/dashboard : IP Address : ::1 ==> Dashboard Page : User :  executed the Query ({"response_code":1,"response_status":200,"response_msg":"Success","data":{"report":[{"cnt_visitor_id":0,"cnt_visitor":0,"cnt_male":0,"cnt_unique_male":0,"cnt_female":0,"cnt_unique_female":0,"cnt_others":0,"cnt_unique_others":0,"cnt_kids":0,"cnt_adult":0,"cnt_registration":0}],"graph":[]}}) on 2024-06-18 21:47:28
http://localhost/mms/dashboard : IP Address : ::1 ==> Dashboard Page : User :  access the page on 2024-06-18 21:47:29
http://localhost/mms/dashboard : IP Address : ::1 ==> Dashboard Page : User :  executed the Query ({"response_code":1,"response_status":200,"response_msg":"Success","data":{"report":[{"cnt_visitor_id":0,"cnt_visitor":0,"cnt_male":0,"cnt_unique_male":0,"cnt_female":0,"cnt_unique_female":0,"cnt_others":0,"cnt_unique_others":0,"cnt_kids":0,"cnt_adult":0,"cnt_registration":0}],"graph":[]}}) on 2024-06-18 21:47:29
http://localhost/mms/dashboard : IP Address : ::1 ==> Dashboard Page : User :  executed the Query ({"response_code":1,"response_status":200,"response_msg":"Success","data":{"report":[{"cnt_visitor_id":0,"cnt_visitor":0,"cnt_male":0,"cnt_unique_male":0,"cnt_female":0,"cnt_unique_female":0,"cnt_others":0,"cnt_unique_others":0,"cnt_kids":0,"cnt_adult":0,"cnt_registration":0}],"graph":[]}}) on 2024-06-18 21:47:29
http://localhost/mms/dashboard : IP Address : ::1 ==> Dashboard Page : User :  access the page on 2024-06-18 21:47:29
http://localhost/mms/dashboard : IP Address : ::1 ==> Dashboard Page : User :  executed the Query ({"response_code":1,"response_status":200,"response_msg":"Success","data":{"report":[{"cnt_visitor_id":0,"cnt_visitor":0,"cnt_male":0,"cnt_unique_male":0,"cnt_female":0,"cnt_unique_female":0,"cnt_others":0,"cnt_unique_others":0,"cnt_kids":0,"cnt_adult":0,"cnt_registration":0}],"graph":[]}}) on 2024-06-18 21:47:29
http://localhost/mms/dashboard : IP Address : ::1 ==> Dashboard Page : User :  executed the Query ({"response_code":1,"response_status":200,"response_msg":"Success","data":{"report":[{"cnt_visitor_id":0,"cnt_visitor":0,"cnt_male":0,"cnt_unique_male":0,"cnt_female":0,"cnt_unique_female":0,"cnt_others":0,"cnt_unique_others":0,"cnt_kids":0,"cnt_adult":0,"cnt_registration":0}],"graph":[]}}) on 2024-06-18 21:47:29
