http://localhost/mms/ajax/call_functions.php : IP Address : ::1 ==> Index Page : Username => celebdigital trying to login on 2024-06-24 09:43:19
http://localhost/mms/ajax/call_functions.php : IP Address : ::1 ==> Loginpage :  Execute the service [{
    "txt_username" : "celebdigital",
    "txt_password" : "YJt@123#",
    "request_id" : "3025698850"
  }] on 2024-06-24 09:43:19
http://localhost/mms/ajax/call_functions.php : IP Address : ::1 ==> Index Page : celebdigital logged in successfully on 2024-06-24 09:43:19
http://localhost/mms/rt_hourly_report : IP Address : ::1 ==> Real Time Hourly Report Page : User :  access the page on 2024-06-24 09:43:26
http://localhost/mms/rt_hourly_summary_report : IP Address : ::1 ==> Real Time Hourly Summary Report Page : User :  access the page on 2024-06-24 09:43:32
http://localhost/mms/rt_hourly_report : IP Address : ::1 ==> Real Time Hourly Report Page : User :  access the page on 2024-06-24 09:43:38
http://localhost/mms/ltd_report : IP Address : ::1 ==> LTD Report Page : User :  access the page on 2024-06-24 09:43:45
http://localhost/mms/mtd_report : IP Address : ::1 ==> MTD Report Page : User :  access the page on 2024-06-24 09:43:48
http://localhost/mms/lmtd_report : IP Address : ::1 ==> LMTD Report Page : User :  access the page on 2024-06-24 09:43:50
http://localhost/mms/ytd_report : IP Address : ::1 ==> YTD Report Page : User :  access the page on 2024-06-24 09:43:53
http://localhost/mms/lmtd_report : IP Address : ::1 ==> LMTD Report Page : User :  access the page on 2024-06-24 09:43:56
http://localhost/mms/rt_hourly_report : IP Address : ::1 ==> Real Time Hourly Report Page : User :  access the page on 2024-06-24 09:44:17
http://localhost/mms/rt_hourly_report : IP Address : ::1 ==> Real Time Hourly Report Page : User :  access the page on 2024-06-24 09:46:16
http://localhost/mms/rt_hourly_summary_report : IP Address : ::1 ==> Real Time Hourly Summary Report Page : User :  access the page on 2024-06-24 09:46:20
http://localhost/mms/rt_hourly_report : IP Address : ::1 ==> Real Time Hourly Report Page : User :  access the page on 2024-06-24 09:46:25
http://localhost/mms/ltd_report : IP Address : ::1 ==> LTD Report Page : User :  access the page on 2024-06-24 09:47:10
http://localhost/mms/mtd_report : IP Address : ::1 ==> MTD Report Page : User :  access the page on 2024-06-24 09:47:25
http://localhost/mms/rt_hourly_report : IP Address : ::1 ==> Real Time Hourly Report Page : User :  access the page on 2024-06-24 09:47:29
http://localhost/mms/rt_hourly_summary_report : IP Address : ::1 ==> Real Time Hourly Summary Report Page : User :  access the page on 2024-06-24 09:47:32
http://localhost/mms/rt_hourly_summary_report : IP Address : ::1 ==> Real Time Hourly Summary Report Page : User :  access the page on 2024-06-24 09:49:32
http://localhost/mms/rt_hourly_report : IP Address : ::1 ==> Real Time Hourly Report Page : User :  access the page on 2024-06-24 09:50:44
http://localhost/mms/rt_hourly_report : IP Address : ::1 ==> Real Time Hourly Report Page : User :  access the page on 2024-06-24 09:51:34
http://localhost/mms/rt_hourly_report : IP Address : ::1 ==> Real Time Hourly Report Page : User :  access the page on 2024-06-24 09:51:42
http://localhost/mms/rt_hourly_report : IP Address : ::1 ==> Real Time Hourly Report Page : User :  access the page on 2024-06-24 09:52:28
http://localhost/mms/rt_hourly_report : IP Address : ::1 ==> Real Time Hourly Report Page : User :  access the page on 2024-06-24 09:52:47
http://localhost/mms/rt_hourly_report : IP Address : ::1 ==> Real Time Hourly Report Page : User :  access the page on 2024-06-24 09:54:48
http://localhost/mms/rt_hourly_report : IP Address : ::1 ==> Real Time Hourly Report Page : User :  access the page on 2024-06-24 09:55:48
http://localhost/mms/rt_hourly_summary_report : IP Address : ::1 ==> Real Time Hourly Summary Report Page : User :  access the page on 2024-06-24 09:57:04
http://localhost/mms/ytd_report : IP Address : ::1 ==> YTD Report Page : User :  access the page on 2024-06-24 09:57:10
http://localhost/mms/rt_hourly_summary_report : IP Address : ::1 ==> Real Time Hourly Summary Report Page : User :  access the page on 2024-06-24 09:57:13
http://localhost/mms/rt_hourly_summary_report : IP Address : ::1 ==> Real Time Hourly Summary Report Page : User :  access the page on 2024-06-24 09:59:13
http://localhost/mms/rt_hourly_report : IP Address : ::1 ==> Real Time Hourly Report Page : User :  access the page on 2024-06-24 09:59:43
http://localhost/mms/rt_hourly_report : IP Address : ::1 ==> Real Time Hourly Report Page : User :  access the page on 2024-06-24 10:01:43
http://localhost/mms/rt_hourly_report : IP Address : ::1 ==> Real Time Hourly Report Page : User :  access the page on 2024-06-24 10:03:44
http://localhost/mms/rt_hourly_report : IP Address : ::1 ==> Real Time Hourly Report Page : User :  access the page on 2024-06-24 10:04:29
http://localhost/mms/rt_hourly_report : IP Address : ::1 ==> Real Time Hourly Report Page : User :  access the page on 2024-06-24 10:06:29
http://localhost/mms/rt_hourly_report : IP Address : ::1 ==> Real Time Hourly Report Page : User :  access the page on 2024-06-24 10:08:30
http://localhost/mms/rt_hourly_report : IP Address : ::1 ==> Real Time Hourly Report Page : User :  access the page on 2024-06-24 10:10:30
http://localhost/mms/rt_hourly_report : IP Address : ::1 ==> Real Time Hourly Report Page : User :  access the page on 2024-06-24 10:10:34
http://localhost/mms/rt_hourly_report : IP Address : ::1 ==> Real Time Hourly Report Page : User :  access the page on 2024-06-24 10:12:35
http://localhost/mms/rt_hourly_report : IP Address : ::1 ==> Real Time Hourly Report Page : User :  access the page on 2024-06-24 10:13:07
http://localhost/mms/rt_hourly_report : IP Address : ::1 ==> Real Time Hourly Report Page : User :  access the page on 2024-06-24 10:15:07
http://localhost/mms/rt_hourly_report : IP Address : ::1 ==> Real Time Hourly Report Page : User :  access the page on 2024-06-24 10:17:08
http://localhost/mms/rt_hourly_report : IP Address : ::1 ==> Real Time Hourly Report Page : User :  access the page on 2024-06-24 10:19:30
http://localhost/mms/rt_hourly_report : IP Address : ::1 ==> Real Time Hourly Report Page : User :  access the page on 2024-06-24 10:21:30
http://localhost/mms/rt_hourly_report : IP Address : ::1 ==> Real Time Hourly Report Page : User :  access the page on 2024-06-24 10:23:31
http://localhost/mms/rt_hourly_report : IP Address : ::1 ==> Real Time Hourly Report Page : User :  access the page on 2024-06-24 10:23:34
http://localhost/mms/rt_hourly_summary_report : IP Address : ::1 ==> Real Time Hourly Summary Report Page : User :  access the page on 2024-06-24 10:23:39
http://localhost/mms/rt_hourly_report : IP Address : ::1 ==> Real Time Hourly Report Page : User :  access the page on 2024-06-24 10:23:45
http://localhost/mms/rt_hourly_summary_report : IP Address : ::1 ==> Real Time Hourly Summary Report Page : User :  access the page on 2024-06-24 10:23:50
http://localhost/mms/ltd_report : IP Address : ::1 ==> LTD Report Page : User :  access the page on 2024-06-24 10:23:55
http://localhost/mms/ltd_report : IP Address : ::1 ==> LTD Report Page : User :  access the page on 2024-06-24 10:25:55
http://localhost/mms/ltd_report : IP Address : ::1 ==> LTD Report Page : User :  access the page on 2024-06-24 10:27:56
http://localhost/mms/rt_hourly_report : IP Address : ::1 ==> Real Time Hourly Report Page : User :  access the page on 2024-06-24 10:29:37
http://localhost/mms/rt_hourly_report : IP Address : ::1 ==> Real Time Hourly Report Page : User :  access the page on 2024-06-24 10:29:41
http://localhost/mms/rt_hourly_report : IP Address : ::1 ==> Real Time Hourly Report Page : User :  access the page on 2024-06-24 10:30:31
http://localhost/mms/rt_hourly_report : IP Address : ::1 ==> Real Time Hourly Report Page : User :  access the page on 2024-06-24 10:30:43
http://localhost/mms/rt_hourly_report : IP Address : ::1 ==> Real Time Hourly Report Page : User :  access the page on 2024-06-24 10:32:44
http://localhost/mms/rt_hourly_report : IP Address : ::1 ==> Real Time Hourly Report Page : User :  access the page on 2024-06-24 10:33:03
http://localhost/mms/ltd_report : IP Address : ::1 ==> LTD Report Page : User :  access the page on 2024-06-24 10:33:44
http://localhost/mms/rt_hourly_report : IP Address : ::1 ==> Real Time Hourly Report Page : User :  access the page on 2024-06-24 10:33:50
http://localhost/mms/ltd_report : IP Address : ::1 ==> LTD Report Page : User :  access the page on 2024-06-24 10:35:40
http://localhost/mms/rt_hourly_report : IP Address : ::1 ==> Real Time Hourly Report Page : User :  access the page on 2024-06-24 10:35:46
http://localhost/mms/rt_hourly_report : IP Address : ::1 ==> Real Time Hourly Report Page : User :  access the page on 2024-06-24 10:38:21
http://localhost/mms/rt_hourly_report : IP Address : ::1 ==> Real Time Hourly Report Page : User :  access the page on 2024-06-24 10:38:23
http://localhost/mms/rt_hourly_report : IP Address : ::1 ==> Real Time Hourly Report Page : User :  access the page on 2024-06-24 10:38:26
http://localhost/mms/rt_hourly_summary_report : IP Address : ::1 ==> Real Time Hourly Summary Report Page : User :  access the page on 2024-06-24 10:38:36
http://localhost/mms/rt_hourly_summary_report : IP Address : ::1 ==> Real Time Hourly Summary Report Page : User :  access the page on 2024-06-24 10:47:09
http://localhost/mms/rt_hourly_summary_report : IP Address : ::1 ==> Real Time Hourly Summary Report Page : User :  access the page on 2024-06-24 10:47:13
http://localhost/mms/rt_hourly_report : IP Address : ::1 ==> Real Time Hourly Report Page : User :  access the page on 2024-06-24 10:47:17
http://localhost/mms/rt_hourly_summary_report : IP Address : ::1 ==> Real Time Hourly Summary Report Page : User :  access the page on 2024-06-24 10:47:21
http://localhost/mms/rt_hourly_summary_report : IP Address : ::1 ==> Real Time Hourly Summary Report Page : User :  access the page on 2024-06-24 10:49:21
http://localhost/mms/rt_hourly_summary_report : IP Address : ::1 ==> Real Time Hourly Summary Report Page : User :  access the page on 2024-06-24 10:49:26
http://localhost/mms/rt_hourly_summary_report : IP Address : ::1 ==> Real Time Hourly Summary Report Page : User :  access the page on 2024-06-24 10:49:31
http://localhost/mms/rt_hourly_summary_report : IP Address : ::1 ==> Real Time Hourly Summary Report Page : User :  access the page on 2024-06-24 10:50:32
http://localhost/mms/rt_hourly_summary_report : IP Address : ::1 ==> Real Time Hourly Summary Report Page : User :  access the page on 2024-06-24 10:50:34
http://localhost/mms/rt_hourly_summary_report : IP Address : ::1 ==> Real Time Hourly Summary Report Page : User :  access the page on 2024-06-24 10:50:35
http://localhost/mms/rt_hourly_report : IP Address : ::1 ==> Real Time Hourly Report Page : User :  access the page on 2024-06-24 10:50:38
http://localhost/mms/rt_hourly_summary_report : IP Address : ::1 ==> Real Time Hourly Summary Report Page : User :  access the page on 2024-06-24 10:50:40
http://localhost/mms/ltd_report : IP Address : ::1 ==> LTD Report Page : User :  access the page on 2024-06-24 10:50:45
http://localhost/mms/mtd_report : IP Address : ::1 ==> MTD Report Page : User :  access the page on 2024-06-24 10:50:50
http://localhost/mms/lmtd_report : IP Address : ::1 ==> LMTD Report Page : User :  access the page on 2024-06-24 10:50:58
http://localhost/mms/mtd_report : IP Address : ::1 ==> MTD Report Page : User :  access the page on 2024-06-24 10:51:10
http://localhost/mms/lmtd_report : IP Address : ::1 ==> LMTD Report Page : User :  access the page on 2024-06-24 10:51:15
http://localhost/mms/mtd_report : IP Address : ::1 ==> MTD Report Page : User :  access the page on 2024-06-24 10:52:26
http://localhost/mms/mtd_report : IP Address : ::1 ==> MTD Report Page : User :  access the page on 2024-06-24 10:53:56
http://localhost/mms/lmtd_report : IP Address : ::1 ==> LMTD Report Page : User :  access the page on 2024-06-24 10:53:58
http://localhost/mms/lmtd_report : IP Address : ::1 ==> LMTD Report Page : User :  access the page on 2024-06-24 10:55:59
http://localhost/mms/logout.php : IP Address : ::1 ==> Logout Page : User : '' logged out successfully on 
http://localhost/mms/logout.php : IP Address : ::1 ==> Logout Page : All sessions destroyed successfully on 
http://localhost/mms/ajax/call_functions.php : IP Address : ::1 ==> Index Page : Username => celebdigital trying to login on 2024-06-24 10:57:09
http://localhost/mms/ajax/call_functions.php : IP Address : ::1 ==> Loginpage :  Execute the service [{
    "txt_username" : "celebdigital",
    "txt_password" : "YJt@123#",
    "request_id" : "5701846893"
  }] on 2024-06-24 10:57:09
http://localhost/mms/ajax/call_functions.php : IP Address : ::1 ==> Index Page : celebdigital logged in successfully on 2024-06-24 10:57:09
http://localhost/mms/rt_hourly_report : IP Address : ::1 ==> Real Time Hourly Report Page : User :  access the page on 2024-06-24 10:57:13
http://localhost/mms/rt_hourly_summary_report : IP Address : ::1 ==> Real Time Hourly Summary Report Page : User :  access the page on 2024-06-24 10:57:15
http://localhost/mms/mtd_report : IP Address : ::1 ==> MTD Report Page : User :  access the page on 2024-06-24 10:57:20
http://localhost/mms/lmtd_report : IP Address : ::1 ==> LMTD Report Page : User :  access the page on 2024-06-24 10:57:22
http://localhost/mms/lmtd_report : IP Address : ::1 ==> LMTD Report Page : User :  access the page on 2024-06-24 10:59:23
http://localhost/mms/lmtd_report : IP Address : ::1 ==> LMTD Report Page : User :  access the page on 2024-06-24 11:01:10
http://localhost/mms/lmtd_report : IP Address : ::1 ==> LMTD Report Page : User :  access the page on 2024-06-24 11:01:59
http://localhost/mms/lmtd_report : IP Address : ::1 ==> LMTD Report Page : User :  access the page on 2024-06-24 11:02:02
http://localhost/mms/lmtd_report : IP Address : ::1 ==> LMTD Report Page : User :  access the page on 2024-06-24 11:02:51
http://localhost/mms/lmtd_report : IP Address : ::1 ==> LMTD Report Page : User :  access the page on 2024-06-24 11:03:46
http://localhost/mms/lmtd_report : IP Address : ::1 ==> LMTD Report Page : User :  access the page on 2024-06-24 11:07:28
http://localhost/mms/ytd_report : IP Address : ::1 ==> YTD Report Page : User :  access the page on 2024-06-24 11:07:36
http://localhost/mms/ytd_report : IP Address : ::1 ==> YTD Report Page : User :  access the page on 2024-06-24 11:07:57
http://localhost/mms/ytd_report : IP Address : ::1 ==> YTD Report Page : User :  access the page on 2024-06-24 11:07:58
http://localhost/mms/ytd_report : IP Address : ::1 ==> YTD Report Page : User :  access the page on 2024-06-24 11:10:49
http://localhost/mms/ytd_report : IP Address : ::1 ==> YTD Report Page : User :  access the page on 2024-06-24 11:10:50
http://localhost/mms/ytd_report : IP Address : ::1 ==> YTD Report Page : User :  access the page on 2024-06-24 11:10:51
http://localhost/mms/ytd_report : IP Address : ::1 ==> YTD Report Page : User :  access the page on 2024-06-24 11:10:51
http://localhost/mms/ytd_report : IP Address : ::1 ==> YTD Report Page : User :  access the page on 2024-06-24 11:10:51
http://localhost/mms/ytd_report : IP Address : ::1 ==> YTD Report Page : User :  access the page on 2024-06-24 11:10:51
http://localhost/mms/ytd_report : IP Address : ::1 ==> YTD Report Page : User :  access the page on 2024-06-24 11:11:57
http://localhost/mms/lmtd_report : IP Address : ::1 ==> LMTD Report Page : User :  access the page on 2024-06-24 11:12:08
http://localhost/mms/mtd_report : IP Address : ::1 ==> MTD Report Page : User :  access the page on 2024-06-24 11:12:12
http://localhost/mms/ltd_report : IP Address : ::1 ==> LTD Report Page : User :  access the page on 2024-06-24 11:12:14
http://localhost/mms/mtd_report : IP Address : ::1 ==> MTD Report Page : User :  access the page on 2024-06-24 11:13:22
http://localhost/mms/lmtd_report : IP Address : ::1 ==> LMTD Report Page : User :  access the page on 2024-06-24 11:13:25
http://localhost/mms/rt_hourly_report : IP Address : ::1 ==> Real Time Hourly Report Page : User :  access the page on 2024-06-24 11:13:28
http://localhost/mms/rt_hourly_report : IP Address : ::1 ==> Real Time Hourly Report Page : User :  access the page on 2024-06-24 11:15:29
http://localhost/mms/rt_hourly_report : IP Address : ::1 ==> Real Time Hourly Report Page : User :  access the page on 2024-06-24 11:17:29
http://localhost/mms/ltd_report : IP Address : ::1 ==> LTD Report Page : User :  access the page on 2024-06-24 11:17:52
http://localhost/mms/ltd_report : IP Address : ::1 ==> LTD Report Page : User :  access the page on 2024-06-24 11:17:56
http://localhost/mms/ltd_report : IP Address : ::1 ==> LTD Report Page : User :  access the page on 2024-06-24 11:19:57
http://localhost/mms/ltd_report : IP Address : ::1 ==> LTD Report Page : User :  access the page on 2024-06-24 11:21:58
http://localhost/mms/ltd_report : IP Address : ::1 ==> LTD Report Page : User :  access the page on 2024-06-24 11:23:59
http://localhost/mms/ltd_report : IP Address : ::1 ==> LTD Report Page : User :  access the page on 2024-06-24 11:26:00
http://localhost/mms/ltd_report : IP Address : ::1 ==> LTD Report Page : User :  access the page on 2024-06-24 11:28:01
http://localhost/mms/ltd_report : IP Address : ::1 ==> LTD Report Page : User :  access the page on 2024-06-24 11:29:56
http://localhost/mms/ltd_report : IP Address : ::1 ==> LTD Report Page : User :  access the page on 2024-06-24 11:31:57
http://localhost/mms/ltd_report : IP Address : ::1 ==> LTD Report Page : User :  access the page on 2024-06-24 11:33:53
http://localhost/mms/ltd_report : IP Address : ::1 ==> LTD Report Page : User :  access the page on 2024-06-24 11:33:56
http://localhost/mms/ltd_report : IP Address : ::1 ==> LTD Report Page : User :  access the page on 2024-06-24 11:33:57
http://localhost/mms/ltd_report : IP Address : ::1 ==> LTD Report Page : User :  access the page on 2024-06-24 11:35:58
http://localhost/mms/ltd_report : IP Address : ::1 ==> LTD Report Page : User :  access the page on 2024-06-24 11:37:59
http://localhost/mms/ltd_report : IP Address : ::1 ==> LTD Report Page : User :  access the page on 2024-06-24 11:39:59
http://localhost/mms/ltd_report : IP Address : ::1 ==> LTD Report Page : User :  access the page on 2024-06-24 11:42:01
http://localhost/mms/ltd_report : IP Address : ::1 ==> LTD Report Page : User :  access the page on 2024-06-24 11:44:02
http://localhost/mms/ltd_report : IP Address : ::1 ==> LTD Report Page : User :  access the page on 2024-06-24 11:46:03
http://localhost/mms/ltd_report : IP Address : ::1 ==> LTD Report Page : User :  access the page on 2024-06-24 11:48:04
http://localhost/mms/ltd_report : IP Address : ::1 ==> LTD Report Page : User :  access the page on 2024-06-24 11:50:05
http://localhost/mms/ltd_report : IP Address : ::1 ==> LTD Report Page : User :  access the page on 2024-06-24 11:52:06
http://localhost/mms/ltd_report : IP Address : ::1 ==> LTD Report Page : User :  access the page on 2024-06-24 11:54:06
http://localhost/mms/ltd_report : IP Address : ::1 ==> LTD Report Page : User :  access the page on 2024-06-24 11:56:07
http://localhost/mms/ltd_report : IP Address : ::1 ==> LTD Report Page : User :  access the page on 2024-06-24 11:58:08
http://localhost/mms/ltd_report : IP Address : ::1 ==> LTD Report Page : User :  access the page on 2024-06-24 12:00:09
http://localhost/mms/ltd_report : IP Address : ::1 ==> LTD Report Page : User :  access the page on 2024-06-24 12:02:10
http://localhost/mms/ltd_report : IP Address : ::1 ==> LTD Report Page : User :  access the page on 2024-06-24 12:04:11
http://localhost/mms/ltd_report : IP Address : ::1 ==> LTD Report Page : User :  access the page on 2024-06-24 12:06:11
http://localhost/mms/ltd_report : IP Address : ::1 ==> LTD Report Page : User :  access the page on 2024-06-24 12:08:12
http://localhost/mms/ltd_report : IP Address : ::1 ==> LTD Report Page : User :  access the page on 2024-06-24 12:10:13
http://localhost/mms/ltd_report : IP Address : ::1 ==> LTD Report Page : User :  access the page on 2024-06-24 12:12:14
http://localhost/mms/ltd_report : IP Address : ::1 ==> LTD Report Page : User :  access the page on 2024-06-24 12:14:15
http://localhost/mms/ltd_report : IP Address : ::1 ==> LTD Report Page : User :  access the page on 2024-06-24 12:16:16
http://localhost/mms/ltd_report : IP Address : ::1 ==> LTD Report Page : User :  access the page on 2024-06-24 12:18:17
http://localhost/mms/ltd_report : IP Address : ::1 ==> LTD Report Page : User :  access the page on 2024-06-24 12:20:18
http://localhost/mms/ltd_report : IP Address : ::1 ==> LTD Report Page : User :  access the page on 2024-06-24 12:22:19
http://localhost/mms/ltd_report : IP Address : ::1 ==> LTD Report Page : User :  access the page on 2024-06-24 12:24:20
http://localhost/mms/ltd_report : IP Address : ::1 ==> LTD Report Page : User :  access the page on 2024-06-24 12:26:21
http://localhost/mms/ltd_report : IP Address : ::1 ==> LTD Report Page : User :  access the page on 2024-06-24 12:28:22
http://localhost/mms/ltd_report : IP Address : ::1 ==> LTD Report Page : User :  access the page on 2024-06-24 12:30:23
http://localhost/mms/ltd_report : IP Address : ::1 ==> LTD Report Page : User :  access the page on 2024-06-24 12:32:24
http://localhost/mms/ltd_report : IP Address : ::1 ==> LTD Report Page : User :  access the page on 2024-06-24 12:34:25
http://localhost/mms/ltd_report : IP Address : ::1 ==> LTD Report Page : User :  access the page on 2024-06-24 12:36:26
http://localhost/mms/ltd_report : IP Address : ::1 ==> LTD Report Page : User :  access the page on 2024-06-24 12:38:28
http://localhost/mms/ltd_report : IP Address : ::1 ==> LTD Report Page : User :  access the page on 2024-06-24 12:40:29
http://localhost/mms/ltd_report : IP Address : ::1 ==> LTD Report Page : User :  access the page on 2024-06-24 12:42:30
http://localhost/mms/ltd_report : IP Address : ::1 ==> LTD Report Page : User :  access the page on 2024-06-24 12:44:31
http://localhost/mms/ltd_report : IP Address : ::1 ==> LTD Report Page : User :  access the page on 2024-06-24 12:46:32
http://localhost/mms/ltd_report : IP Address : ::1 ==> LTD Report Page : User :  access the page on 2024-06-24 12:48:33
http://localhost/mms/ltd_report : IP Address : ::1 ==> LTD Report Page : User :  access the page on 2024-06-24 12:50:34
http://localhost/mms/ltd_report : IP Address : ::1 ==> LTD Report Page : User :  access the page on 2024-06-24 12:52:35
http://localhost/mms/ltd_report : IP Address : ::1 ==> LTD Report Page : User :  access the page on 2024-06-24 12:54:36
http://localhost/mms/ltd_report : IP Address : ::1 ==> LTD Report Page : User :  access the page on 2024-06-24 12:56:37
http://localhost/mms/ltd_report : IP Address : ::1 ==> LTD Report Page : User :  access the page on 2024-06-24 12:58:38
http://localhost/mms/ltd_report : IP Address : ::1 ==> LTD Report Page : User :  access the page on 2024-06-24 13:00:39
http://localhost/mms/ltd_report : IP Address : ::1 ==> LTD Report Page : User :  access the page on 2024-06-24 13:02:41
http://localhost/mms/ltd_report : IP Address : ::1 ==> LTD Report Page : User :  access the page on 2024-06-24 13:04:42
http://localhost/mms/ltd_report : IP Address : ::1 ==> LTD Report Page : User :  access the page on 2024-06-24 13:06:43
http://localhost/mms/ltd_report : IP Address : ::1 ==> LTD Report Page : User :  access the page on 2024-06-24 13:08:44
http://localhost/mms/ltd_report : IP Address : ::1 ==> LTD Report Page : User :  access the page on 2024-06-24 13:10:46
http://localhost/mms/ltd_report : IP Address : ::1 ==> LTD Report Page : User :  access the page on 2024-06-24 13:12:46
http://localhost/mms/ltd_report : IP Address : ::1 ==> LTD Report Page : User :  access the page on 2024-06-24 13:14:48
http://localhost/mms/ltd_report : IP Address : ::1 ==> LTD Report Page : User :  access the page on 2024-06-24 13:16:49
http://localhost/mms/ltd_report : IP Address : ::1 ==> LTD Report Page : User :  access the page on 2024-06-24 13:18:50
http://localhost/mms/ltd_report : IP Address : ::1 ==> LTD Report Page : User :  access the page on 2024-06-24 13:20:52
http://localhost/mms/ltd_report : IP Address : ::1 ==> LTD Report Page : User :  access the page on 2024-06-24 13:22:53
http://localhost/mms/ltd_report : IP Address : ::1 ==> LTD Report Page : User :  access the page on 2024-06-24 13:24:54
http://localhost/mms/ltd_report : IP Address : ::1 ==> LTD Report Page : User :  access the page on 2024-06-24 13:26:56
http://localhost/mms/ltd_report : IP Address : ::1 ==> LTD Report Page : User :  access the page on 2024-06-24 13:28:58
http://localhost/mms/ltd_report : IP Address : ::1 ==> LTD Report Page : User :  access the page on 2024-06-24 13:30:59
http://localhost/mms/ltd_report : IP Address : ::1 ==> LTD Report Page : User :  access the page on 2024-06-24 13:33:01
http://localhost/mms/ltd_report : IP Address : ::1 ==> LTD Report Page : User :  access the page on 2024-06-24 13:35:02
http://localhost/mms/ltd_report : IP Address : ::1 ==> LTD Report Page : User :  access the page on 2024-06-24 13:37:04
http://localhost/mms/ltd_report : IP Address : ::1 ==> LTD Report Page : User :  access the page on 2024-06-24 13:39:06
http://localhost/mms/ltd_report : IP Address : ::1 ==> LTD Report Page : User :  access the page on 2024-06-24 13:41:07
http://localhost/mms/ltd_report : IP Address : ::1 ==> LTD Report Page : User :  access the page on 2024-06-24 13:43:08
http://localhost/mms/ltd_report : IP Address : ::1 ==> LTD Report Page : User :  access the page on 2024-06-24 13:45:10
http://localhost/mms/ltd_report : IP Address : ::1 ==> LTD Report Page : User :  access the page on 2024-06-24 14:28:39
http://localhost/mms/ltd_report : IP Address : ::1 ==> LTD Report Page : User :  access the page on 2024-06-24 14:30:11
http://localhost/mms/mtd_report : IP Address : ::1 ==> MTD Report Page : User :  access the page on 2024-06-24 14:30:15
http://localhost/mms/lmtd_report : IP Address : ::1 ==> LMTD Report Page : User :  access the page on 2024-06-24 14:30:18
http://localhost/mms/ytd_report : IP Address : ::1 ==> YTD Report Page : User :  access the page on 2024-06-24 14:30:21
http://localhost/mms/ytd_report : IP Address : ::1 ==> YTD Report Page : User :  access the page on 2024-06-24 14:32:22
http://localhost/mms/ytd_report : IP Address : ::1 ==> YTD Report Page : User :  access the page on 2024-06-24 14:34:23
http://localhost/mms/ytd_report : IP Address : ::1 ==> YTD Report Page : User :  access the page on 2024-06-24 14:36:25
http://localhost/mms/ytd_report : IP Address : ::1 ==> YTD Report Page : User :  access the page on 2024-06-24 14:38:26
http://localhost/mms/ytd_report : IP Address : ::1 ==> YTD Report Page : User :  access the page on 2024-06-24 14:40:27
http://localhost/mms/ytd_report : IP Address : ::1 ==> YTD Report Page : User :  access the page on 2024-06-24 14:42:28
http://localhost/mms/ytd_report : IP Address : ::1 ==> YTD Report Page : User :  access the page on 2024-06-24 14:44:29
http://localhost/mms/ltd_report : IP Address : ::1 ==> LTD Report Page : User :  access the page on 2024-06-24 14:46:25
http://localhost/mms/ltd_report : IP Address : ::1 ==> LTD Report Page : User :  access the page on 2024-06-24 14:46:27
http://localhost/mms/ltd_report : IP Address : ::1 ==> LTD Report Page : User :  access the page on 2024-06-24 14:48:28
http://localhost/mms/ltd_report : IP Address : ::1 ==> LTD Report Page : User :  access the page on 2024-06-24 14:50:30
http://localhost/mms/ltd_report : IP Address : ::1 ==> LTD Report Page : User :  access the page on 2024-06-24 14:52:32
http://localhost/mms/ltd_report : IP Address : ::1 ==> LTD Report Page : User :  access the page on 2024-06-24 14:54:34
http://localhost/mms/ltd_report : IP Address : ::1 ==> LTD Report Page : User :  access the page on 2024-06-24 14:56:12
http://localhost/mms/mtd_report : IP Address : ::1 ==> MTD Report Page : User :  access the page on 2024-06-24 14:57:38
http://localhost/mms/mtd_report : IP Address : ::1 ==> MTD Report Page : User :  access the page on 2024-06-24 14:58:22
http://localhost/mms/lmtd_report : IP Address : ::1 ==> LMTD Report Page : User :  access the page on 2024-06-24 14:58:49
http://localhost/mms/lmtd_report : IP Address : ::1 ==> LMTD Report Page : User :  access the page on 2024-06-24 14:59:28
http://localhost/mms/lmtd_report : IP Address : ::1 ==> LMTD Report Page : User :  access the page on 2024-06-24 15:00:20
http://localhost/mms/lmtd_report : IP Address : ::1 ==> LMTD Report Page : User :  access the page on 2024-06-24 15:01:50
http://localhost/mms/lmtd_report : IP Address : ::1 ==> LMTD Report Page : User :  access the page on 2024-06-24 15:02:39
http://localhost/mms/lmtd_report : IP Address : ::1 ==> LMTD Report Page : User :  access the page on 2024-06-24 15:02:40
http://localhost/mms/mtd_report : IP Address : ::1 ==> MTD Report Page : User :  access the page on 2024-06-24 15:02:43
http://localhost/mms/ltd_report : IP Address : ::1 ==> LTD Report Page : User :  access the page on 2024-06-24 15:02:48
http://localhost/mms/mtd_report : IP Address : ::1 ==> MTD Report Page : User :  access the page on 2024-06-24 15:02:56
http://localhost/mms/ytd_report : IP Address : ::1 ==> YTD Report Page : User :  access the page on 2024-06-24 15:03:00
http://localhost/mms/lmtd_report : IP Address : ::1 ==> LMTD Report Page : User :  access the page on 2024-06-24 15:03:03
http://localhost/mms/lmtd_report : IP Address : ::1 ==> LMTD Report Page : User :  access the page on 2024-06-24 15:04:28
http://localhost/mms/lmtd_report : IP Address : ::1 ==> LMTD Report Page : User :  access the page on 2024-06-24 15:05:03
http://localhost/mms/lmtd_report : IP Address : ::1 ==> LMTD Report Page : User :  access the page on 2024-06-24 15:06:08
http://localhost/mms/mtd_report : IP Address : ::1 ==> MTD Report Page : User :  access the page on 2024-06-24 15:06:10
http://localhost/mms/lmtd_report : IP Address : ::1 ==> LMTD Report Page : User :  access the page on 2024-06-24 15:06:22
http://localhost/mms/ltd_report : IP Address : ::1 ==> LTD Report Page : User :  access the page on 2024-06-24 15:06:33
http://localhost/mms/lmtd_report : IP Address : ::1 ==> LMTD Report Page : User :  access the page on 2024-06-24 15:07:03
http://localhost/mms/lmtd_report : IP Address : ::1 ==> LMTD Report Page : User :  access the page on 2024-06-24 15:07:53
http://localhost/mms/lmtd_report : IP Address : ::1 ==> LMTD Report Page : User :  access the page on 2024-06-24 15:09:54
http://localhost/mms/lmtd_report : IP Address : ::1 ==> LMTD Report Page : User :  access the page on 2024-06-24 15:11:55
http://localhost/mms/lmtd_report : IP Address : ::1 ==> LMTD Report Page : User :  access the page on 2024-06-24 15:12:28
http://localhost/mms/lmtd_report : IP Address : ::1 ==> LMTD Report Page : User :  access the page on 2024-06-24 15:12:29
http://localhost/mms/lmtd_report : IP Address : ::1 ==> LMTD Report Page : User :  access the page on 2024-06-24 15:13:49
http://localhost/mms/lmtd_report : IP Address : ::1 ==> LMTD Report Page : User :  access the page on 2024-06-24 15:13:51
http://localhost/mms/lmtd_report : IP Address : ::1 ==> LMTD Report Page : User :  access the page on 2024-06-24 15:13:52
http://localhost/mms/lmtd_report : IP Address : ::1 ==> LMTD Report Page : User :  access the page on 2024-06-24 15:14:15
http://localhost/mms/lmtd_report : IP Address : ::1 ==> LMTD Report Page : User :  access the page on 2024-06-24 15:14:16
http://localhost/mms/lmtd_report : IP Address : ::1 ==> LMTD Report Page : User :  access the page on 2024-06-24 15:16:17
http://localhost/mms/lmtd_report : IP Address : ::1 ==> LMTD Report Page : User :  access the page on 2024-06-24 15:16:34
http://localhost/mms/lmtd_report : IP Address : ::1 ==> LMTD Report Page : User :  access the page on 2024-06-24 15:16:36
http://localhost/mms/lmtd_report : IP Address : ::1 ==> LMTD Report Page : User :  access the page on 2024-06-24 15:17:26
http://localhost/mms/lmtd_report : IP Address : ::1 ==> LMTD Report Page : User :  access the page on 2024-06-24 15:19:27
http://localhost/mms/lmtd_report : IP Address : ::1 ==> LMTD Report Page : User :  access the page on 2024-06-24 15:21:07
http://localhost/mms/ltd_report : IP Address : ::1 ==> LTD Report Page : User :  access the page on 2024-06-24 15:21:14
http://localhost/mms/mtd_report : IP Address : ::1 ==> MTD Report Page : User :  access the page on 2024-06-24 15:21:18
http://localhost/mms/ytd_report : IP Address : ::1 ==> YTD Report Page : User :  access the page on 2024-06-24 15:21:36
http://localhost/mms/ytd_report : IP Address : ::1 ==> YTD Report Page : User :  access the page on 2024-06-24 15:23:37
http://localhost/mms/lmtd_report : IP Address : ::1 ==> LMTD Report Page : User :  access the page on 2024-06-24 15:23:39
http://localhost/mms/lmtd_report : IP Address : ::1 ==> LMTD Report Page : User :  access the page on 2024-06-24 15:23:42
http://localhost/mms/lmtd_report : IP Address : ::1 ==> LMTD Report Page : User :  access the page on 2024-06-24 15:24:09
http://localhost/mms/lmtd_report : IP Address : ::1 ==> LMTD Report Page : User :  access the page on 2024-06-24 15:24:31
http://localhost/mms/lmtd_report : IP Address : ::1 ==> LMTD Report Page : User :  access the page on 2024-06-24 15:24:32
http://localhost/mms/lmtd_report : IP Address : ::1 ==> LMTD Report Page : User :  access the page on 2024-06-24 15:25:35
http://localhost/mms/lmtd_report : IP Address : ::1 ==> LMTD Report Page : User :  access the page on 2024-06-24 15:26:07
http://localhost/mms/lmtd_report : IP Address : ::1 ==> LMTD Report Page : User :  access the page on 2024-06-24 15:26:41
http://localhost/mms/lmtd_report : IP Address : ::1 ==> LMTD Report Page : User :  access the page on 2024-06-24 15:28:27
http://localhost/mms/lmtd_report : IP Address : ::1 ==> LMTD Report Page : User :  access the page on 2024-06-24 15:29:05
http://localhost/mms/lmtd_report : IP Address : ::1 ==> LMTD Report Page : User :  access the page on 2024-06-24 15:30:16
http://localhost/mms/lmtd_report : IP Address : ::1 ==> LMTD Report Page : User :  access the page on 2024-06-24 15:31:49
http://localhost/mms/lmtd_report : IP Address : ::1 ==> LMTD Report Page : User :  access the page on 2024-06-24 15:32:14
http://localhost/mms/ytd_report : IP Address : ::1 ==> YTD Report Page : User :  access the page on 2024-06-24 15:32:27
http://localhost/mms/ytd_report : IP Address : ::1 ==> YTD Report Page : User :  access the page on 2024-06-24 15:33:14
http://localhost/mms/ltd_report : IP Address : ::1 ==> LTD Report Page : User :  access the page on 2024-06-24 15:33:57
http://localhost/mms/mtd_report : IP Address : ::1 ==> MTD Report Page : User :  access the page on 2024-06-24 15:35:40
http://localhost/mms/ltd_report : IP Address : ::1 ==> LTD Report Page : User :  access the page on 2024-06-24 15:36:07
http://localhost/mms/user_register : IP Address : ::1 ==> User Registration Page : User :  access the page on 2024-06-24 15:38:50
http://localhost/mms/rt_hourly_report : IP Address : ::1 ==> Real Time Hourly Report Page : User :  access the page on 2024-06-24 15:38:57
http://localhost/mms/rt_hourly_summary_report : IP Address : ::1 ==> Real Time Hourly Summary Report Page : User :  access the page on 2024-06-24 15:39:03
http://localhost/mms/user_list : IP Address : ::1 ==> User List Page : User :  access the page on 2024-06-24 15:39:09
http://localhost/mms/user_register : IP Address : ::1 ==> User Registration Page : User :  access the page on 2024-06-24 15:39:13
http://localhost/mms/rt_hourly_report : IP Address : ::1 ==> Real Time Hourly Report Page : User :  access the page on 2024-06-24 15:39:21
http://localhost/mms/mtd_report : IP Address : ::1 ==> MTD Report Page : User :  access the page on 2024-06-24 15:39:26
http://localhost/mms/mtd_report : IP Address : ::1 ==> MTD Report Page : User :  access the page on 2024-06-24 15:41:26
http://localhost/mms/ltd_report : IP Address : ::1 ==> LTD Report Page : User :  access the page on 2024-06-24 15:42:06
http://localhost/mms/lmtd_report : IP Address : ::1 ==> LMTD Report Page : User :  access the page on 2024-06-24 15:42:11
http://localhost/mms/lmtd_report : IP Address : ::1 ==> LMTD Report Page : User :  access the page on 2024-06-24 15:44:11
http://localhost/mms/lmtd_report : IP Address : ::1 ==> LMTD Report Page : User :  access the page on 2024-06-24 15:46:12
http://localhost/mms/lmtd_report : IP Address : ::1 ==> LMTD Report Page : User :  access the page on 2024-06-24 15:48:14
http://localhost/mms/lmtd_report : IP Address : ::1 ==> LMTD Report Page : User :  access the page on 2024-06-24 15:50:16
http://localhost/mms/lmtd_report : IP Address : ::1 ==> LMTD Report Page : User :  access the page on 2024-06-24 15:52:16
http://localhost/mms/ytd_report : IP Address : ::1 ==> YTD Report Page : User :  access the page on 2024-06-24 15:52:18
http://localhost/mms/ytd_report : IP Address : ::1 ==> YTD Report Page : User :  access the page on 2024-06-24 15:52:21
http://localhost/mms/ytd_report : IP Address : ::1 ==> YTD Report Page : User :  access the page on 2024-06-24 15:54:23
http://localhost/mms/ytd_report : IP Address : ::1 ==> YTD Report Page : User :  access the page on 2024-06-24 15:56:25
http://localhost/mms/user_list : IP Address : ::1 ==> User List Page : User :  access the page on 2024-06-24 15:58:05
http://localhost/mms/rt_hourly_report : IP Address : ::1 ==> Real Time Hourly Report Page : User :  access the page on 2024-06-24 15:58:14
http://localhost/mms/rt_hourly_summary_report : IP Address : ::1 ==> Real Time Hourly Summary Report Page : User :  access the page on 2024-06-24 15:58:18
http://localhost/mms/ltd_report : IP Address : ::1 ==> LTD Report Page : User :  access the page on 2024-06-24 15:58:26
http://localhost/mms/mtd_report : IP Address : ::1 ==> MTD Report Page : User :  access the page on 2024-06-24 15:58:47
http://localhost/mms/lmtd_report : IP Address : ::1 ==> LMTD Report Page : User :  access the page on 2024-06-24 15:59:25
http://localhost/mms/ytd_report : IP Address : ::1 ==> YTD Report Page : User :  access the page on 2024-06-24 15:59:36
http://localhost/mms/ltd_report : IP Address : ::1 ==> LTD Report Page : User :  access the page on 2024-06-24 16:00:02
http://localhost/mms/change_pass.php : IP Address : ::1 ==> Change Password Page : User :  access the page on 2024-06-24 16:00:06
http://localhost/mms/ltd_report : IP Address : ::1 ==> LTD Report Page : User :  access the page on 2024-06-24 16:21:31
http://localhost/mms/ltd_report : IP Address : ::1 ==> LTD Report Page : User :  access the page on 2024-06-24 16:21:34
http://localhost/mms/ltd_report : IP Address : ::1 ==> LTD Report Page : User :  access the page on 2024-06-24 16:21:51
http://localhost/mms/ltd_report : IP Address : ::1 ==> LTD Report Page : User :  access the page on 2024-06-24 16:23:52
http://localhost/mms/ltd_report : IP Address : ::1 ==> LTD Report Page : User :  access the page on 2024-06-24 16:24:01
http://localhost/mms/ltd_report : IP Address : ::1 ==> LTD Report Page : User :  access the page on 2024-06-24 16:26:02
http://localhost/mms/ltd_report : IP Address : ::1 ==> LTD Report Page : User :  access the page on 2024-06-24 16:27:47
http://localhost/mms/ltd_report : IP Address : ::1 ==> LTD Report Page : User :  access the page on 2024-06-24 16:28:56
http://localhost/mms/ltd_report : IP Address : ::1 ==> LTD Report Page : User :  access the page on 2024-06-24 16:29:00
http://localhost/mms/ltd_report : IP Address : ::1 ==> LTD Report Page : User :  access the page on 2024-06-24 16:29:10
http://localhost/mms/ltd_report : IP Address : ::1 ==> LTD Report Page : User :  access the page on 2024-06-24 16:29:20
http://localhost/mms/ltd_report : IP Address : ::1 ==> LTD Report Page : User :  access the page on 2024-06-24 16:29:37
http://localhost/mms/ltd_report : IP Address : ::1 ==> LTD Report Page : User :  access the page on 2024-06-24 16:31:18
http://localhost/mms/ltd_report : IP Address : ::1 ==> LTD Report Page : User :  access the page on 2024-06-24 16:33:19
http://localhost/mms/ltd_report : IP Address : ::1 ==> LTD Report Page : User :  access the page on 2024-06-24 16:34:41
http://localhost/mms/ltd_report : IP Address : ::1 ==> LTD Report Page : User :  access the page on 2024-06-24 16:36:42
http://localhost/mms/ltd_report : IP Address : ::1 ==> LTD Report Page : User :  access the page on 2024-06-24 16:38:43
http://localhost/mms/mtd_report : IP Address : ::1 ==> MTD Report Page : User :  access the page on 2024-06-24 16:40:41
http://localhost/mms/lmtd_report : IP Address : ::1 ==> LMTD Report Page : User :  access the page on 2024-06-24 16:40:56
http://localhost/mms/ytd_report : IP Address : ::1 ==> YTD Report Page : User :  access the page on 2024-06-24 16:41:02
http://localhost/mms/ytd_report : IP Address : ::1 ==> YTD Report Page : User :  access the page on 2024-06-24 16:43:04
http://localhost/mms/ytd_report : IP Address : ::1 ==> YTD Report Page : User :  access the page on 2024-06-24 16:45:06
http://localhost/mms/ltd_report : IP Address : ::1 ==> LTD Report Page : User :  access the page on 2024-06-24 16:46:57
http://localhost/mms/ltd_report : IP Address : ::1 ==> LTD Report Page : User :  access the page on 2024-06-24 16:47:00
http://localhost/mms/ltd_report : IP Address : ::1 ==> LTD Report Page : User :  access the page on 2024-06-24 16:49:01
http://localhost/mms/ltd_report : IP Address : ::1 ==> LTD Report Page : User :  access the page on 2024-06-24 16:51:02
http://localhost/mms/ltd_report : IP Address : ::1 ==> LTD Report Page : User :  access the page on 2024-06-24 16:53:03
http://localhost/mms/ltd_report : IP Address : ::1 ==> LTD Report Page : User :  access the page on 2024-06-24 16:55:05
http://localhost/mms/ltd_report : IP Address : ::1 ==> LTD Report Page : User :  access the page on 2024-06-24 17:17:20
http://localhost/mms/rt_hourly_report : IP Address : ::1 ==> Real Time Hourly Report Page : User :  access the page on 2024-06-24 17:17:25
http://localhost/mms/rt_hourly_summary_report : IP Address : ::1 ==> Real Time Hourly Summary Report Page : User :  access the page on 2024-06-24 17:17:27
http://localhost/mms/user_list : IP Address : ::1 ==> User List Page : User :  access the page on 2024-06-24 17:17:31
http://localhost/mms/mtd_report : IP Address : ::1 ==> MTD Report Page : User :  access the page on 2024-06-24 17:17:37
http://localhost/mms/lmtd_report : IP Address : ::1 ==> LMTD Report Page : User :  access the page on 2024-06-24 17:17:46
http://localhost/mms/ytd_report : IP Address : ::1 ==> YTD Report Page : User :  access the page on 2024-06-24 17:17:54
http://localhost/mms/ltd_report : IP Address : ::1 ==> LTD Report Page : User :  access the page on 2024-06-24 17:18:17
http://localhost/mms/ltd_report : IP Address : ::1 ==> LTD Report Page : User :  access the page on 2024-06-24 17:20:19
http://localhost/mms/ltd_report : IP Address : ::1 ==> LTD Report Page : User :  access the page on 2024-06-24 17:22:21
http://localhost/mms/ltd_report : IP Address : ::1 ==> LTD Report Page : User :  access the page on 2024-06-24 17:24:23
http://localhost/mms/ltd_report : IP Address : ::1 ==> LTD Report Page : User :  access the page on 2024-06-24 17:25:03
http://localhost/mms/ltd_report : IP Address : ::1 ==> LTD Report Page : User :  access the page on 2024-06-24 17:26:34
http://localhost/mms/ltd_report : IP Address : ::1 ==> LTD Report Page : User :  access the page on 2024-06-24 17:27:45
http://localhost/mms/ltd_report : IP Address : ::1 ==> LTD Report Page : User :  access the page on 2024-06-24 17:29:47
http://localhost/mms/ltd_report : IP Address : ::1 ==> LTD Report Page : User :  access the page on 2024-06-24 17:31:49
http://localhost/mms/ltd_report : IP Address : ::1 ==> LTD Report Page : User :  access the page on 2024-06-24 17:33:51
http://localhost/mms/ltd_report : IP Address : ::1 ==> LTD Report Page : User :  access the page on 2024-06-24 17:35:54
http://localhost/mms/ltd_report : IP Address : ::1 ==> LTD Report Page : User :  access the page on 2024-06-24 17:37:56
http://localhost/mms/ltd_report : IP Address : ::1 ==> LTD Report Page : User :  access the page on 2024-06-24 17:39:58
http://localhost/mms/ltd_report : IP Address : ::1 ==> LTD Report Page : User :  access the page on 2024-06-24 17:42:01
http://localhost/mms/ltd_report : IP Address : ::1 ==> LTD Report Page : User :  access the page on 2024-06-24 17:43:42
http://localhost/mms/ltd_report : IP Address : ::1 ==> LTD Report Page : User :  access the page on 2024-06-24 17:43:47
http://localhost/mms/ltd_report : IP Address : ::1 ==> LTD Report Page : User :  access the page on 2024-06-24 17:44:09
http://localhost/mms/ltd_report : IP Address : ::1 ==> LTD Report Page : User :  access the page on 2024-06-24 17:46:10
http://localhost/mms/ltd_report : IP Address : ::1 ==> LTD Report Page : User :  access the page on 2024-06-24 17:47:59
http://localhost/mms/ltd_report : IP Address : ::1 ==> LTD Report Page : User :  access the page on 2024-06-24 17:50:01
http://localhost/mms/ltd_report : IP Address : ::1 ==> LTD Report Page : User :  access the page on 2024-06-24 17:50:12
http://localhost/mms/ltd_report : IP Address : ::1 ==> LTD Report Page : User :  access the page on 2024-06-24 17:51:44
http://localhost/mms/ltd_report : IP Address : ::1 ==> LTD Report Page : User :  access the page on 2024-06-24 17:52:08
http://localhost/mms/ltd_report : IP Address : ::1 ==> LTD Report Page : User :  access the page on 2024-06-24 17:53:23
http://localhost/mms/ltd_report : IP Address : ::1 ==> LTD Report Page : User :  access the page on 2024-06-24 17:53:26
http://localhost/mms/ltd_report : IP Address : ::1 ==> LTD Report Page : User :  access the page on 2024-06-24 17:53:39
http://localhost/mms/ltd_report : IP Address : ::1 ==> LTD Report Page : User :  access the page on 2024-06-24 17:55:39
http://localhost/mms/ltd_report : IP Address : ::1 ==> LTD Report Page : User :  access the page on 2024-06-24 17:56:18
http://localhost/mms/ltd_report : IP Address : ::1 ==> LTD Report Page : User :  access the page on 2024-06-24 17:56:22
http://localhost/mms/ltd_report : IP Address : ::1 ==> LTD Report Page : User :  access the page on 2024-06-24 17:56:51
http://localhost/mms/ltd_report : IP Address : ::1 ==> LTD Report Page : User :  access the page on 2024-06-24 17:58:10
http://localhost/mms/ltd_report : IP Address : ::1 ==> LTD Report Page : User :  access the page on 2024-06-24 17:58:49
http://localhost/mms/mtd_report : IP Address : ::1 ==> MTD Report Page : User :  access the page on 2024-06-24 17:59:05
http://localhost/mms/lmtd_report : IP Address : ::1 ==> LMTD Report Page : User :  access the page on 2024-06-24 17:59:08
http://localhost/mms/ytd_report : IP Address : ::1 ==> YTD Report Page : User :  access the page on 2024-06-24 17:59:10
http://localhost/mms/ltd_report : IP Address : ::1 ==> LTD Report Page : User :  access the page on 2024-06-24 18:00:57
http://localhost/mms/mtd_report : IP Address : ::1 ==> MTD Report Page : User :  access the page on 2024-06-24 18:00:59
http://localhost/mms/lmtd_report : IP Address : ::1 ==> LMTD Report Page : User :  access the page on 2024-06-24 18:01:04
http://localhost/mms/lmtd_report : IP Address : ::1 ==> LMTD Report Page : User :  access the page on 2024-06-24 18:03:04
http://localhost/mms/lmtd_report : IP Address : ::1 ==> LMTD Report Page : User :  access the page on 2024-06-24 18:05:05
http://localhost/mms/lmtd_report : IP Address : ::1 ==> LMTD Report Page : User :  access the page on 2024-06-24 18:07:05
http://localhost/mms/lmtd_report : IP Address : ::1 ==> LMTD Report Page : User :  access the page on 2024-06-24 18:09:05
http://localhost/mms/lmtd_report : IP Address : ::1 ==> LMTD Report Page : User :  access the page on 2024-06-24 18:11:05
http://localhost/mms/ytd_report : IP Address : ::1 ==> YTD Report Page : User :  access the page on 2024-06-24 18:11:45
http://localhost/mms/ytd_report : IP Address : ::1 ==> YTD Report Page : User :  access the page on 2024-06-24 18:11:58
http://localhost/mms/ytd_report : IP Address : ::1 ==> YTD Report Page : User :  access the page on 2024-06-24 18:13:59
http://localhost/mms/ytd_report : IP Address : ::1 ==> YTD Report Page : User :  access the page on 2024-06-24 18:16:00
http://localhost/mms/ytd_report : IP Address : ::1 ==> YTD Report Page : User :  access the page on 2024-06-24 18:18:00
http://localhost/mms/ytd_report : IP Address : ::1 ==> YTD Report Page : User :  access the page on 2024-06-24 18:20:01
http://localhost/mms/ytd_report : IP Address : ::1 ==> YTD Report Page : User :  access the page on 2024-06-24 18:22:02
http://localhost/mms/ytd_report : IP Address : ::1 ==> YTD Report Page : User :  access the page on 2024-06-24 18:24:03
http://localhost/mms/ytd_report : IP Address : ::1 ==> YTD Report Page : User :  access the page on 2024-06-24 18:26:03
http://localhost/mms/ytd_report : IP Address : ::1 ==> YTD Report Page : User :  access the page on 2024-06-24 18:28:04
http://localhost/mms/ytd_report : IP Address : ::1 ==> YTD Report Page : User :  access the page on 2024-06-24 18:30:05
