http://localhost/mms/ajax/call_functions.php : IP Address : ::1 ==> Index Page : Username => celebdigital trying to login on 2025-02-11 17:45:09
http://localhost/mms/ajax/call_functions.php : IP Address : ::1 ==> Loginpage :  Execute the service [{
    "txt_username" : "celebdigital",
    "txt_password" : "YJt@123#",
    "request_id" : "4146209395"
  }] on 2025-02-11 17:45:09
http://localhost/mms/ajax/call_functions.php : IP Address : ::1 ==> Index Page : Username => celebdigital trying to login on 2025-02-11 17:45:38
http://localhost/mms/ajax/call_functions.php : IP Address : ::1 ==> Loginpage :  Execute the service [{
    "txt_username" : "celebdigital",
    "txt_password" : "YJt@123#",
    "request_id" : "2416818821"
  }] on 2025-02-11 17:45:38
http://localhost/mms/ajax/call_functions.php : IP Address : ::1 ==> Index Page : Username => celebdigital trying to login on 2025-02-11 17:45:58
http://localhost/mms/ajax/call_functions.php : IP Address : ::1 ==> Loginpage :  Execute the service [{
    "txt_username" : "celebdigital",
    "txt_password" : "YJt@123#",
    "request_id" : "4438921667"
  }] on 2025-02-11 17:45:58
http://localhost/mms/ajax/call_functions.php : IP Address : ::1 ==> Index Page : Username => celebdigital trying to login on 2025-02-11 18:37:51
http://localhost/mms/ajax/call_functions.php : IP Address : ::1 ==> Loginpage :  Execute the service [{
    "txt_username" : "celebdigital",
    "txt_password" : "YJt@123#",
    "request_id" : "5903761170"
  }] on 2025-02-11 18:37:51
http://localhost/mms/ajax/call_functions.php : IP Address : ::1 ==> Index Page : Username => celebdigital trying to login on 2025-02-11 18:37:56
http://localhost/mms/ajax/call_functions.php : IP Address : ::1 ==> Loginpage :  Execute the service [{
    "txt_username" : "celebdigital",
    "txt_password" : "ddd",
    "request_id" : "8298878961"
  }] on 2025-02-11 18:37:56
http://localhost/mms/ajax/call_functions.php : IP Address : ::1 ==> Index Page : Username => celebdigital trying to login on 2025-02-11 18:38:02
http://localhost/mms/ajax/call_functions.php : IP Address : ::1 ==> Loginpage :  Execute the service [{
    "txt_username" : "celebdigital",
    "txt_password" : "eee",
    "request_id" : "6610419142"
  }] on 2025-02-11 18:38:02
http://localhost/mms/ajax/call_functions.php : IP Address : ::1 ==> Index Page : Username => celebdigital trying to login on 2025-02-11 18:38:07
http://localhost/mms/ajax/call_functions.php : IP Address : ::1 ==> Loginpage :  Execute the service [{
    "txt_username" : "celebdigital",
    "txt_password" : "ddd",
    "request_id" : "2158282340"
  }] on 2025-02-11 18:38:07
http://localhost/mms/ajax/call_functions.php : IP Address : ::1 ==> Index Page : Username => celebdigital trying to login on 2025-02-11 18:39:43
http://localhost/mms/ajax/call_functions.php : IP Address : ::1 ==> Loginpage :  Execute the service [{
    "txt_username" : "celebdigital",
    "txt_password" : "YJt@123#",
    "request_id" : "7090923777"
  }] on 2025-02-11 18:39:43
http://localhost/mms/ajax/call_functions.php : IP Address : ::1 ==> Index Page : celebdigital logged in successfully on 2025-02-11 18:39:43
http://localhost/mms/user_register : IP Address : ::1 ==> User Registration Page : User :  access the page on 2025-02-11 18:39:57
http://localhost/mms/logout : IP Address : ::1 ==> Logout Page : User : '' logged out successfully on 
http://localhost/mms/logout : IP Address : ::1 ==> Logout Page : All sessions destroyed successfully on 
http://localhost/mms/ajax/call_functions.php : IP Address : ::1 ==> Index Page : Username => celebdigital trying to login on 2025-02-11 18:41:55
http://localhost/mms/ajax/call_functions.php : IP Address : ::1 ==> Loginpage :  Execute the service [{
    "txt_username" : "celebdigital",
    "txt_password" : "YJt@123#j",
    "request_id" : "5588776316"
  }] on 2025-02-11 18:41:55
http://localhost/mms/ajax/call_functions.php : IP Address : ::1 ==> Index Page : celebdigital logged in failed [Invalid Password] on 2025-02-11 18:41:55
http://localhost/mms/ajax/call_functions.php : IP Address : ::1 ==> Index Page : Username => celebdigital trying to login on 2025-02-11 18:42:07
http://localhost/mms/ajax/call_functions.php : IP Address : ::1 ==> Loginpage :  Execute the service [{
    "txt_username" : "celebdigital",
    "txt_password" : "YJt@123#",
    "request_id" : "9236185680"
  }] on 2025-02-11 18:42:07
http://localhost/mms/ajax/call_functions.php : IP Address : ::1 ==> Index Page : celebdigital logged in successfully on 2025-02-11 18:42:07
http://localhost/mms/logout : IP Address : ::1 ==> Logout Page : User : '' logged out successfully on 
http://localhost/mms/logout : IP Address : ::1 ==> Logout Page : All sessions destroyed successfully on 
http://localhost/mms/ajax/call_functions.php : IP Address : ::1 ==> Index Page : Username => celebdigital trying to login on 2025-02-11 18:59:26
http://localhost/mms/ajax/call_functions.php : IP Address : ::1 ==> Loginpage :  Execute the service [{
    "txt_username" : "celebdigital",
    "txt_password" : "ejolejc",
    "request_id" : "9743283142"
  }] on 2025-02-11 18:59:26
http://localhost/mms/ajax/call_functions.php : IP Address : ::1 ==> Index Page : celebdigital logged in failed [Invalid Password] on 2025-02-11 18:59:26
http://localhost/mms/ajax/call_functions.php : IP Address : ::1 ==> Index Page : Username => celebdigital trying to login on 2025-02-11 18:59:38
http://localhost/mms/ajax/call_functions.php : IP Address : ::1 ==> Loginpage :  Execute the service [{
    "txt_username" : "celebdigital",
    "txt_password" : "YJt@123#",
    "request_id" : "1150185967"
  }] on 2025-02-11 18:59:38
http://localhost/mms/ajax/call_functions.php : IP Address : ::1 ==> Index Page : celebdigital logged in successfully on 2025-02-11 18:59:38
http://localhost/mms/ajax/call_functions.php : IP Address : ::1 ==> Index Page : Username => celebdigital trying to login on 2025-02-11 19:00:00
http://localhost/mms/ajax/call_functions.php : IP Address : ::1 ==> Loginpage :  Execute the service [{
    "txt_username" : "celebdigital",
    "txt_password" : "Yjt@123",
    "request_id" : "8692467053"
  }] on 2025-02-11 19:00:00
http://localhost/mms/ajax/call_functions.php : IP Address : ::1 ==> Index Page : celebdigital logged in failed [Invalid Password] on 2025-02-11 19:00:00
http://localhost/mms/ajax/call_functions.php : IP Address : ::1 ==> Index Page : Username => celebdigital trying to login on 2025-02-11 19:00:07
http://localhost/mms/ajax/call_functions.php : IP Address : ::1 ==> Loginpage :  Execute the service [{
    "txt_username" : "celebdigital",
    "txt_password" : "YJt@123#",
    "request_id" : "3899003539"
  }] on 2025-02-11 19:00:07
http://localhost/mms/ajax/call_functions.php : IP Address : ::1 ==> Index Page : celebdigital logged in successfully on 2025-02-11 19:00:07
http://localhost/mms/ajax/call_functions.php : IP Address : ::1 ==> Index Page : Username => celebdigitaleded trying to login on 2025-02-11 19:00:22
http://localhost/mms/ajax/call_functions.php : IP Address : ::1 ==> Loginpage :  Execute the service [{
    "txt_username" : "celebdigitaleded",
    "txt_password" : "eded",
    "request_id" : "8483476936"
  }] on 2025-02-11 19:00:22
http://localhost/mms/ajax/call_functions.php : IP Address : ::1 ==> Index Page : celebdigitaleded logged in failed [Invalid Password] on 2025-02-11 19:00:23
http://localhost/mms/ajax/call_functions.php : IP Address : ::1 ==> Index Page : Username => celebdigital trying to login on 2025-02-11 19:00:43
http://localhost/mms/ajax/call_functions.php : IP Address : ::1 ==> Loginpage :  Execute the service [{
    "txt_username" : "celebdigital",
    "txt_password" : "YJt@123#",
    "request_id" : "6188789239"
  }] on 2025-02-11 19:00:43
http://localhost/mms/ajax/call_functions.php : IP Address : ::1 ==> Index Page : celebdigital logged in successfully on 2025-02-11 19:00:43
http://localhost/mms/logout : IP Address : ::1 ==> Logout Page : User : '' logged out successfully on 
http://localhost/mms/logout : IP Address : ::1 ==> Logout Page : All sessions destroyed successfully on 
