http://localhost/mms/change_pass : IP Address : ::1 ==> Change Password Page : User :  access the page on 2024-06-21 09:39:10
http://localhost/mms/ajax/call_functions.php : IP Address : ::1 ==> Index Page : Username => celebdigital trying to login on 2024-06-21 09:39:26
http://localhost/mms/ajax/call_functions.php : IP Address : ::1 ==> Loginpage :  Execute the service [{
    "txt_username" : "celebdigital",
    "txt_password" : "YJt@123#",
    "request_id" : "4313114627"
  }] on 2024-06-21 09:39:26
http://localhost/mms/ajax/call_functions.php : IP Address : ::1 ==> Index Page : celebdigital logged in successfully on 2024-06-21 09:39:26
http://localhost/mms/rt_hourly_report : IP Address : ::1 ==> Real Time Hourly Report Page : User :  access the page on 2024-06-21 09:44:14
http://localhost/mms/rt_hourly_summary_report : IP Address : ::1 ==> Real Time Hourly Summary Report Page : User :  access the page on 2024-06-21 09:44:22
http://localhost/mms/user_register : IP Address : ::1 ==> User Registration Page : User :  access the page on 2024-06-21 09:44:32
http://localhost/mms/user_list : IP Address : ::1 ==> User List Page : User :  access the page on 2024-06-21 09:50:16
http://localhost/mms/user_list : IP Address : ::1 ==> User List Page : User :  access the page on 2024-06-21 09:52:16
http://localhost/mms/user_list : IP Address : ::1 ==> User List Page : User :  access the page on 2024-06-21 09:54:17
http://localhost/mms/user_list : IP Address : ::1 ==> User List Page : User :  access the page on 2024-06-21 09:56:17
http://localhost/mms/user_list : IP Address : ::1 ==> User List Page : User :  access the page on 2024-06-21 09:58:17
http://localhost/mms/user_list : IP Address : ::1 ==> User List Page : User :  access the page on 2024-06-21 10:00:17
http://localhost/mms/user_list : IP Address : ::1 ==> User List Page : User :  access the page on 2024-06-21 10:02:18
http://localhost/mms/user_list : IP Address : ::1 ==> User List Page : User :  access the page on 2024-06-21 10:04:18
http://localhost/mms/user_list : IP Address : ::1 ==> User List Page : User :  access the page on 2024-06-21 10:05:23
http://localhost/mms/user_list : IP Address : ::1 ==> User List Page : User :  access the page on 2024-06-21 10:05:29
http://localhost/mms/user_list : IP Address : ::1 ==> User List Page : User :  access the page on 2024-06-21 10:06:05
http://localhost/mms/user_list : IP Address : ::1 ==> User List Page : User :  access the page on 2024-06-21 10:08:06
http://localhost/mms/user_list : IP Address : ::1 ==> User List Page : User :  access the page on 2024-06-21 10:09:20
http://localhost/mms/user_list : IP Address : ::1 ==> User List Page : User :  access the page on 2024-06-21 10:11:21
http://localhost/mms/user_list : IP Address : ::1 ==> User List Page : User :  access the page on 2024-06-21 10:13:09
http://localhost/mms/user_list : IP Address : ::1 ==> User List Page : User :  access the page on 2024-06-21 10:13:43
http://localhost/mms/user_list : IP Address : ::1 ==> User List Page : User :  access the page on 2024-06-21 10:15:43
http://localhost/mms/user_list : IP Address : ::1 ==> User List Page : User :  access the page on 2024-06-21 10:17:44
http://localhost/mms/user_list : IP Address : ::1 ==> User List Page : User :  access the page on 2024-06-21 10:17:59
http://localhost/mms/user_register : IP Address : ::1 ==> User Registration Page : User :  access the page on 2024-06-21 10:18:48
http://localhost/mms/user_register : IP Address : ::1 ==> User Registration Page : User :  access the page on 2024-06-21 10:22:52
http://localhost/mms/user_register : IP Address : ::1 ==> User Registration Page : User :  access the page on 2024-06-21 10:25:29
http://localhost/mms/user_register : IP Address : ::1 ==> User Registration Page : User :  access the page on 2024-06-21 10:25:32
http://localhost/mms/user_register : IP Address : ::1 ==> User Registration Page : User :  access the page on 2024-06-21 10:26:04
http://localhost/mms/user_register : IP Address : ::1 ==> User Registration Page : User :  access the page on 2024-06-21 10:26:13
http://localhost/mms/user_register : IP Address : ::1 ==> User Registration Page : User :  access the page on 2024-06-21 10:26:14
http://localhost/mms/ajax/call_functions.php?otp_call_function=mobile_otp : IP Address : ::1 ==> Mobile OTP - Mobile number OTP Page : User :  access the page on 2024-06-21 10:26:56
http://localhost/mms/ajax/call_functions.php?otp_call_function=mobile_otp : IP Address : ::1 ==> Mobile OTP - Mobile number OTP Page : User :  OTP Updated ( http://14.99.201.14/sms_api/api/smsapi?process=compose_send_sms&username='.celebmedia.'&password='.YJt@123.'&campaign_name='.testcmp.'&number='.7539998917.'&message=Your%20OTP%20is%20'.785892) successfully on 2024-06-21 10:26:56
http://localhost/mms/ajax/call_functions.php?otp_check_call_function=mobile_check_otp : IP Address : ::1 ==> Mobile OTP - OTP Check Page : User :  access the page on 2024-06-21 10:27:01
http://localhost/mms/user_register : IP Address : ::1 ==> User Registration Page : User :  access the page on 2024-06-21 10:27:25
http://localhost/mms/user_list : IP Address : ::1 ==> User List Page : User :  access the page on 2024-06-21 10:27:27
http://localhost/mms/user_register : IP Address : ::1 ==> User Registration Page : User :  access the page on 2024-06-21 10:27:31
http://localhost/mms/user_register : IP Address : ::1 ==> User Registration Page : User :  access the page on 2024-06-21 10:27:32
http://localhost/mms/user_register : IP Address : ::1 ==> User Registration Page : User :  access the page on 2024-06-21 10:27:36
http://localhost/mms/user_list : IP Address : ::1 ==> User List Page : User :  access the page on 2024-06-21 10:27:39
http://localhost/mms/user_register : IP Address : ::1 ==> User Registration Page : User :  access the page on 2024-06-21 10:27:40
http://localhost/mms/ajax/call_functions.php?otp_call_function=mobile_otp : IP Address : ::1 ==> Mobile OTP - Mobile number OTP Page : User :  access the page on 2024-06-21 10:27:57
http://localhost/mms/ajax/call_functions.php?otp_call_function=mobile_otp : IP Address : ::1 ==> Mobile OTP - Mobile number OTP Page : User :  OTP Updated ( http://14.99.201.14/sms_api/api/smsapi?process=compose_send_sms&username='.celebmedia.'&password='.YJt@123.'&campaign_name='.testcmp.'&number='.7539998917.'&message=Your%20OTP%20is%20'.229843) successfully on 2024-06-21 10:27:57
http://localhost/mms/ajax/call_functions.php?otp_check_call_function=mobile_check_otp : IP Address : ::1 ==> Mobile OTP - OTP Check Page : User :  access the page on 2024-06-21 10:28:00
http://localhost/mms/user_register : IP Address : ::1 ==> User Registration Page : User :  access the page on 2024-06-21 10:28:33
http://localhost/mms/ajax/call_functions.php?otp_call_function=mobile_otp : IP Address : ::1 ==> Mobile OTP - Mobile number OTP Page : User :  access the page on 2024-06-21 10:28:53
http://localhost/mms/ajax/call_functions.php?otp_call_function=mobile_otp : IP Address : ::1 ==> Mobile OTP - Mobile number OTP Page : User :  OTP Updated ( http://14.99.201.14/sms_api/api/smsapi?process=compose_send_sms&username='.celebmedia.'&password='.YJt@123.'&campaign_name='.testcmp.'&number='.7539998917.'&message=Your%20OTP%20is%20'.769931) successfully on 2024-06-21 10:28:53
http://localhost/mms/ajax/call_functions.php?otp_check_call_function=mobile_check_otp : IP Address : ::1 ==> Mobile OTP - OTP Check Page : User :  access the page on 2024-06-21 10:28:59
http://localhost/mms/user_register : IP Address : ::1 ==> User Registration Page : User :  access the page on 2024-06-21 10:29:47
http://localhost/mms/user_register : IP Address : ::1 ==> User Registration Page : User :  access the page on 2024-06-21 10:30:17
http://localhost/mms/ajax/call_functions.php?otp_call_function=mobile_otp : IP Address : ::1 ==> Mobile OTP - Mobile number OTP Page : User :  access the page on 2024-06-21 10:30:42
http://localhost/mms/ajax/call_functions.php?otp_call_function=mobile_otp : IP Address : ::1 ==> Mobile OTP - Mobile number OTP Page : User :  OTP Updated ( http://14.99.201.14/sms_api/api/smsapi?process=compose_send_sms&username='.celebmedia.'&password='.YJt@123.'&campaign_name='.testcmp.'&number='.7539998917.'&message=Your%20OTP%20is%20'.414329) successfully on 2024-06-21 10:30:42
http://localhost/mms/ajax/call_functions.php?otp_check_call_function=mobile_check_otp : IP Address : ::1 ==> Mobile OTP - OTP Check Page : User :  access the page on 2024-06-21 10:30:46
http://localhost/mms/user_list : IP Address : ::1 ==> User List Page : User :  access the page on 2024-06-21 10:33:09
http://localhost/mms/user_list : IP Address : ::1 ==> User List Page : User :  access the page on 2024-06-21 10:35:10
http://localhost/mms/user_list : IP Address : ::1 ==> User List Page : User :  access the page on 2024-06-21 10:37:11
http://localhost/mms/user_list : IP Address : ::1 ==> User List Page : User :  access the page on 2024-06-21 10:39:11
http://localhost/mms/user_list : IP Address : ::1 ==> User List Page : User :  access the page on 2024-06-21 10:41:12
http://localhost/mms/user_register : IP Address : ::1 ==> User Registration Page : User :  access the page on 2024-06-21 10:43:11
http://localhost/mms/user_register : IP Address : ::1 ==> User Registration Page : User :  access the page on 2024-06-21 10:43:16
http://localhost/mms/user_register : IP Address : ::1 ==> User Registration Page : User :  access the page on 2024-06-21 10:43:22
http://localhost/mms/user_list : IP Address : ::1 ==> User List Page : User :  access the page on 2024-06-21 10:43:27
http://localhost/mms/user_list : IP Address : ::1 ==> User List Page : User :  access the page on 2024-06-21 10:45:27
http://localhost/mms/user_list : IP Address : ::1 ==> User List Page : User :  access the page on 2024-06-21 10:47:28
http://localhost/mms/user_list : IP Address : ::1 ==> User List Page : User :  access the page on 2024-06-21 10:49:29
http://localhost/mms/user_list : IP Address : ::1 ==> User List Page : User :  access the page on 2024-06-21 10:51:29
http://localhost/mms/user_list : IP Address : ::1 ==> User List Page : User :  access the page on 2024-06-21 10:53:30
http://localhost/mms/user_list : IP Address : ::1 ==> User List Page : User :  access the page on 2024-06-21 10:55:30
http://localhost/mms/user_register : IP Address : ::1 ==> User Registration Page : User :  access the page on 2024-06-21 10:56:40
http://localhost/mms/user_register : IP Address : ::1 ==> User Registration Page : User :  access the page on 2024-06-21 10:56:45
http://localhost/mms/user_register : IP Address : ::1 ==> User Registration Page : User :  access the page on 2024-06-21 10:57:24
http://localhost/mms/rt_hourly_report : IP Address : ::1 ==> Real Time Hourly Report Page : User :  access the page on 2024-06-21 11:13:57
http://localhost/mms/rt_hourly_report : IP Address : ::1 ==> Real Time Hourly Report Page : User :  access the page on 2024-06-21 11:14:05
http://localhost/mms/rt_hourly_summary_report : IP Address : ::1 ==> Real Time Hourly Summary Report Page : User :  access the page on 2024-06-21 11:14:09
http://localhost/mms/ltd_report : IP Address : ::1 ==> LTD Report Page : User :  access the page on 2024-06-21 11:14:15
http://localhost/mms/rt_hourly_report : IP Address : ::1 ==> Real Time Hourly Report Page : User :  access the page on 2024-06-21 11:14:26
http://localhost/mms/rt_hourly_summary_report : IP Address : ::1 ==> Real Time Hourly Summary Report Page : User :  access the page on 2024-06-21 11:14:37
http://localhost/mms/rt_hourly_summary_report : IP Address : ::1 ==> Real Time Hourly Summary Report Page : User :  access the page on 2024-06-21 11:14:58
http://localhost/mms/logout.php : IP Address : ::1 ==> Logout Page : User : '' logged out successfully on 
http://localhost/mms/logout.php : IP Address : ::1 ==> Logout Page : All sessions destroyed successfully on 
http://localhost/mms/ajax/call_functions.php : IP Address : ::1 ==> Index Page : Username => celebdigital trying to login on 2024-06-21 11:15:29
http://localhost/mms/ajax/call_functions.php : IP Address : ::1 ==> Loginpage :  Execute the service [{
    "txt_username" : "celebdigital",
    "txt_password" : "YJt@123#",
    "request_id" : "6995217220"
  }] on 2024-06-21 11:15:29
http://localhost/mms/ajax/call_functions.php : IP Address : ::1 ==> Index Page : celebdigital logged in successfully on 2024-06-21 11:15:29
http://localhost/mms/rt_hourly_report : IP Address : ::1 ==> Real Time Hourly Report Page : User :  access the page on 2024-06-21 11:15:36
http://localhost/mms/rt_hourly_summary_report : IP Address : ::1 ==> Real Time Hourly Summary Report Page : User :  access the page on 2024-06-21 11:15:41
http://localhost/mms/ltd_report : IP Address : ::1 ==> LTD Report Page : User :  access the page on 2024-06-21 11:15:46
http://localhost/mms/mtd_report : IP Address : ::1 ==> MTD Report Page : User :  access the page on 2024-06-21 11:15:47
http://localhost/mms/mtd_report : IP Address : ::1 ==> MTD Report Page : User :  access the page on 2024-06-21 11:15:49
http://localhost/mms/lmtd_report : IP Address : ::1 ==> LMTD Report Page : User :  access the page on 2024-06-21 11:15:49
http://localhost/mms/ytd_report : IP Address : ::1 ==> YTD Report Page : User :  access the page on 2024-06-21 11:15:53
http://localhost/mms/rt_hourly_report : IP Address : ::1 ==> Real Time Hourly Report Page : User :  access the page on 2024-06-21 11:15:58
http://localhost/mms/rt_hourly_report : IP Address : ::1 ==> Real Time Hourly Report Page : User :  access the page on 2024-06-21 11:16:56
http://localhost/mms/rt_hourly_report : IP Address : ::1 ==> Real Time Hourly Report Page : User :  access the page on 2024-06-21 11:17:26
http://localhost/mms/rt_hourly_report : IP Address : ::1 ==> Real Time Hourly Report Page : User :  access the page on 2024-06-21 11:17:31
http://localhost/mms/rt_hourly_report : IP Address : ::1 ==> Real Time Hourly Report Page : User :  access the page on 2024-06-21 11:18:17
http://localhost/mms/rt_hourly_report : IP Address : ::1 ==> Real Time Hourly Report Page : User :  access the page on 2024-06-21 11:18:29
http://localhost/mms/rt_hourly_report : IP Address : ::1 ==> Real Time Hourly Report Page : User :  access the page on 2024-06-21 11:20:30
http://localhost/mms/rt_hourly_report : IP Address : ::1 ==> Real Time Hourly Report Page : User :  access the page on 2024-06-21 11:22:17
http://localhost/mms/rt_hourly_report : IP Address : ::1 ==> Real Time Hourly Report Page : User :  access the page on 2024-06-21 11:23:18
http://localhost/mms/rt_hourly_report : IP Address : ::1 ==> Real Time Hourly Report Page : User :  access the page on 2024-06-21 11:23:44
http://localhost/mms/rt_hourly_report : IP Address : ::1 ==> Real Time Hourly Report Page : User :  access the page on 2024-06-21 11:25:44
http://localhost/mms/rt_hourly_report : IP Address : ::1 ==> Real Time Hourly Report Page : User :  access the page on 2024-06-21 11:27:31
http://localhost/mms/rt_hourly_summary_report : IP Address : ::1 ==> Real Time Hourly Summary Report Page : User :  access the page on 2024-06-21 11:27:37
http://localhost/mms/rt_hourly_report : IP Address : ::1 ==> Real Time Hourly Report Page : User :  access the page on 2024-06-21 11:27:47
http://localhost/mms/user_list : IP Address : ::1 ==> User List Page : User :  access the page on 2024-06-21 11:27:53
http://localhost/mms/user_register : IP Address : ::1 ==> User Registration Page : User :  access the page on 2024-06-21 11:27:55
http://localhost/mms/ltd_report : IP Address : ::1 ==> LTD Report Page : User :  access the page on 2024-06-21 11:30:51
http://localhost/mms/ltd_report : IP Address : ::1 ==> LTD Report Page : User :  access the page on 2024-06-21 11:30:52
http://localhost/mms/mtd_report : IP Address : ::1 ==> MTD Report Page : User :  access the page on 2024-06-21 11:30:58
http://localhost/mms/lmtd_report : IP Address : ::1 ==> LMTD Report Page : User :  access the page on 2024-06-21 11:30:59
http://localhost/mms/ytd_report : IP Address : ::1 ==> YTD Report Page : User :  access the page on 2024-06-21 11:31:01
http://localhost/mms/ltd_report : IP Address : ::1 ==> LTD Report Page : User :  access the page on 2024-06-21 11:31:03
http://localhost/mms/ltd_report : IP Address : ::1 ==> LTD Report Page : User :  access the page on 2024-06-21 11:33:03
http://localhost/mms/ltd_report : IP Address : ::1 ==> LTD Report Page : User :  access the page on 2024-06-21 11:34:23
http://localhost/mms/ltd_report : IP Address : ::1 ==> LTD Report Page : User :  access the page on 2024-06-21 11:34:24
http://localhost/mms/ltd_report : IP Address : ::1 ==> LTD Report Page : User :  access the page on 2024-06-21 11:34:25
http://localhost/mms/ltd_report : IP Address : ::1 ==> LTD Report Page : User :  access the page on 2024-06-21 11:34:50
http://localhost/mms/ltd_report : IP Address : ::1 ==> LTD Report Page : User :  access the page on 2024-06-21 11:35:20
http://localhost/mms/ltd_report : IP Address : ::1 ==> LTD Report Page : User :  access the page on 2024-06-21 11:35:28
http://localhost/mms/mtd_report : IP Address : ::1 ==> MTD Report Page : User :  access the page on 2024-06-21 11:35:30
http://localhost/mms/mtd_report : IP Address : ::1 ==> MTD Report Page : User :  access the page on 2024-06-21 11:35:33
http://localhost/mms/ltd_report : IP Address : ::1 ==> LTD Report Page : User :  access the page on 2024-06-21 11:35:39
http://localhost/mms/ltd_report : IP Address : ::1 ==> LTD Report Page : User :  access the page on 2024-06-21 11:36:27
http://localhost/mms/rt_hourly_report : IP Address : ::1 ==> Real Time Hourly Report Page : User :  access the page on 2024-06-21 11:36:55
http://localhost/mms/rt_hourly_summary_report : IP Address : ::1 ==> Real Time Hourly Summary Report Page : User :  access the page on 2024-06-21 11:37:04
http://localhost/mms/rt_hourly_report : IP Address : ::1 ==> Real Time Hourly Report Page : User :  access the page on 2024-06-21 11:37:07
http://localhost/mms/rt_hourly_report : IP Address : ::1 ==> Real Time Hourly Report Page : User :  access the page on 2024-06-21 11:38:39
http://localhost/mms/rt_hourly_report : IP Address : ::1 ==> Real Time Hourly Report Page : User :  access the page on 2024-06-21 11:40:40
http://localhost/mms/rt_hourly_report : IP Address : ::1 ==> Real Time Hourly Report Page : User :  access the page on 2024-06-21 11:42:40
http://localhost/mms/logout.php : IP Address : ::1 ==> Logout Page : User : '' logged out successfully on 
http://localhost/mms/logout.php : IP Address : ::1 ==> Logout Page : All sessions destroyed successfully on 
http://localhost/mms/ajax/call_functions.php : IP Address : ::1 ==> Index Page : Username => celebdigital trying to login on 2024-06-21 11:42:51
http://localhost/mms/ajax/call_functions.php : IP Address : ::1 ==> Loginpage :  Execute the service [{
    "txt_username" : "celebdigital",
    "txt_password" : "adka",
    "request_id" : "1860605654"
  }] on 2024-06-21 11:42:51
http://localhost/mms/ajax/call_functions.php : IP Address : ::1 ==> Index Page : celebdigital logged in failed [Invalid Password] on 2024-06-21 11:42:51
http://localhost/mms/ajax/call_functions.php : IP Address : ::1 ==> Index Page : Username => celebdigital trying to login on 2024-06-21 11:43:02
http://localhost/mms/ajax/call_functions.php : IP Address : ::1 ==> Loginpage :  Execute the service [{
    "txt_username" : "celebdigital",
    "txt_password" : "YJt@123#",
    "request_id" : "8450158682"
  }] on 2024-06-21 11:43:02
http://localhost/mms/ajax/call_functions.php : IP Address : ::1 ==> Index Page : celebdigital logged in successfully on 2024-06-21 11:43:02
http://localhost/mms/user_list : IP Address : ::1 ==> User List Page : User :  access the page on 2024-06-21 11:47:40
http://localhost/mms/user_list : IP Address : ::1 ==> User List Page : User :  access the page on 2024-06-21 11:49:40
http://localhost/mms/user_list : IP Address : ::1 ==> User List Page : User :  access the page on 2024-06-21 11:51:40
http://localhost/mms/user_list : IP Address : ::1 ==> User List Page : User :  access the page on 2024-06-21 11:53:41
http://localhost/mms/user_list : IP Address : ::1 ==> User List Page : User :  access the page on 2024-06-21 11:55:41
http://localhost/mms/user_list : IP Address : ::1 ==> User List Page : User :  access the page on 2024-06-21 11:55:59
http://localhost/mms/user_list : IP Address : ::1 ==> User List Page : User :  access the page on 2024-06-21 11:58:00
http://localhost/mms/user_list : IP Address : ::1 ==> User List Page : User :  access the page on 2024-06-21 12:00:00
http://localhost/mms/user_list : IP Address : ::1 ==> User List Page : User :  access the page on 2024-06-21 12:01:42
http://localhost/mms/user_list : IP Address : ::1 ==> User List Page : User :  access the page on 2024-06-21 12:02:33
http://localhost/mms/rt_hourly_report : IP Address : ::1 ==> Real Time Hourly Report Page : User :  access the page on 2024-06-21 12:02:36
http://localhost/mms/rt_hourly_summary_report : IP Address : ::1 ==> Real Time Hourly Summary Report Page : User :  access the page on 2024-06-21 12:02:38
http://localhost/mms/ltd_report : IP Address : ::1 ==> LTD Report Page : User :  access the page on 2024-06-21 12:02:42
http://localhost/mms/mtd_report : IP Address : ::1 ==> MTD Report Page : User :  access the page on 2024-06-21 12:02:44
http://localhost/mms/user_register : IP Address : ::1 ==> User Registration Page : User :  access the page on 2024-06-21 12:02:48
http://localhost/mms/user_list : IP Address : ::1 ==> User List Page : User :  access the page on 2024-06-21 12:02:52
http://localhost/mms/user_list : IP Address : ::1 ==> User List Page : User :  access the page on 2024-06-21 12:03:09
http://localhost/mms/user_list : IP Address : ::1 ==> User List Page : User :  access the page on 2024-06-21 12:05:09
http://localhost/mms/user_list : IP Address : ::1 ==> User List Page : User :  access the page on 2024-06-21 12:07:10
http://localhost/mms/user_list : IP Address : ::1 ==> User List Page : User :  access the page on 2024-06-21 12:09:10
http://localhost/mms/user_list : IP Address : ::1 ==> User List Page : User :  access the page on 2024-06-21 12:10:29
http://localhost/mms/user_register : IP Address : ::1 ==> User Registration Page : User :  access the page on 2024-06-21 12:10:47
http://localhost/mms/user_list : IP Address : ::1 ==> User List Page : User :  access the page on 2024-06-21 12:10:53
http://localhost/mms/user_register : IP Address : ::1 ==> User Registration Page : User :  access the page on 2024-06-21 12:11:06
http://localhost/mms/user_register : IP Address : ::1 ==> User Registration Page : User :  access the page on 2024-06-21 12:11:12
http://localhost/mms/ajax/call_functions.php?otp_call_function=mobile_otp : IP Address : ::1 ==> Mobile OTP - Mobile number OTP Page : User :  access the page on 2024-06-21 12:11:28
http://localhost/mms/ajax/call_functions.php?otp_call_function=mobile_otp : IP Address : ::1 ==> Mobile OTP - Mobile number OTP Page : User :  OTP Updated ( http://14.99.201.14/sms_api/api/smsapi?process=compose_send_sms&username='.celebmedia.'&password='.YJt@123.'&campaign_name='.testcmp.'&number='.7539998917.'&message=Your%20OTP%20is%20'.826964) successfully on 2024-06-21 12:11:28
http://localhost/mms/ajax/call_functions.php?otp_check_call_function=mobile_check_otp : IP Address : ::1 ==> Mobile OTP - OTP Check Page : User :  access the page on 2024-06-21 12:11:35
http://localhost/mms/user_register : IP Address : ::1 ==> User Registration Page : User :  access the page on 2024-06-21 12:11:57
http://localhost/mms/ajax/call_functions.php?otp_call_function=mobile_otp : IP Address : ::1 ==> Mobile OTP - Mobile number OTP Page : User :  access the page on 2024-06-21 12:12:17
http://localhost/mms/ajax/call_functions.php?otp_call_function=mobile_otp : IP Address : ::1 ==> Mobile OTP - Mobile number OTP Page : User :  OTP Updated ( http://14.99.201.14/sms_api/api/smsapi?process=compose_send_sms&username='.celebmedia.'&password='.YJt@123.'&campaign_name='.testcmp.'&number='.7539998917.'&message=Your%20OTP%20is%20'.644212) successfully on 2024-06-21 12:12:17
http://localhost/mms/ajax/call_functions.php?otp_check_call_function=mobile_check_otp : IP Address : ::1 ==> Mobile OTP - OTP Check Page : User :  access the page on 2024-06-21 12:12:20
http://localhost/mms/user_register : IP Address : ::1 ==> User Registration Page : User :  access the page on 2024-06-21 12:12:56
http://localhost/mms/user_list : IP Address : ::1 ==> User List Page : User :  access the page on 2024-06-21 12:18:06
http://localhost/mms/user_list : IP Address : ::1 ==> User List Page : User :  access the page on 2024-06-21 12:20:06
http://localhost/mms/user_list : IP Address : ::1 ==> User List Page : User :  access the page on 2024-06-21 12:22:06
http://localhost/mms/user_list : IP Address : ::1 ==> User List Page : User :  access the page on 2024-06-21 12:24:07
http://localhost/mms/user_list : IP Address : ::1 ==> User List Page : User :  access the page on 2024-06-21 12:26:07
http://localhost/mms/user_list : IP Address : ::1 ==> User List Page : User :  access the page on 2024-06-21 12:26:16
http://localhost/mms/user_list : IP Address : ::1 ==> User List Page : User :  access the page on 2024-06-21 12:28:16
http://localhost/mms/user_list : IP Address : ::1 ==> User List Page : User :  access the page on 2024-06-21 12:30:16
http://localhost/mms/user_list : IP Address : ::1 ==> User List Page : User :  access the page on 2024-06-21 12:32:17
http://localhost/mms/user_list : IP Address : ::1 ==> User List Page : User :  access the page on 2024-06-21 12:32:32
http://localhost/mms/user_list : IP Address : ::1 ==> User List Page : User :  access the page on 2024-06-21 12:34:32
http://localhost/mms/user_list : IP Address : ::1 ==> User List Page : User :  access the page on 2024-06-21 12:36:32
http://localhost/mms/user_list : IP Address : ::1 ==> User List Page : User :  access the page on 2024-06-21 12:38:32
http://localhost/mms/user_list : IP Address : ::1 ==> User List Page : User :  access the page on 2024-06-21 12:40:32
http://localhost/mms/ltd_report : IP Address : ::1 ==> LTD Report Page : User :  access the page on 2024-06-21 12:41:22
http://localhost/mms/ltd_report : IP Address : ::1 ==> LTD Report Page : User :  access the page on 2024-06-21 12:41:50
http://localhost/mms/mtd_report : IP Address : ::1 ==> MTD Report Page : User :  access the page on 2024-06-21 12:41:53
http://localhost/mms/mtd_report : IP Address : ::1 ==> MTD Report Page : User :  access the page on 2024-06-21 12:41:54
http://localhost/mms/mtd_report : IP Address : ::1 ==> MTD Report Page : User :  access the page on 2024-06-21 12:41:55
http://localhost/mms/mtd_report : IP Address : ::1 ==> MTD Report Page : User :  access the page on 2024-06-21 12:41:55
http://localhost/mms/mtd_report : IP Address : ::1 ==> MTD Report Page : User :  access the page on 2024-06-21 12:41:55
http://localhost/mms/mtd_report : IP Address : ::1 ==> MTD Report Page : User :  access the page on 2024-06-21 12:41:56
http://localhost/mms/lmtd_report : IP Address : ::1 ==> LMTD Report Page : User :  access the page on 2024-06-21 12:41:58
http://localhost/mms/ytd_report : IP Address : ::1 ==> YTD Report Page : User :  access the page on 2024-06-21 12:42:00
http://localhost/mms/ytd_report : IP Address : ::1 ==> YTD Report Page : User :  access the page on 2024-06-21 12:44:00
http://localhost/mms/ytd_report : IP Address : ::1 ==> YTD Report Page : User :  access the page on 2024-06-21 12:46:01
http://localhost/mms/ytd_report : IP Address : ::1 ==> YTD Report Page : User :  access the page on 2024-06-21 12:48:01
http://localhost/mms/ytd_report : IP Address : ::1 ==> YTD Report Page : User :  access the page on 2024-06-21 12:50:01
http://localhost/mms/ytd_report : IP Address : ::1 ==> YTD Report Page : User :  access the page on 2024-06-21 12:52:02
http://localhost/mms/ytd_report : IP Address : ::1 ==> YTD Report Page : User :  access the page on 2024-06-21 12:54:02
http://localhost/mms/ytd_report : IP Address : ::1 ==> YTD Report Page : User :  access the page on 2024-06-21 12:56:02
http://localhost/mms/ytd_report : IP Address : ::1 ==> YTD Report Page : User :  access the page on 2024-06-21 12:56:51
http://localhost/mms/ytd_report : IP Address : ::1 ==> YTD Report Page : User :  access the page on 2024-06-21 12:57:21
http://localhost/mms/ytd_report : IP Address : ::1 ==> YTD Report Page : User :  access the page on 2024-06-21 12:57:21
http://localhost/mms/ltd_report : IP Address : ::1 ==> LTD Report Page : User :  access the page on 2024-06-21 12:57:26
http://localhost/mms/user_register : IP Address : ::1 ==> User Registration Page : User :  access the page on 2024-06-21 12:57:34
http://localhost/mms/user_list : IP Address : ::1 ==> User List Page : User :  access the page on 2024-06-21 12:57:40
http://localhost/mms/rt_hourly_report : IP Address : ::1 ==> Real Time Hourly Report Page : User :  access the page on 2024-06-21 12:57:46
http://localhost/mms/rt_hourly_summary_report : IP Address : ::1 ==> Real Time Hourly Summary Report Page : User :  access the page on 2024-06-21 12:57:55
http://localhost/mms/ltd_report : IP Address : ::1 ==> LTD Report Page : User :  access the page on 2024-06-21 12:58:01
http://localhost/mms/rt_hourly_report : IP Address : ::1 ==> Real Time Hourly Report Page : User :  access the page on 2024-06-21 12:58:28
http://localhost/mms/user_register : IP Address : ::1 ==> User Registration Page : User :  access the page on 2024-06-21 12:58:41
http://localhost/mms/user_list : IP Address : ::1 ==> User List Page : User :  access the page on 2024-06-21 12:58:48
http://localhost/mms/rt_hourly_report : IP Address : ::1 ==> Real Time Hourly Report Page : User :  access the page on 2024-06-21 12:58:53
http://localhost/mms/rt_hourly_summary_report : IP Address : ::1 ==> Real Time Hourly Summary Report Page : User :  access the page on 2024-06-21 12:58:54
http://localhost/mms/ltd_report : IP Address : ::1 ==> LTD Report Page : User :  access the page on 2024-06-21 12:58:57
http://localhost/mms/mtd_report : IP Address : ::1 ==> MTD Report Page : User :  access the page on 2024-06-21 12:58:59
http://localhost/mms/lmtd_report : IP Address : ::1 ==> LMTD Report Page : User :  access the page on 2024-06-21 12:59:01
http://localhost/mms/ytd_report : IP Address : ::1 ==> YTD Report Page : User :  access the page on 2024-06-21 12:59:03
http://localhost/mms/user_register : IP Address : ::1 ==> User Registration Page : User :  access the page on 2024-06-21 12:59:22
http://localhost/mms/user_list : IP Address : ::1 ==> User List Page : User :  access the page on 2024-06-21 12:59:59
http://localhost/mms/rt_hourly_report : IP Address : ::1 ==> Real Time Hourly Report Page : User :  access the page on 2024-06-21 13:00:18
http://localhost/mms/rt_hourly_summary_report : IP Address : ::1 ==> Real Time Hourly Summary Report Page : User :  access the page on 2024-06-21 13:00:24
http://localhost/mms/ltd_report : IP Address : ::1 ==> LTD Report Page : User :  access the page on 2024-06-21 13:00:34
http://localhost/mms/ltd_report : IP Address : ::1 ==> LTD Report Page : User :  access the page on 2024-06-21 13:00:36
http://localhost/mms/user_list : IP Address : ::1 ==> User List Page : User :  access the page on 2024-06-21 13:00:58
http://localhost/mms/ltd_report : IP Address : ::1 ==> LTD Report Page : User :  access the page on 2024-06-21 13:02:17
http://localhost/mms/rt_hourly_report : IP Address : ::1 ==> Real Time Hourly Report Page : User :  access the page on 2024-06-21 13:03:37
http://localhost/mms/change_pass.php : IP Address : ::1 ==> Change Password Page : User :  access the page on 2024-06-21 13:03:50
http://localhost/mms/change_pass.php : IP Address : ::1 ==> Change Password Page : User :  access the page on 2024-06-21 13:03:58
http://localhost/mms/rt_hourly_report : IP Address : ::1 ==> Real Time Hourly Report Page : User :  access the page on 2024-06-21 13:09:39
http://localhost/mms/user_list : IP Address : ::1 ==> User List Page : User :  access the page on 2024-06-21 13:09:48
http://localhost/mms/user_register : IP Address : ::1 ==> User Registration Page : User :  access the page on 2024-06-21 13:09:50
http://localhost/mms/user_list : IP Address : ::1 ==> User List Page : User :  access the page on 2024-06-21 13:10:04
http://localhost/mms/change_pass.php : IP Address : ::1 ==> Change Password Page : User :  access the page on 2024-06-21 13:10:10
http://localhost/mms/change_pass.php : IP Address : ::1 ==> Change Password Page : User :  access the page on 2024-06-21 13:15:42
http://localhost/mms/ltd_report : IP Address : ::1 ==> LTD Report Page : User :  access the page on 2024-06-21 13:15:47
http://localhost/mms/rt_hourly_summary_report : IP Address : ::1 ==> Real Time Hourly Summary Report Page : User :  access the page on 2024-06-21 13:16:41
http://localhost/mms/rt_hourly_summary_report : IP Address : ::1 ==> Real Time Hourly Summary Report Page : User :  access the page on 2024-06-21 13:16:50
http://localhost/mms/rt_hourly_summary_report : IP Address : ::1 ==> Real Time Hourly Summary Report Page : User :  access the page on 2024-06-21 13:18:50
http://localhost/mms/rt_hourly_summary_report : IP Address : ::1 ==> Real Time Hourly Summary Report Page : User :  access the page on 2024-06-21 13:20:09
http://localhost/mms/rt_hourly_summary_report : IP Address : ::1 ==> Real Time Hourly Summary Report Page : User :  access the page on 2024-06-21 13:22:09
http://localhost/mms/rt_hourly_summary_report : IP Address : ::1 ==> Real Time Hourly Summary Report Page : User :  access the page on 2024-06-21 13:24:09
http://localhost/mms/rt_hourly_summary_report : IP Address : ::1 ==> Real Time Hourly Summary Report Page : User :  access the page on 2024-06-21 13:26:09
http://localhost/mms/rt_hourly_summary_report : IP Address : ::1 ==> Real Time Hourly Summary Report Page : User :  access the page on 2024-06-21 13:28:10
http://localhost/mms/rt_hourly_summary_report : IP Address : ::1 ==> Real Time Hourly Summary Report Page : User :  access the page on 2024-06-21 13:30:10
http://localhost/mms/rt_hourly_summary_report : IP Address : ::1 ==> Real Time Hourly Summary Report Page : User :  access the page on 2024-06-21 13:32:10
http://localhost/mms/rt_hourly_summary_report : IP Address : ::1 ==> Real Time Hourly Summary Report Page : User :  access the page on 2024-06-21 13:33:04
http://localhost/mms/ltd_report : IP Address : ::1 ==> LTD Report Page : User :  access the page on 2024-06-21 13:33:10
http://localhost/mms/ltd_report : IP Address : ::1 ==> LTD Report Page : User :  access the page on 2024-06-21 14:26:28
http://localhost/mms/ltd_report : IP Address : ::1 ==> LTD Report Page : User :  access the page on 2024-06-21 14:28:28
http://localhost/mms/ltd_report : IP Address : ::1 ==> LTD Report Page : User :  access the page on 2024-06-21 14:30:29
http://localhost/mms/ltd_report : IP Address : ::1 ==> LTD Report Page : User :  access the page on 2024-06-21 14:32:24
http://localhost/mms/ltd_report : IP Address : ::1 ==> LTD Report Page : User :  access the page on 2024-06-21 14:34:25
http://localhost/mms/ltd_report : IP Address : ::1 ==> LTD Report Page : User :  access the page on 2024-06-21 14:36:26
http://localhost/mms/ltd_report : IP Address : ::1 ==> LTD Report Page : User :  access the page on 2024-06-21 14:38:27
http://localhost/mms/ltd_report : IP Address : ::1 ==> LTD Report Page : User :  access the page on 2024-06-21 14:40:28
http://localhost/mms/ltd_report : IP Address : ::1 ==> LTD Report Page : User :  access the page on 2024-06-21 14:42:22
http://localhost/mms/ltd_report : IP Address : ::1 ==> LTD Report Page : User :  access the page on 2024-06-21 14:43:34
http://localhost/mms/ltd_report : IP Address : ::1 ==> LTD Report Page : User :  access the page on 2024-06-21 14:43:43
http://localhost/mms/ltd_report : IP Address : ::1 ==> LTD Report Page : User :  access the page on 2024-06-21 14:45:44
http://localhost/mms/ltd_report : IP Address : ::1 ==> LTD Report Page : User :  access the page on 2024-06-21 14:48:02
http://localhost/mms/ltd_report : IP Address : ::1 ==> LTD Report Page : User :  access the page on 2024-06-21 14:50:04
http://localhost/mms/ltd_report : IP Address : ::1 ==> LTD Report Page : User :  access the page on 2024-06-21 14:50:09
http://localhost/mms/ltd_report : IP Address : ::1 ==> LTD Report Page : User :  access the page on 2024-06-21 14:50:52
http://localhost/mms/mtd_report : IP Address : ::1 ==> MTD Report Page : User :  access the page on 2024-06-21 14:51:17
http://localhost/mms/mtd_report : IP Address : ::1 ==> MTD Report Page : User :  access the page on 2024-06-21 14:53:17
http://localhost/mms/ltd_report : IP Address : ::1 ==> LTD Report Page : User :  access the page on 2024-06-21 14:53:36
http://localhost/mms/ltd_report : IP Address : ::1 ==> LTD Report Page : User :  access the page on 2024-06-21 14:54:09
http://localhost/mms/rt_hourly_report : IP Address : ::1 ==> Real Time Hourly Report Page : User :  access the page on 2024-06-21 14:54:29
http://localhost/mms/ltd_report : IP Address : ::1 ==> LTD Report Page : User :  access the page on 2024-06-21 14:54:33
http://localhost/mms/ltd_report : IP Address : ::1 ==> LTD Report Page : User :  access the page on 2024-06-21 14:56:11
http://localhost/mms/mtd_report : IP Address : ::1 ==> MTD Report Page : User :  access the page on 2024-06-21 14:56:14
http://localhost/mms/lmtd_report : IP Address : ::1 ==> LMTD Report Page : User :  access the page on 2024-06-21 14:56:20
http://localhost/mms/lmtd_report : IP Address : ::1 ==> LMTD Report Page : User :  access the page on 2024-06-21 14:57:53
http://localhost/mms/ytd_report : IP Address : ::1 ==> YTD Report Page : User :  access the page on 2024-06-21 14:57:59
http://localhost/mms/ltd_report : IP Address : ::1 ==> LTD Report Page : User :  access the page on 2024-06-21 14:58:56
http://localhost/mms/rt_hourly_report : IP Address : ::1 ==> Real Time Hourly Report Page : User :  access the page on 2024-06-21 14:59:41
http://localhost/mms/lmtd_report : IP Address : ::1 ==> LMTD Report Page : User :  access the page on 2024-06-21 14:59:55
http://localhost/mms/lmtd_report : IP Address : ::1 ==> LMTD Report Page : User :  access the page on 2024-06-21 15:01:57
http://localhost/mms/lmtd_report : IP Address : ::1 ==> LMTD Report Page : User :  access the page on 2024-06-21 15:03:13
http://localhost/mms/ltd_report : IP Address : ::1 ==> LTD Report Page : User :  access the page on 2024-06-21 15:03:18
http://localhost/mms/ltd_report : IP Address : ::1 ==> LTD Report Page : User :  access the page on 2024-06-21 15:03:57
http://localhost/mms/ltd_report : IP Address : ::1 ==> LTD Report Page : User :  access the page on 2024-06-21 15:04:47
http://localhost/mms/ltd_report : IP Address : ::1 ==> LTD Report Page : User :  access the page on 2024-06-21 15:05:21
http://localhost/mms/ltd_report : IP Address : ::1 ==> LTD Report Page : User :  access the page on 2024-06-21 15:05:31
http://localhost/mms/ltd_report : IP Address : ::1 ==> LTD Report Page : User :  access the page on 2024-06-21 15:05:56
http://localhost/mms/ltd_report : IP Address : ::1 ==> LTD Report Page : User :  access the page on 2024-06-21 15:06:10
http://localhost/mms/ltd_report : IP Address : ::1 ==> LTD Report Page : User :  access the page on 2024-06-21 15:06:42
http://localhost/mms/ltd_report : IP Address : ::1 ==> LTD Report Page : User :  access the page on 2024-06-21 15:06:49
http://localhost/mms/ltd_report : IP Address : ::1 ==> LTD Report Page : User :  access the page on 2024-06-21 15:07:16
http://localhost/mms/ltd_report : IP Address : ::1 ==> LTD Report Page : User :  access the page on 2024-06-21 15:07:33
http://localhost/mms/ltd_report : IP Address : ::1 ==> LTD Report Page : User :  access the page on 2024-06-21 15:07:44
http://localhost/mms/ltd_report : IP Address : ::1 ==> LTD Report Page : User :  access the page on 2024-06-21 15:08:06
http://localhost/mms/ltd_report : IP Address : ::1 ==> LTD Report Page : User :  access the page on 2024-06-21 15:08:28
http://localhost/mms/ltd_report : IP Address : ::1 ==> LTD Report Page : User :  access the page on 2024-06-21 15:09:10
http://localhost/mms/ltd_report : IP Address : ::1 ==> LTD Report Page : User :  access the page on 2024-06-21 15:09:49
http://localhost/mms/ltd_report : IP Address : ::1 ==> LTD Report Page : User :  access the page on 2024-06-21 15:09:49
http://localhost/mms/ltd_report : IP Address : ::1 ==> LTD Report Page : User :  access the page on 2024-06-21 15:10:11
http://localhost/mms/rt_hourly_report : IP Address : ::1 ==> Real Time Hourly Report Page : User :  access the page on 2024-06-21 15:10:27
http://localhost/mms/ltd_report : IP Address : ::1 ==> LTD Report Page : User :  access the page on 2024-06-21 15:10:33
http://localhost/mms/ltd_report : IP Address : ::1 ==> LTD Report Page : User :  access the page on 2024-06-21 15:10:57
http://localhost/mms/ltd_report : IP Address : ::1 ==> LTD Report Page : User :  access the page on 2024-06-21 15:11:17
http://localhost/mms/ltd_report : IP Address : ::1 ==> LTD Report Page : User :  access the page on 2024-06-21 15:11:33
http://localhost/mms/ltd_report : IP Address : ::1 ==> LTD Report Page : User :  access the page on 2024-06-21 15:11:41
http://localhost/mms/ltd_report : IP Address : ::1 ==> LTD Report Page : User :  access the page on 2024-06-21 15:11:42
http://localhost/mms/ltd_report : IP Address : ::1 ==> LTD Report Page : User :  access the page on 2024-06-21 15:11:55
http://localhost/mms/ltd_report : IP Address : ::1 ==> LTD Report Page : User :  access the page on 2024-06-21 15:12:10
http://localhost/mms/ltd_report : IP Address : ::1 ==> LTD Report Page : User :  access the page on 2024-06-21 15:12:24
http://localhost/mms/ltd_report : IP Address : ::1 ==> LTD Report Page : User :  access the page on 2024-06-21 15:12:36
http://localhost/mms/ltd_report : IP Address : ::1 ==> LTD Report Page : User :  access the page on 2024-06-21 15:12:50
http://localhost/mms/ltd_report : IP Address : ::1 ==> LTD Report Page : User :  access the page on 2024-06-21 15:13:08
http://localhost/mms/ltd_report : IP Address : ::1 ==> LTD Report Page : User :  access the page on 2024-06-21 15:13:25
http://localhost/mms/ltd_report : IP Address : ::1 ==> LTD Report Page : User :  access the page on 2024-06-21 15:13:42
http://localhost/mms/ltd_report : IP Address : ::1 ==> LTD Report Page : User :  access the page on 2024-06-21 15:13:54
http://localhost/mms/ltd_report : IP Address : ::1 ==> LTD Report Page : User :  access the page on 2024-06-21 15:14:07
http://localhost/mms/ltd_report : IP Address : ::1 ==> LTD Report Page : User :  access the page on 2024-06-21 15:14:31
http://localhost/mms/ltd_report : IP Address : ::1 ==> LTD Report Page : User :  access the page on 2024-06-21 15:15:13
http://localhost/mms/ltd_report : IP Address : ::1 ==> LTD Report Page : User :  access the page on 2024-06-21 15:15:20
http://localhost/mms/ltd_report : IP Address : ::1 ==> LTD Report Page : User :  access the page on 2024-06-21 15:15:55
http://localhost/mms/ltd_report : IP Address : ::1 ==> LTD Report Page : User :  access the page on 2024-06-21 15:16:18
http://localhost/mms/ltd_report : IP Address : ::1 ==> LTD Report Page : User :  access the page on 2024-06-21 15:16:47
http://localhost/mms/ltd_report : IP Address : ::1 ==> LTD Report Page : User :  access the page on 2024-06-21 15:18:16
http://localhost/mms/ltd_report : IP Address : ::1 ==> LTD Report Page : User :  access the page on 2024-06-21 15:18:48
http://localhost/mms/ltd_report : IP Address : ::1 ==> LTD Report Page : User :  access the page on 2024-06-21 15:19:09
http://localhost/mms/ltd_report : IP Address : ::1 ==> LTD Report Page : User :  access the page on 2024-06-21 15:19:33
http://localhost/mms/ltd_report : IP Address : ::1 ==> LTD Report Page : User :  access the page on 2024-06-21 15:20:04
http://localhost/mms/ltd_report : IP Address : ::1 ==> LTD Report Page : User :  access the page on 2024-06-21 15:20:32
http://localhost/mms/ltd_report : IP Address : ::1 ==> LTD Report Page : User :  access the page on 2024-06-21 15:20:58
http://localhost/mms/ltd_report : IP Address : ::1 ==> LTD Report Page : User :  access the page on 2024-06-21 15:21:19
http://localhost/mms/ltd_report : IP Address : ::1 ==> LTD Report Page : User :  access the page on 2024-06-21 15:21:38
http://localhost/mms/ltd_report : IP Address : ::1 ==> LTD Report Page : User :  access the page on 2024-06-21 15:23:39
http://localhost/mms/mtd_report : IP Address : ::1 ==> MTD Report Page : User :  access the page on 2024-06-21 15:25:14
http://localhost/mms/mtd_report : IP Address : ::1 ==> MTD Report Page : User :  access the page on 2024-06-21 15:25:17
http://localhost/mms/mtd_report : IP Address : ::1 ==> MTD Report Page : User :  access the page on 2024-06-21 15:26:18
http://localhost/mms/lmtd_report : IP Address : ::1 ==> LMTD Report Page : User :  access the page on 2024-06-21 15:26:30
http://localhost/mms/ltd_report : IP Address : ::1 ==> LTD Report Page : User :  access the page on 2024-06-21 15:26:36
http://localhost/mms/mtd_report : IP Address : ::1 ==> MTD Report Page : User :  access the page on 2024-06-21 15:26:37
http://localhost/mms/change_pass.php : IP Address : ::1 ==> Change Password Page : User :  access the page on 2024-06-21 15:26:42
http://localhost/mms/user_register : IP Address : ::1 ==> User Registration Page : User :  access the page on 2024-06-21 15:26:47
http://localhost/mms/ltd_report : IP Address : ::1 ==> LTD Report Page : User :  access the page on 2024-06-21 15:27:00
http://localhost/mms/mtd_report : IP Address : ::1 ==> MTD Report Page : User :  access the page on 2024-06-21 15:27:10
http://localhost/mms/ltd_report : IP Address : ::1 ==> LTD Report Page : User :  access the page on 2024-06-21 15:27:36
http://localhost/mms/mtd_report : IP Address : ::1 ==> MTD Report Page : User :  access the page on 2024-06-21 15:27:43
http://localhost/mms/ltd_report : IP Address : ::1 ==> LTD Report Page : User :  access the page on 2024-06-21 15:28:21
http://localhost/mms/ltd_report : IP Address : ::1 ==> LTD Report Page : User :  access the page on 2024-06-21 15:28:23
http://localhost/mms/ltd_report : IP Address : ::1 ==> LTD Report Page : User :  access the page on 2024-06-21 15:28:24
http://localhost/mms/ltd_report : IP Address : ::1 ==> LTD Report Page : User :  access the page on 2024-06-21 15:28:29
http://localhost/mms/ltd_report : IP Address : ::1 ==> LTD Report Page : User :  access the page on 2024-06-21 15:28:45
http://localhost/mms/ltd_report : IP Address : ::1 ==> LTD Report Page : User :  access the page on 2024-06-21 15:29:51
http://localhost/mms/lmtd_report : IP Address : ::1 ==> LMTD Report Page : User :  access the page on 2024-06-21 15:29:52
http://localhost/mms/ltd_report : IP Address : ::1 ==> LTD Report Page : User :  access the page on 2024-06-21 15:29:57
http://localhost/mms/ltd_report : IP Address : ::1 ==> LTD Report Page : User :  access the page on 2024-06-21 15:30:16
http://localhost/mms/ltd_report : IP Address : ::1 ==> LTD Report Page : User :  access the page on 2024-06-21 15:30:18
http://localhost/mms/ltd_report : IP Address : ::1 ==> LTD Report Page : User :  access the page on 2024-06-21 15:30:49
http://localhost/mms/ltd_report : IP Address : ::1 ==> LTD Report Page : User :  access the page on 2024-06-21 15:30:50
http://localhost/mms/rt_hourly_report : IP Address : ::1 ==> Real Time Hourly Report Page : User :  access the page on 2024-06-21 15:31:02
http://localhost/mms/ltd_report : IP Address : ::1 ==> LTD Report Page : User :  access the page on 2024-06-21 15:31:08
http://localhost/mms/mtd_report : IP Address : ::1 ==> MTD Report Page : User :  access the page on 2024-06-21 15:31:13
http://localhost/mms/mtd_report : IP Address : ::1 ==> MTD Report Page : User :  access the page on 2024-06-21 15:31:50
http://localhost/mms/ltd_report : IP Address : ::1 ==> LTD Report Page : User :  access the page on 2024-06-21 15:31:52
http://localhost/mms/ltd_report : IP Address : ::1 ==> LTD Report Page : User :  access the page on 2024-06-21 15:31:53
http://localhost/mms/ltd_report : IP Address : ::1 ==> LTD Report Page : User :  access the page on 2024-06-21 15:32:30
http://localhost/mms/ltd_report : IP Address : ::1 ==> LTD Report Page : User :  access the page on 2024-06-21 15:33:09
http://localhost/mms/ltd_report : IP Address : ::1 ==> LTD Report Page : User :  access the page on 2024-06-21 15:33:40
http://localhost/mms/ltd_report : IP Address : ::1 ==> LTD Report Page : User :  access the page on 2024-06-21 15:34:03
http://localhost/mms/ltd_report : IP Address : ::1 ==> LTD Report Page : User :  access the page on 2024-06-21 15:34:24
http://localhost/mms/ltd_report : IP Address : ::1 ==> LTD Report Page : User :  access the page on 2024-06-21 15:34:47
http://localhost/mms/ltd_report : IP Address : ::1 ==> LTD Report Page : User :  access the page on 2024-06-21 15:35:28
http://localhost/mms/ltd_report : IP Address : ::1 ==> LTD Report Page : User :  access the page on 2024-06-21 15:35:48
http://localhost/mms/ltd_report : IP Address : ::1 ==> LTD Report Page : User :  access the page on 2024-06-21 15:36:11
http://localhost/mms/ltd_report : IP Address : ::1 ==> LTD Report Page : User :  access the page on 2024-06-21 15:36:42
http://localhost/mms/ltd_report : IP Address : ::1 ==> LTD Report Page : User :  access the page on 2024-06-21 15:37:11
http://localhost/mms/ltd_report : IP Address : ::1 ==> LTD Report Page : User :  access the page on 2024-06-21 15:37:34
http://localhost/mms/ltd_report : IP Address : ::1 ==> LTD Report Page : User :  access the page on 2024-06-21 15:38:30
http://localhost/mms/ltd_report : IP Address : ::1 ==> LTD Report Page : User :  access the page on 2024-06-21 15:39:35
http://localhost/mms/ltd_report : IP Address : ::1 ==> LTD Report Page : User :  access the page on 2024-06-21 15:39:56
http://localhost/mms/ltd_report : IP Address : ::1 ==> LTD Report Page : User :  access the page on 2024-06-21 15:40:21
http://localhost/mms/ltd_report : IP Address : ::1 ==> LTD Report Page : User :  access the page on 2024-06-21 15:41:55
http://localhost/mms/ltd_report : IP Address : ::1 ==> LTD Report Page : User :  access the page on 2024-06-21 15:42:18
http://localhost/mms/ltd_report : IP Address : ::1 ==> LTD Report Page : User :  access the page on 2024-06-21 15:42:45
http://localhost/mms/ltd_report : IP Address : ::1 ==> LTD Report Page : User :  access the page on 2024-06-21 15:42:46
http://localhost/mms/ltd_report : IP Address : ::1 ==> LTD Report Page : User :  access the page on 2024-06-21 15:43:13
http://localhost/mms/ltd_report : IP Address : ::1 ==> LTD Report Page : User :  access the page on 2024-06-21 15:43:14
http://localhost/mms/ltd_report : IP Address : ::1 ==> LTD Report Page : User :  access the page on 2024-06-21 15:43:37
http://localhost/mms/ltd_report : IP Address : ::1 ==> LTD Report Page : User :  access the page on 2024-06-21 15:43:56
http://localhost/mms/ltd_report : IP Address : ::1 ==> LTD Report Page : User :  access the page on 2024-06-21 15:44:15
http://localhost/mms/change_pass.php : IP Address : ::1 ==> Change Password Page : User :  access the page on 2024-06-21 15:44:42
http://localhost/mms/rt_hourly_report : IP Address : ::1 ==> Real Time Hourly Report Page : User :  access the page on 2024-06-21 15:45:11
http://localhost/mms/ltd_report : IP Address : ::1 ==> LTD Report Page : User :  access the page on 2024-06-21 15:46:09
http://localhost/mms/user_register : IP Address : ::1 ==> User Registration Page : User :  access the page on 2024-06-21 15:46:27
http://localhost/mms/ltd_report : IP Address : ::1 ==> LTD Report Page : User :  access the page on 2024-06-21 15:50:20
http://localhost/mms/ltd_report : IP Address : ::1 ==> LTD Report Page : User :  access the page on 2024-06-21 15:50:22
http://localhost/mms/ltd_report : IP Address : ::1 ==> LTD Report Page : User :  access the page on 2024-06-21 15:52:17
http://localhost/mms/ltd_report : IP Address : ::1 ==> LTD Report Page : User :  access the page on 2024-06-21 15:53:58
http://localhost/mms/ltd_report : IP Address : ::1 ==> LTD Report Page : User :  access the page on 2024-06-21 15:53:59
http://localhost/mms/ltd_report : IP Address : ::1 ==> LTD Report Page : User :  access the page on 2024-06-21 15:54:33
http://localhost/mms/ltd_report : IP Address : ::1 ==> LTD Report Page : User :  access the page on 2024-06-21 15:56:34
http://localhost/mms/ltd_report : IP Address : ::1 ==> LTD Report Page : User :  access the page on 2024-06-21 15:58:14
http://localhost/mms/ltd_report : IP Address : ::1 ==> LTD Report Page : User :  access the page on 2024-06-21 15:58:56
http://localhost/mms/ltd_report : IP Address : ::1 ==> LTD Report Page : User :  access the page on 2024-06-21 16:00:57
http://localhost/mms/ltd_report : IP Address : ::1 ==> LTD Report Page : User :  access the page on 2024-06-21 16:01:11
http://localhost/mms/mtd_report : IP Address : ::1 ==> MTD Report Page : User :  access the page on 2024-06-21 16:02:06
http://localhost/mms/mtd_report : IP Address : ::1 ==> MTD Report Page : User :  access the page on 2024-06-21 16:04:07
http://localhost/mms/mtd_report : IP Address : ::1 ==> MTD Report Page : User :  access the page on 2024-06-21 16:06:08
http://localhost/mms/mtd_report : IP Address : ::1 ==> MTD Report Page : User :  access the page on 2024-06-21 16:08:09
http://localhost/mms/mtd_report : IP Address : ::1 ==> MTD Report Page : User :  access the page on 2024-06-21 16:10:09
http://localhost/mms/mtd_report : IP Address : ::1 ==> MTD Report Page : User :  access the page on 2024-06-21 16:10:15
http://localhost/mms/mtd_report : IP Address : ::1 ==> MTD Report Page : User :  access the page on 2024-06-21 16:10:33
http://localhost/mms/ltd_report : IP Address : ::1 ==> LTD Report Page : User :  access the page on 2024-06-21 16:11:37
http://localhost/mms/ltd_report : IP Address : ::1 ==> LTD Report Page : User :  access the page on 2024-06-21 16:11:39
http://localhost/mms/ltd_report : IP Address : ::1 ==> LTD Report Page : User :  access the page on 2024-06-21 16:14:15
http://localhost/mms/ltd_report : IP Address : ::1 ==> LTD Report Page : User :  access the page on 2024-06-21 16:15:11
http://localhost/mms/ltd_report : IP Address : ::1 ==> LTD Report Page : User :  access the page on 2024-06-21 16:15:14
http://localhost/mms/ltd_report : IP Address : ::1 ==> LTD Report Page : User :  access the page on 2024-06-21 16:18:40
http://localhost/mms/ltd_report : IP Address : ::1 ==> LTD Report Page : User :  access the page on 2024-06-21 16:20:42
http://localhost/mms/ltd_report : IP Address : ::1 ==> LTD Report Page : User :  access the page on 2024-06-21 16:22:42
http://localhost/mms/ltd_report : IP Address : ::1 ==> LTD Report Page : User :  access the page on 2024-06-21 16:24:43
http://localhost/mms/ltd_report : IP Address : ::1 ==> LTD Report Page : User :  access the page on 2024-06-21 16:25:01
http://localhost/mms/ltd_report : IP Address : ::1 ==> LTD Report Page : User :  access the page on 2024-06-21 16:27:02
http://localhost/mms/ltd_report : IP Address : ::1 ==> LTD Report Page : User :  access the page on 2024-06-21 16:27:03
http://localhost/mms/ltd_report : IP Address : ::1 ==> LTD Report Page : User :  access the page on 2024-06-21 16:28:31
http://localhost/mms/rt_hourly_report : IP Address : ::1 ==> Real Time Hourly Report Page : User :  access the page on 2024-06-21 16:35:17
http://localhost/mms/ltd_report : IP Address : ::1 ==> LTD Report Page : User :  access the page on 2024-06-21 16:35:21
http://localhost/mms/ltd_report : IP Address : ::1 ==> LTD Report Page : User :  access the page on 2024-06-21 16:37:21
http://localhost/mms/ltd_report : IP Address : ::1 ==> LTD Report Page : User :  access the page on 2024-06-21 16:39:22
http://localhost/mms/ltd_report : IP Address : ::1 ==> LTD Report Page : User :  access the page on 2024-06-21 16:41:23
http://localhost/mms/ltd_report : IP Address : ::1 ==> LTD Report Page : User :  access the page on 2024-06-21 16:43:24
http://localhost/mms/user_register : IP Address : ::1 ==> User Registration Page : User :  access the page on 2024-06-21 16:44:53
http://localhost/mms/user_list : IP Address : ::1 ==> User List Page : User :  access the page on 2024-06-21 16:44:58
http://localhost/mms/ltd_report : IP Address : ::1 ==> LTD Report Page : User :  access the page on 2024-06-21 16:47:35
http://localhost/mms/ltd_report : IP Address : ::1 ==> LTD Report Page : User :  access the page on 2024-06-21 16:58:00
http://localhost/mms/ltd_report : IP Address : ::1 ==> LTD Report Page : User :  access the page on 2024-06-21 16:58:02
http://localhost/mms/ltd_report : IP Address : ::1 ==> LTD Report Page : User :  access the page on 2024-06-21 17:00:02
http://localhost/mms/ltd_report : IP Address : ::1 ==> LTD Report Page : User :  access the page on 2024-06-21 17:00:55
http://localhost/mms/ltd_report : IP Address : ::1 ==> LTD Report Page : User :  access the page on 2024-06-21 17:00:55
http://localhost/mms/ltd_report : IP Address : ::1 ==> LTD Report Page : User :  access the page on 2024-06-21 17:04:48
http://localhost/mms/ltd_report : IP Address : ::1 ==> LTD Report Page : User :  access the page on 2024-06-21 17:06:49
http://localhost/mms/ltd_report : IP Address : ::1 ==> LTD Report Page : User :  access the page on 2024-06-21 17:08:50
http://localhost/mms/ltd_report : IP Address : ::1 ==> LTD Report Page : User :  access the page on 2024-06-21 17:10:51
http://localhost/mms/ltd_report : IP Address : ::1 ==> LTD Report Page : User :  access the page on 2024-06-21 17:12:52
http://localhost/mms/ltd_report : IP Address : ::1 ==> LTD Report Page : User :  access the page on 2024-06-21 17:14:44
http://localhost/mms/ltd_report : IP Address : ::1 ==> LTD Report Page : User :  access the page on 2024-06-21 17:15:05
http://localhost/mms/ltd_report : IP Address : ::1 ==> LTD Report Page : User :  access the page on 2024-06-21 17:15:13
http://localhost/mms/ltd_report : IP Address : ::1 ==> LTD Report Page : User :  access the page on 2024-06-21 17:15:26
http://localhost/mms/ltd_report : IP Address : ::1 ==> LTD Report Page : User :  access the page on 2024-06-21 17:15:27
http://localhost/mms/ltd_report : IP Address : ::1 ==> LTD Report Page : User :  access the page on 2024-06-21 17:16:48
http://localhost/mms/ltd_report : IP Address : ::1 ==> LTD Report Page : User :  access the page on 2024-06-21 17:18:49
http://localhost/mms/ltd_report : IP Address : ::1 ==> LTD Report Page : User :  access the page on 2024-06-21 17:19:52
http://localhost/mms/ltd_report : IP Address : ::1 ==> LTD Report Page : User :  access the page on 2024-06-21 17:21:53
http://localhost/mms/ltd_report : IP Address : ::1 ==> LTD Report Page : User :  access the page on 2024-06-21 17:23:32
http://localhost/mms/ltd_report : IP Address : ::1 ==> LTD Report Page : User :  access the page on 2024-06-21 17:24:29
http://localhost/mms/ltd_report : IP Address : ::1 ==> LTD Report Page : User :  access the page on 2024-06-21 17:25:59
http://localhost/mms/ltd_report : IP Address : ::1 ==> LTD Report Page : User :  access the page on 2024-06-21 17:27:39
http://localhost/mms/mtd_report : IP Address : ::1 ==> MTD Report Page : User :  access the page on 2024-06-21 17:27:56
http://localhost/mms/ltd_report : IP Address : ::1 ==> LTD Report Page : User :  access the page on 2024-06-21 17:28:06
http://localhost/mms/mtd_report : IP Address : ::1 ==> MTD Report Page : User :  access the page on 2024-06-21 17:28:14
http://localhost/mms/ytd_report : IP Address : ::1 ==> YTD Report Page : User :  access the page on 2024-06-21 17:28:54
http://localhost/mms/ytd_report : IP Address : ::1 ==> YTD Report Page : User :  access the page on 2024-06-21 17:29:33
http://localhost/mms/mtd_report : IP Address : ::1 ==> MTD Report Page : User :  access the page on 2024-06-21 17:30:11
http://localhost/mms/mtd_report : IP Address : ::1 ==> MTD Report Page : User :  access the page on 2024-06-21 17:30:46
http://localhost/mms/mtd_report : IP Address : ::1 ==> MTD Report Page : User :  access the page on 2024-06-21 17:30:48
http://localhost/mms/mtd_report : IP Address : ::1 ==> MTD Report Page : User :  access the page on 2024-06-21 17:31:40
http://localhost/mms/mtd_report : IP Address : ::1 ==> MTD Report Page : User :  access the page on 2024-06-21 17:32:08
http://localhost/mms/lmtd_report : IP Address : ::1 ==> LMTD Report Page : User :  access the page on 2024-06-21 17:32:10
http://localhost/mms/lmtd_report : IP Address : ::1 ==> LMTD Report Page : User :  access the page on 2024-06-21 17:32:12
http://localhost/mms/ytd_report : IP Address : ::1 ==> YTD Report Page : User :  access the page on 2024-06-21 17:32:23
http://localhost/mms/lmtd_report : IP Address : ::1 ==> LMTD Report Page : User :  access the page on 2024-06-21 17:32:39
http://localhost/mms/mtd_report : IP Address : ::1 ==> MTD Report Page : User :  access the page on 2024-06-21 17:32:48
http://localhost/mms/ltd_report : IP Address : ::1 ==> LTD Report Page : User :  access the page on 2024-06-21 17:32:57
http://localhost/mms/ltd_report : IP Address : ::1 ==> LTD Report Page : User :  access the page on 2024-06-21 17:33:22
http://localhost/mms/user_register : IP Address : ::1 ==> User Registration Page : User :  access the page on 2024-06-21 17:33:44
http://localhost/mms/user_list : IP Address : ::1 ==> User List Page : User :  access the page on 2024-06-21 17:33:49
http://localhost/mms/rt_hourly_report : IP Address : ::1 ==> Real Time Hourly Report Page : User :  access the page on 2024-06-21 17:33:55
http://localhost/mms/rt_hourly_summary_report : IP Address : ::1 ==> Real Time Hourly Summary Report Page : User :  access the page on 2024-06-21 17:33:56
http://localhost/mms/ltd_report : IP Address : ::1 ==> LTD Report Page : User :  access the page on 2024-06-21 17:34:00
http://localhost/mms/ltd_report : IP Address : ::1 ==> LTD Report Page : User :  access the page on 2024-06-21 17:36:01
http://localhost/mms/ltd_report : IP Address : ::1 ==> LTD Report Page : User :  access the page on 2024-06-21 17:38:02
http://localhost/mms/ltd_report : IP Address : ::1 ==> LTD Report Page : User :  access the page on 2024-06-21 17:40:02
http://localhost/mms/ltd_report : IP Address : ::1 ==> LTD Report Page : User :  access the page on 2024-06-21 17:40:26
http://localhost/mms/ltd_report : IP Address : ::1 ==> LTD Report Page : User :  access the page on 2024-06-21 17:41:09
http://localhost/mms/user_register : IP Address : ::1 ==> User Registration Page : User :  access the page on 2024-06-21 17:42:16
http://localhost/mms/ltd_report : IP Address : ::1 ==> LTD Report Page : User :  access the page on 2024-06-21 17:42:57
http://localhost/mms/ltd_report : IP Address : ::1 ==> LTD Report Page : User :  access the page on 2024-06-21 17:44:58
http://localhost/mms/ltd_report : IP Address : ::1 ==> LTD Report Page : User :  access the page on 2024-06-21 17:46:58
http://localhost/mms/ltd_report : IP Address : ::1 ==> LTD Report Page : User :  access the page on 2024-06-21 17:48:59
http://localhost/mms/ltd_report : IP Address : ::1 ==> LTD Report Page : User :  access the page on 2024-06-21 17:51:00
http://localhost/mms/ltd_report : IP Address : ::1 ==> LTD Report Page : User :  access the page on 2024-06-21 17:53:01
http://localhost/mms/ltd_report : IP Address : ::1 ==> LTD Report Page : User :  access the page on 2024-06-21 17:55:02
http://localhost/mms/ltd_report : IP Address : ::1 ==> LTD Report Page : User :  access the page on 2024-06-21 17:57:02
http://localhost/mms/ltd_report : IP Address : ::1 ==> LTD Report Page : User :  access the page on 2024-06-21 17:59:03
http://localhost/mms/ltd_report : IP Address : ::1 ==> LTD Report Page : User :  access the page on 2024-06-21 18:01:04
http://localhost/mms/ltd_report : IP Address : ::1 ==> LTD Report Page : User :  access the page on 2024-06-21 18:03:04
http://localhost/mms/ltd_report : IP Address : ::1 ==> LTD Report Page : User :  access the page on 2024-06-21 18:05:05
http://localhost/mms/ltd_report : IP Address : ::1 ==> LTD Report Page : User :  access the page on 2024-06-21 18:07:06
http://localhost/mms/ltd_report : IP Address : ::1 ==> LTD Report Page : User :  access the page on 2024-06-21 18:09:06
http://localhost/mms/ltd_report : IP Address : ::1 ==> LTD Report Page : User :  access the page on 2024-06-21 18:11:07
http://localhost/mms/ltd_report : IP Address : ::1 ==> LTD Report Page : User :  access the page on 2024-06-21 18:13:07
http://localhost/mms/ltd_report : IP Address : ::1 ==> LTD Report Page : User :  access the page on 2024-06-21 18:15:08
http://localhost/mms/ltd_report : IP Address : ::1 ==> LTD Report Page : User :  access the page on 2024-06-21 18:17:09
http://localhost/mms/ltd_report : IP Address : ::1 ==> LTD Report Page : User :  access the page on 2024-06-21 18:19:09
http://localhost/mms/mtd_report : IP Address : ::1 ==> MTD Report Page : User :  access the page on 2024-06-21 18:20:26
http://localhost/mms/ltd_report : IP Address : ::1 ==> LTD Report Page : User :  access the page on 2024-06-21 18:20:31
http://localhost/mms/mtd_report : IP Address : ::1 ==> MTD Report Page : User :  access the page on 2024-06-21 18:20:34
http://localhost/mms/mtd_report : IP Address : ::1 ==> MTD Report Page : User :  access the page on 2024-06-21 18:22:35
http://localhost/mms/mtd_report : IP Address : ::1 ==> MTD Report Page : User :  access the page on 2024-06-21 18:24:36
http://localhost/mms/mtd_report : IP Address : ::1 ==> MTD Report Page : User :  access the page on 2024-06-21 18:26:36
http://localhost/mms/mtd_report : IP Address : ::1 ==> MTD Report Page : User :  access the page on 2024-06-21 18:28:37
http://localhost/mms/mtd_report : IP Address : ::1 ==> MTD Report Page : User :  access the page on 2024-06-21 18:30:38
http://localhost/mms/mtd_report : IP Address : ::1 ==> MTD Report Page : User :  access the page on 2024-06-21 18:32:38
http://localhost/mms/mtd_report : IP Address : ::1 ==> MTD Report Page : User :  access the page on 2024-06-21 18:34:39
http://localhost/mms/mtd_report : IP Address : ::1 ==> MTD Report Page : User :  access the page on 2024-06-21 18:36:39
http://localhost/mms/mtd_report : IP Address : ::1 ==> MTD Report Page : User :  access the page on 2024-06-21 18:38:40
http://localhost/mms/mtd_report : IP Address : ::1 ==> MTD Report Page : User :  access the page on 2024-06-21 18:40:41
http://localhost/mms/mtd_report : IP Address : ::1 ==> MTD Report Page : User :  access the page on 2024-06-21 18:42:41
http://localhost/mms/mtd_report : IP Address : ::1 ==> MTD Report Page : User :  access the page on 2024-06-21 18:44:28
http://localhost/mms/mtd_report : IP Address : ::1 ==> MTD Report Page : User :  access the page on 2024-06-21 18:46:08
http://localhost/mms/mtd_report : IP Address : ::1 ==> MTD Report Page : User :  access the page on 2024-06-21 18:47:43
http://localhost/mms/mtd_report : IP Address : ::1 ==> MTD Report Page : User :  access the page on 2024-06-21 18:48:53
http://localhost/mms/mtd_report : IP Address : ::1 ==> MTD Report Page : User :  access the page on 2024-06-21 18:50:53
http://localhost/mms/mtd_report : IP Address : ::1 ==> MTD Report Page : User :  access the page on 2024-06-21 18:52:53
http://localhost/mms/mtd_report : IP Address : ::1 ==> MTD Report Page : User :  access the page on 2024-06-21 18:54:54
http://localhost/mms/mtd_report : IP Address : ::1 ==> MTD Report Page : User :  access the page on 2024-06-21 18:56:55
http://localhost/mms/mtd_report : IP Address : ::1 ==> MTD Report Page : User :  access the page on 2024-06-21 18:57:15
http://localhost/mms/mtd_report : IP Address : ::1 ==> MTD Report Page : User :  access the page on 2024-06-21 18:59:15
http://localhost/mms/mtd_report : IP Address : ::1 ==> MTD Report Page : User :  access the page on 2024-06-21 19:01:16
http://localhost/mms/mtd_report : IP Address : ::1 ==> MTD Report Page : User :  access the page on 2024-06-21 19:03:14
http://localhost/mms/mtd_report : IP Address : ::1 ==> MTD Report Page : User :  access the page on 2024-06-21 19:03:30
http://localhost/mms/mtd_report : IP Address : ::1 ==> MTD Report Page : User :  access the page on 2024-06-21 19:05:06
http://localhost/mms/mtd_report : IP Address : ::1 ==> MTD Report Page : User :  access the page on 2024-06-21 19:05:35
http://localhost/mms/mtd_report : IP Address : ::1 ==> MTD Report Page : User :  access the page on 2024-06-21 19:06:08
http://localhost/mms/mtd_report : IP Address : ::1 ==> MTD Report Page : User :  access the page on 2024-06-21 19:06:48
http://localhost/mms/mtd_report : IP Address : ::1 ==> MTD Report Page : User :  access the page on 2024-06-21 19:08:48
http://localhost/mms/mtd_report : IP Address : ::1 ==> MTD Report Page : User :  access the page on 2024-06-21 19:09:17
http://localhost/mms/mtd_report : IP Address : ::1 ==> MTD Report Page : User :  access the page on 2024-06-21 19:11:17
http://localhost/mms/mtd_report : IP Address : ::1 ==> MTD Report Page : User :  access the page on 2024-06-21 19:13:00
http://localhost/mms/mtd_report : IP Address : ::1 ==> MTD Report Page : User :  access the page on 2024-06-21 19:15:01
http://localhost/mms/mtd_report : IP Address : ::1 ==> MTD Report Page : User :  access the page on 2024-06-21 19:15:35
http://localhost/mms/mtd_report : IP Address : ::1 ==> MTD Report Page : User :  access the page on 2024-06-21 19:15:50
http://localhost/mms/mtd_report : IP Address : ::1 ==> MTD Report Page : User :  access the page on 2024-06-21 19:16:21
http://localhost/mms/ltd_report : IP Address : ::1 ==> LTD Report Page : User :  access the page on 2024-06-21 19:17:44
http://localhost/mms/ltd_report : IP Address : ::1 ==> LTD Report Page : User :  access the page on 2024-06-21 19:17:51
http://localhost/mms/mtd_report : IP Address : ::1 ==> MTD Report Page : User :  access the page on 2024-06-21 19:18:00
http://localhost/mms/lmtd_report : IP Address : ::1 ==> LMTD Report Page : User :  access the page on 2024-06-21 19:18:05
http://localhost/mms/ytd_report : IP Address : ::1 ==> YTD Report Page : User :  access the page on 2024-06-21 19:18:08
http://localhost/mms/lmtd_report : IP Address : ::1 ==> LMTD Report Page : User :  access the page on 2024-06-21 19:18:12
http://localhost/mms/mtd_report : IP Address : ::1 ==> MTD Report Page : User :  access the page on 2024-06-21 19:18:16
http://localhost/mms/ltd_report : IP Address : ::1 ==> LTD Report Page : User :  access the page on 2024-06-21 19:18:31
http://localhost/mms/lmtd_report : IP Address : ::1 ==> LMTD Report Page : User :  access the page on 2024-06-21 19:19:00
http://localhost/mms/ytd_report : IP Address : ::1 ==> YTD Report Page : User :  access the page on 2024-06-21 19:19:04
http://localhost/mms/ytd_report : IP Address : ::1 ==> YTD Report Page : User :  access the page on 2024-06-21 19:21:05
http://localhost/mms/ytd_report : IP Address : ::1 ==> YTD Report Page : User :  access the page on 2024-06-21 19:23:06
http://localhost/mms/ytd_report : IP Address : ::1 ==> YTD Report Page : User :  access the page on 2024-06-21 19:25:06
