http://localhost/mms/ajax/call_functions.php : IP Address : ::1 ==> Index Page : Username => celebdigital trying to login on 2024-06-22 10:02:43
http://localhost/mms/ajax/call_functions.php : IP Address : ::1 ==> Loginpage :  Execute the service [{
    "txt_username" : "celebdigital",
    "txt_password" : "YJt@123#",
    "request_id" : "4340608422"
  }] on 2024-06-22 10:02:43
http://localhost/mms/ajax/call_functions.php : IP Address : ::1 ==> Index Page : celebdigital logged in successfully on 2024-06-22 10:02:43
http://localhost/mms/rt_hourly_report : IP Address : ::1 ==> Real Time Hourly Report Page : User :  access the page on 2024-06-22 10:03:07
http://localhost/mms/rt_hourly_summary_report : IP Address : ::1 ==> Real Time Hourly Summary Report Page : User :  access the page on 2024-06-22 10:03:13
http://localhost/mms/ltd_report : IP Address : ::1 ==> LTD Report Page : User :  access the page on 2024-06-22 10:03:22
http://localhost/mms/mtd_report : IP Address : ::1 ==> MTD Report Page : User :  access the page on 2024-06-22 10:03:25
http://localhost/mms/ltd_report : IP Address : ::1 ==> LTD Report Page : User :  access the page on 2024-06-22 10:03:30
http://localhost/mms/lmtd_report : IP Address : ::1 ==> LMTD Report Page : User :  access the page on 2024-06-22 10:03:32
http://localhost/mms/mtd_report : IP Address : ::1 ==> MTD Report Page : User :  access the page on 2024-06-22 10:03:34
http://localhost/mms/lmtd_report : IP Address : ::1 ==> LMTD Report Page : User :  access the page on 2024-06-22 10:03:36
http://localhost/mms/ltd_report : IP Address : ::1 ==> LTD Report Page : User :  access the page on 2024-06-22 10:04:48
http://localhost/mms/rt_hourly_report : IP Address : ::1 ==> Real Time Hourly Report Page : User :  access the page on 2024-06-22 10:07:29
http://localhost/mms/rt_hourly_summary_report : IP Address : ::1 ==> Real Time Hourly Summary Report Page : User :  access the page on 2024-06-22 10:07:31
http://localhost/mms/ltd_report : IP Address : ::1 ==> LTD Report Page : User :  access the page on 2024-06-22 10:07:37
http://localhost/mms/ltd_report : IP Address : ::1 ==> LTD Report Page : User :  access the page on 2024-06-22 10:08:23
http://localhost/mms/ltd_report : IP Address : ::1 ==> LTD Report Page : User :  access the page on 2024-06-22 10:08:55
http://localhost/mms/ltd_report : IP Address : ::1 ==> LTD Report Page : User :  access the page on 2024-06-22 10:10:55
http://localhost/mms/ltd_report : IP Address : ::1 ==> LTD Report Page : User :  access the page on 2024-06-22 10:12:42
http://localhost/mms/mtd_report : IP Address : ::1 ==> MTD Report Page : User :  access the page on 2024-06-22 10:13:16
http://localhost/mms/mtd_report : IP Address : ::1 ==> MTD Report Page : User :  access the page on 2024-06-22 10:15:37
http://localhost/mms/mtd_report : IP Address : ::1 ==> MTD Report Page : User :  access the page on 2024-06-22 10:16:04
http://localhost/mms/mtd_report : IP Address : ::1 ==> MTD Report Page : User :  access the page on 2024-06-22 10:16:05
http://localhost/mms/mtd_report : IP Address : ::1 ==> MTD Report Page : User :  access the page on 2024-06-22 10:16:05
http://localhost/mms/mtd_report : IP Address : ::1 ==> MTD Report Page : User :  access the page on 2024-06-22 10:16:05
http://localhost/mms/ltd_report : IP Address : ::1 ==> LTD Report Page : User :  access the page on 2024-06-22 10:16:07
http://localhost/mms/mtd_report : IP Address : ::1 ==> MTD Report Page : User :  access the page on 2024-06-22 10:16:09
http://localhost/mms/mtd_report : IP Address : ::1 ==> MTD Report Page : User :  access the page on 2024-06-22 10:16:11
http://localhost/mms/mtd_report : IP Address : ::1 ==> MTD Report Page : User :  access the page on 2024-06-22 10:16:48
http://localhost/mms/mtd_report : IP Address : ::1 ==> MTD Report Page : User :  access the page on 2024-06-22 10:16:49
http://localhost/mms/mtd_report : IP Address : ::1 ==> MTD Report Page : User :  access the page on 2024-06-22 10:16:50
http://localhost/mms/mtd_report : IP Address : ::1 ==> MTD Report Page : User :  access the page on 2024-06-22 10:16:50
http://localhost/mms/mtd_report : IP Address : ::1 ==> MTD Report Page : User :  access the page on 2024-06-22 10:16:50
http://localhost/mms/mtd_report : IP Address : ::1 ==> MTD Report Page : User :  access the page on 2024-06-22 10:16:50
http://localhost/mms/mtd_report : IP Address : ::1 ==> MTD Report Page : User :  access the page on 2024-06-22 10:16:50
http://localhost/mms/mtd_report : IP Address : ::1 ==> MTD Report Page : User :  access the page on 2024-06-22 10:16:51
http://localhost/mms/mtd_report : IP Address : ::1 ==> MTD Report Page : User :  access the page on 2024-06-22 10:16:51
http://localhost/mms/mtd_report : IP Address : ::1 ==> MTD Report Page : User :  access the page on 2024-06-22 10:16:51
http://localhost/mms/mtd_report : IP Address : ::1 ==> MTD Report Page : User :  access the page on 2024-06-22 10:17:54
http://localhost/mms/mtd_report : IP Address : ::1 ==> MTD Report Page : User :  access the page on 2024-06-22 10:17:55
http://localhost/mms/mtd_report : IP Address : ::1 ==> MTD Report Page : User :  access the page on 2024-06-22 10:17:55
http://localhost/mms/mtd_report : IP Address : ::1 ==> MTD Report Page : User :  access the page on 2024-06-22 10:17:56
http://localhost/mms/mtd_report : IP Address : ::1 ==> MTD Report Page : User :  access the page on 2024-06-22 10:17:56
http://localhost/mms/mtd_report : IP Address : ::1 ==> MTD Report Page : User :  access the page on 2024-06-22 10:17:56
http://localhost/mms/mtd_report : IP Address : ::1 ==> MTD Report Page : User :  access the page on 2024-06-22 10:17:56
http://localhost/mms/mtd_report : IP Address : ::1 ==> MTD Report Page : User :  access the page on 2024-06-22 10:17:57
http://localhost/mms/mtd_report : IP Address : ::1 ==> MTD Report Page : User :  access the page on 2024-06-22 10:18:45
http://localhost/mms/mtd_report : IP Address : ::1 ==> MTD Report Page : User :  access the page on 2024-06-22 10:19:14
http://localhost/mms/ltd_report : IP Address : ::1 ==> LTD Report Page : User :  access the page on 2024-06-22 10:20:01
http://localhost/mms/ltd_report : IP Address : ::1 ==> LTD Report Page : User :  access the page on 2024-06-22 10:21:49
http://localhost/mms/ltd_report : IP Address : ::1 ==> LTD Report Page : User :  access the page on 2024-06-22 10:21:49
http://localhost/mms/ltd_report : IP Address : ::1 ==> LTD Report Page : User :  access the page on 2024-06-22 10:21:50
http://localhost/mms/ltd_report : IP Address : ::1 ==> LTD Report Page : User :  access the page on 2024-06-22 10:21:51
http://localhost/mms/ltd_report : IP Address : ::1 ==> LTD Report Page : User :  access the page on 2024-06-22 10:21:51
http://localhost/mms/ltd_report : IP Address : ::1 ==> LTD Report Page : User :  access the page on 2024-06-22 10:23:02
http://localhost/mms/ltd_report : IP Address : ::1 ==> LTD Report Page : User :  access the page on 2024-06-22 10:23:03
http://localhost/mms/ltd_report : IP Address : ::1 ==> LTD Report Page : User :  access the page on 2024-06-22 10:23:03
http://localhost/mms/ltd_report : IP Address : ::1 ==> LTD Report Page : User :  access the page on 2024-06-22 10:23:03
http://localhost/mms/ltd_report : IP Address : ::1 ==> LTD Report Page : User :  access the page on 2024-06-22 10:23:04
http://localhost/mms/ltd_report : IP Address : ::1 ==> LTD Report Page : User :  access the page on 2024-06-22 10:23:04
http://localhost/mms/ltd_report : IP Address : ::1 ==> LTD Report Page : User :  access the page on 2024-06-22 10:23:04
http://localhost/mms/ltd_report : IP Address : ::1 ==> LTD Report Page : User :  access the page on 2024-06-22 10:25:04
http://localhost/mms/ltd_report : IP Address : ::1 ==> LTD Report Page : User :  access the page on 2024-06-22 10:27:04
http://localhost/mms/ltd_report : IP Address : ::1 ==> LTD Report Page : User :  access the page on 2024-06-22 10:28:18
http://localhost/mms/ltd_report : IP Address : ::1 ==> LTD Report Page : User :  access the page on 2024-06-22 10:28:19
http://localhost/mms/mtd_report : IP Address : ::1 ==> MTD Report Page : User :  access the page on 2024-06-22 10:28:20
http://localhost/mms/mtd_report : IP Address : ::1 ==> MTD Report Page : User :  access the page on 2024-06-22 10:28:22
http://localhost/mms/mtd_report : IP Address : ::1 ==> MTD Report Page : User :  access the page on 2024-06-22 10:28:23
http://localhost/mms/mtd_report : IP Address : ::1 ==> MTD Report Page : User :  access the page on 2024-06-22 10:28:42
http://localhost/mms/mtd_report : IP Address : ::1 ==> MTD Report Page : User :  access the page on 2024-06-22 10:28:43
http://localhost/mms/mtd_report : IP Address : ::1 ==> MTD Report Page : User :  access the page on 2024-06-22 10:28:53
http://localhost/mms/mtd_report : IP Address : ::1 ==> MTD Report Page : User :  access the page on 2024-06-22 10:28:54
http://localhost/mms/mtd_report : IP Address : ::1 ==> MTD Report Page : User :  access the page on 2024-06-22 10:28:54
http://localhost/mms/mtd_report : IP Address : ::1 ==> MTD Report Page : User :  access the page on 2024-06-22 10:28:55
http://localhost/mms/mtd_report : IP Address : ::1 ==> MTD Report Page : User :  access the page on 2024-06-22 10:28:55
http://localhost/mms/mtd_report : IP Address : ::1 ==> MTD Report Page : User :  access the page on 2024-06-22 10:28:55
http://localhost/mms/mtd_report : IP Address : ::1 ==> MTD Report Page : User :  access the page on 2024-06-22 10:28:55
http://localhost/mms/mtd_report : IP Address : ::1 ==> MTD Report Page : User :  access the page on 2024-06-22 10:28:55
http://localhost/mms/mtd_report : IP Address : ::1 ==> MTD Report Page : User :  access the page on 2024-06-22 10:28:55
http://localhost/mms/mtd_report : IP Address : ::1 ==> MTD Report Page : User :  access the page on 2024-06-22 10:28:55
http://localhost/mms/mtd_report : IP Address : ::1 ==> MTD Report Page : User :  access the page on 2024-06-22 10:28:56
http://localhost/mms/mtd_report : IP Address : ::1 ==> MTD Report Page : User :  access the page on 2024-06-22 10:28:56
http://localhost/mms/mtd_report : IP Address : ::1 ==> MTD Report Page : User :  access the page on 2024-06-22 10:30:03
http://localhost/mms/ltd_report : IP Address : ::1 ==> LTD Report Page : User :  access the page on 2024-06-22 10:31:19
http://localhost/mms/mtd_report : IP Address : ::1 ==> MTD Report Page : User :  access the page on 2024-06-22 10:31:21
http://localhost/mms/mtd_report : IP Address : ::1 ==> MTD Report Page : User :  access the page on 2024-06-22 10:33:21
http://localhost/mms/mtd_report : IP Address : ::1 ==> MTD Report Page : User :  access the page on 2024-06-22 10:35:22
http://localhost/mms/mtd_report : IP Address : ::1 ==> MTD Report Page : User :  access the page on 2024-06-22 10:35:34
http://localhost/mms/mtd_report : IP Address : ::1 ==> MTD Report Page : User :  access the page on 2024-06-22 10:35:34
http://localhost/mms/mtd_report : IP Address : ::1 ==> MTD Report Page : User :  access the page on 2024-06-22 10:35:35
http://localhost/mms/mtd_report : IP Address : ::1 ==> MTD Report Page : User :  access the page on 2024-06-22 10:35:35
http://localhost/mms/mtd_report : IP Address : ::1 ==> MTD Report Page : User :  access the page on 2024-06-22 10:35:35
http://localhost/mms/mtd_report : IP Address : ::1 ==> MTD Report Page : User :  access the page on 2024-06-22 10:35:35
http://localhost/mms/mtd_report : IP Address : ::1 ==> MTD Report Page : User :  access the page on 2024-06-22 10:35:36
http://localhost/mms/mtd_report : IP Address : ::1 ==> MTD Report Page : User :  access the page on 2024-06-22 10:35:36
http://localhost/mms/mtd_report : IP Address : ::1 ==> MTD Report Page : User :  access the page on 2024-06-22 10:35:36
http://localhost/mms/mtd_report : IP Address : ::1 ==> MTD Report Page : User :  access the page on 2024-06-22 10:35:36
http://localhost/mms/mtd_report : IP Address : ::1 ==> MTD Report Page : User :  access the page on 2024-06-22 10:35:37
http://localhost/mms/mtd_report : IP Address : ::1 ==> MTD Report Page : User :  access the page on 2024-06-22 10:35:38
http://localhost/mms/mtd_report : IP Address : ::1 ==> MTD Report Page : User :  access the page on 2024-06-22 10:35:38
http://localhost/mms/mtd_report : IP Address : ::1 ==> MTD Report Page : User :  access the page on 2024-06-22 10:35:38
http://localhost/mms/mtd_report : IP Address : ::1 ==> MTD Report Page : User :  access the page on 2024-06-22 10:35:38
http://localhost/mms/mtd_report : IP Address : ::1 ==> MTD Report Page : User :  access the page on 2024-06-22 10:35:39
http://localhost/mms/mtd_report : IP Address : ::1 ==> MTD Report Page : User :  access the page on 2024-06-22 10:35:39
http://localhost/mms/mtd_report : IP Address : ::1 ==> MTD Report Page : User :  access the page on 2024-06-22 10:35:39
http://localhost/mms/mtd_report : IP Address : ::1 ==> MTD Report Page : User :  access the page on 2024-06-22 10:35:40
http://localhost/mms/mtd_report : IP Address : ::1 ==> MTD Report Page : User :  access the page on 2024-06-22 10:35:40
http://localhost/mms/mtd_report : IP Address : ::1 ==> MTD Report Page : User :  access the page on 2024-06-22 10:36:52
http://localhost/mms/mtd_report : IP Address : ::1 ==> MTD Report Page : User :  access the page on 2024-06-22 10:37:01
http://localhost/mms/mtd_report : IP Address : ::1 ==> MTD Report Page : User :  access the page on 2024-06-22 10:37:11
http://localhost/mms/ltd_report : IP Address : ::1 ==> LTD Report Page : User :  access the page on 2024-06-22 10:37:18
http://localhost/mms/mtd_report : IP Address : ::1 ==> MTD Report Page : User :  access the page on 2024-06-22 10:37:20
http://localhost/mms/mtd_report : IP Address : ::1 ==> MTD Report Page : User :  access the page on 2024-06-22 10:39:46
http://localhost/mms/mtd_report : IP Address : ::1 ==> MTD Report Page : User :  access the page on 2024-06-22 10:41:47
http://localhost/mms/mtd_report : IP Address : ::1 ==> MTD Report Page : User :  access the page on 2024-06-22 10:43:47
http://localhost/mms/mtd_report : IP Address : ::1 ==> MTD Report Page : User :  access the page on 2024-06-22 10:45:47
http://localhost/mms/mtd_report : IP Address : ::1 ==> MTD Report Page : User :  access the page on 2024-06-22 10:47:47
http://localhost/mms/mtd_report : IP Address : ::1 ==> MTD Report Page : User :  access the page on 2024-06-22 10:49:48
http://localhost/mms/mtd_report : IP Address : ::1 ==> MTD Report Page : User :  access the page on 2024-06-22 10:51:48
http://localhost/mms/mtd_report : IP Address : ::1 ==> MTD Report Page : User :  access the page on 2024-06-22 10:53:48
http://localhost/mms/mtd_report : IP Address : ::1 ==> MTD Report Page : User :  access the page on 2024-06-22 10:54:34
http://localhost/mms/mtd_report : IP Address : ::1 ==> MTD Report Page : User :  access the page on 2024-06-22 10:56:34
http://localhost/mms/mtd_report : IP Address : ::1 ==> MTD Report Page : User :  access the page on 2024-06-22 10:58:34
http://localhost/mms/mtd_report : IP Address : ::1 ==> MTD Report Page : User :  access the page on 2024-06-22 11:00:29
http://localhost/mms/mtd_report : IP Address : ::1 ==> MTD Report Page : User :  access the page on 2024-06-22 11:00:47
http://localhost/mms/mtd_report : IP Address : ::1 ==> MTD Report Page : User :  access the page on 2024-06-22 11:02:36
http://localhost/mms/mtd_report : IP Address : ::1 ==> MTD Report Page : User :  access the page on 2024-06-22 11:02:37
http://localhost/mms/mtd_report : IP Address : ::1 ==> MTD Report Page : User :  access the page on 2024-06-22 11:04:37
http://localhost/mms/mtd_report : IP Address : ::1 ==> MTD Report Page : User :  access the page on 2024-06-22 11:06:38
http://localhost/mms/ltd_report : IP Address : ::1 ==> LTD Report Page : User :  access the page on 2024-06-22 11:07:24
http://localhost/mms/ltd_report : IP Address : ::1 ==> LTD Report Page : User :  access the page on 2024-06-22 11:09:24
http://localhost/mms/ltd_report : IP Address : ::1 ==> LTD Report Page : User :  access the page on 2024-06-22 11:11:24
http://localhost/mms/mtd_report : IP Address : ::1 ==> MTD Report Page : User :  access the page on 2024-06-22 11:12:59
http://localhost/mms/lmtd_report : IP Address : ::1 ==> LMTD Report Page : User :  access the page on 2024-06-22 11:13:09
http://localhost/mms/ytd_report : IP Address : ::1 ==> YTD Report Page : User :  access the page on 2024-06-22 11:13:18
http://localhost/mms/rt_hourly_report : IP Address : ::1 ==> Real Time Hourly Report Page : User :  access the page on 2024-06-22 11:13:59
http://localhost/mms/rt_hourly_report : IP Address : ::1 ==> Real Time Hourly Report Page : User :  access the page on 2024-06-22 11:15:59
http://localhost/mms/rt_hourly_report : IP Address : ::1 ==> Real Time Hourly Report Page : User :  access the page on 2024-06-22 11:17:59
http://localhost/mms/rt_hourly_report : IP Address : ::1 ==> Real Time Hourly Report Page : User :  access the page on 2024-06-22 11:18:11
http://localhost/mms/rt_hourly_summary_report : IP Address : ::1 ==> Real Time Hourly Summary Report Page : User :  access the page on 2024-06-22 11:18:13
http://localhost/mms/ltd_report : IP Address : ::1 ==> LTD Report Page : User :  access the page on 2024-06-22 11:18:19
http://localhost/mms/mtd_report : IP Address : ::1 ==> MTD Report Page : User :  access the page on 2024-06-22 11:18:31
http://localhost/mms/lmtd_report : IP Address : ::1 ==> LMTD Report Page : User :  access the page on 2024-06-22 11:18:48
http://localhost/mms/lmtd_report : IP Address : ::1 ==> LMTD Report Page : User :  access the page on 2024-06-22 11:18:51
http://localhost/mms/ytd_report : IP Address : ::1 ==> YTD Report Page : User :  access the page on 2024-06-22 11:19:03
http://localhost/mms/user_register : IP Address : ::1 ==> User Registration Page : User :  access the page on 2024-06-22 11:20:28
http://localhost/mms/user_list : IP Address : ::1 ==> User List Page : User :  access the page on 2024-06-22 11:20:33
http://localhost/mms/ltd_report : IP Address : ::1 ==> LTD Report Page : User :  access the page on 2024-06-22 11:21:06
http://localhost/mms/mtd_report : IP Address : ::1 ==> MTD Report Page : User :  access the page on 2024-06-22 11:21:09
http://localhost/mms/ltd_report : IP Address : ::1 ==> LTD Report Page : User :  access the page on 2024-06-22 11:22:08
http://localhost/mms/ltd_report : IP Address : ::1 ==> LTD Report Page : User :  access the page on 2024-06-22 11:24:08
http://localhost/mms/ltd_report : IP Address : ::1 ==> LTD Report Page : User :  access the page on 2024-06-22 11:24:42
http://localhost/mms/ltd_report : IP Address : ::1 ==> LTD Report Page : User :  access the page on 2024-06-22 11:24:43
http://localhost/mms/ltd_report : IP Address : ::1 ==> LTD Report Page : User :  access the page on 2024-06-22 11:24:43
http://localhost/mms/ltd_report : IP Address : ::1 ==> LTD Report Page : User :  access the page on 2024-06-22 11:24:43
http://localhost/mms/ltd_report : IP Address : ::1 ==> LTD Report Page : User :  access the page on 2024-06-22 11:24:44
http://localhost/mms/ltd_report : IP Address : ::1 ==> LTD Report Page : User :  access the page on 2024-06-22 11:24:44
http://localhost/mms/lmtd_report : IP Address : ::1 ==> LMTD Report Page : User :  access the page on 2024-06-22 11:25:03
http://localhost/mms/lmtd_report : IP Address : ::1 ==> LMTD Report Page : User :  access the page on 2024-06-22 11:25:03
http://localhost/mms/ytd_report : IP Address : ::1 ==> YTD Report Page : User :  access the page on 2024-06-22 11:25:08
http://localhost/mms/ytd_report : IP Address : ::1 ==> YTD Report Page : User :  access the page on 2024-06-22 11:27:08
http://localhost/mms/ytd_report : IP Address : ::1 ==> YTD Report Page : User :  access the page on 2024-06-22 11:29:09
http://localhost/mms/ltd_report : IP Address : ::1 ==> LTD Report Page : User :  access the page on 2024-06-22 11:30:50
http://localhost/mms/ltd_report : IP Address : ::1 ==> LTD Report Page : User :  access the page on 2024-06-22 11:32:50
http://localhost/mms/ltd_report : IP Address : ::1 ==> LTD Report Page : User :  access the page on 2024-06-22 11:34:50
http://localhost/mms/lmtd_report : IP Address : ::1 ==> LMTD Report Page : User :  access the page on 2024-06-22 11:35:35
http://localhost/mms/lmtd_report : IP Address : ::1 ==> LMTD Report Page : User :  access the page on 2024-06-22 11:37:35
http://localhost/mms/lmtd_report : IP Address : ::1 ==> LMTD Report Page : User :  access the page on 2024-06-22 11:39:36
http://localhost/mms/ytd_report : IP Address : ::1 ==> YTD Report Page : User :  access the page on 2024-06-22 11:39:56
http://localhost/mms/ltd_report : IP Address : ::1 ==> LTD Report Page : User :  access the page on 2024-06-22 11:40:16
http://localhost/mms/ltd_report : IP Address : ::1 ==> LTD Report Page : User :  access the page on 2024-06-22 11:41:17
http://localhost/mms/mtd_report : IP Address : ::1 ==> MTD Report Page : User :  access the page on 2024-06-22 11:41:19
http://localhost/mms/lmtd_report : IP Address : ::1 ==> LMTD Report Page : User :  access the page on 2024-06-22 11:41:26
http://localhost/mms/ltd_report : IP Address : ::1 ==> LTD Report Page : User :  access the page on 2024-06-22 11:41:49
http://localhost/mms/mtd_report : IP Address : ::1 ==> MTD Report Page : User :  access the page on 2024-06-22 11:41:56
http://localhost/mms/lmtd_report : IP Address : ::1 ==> LMTD Report Page : User :  access the page on 2024-06-22 11:41:58
http://localhost/mms/ytd_report : IP Address : ::1 ==> YTD Report Page : User :  access the page on 2024-06-22 11:42:06
http://localhost/mms/lmtd_report : IP Address : ::1 ==> LMTD Report Page : User :  access the page on 2024-06-22 11:42:13
http://localhost/mms/mtd_report : IP Address : ::1 ==> MTD Report Page : User :  access the page on 2024-06-22 11:42:17
http://localhost/mms/mtd_report : IP Address : ::1 ==> MTD Report Page : User :  access the page on 2024-06-22 11:44:17
http://localhost/mms/lmtd_report : IP Address : ::1 ==> LMTD Report Page : User :  access the page on 2024-06-22 11:45:42
http://localhost/mms/ytd_report : IP Address : ::1 ==> YTD Report Page : User :  access the page on 2024-06-22 11:45:48
http://localhost/mms/ltd_report : IP Address : ::1 ==> LTD Report Page : User :  access the page on 2024-06-22 11:45:52
http://localhost/mms/ltd_report : IP Address : ::1 ==> LTD Report Page : User :  access the page on 2024-06-22 11:47:52
http://localhost/mms/ltd_report : IP Address : ::1 ==> LTD Report Page : User :  access the page on 2024-06-22 11:49:52
http://localhost/mms/mtd_report : IP Address : ::1 ==> MTD Report Page : User :  access the page on 2024-06-22 11:51:51
http://localhost/mms/lmtd_report : IP Address : ::1 ==> LMTD Report Page : User :  access the page on 2024-06-22 11:51:57
http://localhost/mms/lmtd_report : IP Address : ::1 ==> LMTD Report Page : User :  access the page on 2024-06-22 11:53:57
http://localhost/mms/lmtd_report : IP Address : ::1 ==> LMTD Report Page : User :  access the page on 2024-06-22 11:55:57
http://localhost/mms/lmtd_report : IP Address : ::1 ==> LMTD Report Page : User :  access the page on 2024-06-22 11:57:57
http://localhost/mms/lmtd_report : IP Address : ::1 ==> LMTD Report Page : User :  access the page on 2024-06-22 11:59:48
http://localhost/mms/lmtd_report : IP Address : ::1 ==> LMTD Report Page : User :  access the page on 2024-06-22 12:01:48
http://localhost/mms/lmtd_report : IP Address : ::1 ==> LMTD Report Page : User :  access the page on 2024-06-22 12:03:49
http://localhost/mms/lmtd_report : IP Address : ::1 ==> LMTD Report Page : User :  access the page on 2024-06-22 12:05:49
http://localhost/mms/mtd_report : IP Address : ::1 ==> MTD Report Page : User :  access the page on 2024-06-22 12:07:09
http://localhost/mms/mtd_report : IP Address : ::1 ==> MTD Report Page : User :  access the page on 2024-06-22 12:09:09
http://localhost/mms/mtd_report : IP Address : ::1 ==> MTD Report Page : User :  access the page on 2024-06-22 12:11:10
http://localhost/mms/mtd_report : IP Address : ::1 ==> MTD Report Page : User :  access the page on 2024-06-22 12:13:10
http://localhost/mms/mtd_report : IP Address : ::1 ==> MTD Report Page : User :  access the page on 2024-06-22 12:15:10
http://localhost/mms/mtd_report : IP Address : ::1 ==> MTD Report Page : User :  access the page on 2024-06-22 12:17:11
http://localhost/mms/mtd_report : IP Address : ::1 ==> MTD Report Page : User :  access the page on 2024-06-22 12:19:11
http://localhost/mms/mtd_report : IP Address : ::1 ==> MTD Report Page : User :  access the page on 2024-06-22 12:21:11
http://localhost/mms/mtd_report : IP Address : ::1 ==> MTD Report Page : User :  access the page on 2024-06-22 12:21:23
http://localhost/mms/mtd_report : IP Address : ::1 ==> MTD Report Page : User :  access the page on 2024-06-22 12:21:25
http://localhost/mms/lmtd_report : IP Address : ::1 ==> LMTD Report Page : User :  access the page on 2024-06-22 12:21:27
http://localhost/mms/lmtd_report : IP Address : ::1 ==> LMTD Report Page : User :  access the page on 2024-06-22 12:21:28
http://localhost/mms/lmtd_report : IP Address : ::1 ==> LMTD Report Page : User :  access the page on 2024-06-22 12:22:37
http://localhost/mms/lmtd_report : IP Address : ::1 ==> LMTD Report Page : User :  access the page on 2024-06-22 12:22:38
http://localhost/mms/lmtd_report : IP Address : ::1 ==> LMTD Report Page : User :  access the page on 2024-06-22 12:24:38
http://localhost/mms/lmtd_report : IP Address : ::1 ==> LMTD Report Page : User :  access the page on 2024-06-22 12:25:01
http://localhost/mms/lmtd_report : IP Address : ::1 ==> LMTD Report Page : User :  access the page on 2024-06-22 12:26:42
http://localhost/mms/lmtd_report : IP Address : ::1 ==> LMTD Report Page : User :  access the page on 2024-06-22 12:26:43
http://localhost/mms/lmtd_report : IP Address : ::1 ==> LMTD Report Page : User :  access the page on 2024-06-22 12:28:43
http://localhost/mms/ytd_report : IP Address : ::1 ==> YTD Report Page : User :  access the page on 2024-06-22 12:29:21
http://localhost/mms/ytd_report : IP Address : ::1 ==> YTD Report Page : User :  access the page on 2024-06-22 12:30:09
http://localhost/mms/ytd_report : IP Address : ::1 ==> YTD Report Page : User :  access the page on 2024-06-22 12:30:23
http://localhost/mms/ytd_report : IP Address : ::1 ==> YTD Report Page : User :  access the page on 2024-06-22 12:31:06
http://localhost/mms/ytd_report : IP Address : ::1 ==> YTD Report Page : User :  access the page on 2024-06-22 12:31:35
http://localhost/mms/ytd_report : IP Address : ::1 ==> YTD Report Page : User :  access the page on 2024-06-22 12:31:36
http://localhost/mms/ytd_report : IP Address : ::1 ==> YTD Report Page : User :  access the page on 2024-06-22 12:33:20
http://localhost/mms/ytd_report : IP Address : ::1 ==> YTD Report Page : User :  access the page on 2024-06-22 12:33:21
http://localhost/mms/ytd_report : IP Address : ::1 ==> YTD Report Page : User :  access the page on 2024-06-22 12:33:22
http://localhost/mms/ytd_report : IP Address : ::1 ==> YTD Report Page : User :  access the page on 2024-06-22 12:33:22
http://localhost/mms/ytd_report : IP Address : ::1 ==> YTD Report Page : User :  access the page on 2024-06-22 12:33:55
http://localhost/mms/ytd_report : IP Address : ::1 ==> YTD Report Page : User :  access the page on 2024-06-22 12:34:11
http://localhost/mms/ytd_report : IP Address : ::1 ==> YTD Report Page : User :  access the page on 2024-06-22 12:36:11
http://localhost/mms/ytd_report : IP Address : ::1 ==> YTD Report Page : User :  access the page on 2024-06-22 12:36:50
http://localhost/mms/ytd_report : IP Address : ::1 ==> YTD Report Page : User :  access the page on 2024-06-22 12:38:51
http://localhost/mms/lmtd_report : IP Address : ::1 ==> LMTD Report Page : User :  access the page on 2024-06-22 12:39:28
http://localhost/mms/mtd_report : IP Address : ::1 ==> MTD Report Page : User :  access the page on 2024-06-22 12:39:32
http://localhost/mms/ltd_report : IP Address : ::1 ==> LTD Report Page : User :  access the page on 2024-06-22 12:39:35
http://localhost/mms/ytd_report : IP Address : ::1 ==> YTD Report Page : User :  access the page on 2024-06-22 12:39:39
http://localhost/mms/lmtd_report : IP Address : ::1 ==> LMTD Report Page : User :  access the page on 2024-06-22 12:39:42
http://localhost/mms/ytd_report : IP Address : ::1 ==> YTD Report Page : User :  access the page on 2024-06-22 12:39:43
http://localhost/mms/ytd_report : IP Address : ::1 ==> YTD Report Page : User :  access the page on 2024-06-22 12:41:44
http://localhost/mms/ytd_report : IP Address : ::1 ==> YTD Report Page : User :  access the page on 2024-06-22 12:43:44
http://localhost/mms/ytd_report : IP Address : ::1 ==> YTD Report Page : User :  access the page on 2024-06-22 12:45:45
http://localhost/mms/ytd_report : IP Address : ::1 ==> YTD Report Page : User :  access the page on 2024-06-22 12:46:21
http://localhost/mms/ytd_report : IP Address : ::1 ==> YTD Report Page : User :  access the page on 2024-06-22 12:46:27
http://localhost/mms/ytd_report : IP Address : ::1 ==> YTD Report Page : User :  access the page on 2024-06-22 12:48:27
http://localhost/mms/ytd_report : IP Address : ::1 ==> YTD Report Page : User :  access the page on 2024-06-22 12:50:28
http://localhost/mms/ytd_report : IP Address : ::1 ==> YTD Report Page : User :  access the page on 2024-06-22 12:52:28
http://localhost/mms/ytd_report : IP Address : ::1 ==> YTD Report Page : User :  access the page on 2024-06-22 12:54:28
http://localhost/mms/ytd_report : IP Address : ::1 ==> YTD Report Page : User :  access the page on 2024-06-22 12:56:29
http://localhost/mms/ytd_report : IP Address : ::1 ==> YTD Report Page : User :  access the page on 2024-06-22 12:58:29
http://localhost/mms/ltd_report : IP Address : ::1 ==> LTD Report Page : User :  access the page on 2024-06-22 12:58:39
http://localhost/mms/mtd_report : IP Address : ::1 ==> MTD Report Page : User :  access the page on 2024-06-22 12:58:44
http://localhost/mms/user_register : IP Address : ::1 ==> User Registration Page : User :  access the page on 2024-06-22 13:00:31
http://localhost/mms/user_list : IP Address : ::1 ==> User List Page : User :  access the page on 2024-06-22 13:00:35
http://localhost/mms/rt_hourly_report : IP Address : ::1 ==> Real Time Hourly Report Page : User :  access the page on 2024-06-22 13:00:41
http://localhost/mms/ltd_report : IP Address : ::1 ==> LTD Report Page : User :  access the page on 2024-06-22 13:00:44
http://localhost/mms/mtd_report : IP Address : ::1 ==> MTD Report Page : User :  access the page on 2024-06-22 13:00:53
http://localhost/mms/lmtd_report : IP Address : ::1 ==> LMTD Report Page : User :  access the page on 2024-06-22 13:02:00
http://localhost/mms/lmtd_report : IP Address : ::1 ==> LMTD Report Page : User :  access the page on 2024-06-22 13:02:17
http://localhost/mms/lmtd_report : IP Address : ::1 ==> LMTD Report Page : User :  access the page on 2024-06-22 13:04:17
http://localhost/mms/lmtd_report : IP Address : ::1 ==> LMTD Report Page : User :  access the page on 2024-06-22 13:04:48
http://localhost/mms/lmtd_report : IP Address : ::1 ==> LMTD Report Page : User :  access the page on 2024-06-22 13:04:50
http://localhost/mms/lmtd_report : IP Address : ::1 ==> LMTD Report Page : User :  access the page on 2024-06-22 13:04:51
http://localhost/mms/lmtd_report : IP Address : ::1 ==> LMTD Report Page : User :  access the page on 2024-06-22 13:05:14
http://localhost/mms/lmtd_report : IP Address : ::1 ==> LMTD Report Page : User :  access the page on 2024-06-22 13:05:15
http://localhost/mms/lmtd_report : IP Address : ::1 ==> LMTD Report Page : User :  access the page on 2024-06-22 13:05:16
http://localhost/mms/lmtd_report : IP Address : ::1 ==> LMTD Report Page : User :  access the page on 2024-06-22 13:05:16
http://localhost/mms/lmtd_report : IP Address : ::1 ==> LMTD Report Page : User :  access the page on 2024-06-22 13:05:16
http://localhost/mms/lmtd_report : IP Address : ::1 ==> LMTD Report Page : User :  access the page on 2024-06-22 13:05:17
http://localhost/mms/lmtd_report : IP Address : ::1 ==> LMTD Report Page : User :  access the page on 2024-06-22 13:05:17
http://localhost/mms/lmtd_report : IP Address : ::1 ==> LMTD Report Page : User :  access the page on 2024-06-22 13:05:17
http://localhost/mms/lmtd_report : IP Address : ::1 ==> LMTD Report Page : User :  access the page on 2024-06-22 13:05:18
http://localhost/mms/lmtd_report : IP Address : ::1 ==> LMTD Report Page : User :  access the page on 2024-06-22 13:05:18
http://localhost/mms/lmtd_report : IP Address : ::1 ==> LMTD Report Page : User :  access the page on 2024-06-22 13:05:19
http://localhost/mms/lmtd_report : IP Address : ::1 ==> LMTD Report Page : User :  access the page on 2024-06-22 13:05:19
http://localhost/mms/lmtd_report : IP Address : ::1 ==> LMTD Report Page : User :  access the page on 2024-06-22 13:05:20
http://localhost/mms/lmtd_report : IP Address : ::1 ==> LMTD Report Page : User :  access the page on 2024-06-22 13:05:20
http://localhost/mms/lmtd_report : IP Address : ::1 ==> LMTD Report Page : User :  access the page on 2024-06-22 13:06:19
http://localhost/mms/lmtd_report : IP Address : ::1 ==> LMTD Report Page : User :  access the page on 2024-06-22 13:09:55
http://localhost/mms/lmtd_report : IP Address : ::1 ==> LMTD Report Page : User :  access the page on 2024-06-22 13:11:31
http://localhost/mms/lmtd_report : IP Address : ::1 ==> LMTD Report Page : User :  access the page on 2024-06-22 13:13:31
http://localhost/mms/lmtd_report : IP Address : ::1 ==> LMTD Report Page : User :  access the page on 2024-06-22 13:14:28
http://localhost/mms/lmtd_report : IP Address : ::1 ==> LMTD Report Page : User :  access the page on 2024-06-22 13:14:29
http://localhost/mms/lmtd_report : IP Address : ::1 ==> LMTD Report Page : User :  access the page on 2024-06-22 13:16:29
http://localhost/mms/lmtd_report : IP Address : ::1 ==> LMTD Report Page : User :  access the page on 2024-06-22 13:17:57
http://localhost/mms/lmtd_report : IP Address : ::1 ==> LMTD Report Page : User :  access the page on 2024-06-22 13:27:57
http://localhost/mms/lmtd_report : IP Address : ::1 ==> LMTD Report Page : User :  access the page on 2024-06-22 13:29:57
http://localhost/mms/lmtd_report : IP Address : ::1 ==> LMTD Report Page : User :  access the page on 2024-06-22 13:30:11
http://localhost/mms/ytd_report : IP Address : ::1 ==> YTD Report Page : User :  access the page on 2024-06-22 13:30:51
http://localhost/mms/ytd_report : IP Address : ::1 ==> YTD Report Page : User :  access the page on 2024-06-22 13:32:51
http://localhost/mms/ytd_report : IP Address : ::1 ==> YTD Report Page : User :  access the page on 2024-06-22 13:34:51
http://localhost/mms/ytd_report : IP Address : ::1 ==> YTD Report Page : User :  access the page on 2024-06-22 14:24:34
http://localhost/mms/ytd_report : IP Address : ::1 ==> YTD Report Page : User :  access the page on 2024-06-22 14:24:49
http://localhost/mms/ytd_report : IP Address : ::1 ==> YTD Report Page : User :  access the page on 2024-06-22 14:25:37
http://localhost/mms/ltd_report : IP Address : ::1 ==> LTD Report Page : User :  access the page on 2024-06-22 14:25:41
http://localhost/mms/ltd_report : IP Address : ::1 ==> LTD Report Page : User :  access the page on 2024-06-22 14:25:43
http://localhost/mms/mtd_report : IP Address : ::1 ==> MTD Report Page : User :  access the page on 2024-06-22 14:25:46
http://localhost/mms/lmtd_report : IP Address : ::1 ==> LMTD Report Page : User :  access the page on 2024-06-22 14:25:52
http://localhost/mms/lmtd_report : IP Address : ::1 ==> LMTD Report Page : User :  access the page on 2024-06-22 14:25:59
http://localhost/mms/ytd_report : IP Address : ::1 ==> YTD Report Page : User :  access the page on 2024-06-22 14:26:00
http://localhost/mms/lmtd_report : IP Address : ::1 ==> LMTD Report Page : User :  access the page on 2024-06-22 14:26:02
http://localhost/mms/mtd_report : IP Address : ::1 ==> MTD Report Page : User :  access the page on 2024-06-22 14:26:04
http://localhost/mms/mtd_report : IP Address : ::1 ==> MTD Report Page : User :  access the page on 2024-06-22 14:28:04
http://localhost/mms/mtd_report : IP Address : ::1 ==> MTD Report Page : User :  access the page on 2024-06-22 14:30:04
http://localhost/mms/mtd_report : IP Address : ::1 ==> MTD Report Page : User :  access the page on 2024-06-22 14:32:05
http://localhost/mms/mtd_report : IP Address : ::1 ==> MTD Report Page : User :  access the page on 2024-06-22 14:34:05
http://localhost/mms/ytd_report : IP Address : ::1 ==> YTD Report Page : User :  access the page on 2024-06-22 14:35:48
http://localhost/mms/ytd_report : IP Address : ::1 ==> YTD Report Page : User :  access the page on 2024-06-22 14:37:49
http://localhost/mms/ytd_report : IP Address : ::1 ==> YTD Report Page : User :  access the page on 2024-06-22 14:39:49
http://localhost/mms/ytd_report : IP Address : ::1 ==> YTD Report Page : User :  access the page on 2024-06-22 14:41:50
http://localhost/mms/ytd_report : IP Address : ::1 ==> YTD Report Page : User :  access the page on 2024-06-22 14:43:51
http://localhost/mms/ytd_report : IP Address : ::1 ==> YTD Report Page : User :  access the page on 2024-06-22 14:45:51
http://localhost/mms/ytd_report : IP Address : ::1 ==> YTD Report Page : User :  access the page on 2024-06-22 14:47:52
http://localhost/mms/ytd_report : IP Address : ::1 ==> YTD Report Page : User :  access the page on 2024-06-22 14:49:52
http://localhost/mms/ytd_report : IP Address : ::1 ==> YTD Report Page : User :  access the page on 2024-06-22 14:51:42
http://localhost/mms/ytd_report : IP Address : ::1 ==> YTD Report Page : User :  access the page on 2024-06-22 14:51:43
http://localhost/mms/ytd_report : IP Address : ::1 ==> YTD Report Page : User :  access the page on 2024-06-22 14:53:44
http://localhost/mms/ytd_report : IP Address : ::1 ==> YTD Report Page : User :  access the page on 2024-06-22 14:55:45
http://localhost/mms/ytd_report : IP Address : ::1 ==> YTD Report Page : User :  access the page on 2024-06-22 14:56:49
http://localhost/mms/ytd_report : IP Address : ::1 ==> YTD Report Page : User :  access the page on 2024-06-22 14:57:59
http://localhost/mms/ytd_report : IP Address : ::1 ==> YTD Report Page : User :  access the page on 2024-06-22 14:58:39
http://localhost/mms/ytd_report : IP Address : ::1 ==> YTD Report Page : User :  access the page on 2024-06-22 14:59:15
http://localhost/mms/ytd_report : IP Address : ::1 ==> YTD Report Page : User :  access the page on 2024-06-22 15:00:36
http://localhost/mms/ytd_report : IP Address : ::1 ==> YTD Report Page : User :  access the page on 2024-06-22 15:01:57
http://localhost/mms/ytd_report : IP Address : ::1 ==> YTD Report Page : User :  access the page on 2024-06-22 15:03:57
http://localhost/mms/ytd_report : IP Address : ::1 ==> YTD Report Page : User :  access the page on 2024-06-22 15:03:58
http://localhost/mms/ytd_report : IP Address : ::1 ==> YTD Report Page : User :  access the page on 2024-06-22 15:05:42
http://localhost/mms/ytd_report : IP Address : ::1 ==> YTD Report Page : User :  access the page on 2024-06-22 15:05:43
http://localhost/mms/ytd_report : IP Address : ::1 ==> YTD Report Page : User :  access the page on 2024-06-22 15:05:44
http://localhost/mms/ytd_report : IP Address : ::1 ==> YTD Report Page : User :  access the page on 2024-06-22 15:06:33
http://localhost/mms/ytd_report : IP Address : ::1 ==> YTD Report Page : User :  access the page on 2024-06-22 15:06:35
http://localhost/mms/lmtd_report : IP Address : ::1 ==> LMTD Report Page : User :  access the page on 2024-06-22 15:07:05
http://localhost/mms/ytd_report : IP Address : ::1 ==> YTD Report Page : User :  access the page on 2024-06-22 15:07:16
http://localhost/mms/lmtd_report : IP Address : ::1 ==> LMTD Report Page : User :  access the page on 2024-06-22 15:07:21
http://localhost/mms/mtd_report : IP Address : ::1 ==> MTD Report Page : User :  access the page on 2024-06-22 15:07:33
http://localhost/mms/ltd_report : IP Address : ::1 ==> LTD Report Page : User :  access the page on 2024-06-22 15:07:44
http://localhost/mms/ytd_report : IP Address : ::1 ==> YTD Report Page : User :  access the page on 2024-06-22 15:08:28
http://localhost/mms/ltd_report : IP Address : ::1 ==> LTD Report Page : User :  access the page on 2024-06-22 15:09:02
http://localhost/mms/user_list : IP Address : ::1 ==> User List Page : User :  access the page on 2024-06-22 15:09:50
http://localhost/mms/user_list : IP Address : ::1 ==> User List Page : User :  access the page on 2024-06-22 15:11:51
http://localhost/mms/user_list : IP Address : ::1 ==> User List Page : User :  access the page on 2024-06-22 15:13:52
http://localhost/mms/user_list : IP Address : ::1 ==> User List Page : User :  access the page on 2024-06-22 15:15:53
http://localhost/mms/user_list : IP Address : ::1 ==> User List Page : User :  access the page on 2024-06-22 15:17:54
http://localhost/mms/user_list : IP Address : ::1 ==> User List Page : User :  access the page on 2024-06-22 15:19:55
http://localhost/mms/user_list : IP Address : ::1 ==> User List Page : User :  access the page on 2024-06-22 15:21:56
http://localhost/mms/user_list : IP Address : ::1 ==> User List Page : User :  access the page on 2024-06-22 15:23:57
http://localhost/mms/user_list : IP Address : ::1 ==> User List Page : User :  access the page on 2024-06-22 15:24:41
http://localhost/mms/user_list : IP Address : ::1 ==> User List Page : User :  access the page on 2024-06-22 15:26:10
http://localhost/mms/user_list : IP Address : ::1 ==> User List Page : User :  access the page on 2024-06-22 15:26:12
http://localhost/mms/user_list : IP Address : ::1 ==> User List Page : User :  access the page on 2024-06-22 15:28:05
http://localhost/mms/user_list : IP Address : ::1 ==> User List Page : User :  access the page on 2024-06-22 15:28:07
http://localhost/mms/user_list : IP Address : ::1 ==> User List Page : User :  access the page on 2024-06-22 15:28:07
http://localhost/mms/user_list : IP Address : ::1 ==> User List Page : User :  access the page on 2024-06-22 15:30:08
http://localhost/mms/user_list : IP Address : ::1 ==> User List Page : User :  access the page on 2024-06-22 15:30:20
http://localhost/mms/user_list : IP Address : ::1 ==> User List Page : User :  access the page on 2024-06-22 15:30:22
http://localhost/mms/user_list : IP Address : ::1 ==> User List Page : User :  access the page on 2024-06-22 15:30:22
http://localhost/mms/user_list : IP Address : ::1 ==> User List Page : User :  access the page on 2024-06-22 15:31:25
http://localhost/mms/rt_hourly_report : IP Address : ::1 ==> Real Time Hourly Report Page : User :  access the page on 2024-06-22 15:32:13
http://localhost/mms/rt_hourly_summary_report : IP Address : ::1 ==> Real Time Hourly Summary Report Page : User :  access the page on 2024-06-22 15:32:20
http://localhost/mms/ltd_report : IP Address : ::1 ==> LTD Report Page : User :  access the page on 2024-06-22 15:32:27
http://localhost/mms/mtd_report : IP Address : ::1 ==> MTD Report Page : User :  access the page on 2024-06-22 15:32:30
http://localhost/mms/lmtd_report : IP Address : ::1 ==> LMTD Report Page : User :  access the page on 2024-06-22 15:32:38
http://localhost/mms/ytd_report : IP Address : ::1 ==> YTD Report Page : User :  access the page on 2024-06-22 15:32:43
http://localhost/mms/ytd_report : IP Address : ::1 ==> YTD Report Page : User :  access the page on 2024-06-22 15:34:43
http://localhost/mms/ytd_report : IP Address : ::1 ==> YTD Report Page : User :  access the page on 2024-06-22 15:35:11
http://localhost/mms/ytd_report : IP Address : ::1 ==> YTD Report Page : User :  access the page on 2024-06-22 15:35:13
http://localhost/mms/ytd_report : IP Address : ::1 ==> YTD Report Page : User :  access the page on 2024-06-22 15:35:14
http://localhost/mms/ytd_report : IP Address : ::1 ==> YTD Report Page : User :  access the page on 2024-06-22 15:35:15
http://localhost/mms/ytd_report : IP Address : ::1 ==> YTD Report Page : User :  access the page on 2024-06-22 15:35:17
http://localhost/mms/ytd_report : IP Address : ::1 ==> YTD Report Page : User :  access the page on 2024-06-22 15:36:09
http://localhost/mms/ytd_report : IP Address : ::1 ==> YTD Report Page : User :  access the page on 2024-06-22 15:37:22
http://localhost/mms/ytd_report : IP Address : ::1 ==> YTD Report Page : User :  access the page on 2024-06-22 15:39:23
http://localhost/mms/ytd_report : IP Address : ::1 ==> YTD Report Page : User :  access the page on 2024-06-22 15:41:24
http://localhost/mms/ytd_report : IP Address : ::1 ==> YTD Report Page : User :  access the page on 2024-06-22 15:43:24
http://localhost/mms/ytd_report : IP Address : ::1 ==> YTD Report Page : User :  access the page on 2024-06-22 15:45:25
http://localhost/mms/ltd_report : IP Address : ::1 ==> LTD Report Page : User :  access the page on 2024-06-22 15:46:52
http://localhost/mms/mtd_report : IP Address : ::1 ==> MTD Report Page : User :  access the page on 2024-06-22 15:47:06
http://localhost/mms/mtd_report : IP Address : ::1 ==> MTD Report Page : User :  access the page on 2024-06-22 15:47:31
http://localhost/mms/ltd_report : IP Address : ::1 ==> LTD Report Page : User :  access the page on 2024-06-22 15:49:20
http://localhost/mms/mtd_report : IP Address : ::1 ==> MTD Report Page : User :  access the page on 2024-06-22 15:50:07
http://localhost/mms/mtd_report : IP Address : ::1 ==> MTD Report Page : User :  access the page on 2024-06-22 15:52:07
http://localhost/mms/user_list : IP Address : ::1 ==> User List Page : User :  access the page on 2024-06-22 15:54:16
http://localhost/mms/rt_hourly_report : IP Address : ::1 ==> Real Time Hourly Report Page : User :  access the page on 2024-06-22 15:54:20
http://localhost/mms/rt_hourly_report : IP Address : ::1 ==> Real Time Hourly Report Page : User :  access the page on 2024-06-22 15:54:40
http://localhost/mms/rt_hourly_report : IP Address : ::1 ==> Real Time Hourly Report Page : User :  access the page on 2024-06-22 16:03:08
http://localhost/mms/ltd_report : IP Address : ::1 ==> LTD Report Page : User :  access the page on 2024-06-22 16:03:18
http://localhost/mms/mtd_report : IP Address : ::1 ==> MTD Report Page : User :  access the page on 2024-06-22 16:03:27
http://localhost/mms/ltd_report : IP Address : ::1 ==> LTD Report Page : User :  access the page on 2024-06-22 16:03:29
http://localhost/mms/ltd_report : IP Address : ::1 ==> LTD Report Page : User :  access the page on 2024-06-22 16:03:56
http://localhost/mms/ltd_report : IP Address : ::1 ==> LTD Report Page : User :  access the page on 2024-06-22 16:05:56
http://localhost/mms/ltd_report : IP Address : ::1 ==> LTD Report Page : User :  access the page on 2024-06-22 16:07:56
http://localhost/mms/mtd_report : IP Address : ::1 ==> MTD Report Page : User :  access the page on 2024-06-22 16:09:00
http://localhost/mms/lmtd_report : IP Address : ::1 ==> LMTD Report Page : User :  access the page on 2024-06-22 16:09:03
http://localhost/mms/ytd_report : IP Address : ::1 ==> YTD Report Page : User :  access the page on 2024-06-22 16:09:06
http://localhost/mms/ytd_report : IP Address : ::1 ==> YTD Report Page : User :  access the page on 2024-06-22 16:09:06
http://localhost/mms/ytd_report : IP Address : ::1 ==> YTD Report Page : User :  access the page on 2024-06-22 16:11:07
http://localhost/mms/ltd_report : IP Address : ::1 ==> LTD Report Page : User :  access the page on 2024-06-22 16:11:26
http://localhost/mms/ltd_report : IP Address : ::1 ==> LTD Report Page : User :  access the page on 2024-06-22 16:11:27
http://localhost/mms/ltd_report : IP Address : ::1 ==> LTD Report Page : User :  access the page on 2024-06-22 16:13:27
http://localhost/mms/ltd_report : IP Address : ::1 ==> LTD Report Page : User :  access the page on 2024-06-22 16:15:27
http://localhost/mms/ltd_report : IP Address : ::1 ==> LTD Report Page : User :  access the page on 2024-06-22 16:17:28
http://localhost/mms/ltd_report : IP Address : ::1 ==> LTD Report Page : User :  access the page on 2024-06-22 16:18:15
http://localhost/mms/ltd_report : IP Address : ::1 ==> LTD Report Page : User :  access the page on 2024-06-22 16:18:17
http://localhost/mms/ltd_report : IP Address : ::1 ==> LTD Report Page : User :  access the page on 2024-06-22 16:20:08
http://localhost/mms/mtd_report : IP Address : ::1 ==> MTD Report Page : User :  access the page on 2024-06-22 16:21:58
http://localhost/mms/lmtd_report : IP Address : ::1 ==> LMTD Report Page : User :  access the page on 2024-06-22 16:22:56
http://localhost/mms/ytd_report : IP Address : ::1 ==> YTD Report Page : User :  access the page on 2024-06-22 16:23:58
http://localhost/mms/ltd_report : IP Address : ::1 ==> LTD Report Page : User :  access the page on 2024-06-22 16:24:51
http://localhost/mms/mtd_report : IP Address : ::1 ==> MTD Report Page : User :  access the page on 2024-06-22 16:24:54
http://localhost/mms/lmtd_report : IP Address : ::1 ==> LMTD Report Page : User :  access the page on 2024-06-22 16:24:59
http://localhost/mms/rt_hourly_report : IP Address : ::1 ==> Real Time Hourly Report Page : User :  access the page on 2024-06-22 16:25:38
http://localhost/mms/rt_hourly_summary_report : IP Address : ::1 ==> Real Time Hourly Summary Report Page : User :  access the page on 2024-06-22 16:25:46
http://localhost/mms/rt_hourly_summary_report : IP Address : ::1 ==> Real Time Hourly Summary Report Page : User :  access the page on 2024-06-22 16:25:47
http://localhost/mms/rt_hourly_report : IP Address : ::1 ==> Real Time Hourly Report Page : User :  access the page on 2024-06-22 16:25:56
http://localhost/mms/rt_hourly_summary_report : IP Address : ::1 ==> Real Time Hourly Summary Report Page : User :  access the page on 2024-06-22 16:26:32
http://localhost/mms/rt_hourly_summary_report : IP Address : ::1 ==> Real Time Hourly Summary Report Page : User :  access the page on 2024-06-22 16:28:32
http://localhost/mms/rt_hourly_report : IP Address : ::1 ==> Real Time Hourly Report Page : User :  access the page on 2024-06-22 16:29:40
http://localhost/mms/rt_hourly_report : IP Address : ::1 ==> Real Time Hourly Report Page : User :  access the page on 2024-06-22 16:31:41
http://localhost/mms/rt_hourly_report : IP Address : ::1 ==> Real Time Hourly Report Page : User :  access the page on 2024-06-22 16:33:41
http://localhost/mms/rt_hourly_report : IP Address : ::1 ==> Real Time Hourly Report Page : User :  access the page on 2024-06-22 16:34:24
http://localhost/mms/ltd_report : IP Address : ::1 ==> LTD Report Page : User :  access the page on 2024-06-22 16:35:10
http://localhost/mms/mtd_report : IP Address : ::1 ==> MTD Report Page : User :  access the page on 2024-06-22 16:35:19
http://localhost/mms/ltd_report : IP Address : ::1 ==> LTD Report Page : User :  access the page on 2024-06-22 16:35:52
http://localhost/mms/ltd_report : IP Address : ::1 ==> LTD Report Page : User :  access the page on 2024-06-22 16:35:54
http://localhost/mms/ltd_report : IP Address : ::1 ==> LTD Report Page : User :  access the page on 2024-06-22 16:36:36
http://localhost/mms/mtd_report : IP Address : ::1 ==> MTD Report Page : User :  access the page on 2024-06-22 16:36:39
http://localhost/mms/mtd_report : IP Address : ::1 ==> MTD Report Page : User :  access the page on 2024-06-22 16:36:44
http://localhost/mms/mtd_report : IP Address : ::1 ==> MTD Report Page : User :  access the page on 2024-06-22 16:36:44
http://localhost/mms/mtd_report : IP Address : ::1 ==> MTD Report Page : User :  access the page on 2024-06-22 16:36:45
http://localhost/mms/lmtd_report : IP Address : ::1 ==> LMTD Report Page : User :  access the page on 2024-06-22 16:36:50
http://localhost/mms/user_register : IP Address : ::1 ==> User Registration Page : User :  access the page on 2024-06-22 16:36:56
http://localhost/mms/user_register : IP Address : ::1 ==> User Registration Page : User :  access the page on 2024-06-22 16:37:08
http://localhost/mms/user_register : IP Address : ::1 ==> User Registration Page : User :  access the page on 2024-06-22 16:37:14
http://localhost/mms/user_register : IP Address : ::1 ==> User Registration Page : User :  access the page on 2024-06-22 16:37:22
http://localhost/mms/user_register : IP Address : ::1 ==> User Registration Page : User :  access the page on 2024-06-22 16:37:26
