http://localhost/mms/ajax/call_functions.php : IP Address : ::1 ==> Index Page : Username => celebdigital trying to login on 2024-06-25 09:38:46
http://localhost/mms/ajax/call_functions.php : IP Address : ::1 ==> Loginpage :  Execute the service [{
    "txt_username" : "celebdigital",
    "txt_password" : "YJt@123#",
    "request_id" : "2475563834"
  }] on 2024-06-25 09:38:46
http://localhost/mms/ajax/call_functions.php : IP Address : ::1 ==> Index Page : celebdigital logged in successfully on 2024-06-25 09:38:46
http://localhost/mms/user_register : IP Address : ::1 ==> User Registration Page : User :  access the page on 2024-06-25 09:39:02
http://localhost/mms/user_list : IP Address : ::1 ==> User List Page : User :  access the page on 2024-06-25 09:39:07
http://localhost/mms/rt_hourly_report : IP Address : ::1 ==> Real Time Hourly Report Page : User :  access the page on 2024-06-25 09:39:10
http://localhost/mms/rt_hourly_summary_report : IP Address : ::1 ==> Real Time Hourly Summary Report Page : User :  access the page on 2024-06-25 09:39:12
http://localhost/mms/ltd_report : IP Address : ::1 ==> LTD Report Page : User :  access the page on 2024-06-25 09:39:15
http://localhost/mms/mtd_report : IP Address : ::1 ==> MTD Report Page : User :  access the page on 2024-06-25 09:39:17
http://localhost/mms/lmtd_report : IP Address : ::1 ==> LMTD Report Page : User :  access the page on 2024-06-25 09:39:21
http://localhost/mms/ytd_report : IP Address : ::1 ==> YTD Report Page : User :  access the page on 2024-06-25 09:39:24
http://localhost/mms/ltd_report : IP Address : ::1 ==> LTD Report Page : User :  access the page on 2024-06-25 09:39:29
http://localhost/mms/ltd_report : IP Address : ::1 ==> LTD Report Page : User :  access the page on 2024-06-25 09:41:29
http://localhost/mms/rt_hourly_report : IP Address : ::1 ==> Real Time Hourly Report Page : User :  access the page on 2024-06-25 09:43:51
http://localhost/mms/rt_hourly_summary_report : IP Address : ::1 ==> Real Time Hourly Summary Report Page : User :  access the page on 2024-06-25 09:43:54
http://localhost/mms/ltd_report : IP Address : ::1 ==> LTD Report Page : User :  access the page on 2024-06-25 09:43:58
http://localhost/mms/ltd_report : IP Address : ::1 ==> LTD Report Page : User :  access the page on 2024-06-25 09:45:58
http://localhost/mms/ltd_report : IP Address : ::1 ==> LTD Report Page : User :  access the page on 2024-06-25 09:47:59
http://localhost/mms/ltd_report : IP Address : ::1 ==> LTD Report Page : User :  access the page on 2024-06-25 09:49:31
http://localhost/mms/ajax/call_functions.php : IP Address : ::1 ==> Index Page : Username => celebdigital trying to login on 2024-06-25 09:49:55
http://localhost/mms/ajax/call_functions.php : IP Address : ::1 ==> Loginpage :  Execute the service [{
    "txt_username" : "celebdigital",
    "txt_password" : "YJt@123#",
    "request_id" : "1029957752"
  }] on 2024-06-25 09:49:55
http://localhost/mms/ajax/call_functions.php : IP Address : ::1 ==> Index Page : celebdigital logged in successfully on 2024-06-25 09:49:55
http://localhost/mms/logout : IP Address : ::1 ==> Logout Page : User : '' logged out successfully on 
http://localhost/mms/logout : IP Address : ::1 ==> Logout Page : All sessions destroyed successfully on 
http://localhost/mms/ajax/call_functions.php : IP Address : ::1 ==> Index Page : Username => celebdigital trying to login on 2024-06-25 09:50:40
http://localhost/mms/ajax/call_functions.php : IP Address : ::1 ==> Loginpage :  Execute the service [{
    "txt_username" : "celebdigital",
    "txt_password" : "YJt@123#",
    "request_id" : "2168772658"
  }] on 2024-06-25 09:50:40
http://localhost/mms/ajax/call_functions.php : IP Address : ::1 ==> Index Page : celebdigital logged in successfully on 2024-06-25 09:50:40
http://localhost/mms/logout : IP Address : ::1 ==> Logout Page : User : '' logged out successfully on 
http://localhost/mms/logout : IP Address : ::1 ==> Logout Page : All sessions destroyed successfully on 
http://localhost/mms/logout.php : IP Address : ::1 ==> Logout Page : User : '' logged out successfully on 
http://localhost/mms/logout.php : IP Address : ::1 ==> Logout Page : All sessions destroyed successfully on 
http://localhost/mms/logout : IP Address : ::1 ==> Logout Page : User : '' logged out successfully on 
http://localhost/mms/logout : IP Address : ::1 ==> Logout Page : All sessions destroyed successfully on 
http://localhost/mms/ajax/call_functions.php : IP Address : ::1 ==> Index Page : Username => celebdigital trying to login on 2024-06-25 09:54:34
http://localhost/mms/ajax/call_functions.php : IP Address : ::1 ==> Loginpage :  Execute the service [{
    "txt_username" : "celebdigital",
    "txt_password" : "YJt@123#",
    "request_id" : "4813980253"
  }] on 2024-06-25 09:54:34
http://localhost/mms/ajax/call_functions.php : IP Address : ::1 ==> Index Page : celebdigital logged in successfully on 2024-06-25 09:54:34
http://localhost/mms/user_list : IP Address : ::1 ==> User List Page : User :  access the page on 2024-06-25 09:54:43
http://localhost/mms/rt_hourly_summary_report : IP Address : ::1 ==> Real Time Hourly Summary Report Page : User :  access the page on 2024-06-25 09:55:19
http://localhost/mms/rt_hourly_summary_report : IP Address : ::1 ==> Real Time Hourly Summary Report Page : User :  access the page on 2024-06-25 09:57:19
http://localhost/mms/rt_hourly_summary_report : IP Address : ::1 ==> Real Time Hourly Summary Report Page : User :  access the page on 2024-06-25 09:59:19
http://localhost/mms/rt_hourly_summary_report : IP Address : ::1 ==> Real Time Hourly Summary Report Page : User :  access the page on 2024-06-25 10:01:20
http://localhost/mms/rt_hourly_summary_report : IP Address : ::1 ==> Real Time Hourly Summary Report Page : User :  access the page on 2024-06-25 10:03:20
http://localhost/mms/rt_hourly_summary_report : IP Address : ::1 ==> Real Time Hourly Summary Report Page : User :  access the page on 2024-06-25 10:04:57
http://localhost/mms/rt_hourly_summary_report : IP Address : ::1 ==> Real Time Hourly Summary Report Page : User :  access the page on 2024-06-25 10:04:59
http://localhost/mms/rt_hourly_summary_report : IP Address : ::1 ==> Real Time Hourly Summary Report Page : User :  access the page on 2024-06-25 10:05:00
http://localhost/mms/rt_hourly_summary_report : IP Address : ::1 ==> Real Time Hourly Summary Report Page : User :  access the page on 2024-06-25 10:05:00
http://localhost/mms/rt_hourly_summary_report : IP Address : ::1 ==> Real Time Hourly Summary Report Page : User :  access the page on 2024-06-25 10:05:00
http://localhost/mms/rt_hourly_report : IP Address : ::1 ==> Real Time Hourly Report Page : User :  access the page on 2024-06-25 10:05:02
http://localhost/mms/rt_hourly_summary_report : IP Address : ::1 ==> Real Time Hourly Summary Report Page : User :  access the page on 2024-06-25 10:05:05
http://localhost/mms/rt_hourly_summary_report : IP Address : ::1 ==> Real Time Hourly Summary Report Page : User :  access the page on 2024-06-25 10:05:29
http://localhost/mms/rt_hourly_report : IP Address : ::1 ==> Real Time Hourly Report Page : User :  access the page on 2024-06-25 10:05:34
http://localhost/mms/rt_hourly_summary_report : IP Address : ::1 ==> Real Time Hourly Summary Report Page : User :  access the page on 2024-06-25 10:05:35
http://localhost/mms/rt_hourly_summary_report : IP Address : ::1 ==> Real Time Hourly Summary Report Page : User :  access the page on 2024-06-25 10:07:36
http://localhost/mms/rt_hourly_summary_report : IP Address : ::1 ==> Real Time Hourly Summary Report Page : User :  access the page on 2024-06-25 10:08:58
http://localhost/mms/user_register : IP Address : ::1 ==> User Registration Page : User :  access the page on 2024-06-25 10:09:58
http://localhost/mms/user_register : IP Address : ::1 ==> User Registration Page : User :  access the page on 2024-06-25 10:36:45
http://localhost/mms/user_register : IP Address : ::1 ==> User Registration Page : User :  access the page on 2024-06-25 10:42:34
http://localhost/mms/user_list : IP Address : ::1 ==> User List Page : User :  access the page on 2024-06-25 11:05:39
http://localhost/mms/rt_hourly_report : IP Address : ::1 ==> Real Time Hourly Report Page : User :  access the page on 2024-06-25 11:05:46
http://localhost/mms/rt_hourly_report : IP Address : ::1 ==> Real Time Hourly Report Page : User :  access the page on 2024-06-25 11:07:47
http://localhost/mms/rt_hourly_report : IP Address : ::1 ==> Real Time Hourly Report Page : User :  access the page on 2024-06-25 11:09:47
http://localhost/mms/rt_hourly_report : IP Address : ::1 ==> Real Time Hourly Report Page : User :  access the page on 2024-06-25 11:11:47
http://localhost/mms/rt_hourly_report : IP Address : ::1 ==> Real Time Hourly Report Page : User :  access the page on 2024-06-25 11:13:47
http://localhost/mms/rt_hourly_report : IP Address : ::1 ==> Real Time Hourly Report Page : User :  access the page on 2024-06-25 11:15:47
http://localhost/mms/rt_hourly_report : IP Address : ::1 ==> Real Time Hourly Report Page : User :  access the page on 2024-06-25 11:17:47
http://localhost/mms/rt_hourly_report : IP Address : ::1 ==> Real Time Hourly Report Page : User :  access the page on 2024-06-25 11:19:48
http://localhost/mms/rt_hourly_report : IP Address : ::1 ==> Real Time Hourly Report Page : User :  access the page on 2024-06-25 11:21:48
http://localhost/mms/rt_hourly_report : IP Address : ::1 ==> Real Time Hourly Report Page : User :  access the page on 2024-06-25 11:23:48
http://localhost/mms/rt_hourly_report : IP Address : ::1 ==> Real Time Hourly Report Page : User :  access the page on 2024-06-25 11:25:48
http://localhost/mms/rt_hourly_report : IP Address : ::1 ==> Real Time Hourly Report Page : User :  access the page on 2024-06-25 11:27:48
http://localhost/mms/rt_hourly_report : IP Address : ::1 ==> Real Time Hourly Report Page : User :  access the page on 2024-06-25 11:29:49
http://localhost/mms/rt_hourly_report : IP Address : ::1 ==> Real Time Hourly Report Page : User :  access the page on 2024-06-25 11:31:49
http://localhost/mms/rt_hourly_report : IP Address : ::1 ==> Real Time Hourly Report Page : User :  access the page on 2024-06-25 11:33:49
http://localhost/mms/rt_hourly_report : IP Address : ::1 ==> Real Time Hourly Report Page : User :  access the page on 2024-06-25 11:35:49
http://localhost/mms/rt_hourly_report : IP Address : ::1 ==> Real Time Hourly Report Page : User :  access the page on 2024-06-25 11:37:49
http://localhost/mms/rt_hourly_report : IP Address : ::1 ==> Real Time Hourly Report Page : User :  access the page on 2024-06-25 11:39:49
http://localhost/mms/rt_hourly_report : IP Address : ::1 ==> Real Time Hourly Report Page : User :  access the page on 2024-06-25 11:41:50
http://localhost/mms/rt_hourly_report : IP Address : ::1 ==> Real Time Hourly Report Page : User :  access the page on 2024-06-25 11:43:50
http://localhost/mms/rt_hourly_report : IP Address : ::1 ==> Real Time Hourly Report Page : User :  access the page on 2024-06-25 11:45:50
http://localhost/mms/rt_hourly_report : IP Address : ::1 ==> Real Time Hourly Report Page : User :  access the page on 2024-06-25 11:47:50
http://localhost/mms/rt_hourly_report : IP Address : ::1 ==> Real Time Hourly Report Page : User :  access the page on 2024-06-25 11:49:50
http://localhost/mms/rt_hourly_report : IP Address : ::1 ==> Real Time Hourly Report Page : User :  access the page on 2024-06-25 11:51:50
http://localhost/mms/user_register : IP Address : ::1 ==> User Registration Page : User :  access the page on 2024-06-25 11:53:07
http://localhost/mms/user_register : IP Address : ::1 ==> User Registration Page : User :  access the page on 2024-06-25 11:53:38
http://localhost/mms/user_register : IP Address : ::1 ==> User Registration Page : User :  access the page on 2024-06-25 11:53:47
http://localhost/mms/user_register : IP Address : ::1 ==> User Registration Page : User :  access the page on 2024-06-25 12:04:06
http://localhost/mms/user_register : IP Address : ::1 ==> User Registration Page : User :  access the page on 2024-06-25 12:07:57
http://localhost/mms/user_register : IP Address : ::1 ==> User Registration Page : User :  access the page on 2024-06-25 12:08:15
http://localhost/mms/user_register : IP Address : ::1 ==> User Registration Page : User :  access the page on 2024-06-25 12:08:39
http://localhost/mms/user_register : IP Address : ::1 ==> User Registration Page : User :  access the page on 2024-06-25 12:09:28
http://localhost/mms/user_register : IP Address : ::1 ==> User Registration Page : User :  access the page on 2024-06-25 13:10:33
http://localhost/mms/user_register : IP Address : ::1 ==> User Registration Page : User :  access the page on 2024-06-25 13:10:37
http://localhost/mms/user_register : IP Address : ::1 ==> User Registration Page : User :  access the page on 2024-06-25 13:25:48
http://localhost/mms/ajax/call_functions.php?otp_call_function=mobile_otp : IP Address : ::1 ==> Mobile OTP - Mobile number OTP Page : User :  access the page on 2024-06-25 13:26:20
http://localhost/mms/ajax/call_functions.php?otp_call_function=mobile_otp : IP Address : ::1 ==> Mobile OTP - Mobile number OTP Page : User :  OTP Updated ( http://14.99.201.14/sms_api/api/smsapi?process=compose_send_sms&username='.celebmedia.'&password='.YJt@123.'&campaign_name='.testcmp.'&number='.7539998917.'&message=Your%20OTP%20is%20'.184353) successfully on 2024-06-25 13:26:20
http://localhost/mms/ajax/call_functions.php?otp_check_call_function=mobile_check_otp : IP Address : ::1 ==> Mobile OTP - OTP Check Page : User :  access the page on 2024-06-25 13:26:25
http://localhost/mms/rt_hourly_report : IP Address : ::1 ==> Real Time Hourly Report Page : User :  access the page on 2024-06-25 13:27:08
http://localhost/mms/rt_hourly_report : IP Address : ::1 ==> Real Time Hourly Report Page : User :  access the page on 2024-06-25 13:29:09
http://localhost/mms/rt_hourly_report : IP Address : ::1 ==> Real Time Hourly Report Page : User :  access the page on 2024-06-25 13:31:09
http://localhost/mms/rt_hourly_report : IP Address : ::1 ==> Real Time Hourly Report Page : User :  access the page on 2024-06-25 13:33:10
http://localhost/mms/rt_hourly_report : IP Address : ::1 ==> Real Time Hourly Report Page : User :  access the page on 2024-06-25 14:27:13
http://localhost/mms/rt_hourly_report : IP Address : ::1 ==> Real Time Hourly Report Page : User :  access the page on 2024-06-25 14:29:15
http://localhost/mms/rt_hourly_report : IP Address : ::1 ==> Real Time Hourly Report Page : User :  access the page on 2024-06-25 14:31:16
http://localhost/mms/rt_hourly_report : IP Address : ::1 ==> Real Time Hourly Report Page : User :  access the page on 2024-06-25 14:33:16
http://localhost/mms/rt_hourly_report : IP Address : ::1 ==> Real Time Hourly Report Page : User :  access the page on 2024-06-25 14:35:17
http://localhost/mms/rt_hourly_report : IP Address : ::1 ==> Real Time Hourly Report Page : User :  access the page on 2024-06-25 14:37:17
http://localhost/mms/rt_hourly_report : IP Address : ::1 ==> Real Time Hourly Report Page : User :  access the page on 2024-06-25 14:39:18
http://localhost/mms/rt_hourly_report : IP Address : ::1 ==> Real Time Hourly Report Page : User :  access the page on 2024-06-25 14:39:27
http://localhost/mms/rt_hourly_summary_report : IP Address : ::1 ==> Real Time Hourly Summary Report Page : User :  access the page on 2024-06-25 14:39:29
http://localhost/mms/user_list : IP Address : ::1 ==> User List Page : User :  access the page on 2024-06-25 14:39:33
http://localhost/mms/user_list : IP Address : ::1 ==> User List Page : User :  access the page on 2024-06-25 14:41:34
http://localhost/mms/rt_hourly_summary_report : IP Address : ::1 ==> Real Time Hourly Summary Report Page : User :  access the page on 2024-06-25 14:43:15
http://localhost/mms/ltd_report : IP Address : ::1 ==> LTD Report Page : User :  access the page on 2024-06-25 14:43:20
http://localhost/mms/mtd_report : IP Address : ::1 ==> MTD Report Page : User :  access the page on 2024-06-25 14:43:27
http://localhost/mms/lmtd_report : IP Address : ::1 ==> LMTD Report Page : User :  access the page on 2024-06-25 14:43:34
http://localhost/mms/ytd_report : IP Address : ::1 ==> YTD Report Page : User :  access the page on 2024-06-25 14:43:42
http://localhost/mms/ytd_report : IP Address : ::1 ==> YTD Report Page : User :  access the page on 2024-06-25 14:45:44
http://localhost/mms/ytd_report : IP Address : ::1 ==> YTD Report Page : User :  access the page on 2024-06-25 14:47:46
http://localhost/mms/ytd_report : IP Address : ::1 ==> YTD Report Page : User :  access the page on 2024-06-25 14:48:59
http://localhost/mms/ytd_report : IP Address : ::1 ==> YTD Report Page : User :  access the page on 2024-06-25 14:49:47
http://localhost/mms/ytd_report : IP Address : ::1 ==> YTD Report Page : User :  access the page on 2024-06-25 14:50:48
http://localhost/mms/ytd_report : IP Address : ::1 ==> YTD Report Page : User :  access the page on 2024-06-25 14:52:50
http://localhost/mms/ytd_report : IP Address : ::1 ==> YTD Report Page : User :  access the page on 2024-06-25 14:54:51
http://localhost/mms/ytd_report : IP Address : ::1 ==> YTD Report Page : User :  access the page on 2024-06-25 14:54:52
http://localhost/mms/ltd_report : IP Address : ::1 ==> LTD Report Page : User :  access the page on 2024-06-25 14:56:12
http://localhost/mms/mtd_report : IP Address : ::1 ==> MTD Report Page : User :  access the page on 2024-06-25 14:56:22
http://localhost/mms/lmtd_report : IP Address : ::1 ==> LMTD Report Page : User :  access the page on 2024-06-25 14:56:28
http://localhost/mms/ytd_report : IP Address : ::1 ==> YTD Report Page : User :  access the page on 2024-06-25 14:56:35
http://localhost/mms/ytd_report : IP Address : ::1 ==> YTD Report Page : User :  access the page on 2024-06-25 14:58:36
http://localhost/mms/ytd_report : IP Address : ::1 ==> YTD Report Page : User :  access the page on 2024-06-25 14:59:21
http://localhost/mms/ytd_report : IP Address : ::1 ==> YTD Report Page : User :  access the page on 2024-06-25 14:59:56
http://localhost/mms/ltd_report : IP Address : ::1 ==> LTD Report Page : User :  access the page on 2024-06-25 15:00:17
http://localhost/mms/lmtd_report : IP Address : ::1 ==> LMTD Report Page : User :  access the page on 2024-06-25 15:01:26
http://localhost/mms/mtd_report : IP Address : ::1 ==> MTD Report Page : User :  access the page on 2024-06-25 15:02:59
http://localhost/mms/ytd_report : IP Address : ::1 ==> YTD Report Page : User :  access the page on 2024-06-25 15:03:31
http://localhost/mms/ltd_report : IP Address : ::1 ==> LTD Report Page : User :  access the page on 2024-06-25 15:04:15
http://localhost/mms/mtd_report : IP Address : ::1 ==> MTD Report Page : User :  access the page on 2024-06-25 15:05:06
http://localhost/mms/mtd_report : IP Address : ::1 ==> MTD Report Page : User :  access the page on 2024-06-25 15:05:14
http://localhost/mms/lmtd_report : IP Address : ::1 ==> LMTD Report Page : User :  access the page on 2024-06-25 15:05:55
http://localhost/mms/ytd_report : IP Address : ::1 ==> YTD Report Page : User :  access the page on 2024-06-25 15:06:22
http://localhost/mms/mtd_report : IP Address : ::1 ==> MTD Report Page : User :  access the page on 2024-06-25 15:06:30
http://localhost/mms/ltd_report : IP Address : ::1 ==> LTD Report Page : User :  access the page on 2024-06-25 15:06:37
http://localhost/mms/rt_hourly_report : IP Address : ::1 ==> Real Time Hourly Report Page : User :  access the page on 2024-06-25 15:06:41
http://localhost/mms/rt_hourly_summary_report : IP Address : ::1 ==> Real Time Hourly Summary Report Page : User :  access the page on 2024-06-25 15:06:49
http://localhost/mms/lmtd_report : IP Address : ::1 ==> LMTD Report Page : User :  access the page on 2024-06-25 15:07:00
http://localhost/mms/ytd_report : IP Address : ::1 ==> YTD Report Page : User :  access the page on 2024-06-25 15:07:17
http://localhost/mms/ltd_report : IP Address : ::1 ==> LTD Report Page : User :  access the page on 2024-06-25 15:08:17
http://localhost/mms/mtd_report : IP Address : ::1 ==> MTD Report Page : User :  access the page on 2024-06-25 15:08:21
http://localhost/mms/lmtd_report : IP Address : ::1 ==> LMTD Report Page : User :  access the page on 2024-06-25 15:08:27
http://localhost/mms/ytd_report : IP Address : ::1 ==> YTD Report Page : User :  access the page on 2024-06-25 15:08:34
http://localhost/mms/mtd_report : IP Address : ::1 ==> MTD Report Page : User :  access the page on 2024-06-25 15:09:40
http://localhost/mms/lmtd_report : IP Address : ::1 ==> LMTD Report Page : User :  access the page on 2024-06-25 15:10:05
http://localhost/mms/ytd_report : IP Address : ::1 ==> YTD Report Page : User :  access the page on 2024-06-25 15:10:30
http://localhost/mms/ytd_report : IP Address : ::1 ==> YTD Report Page : User :  access the page on 2024-06-25 15:12:30
http://localhost/mms/ytd_report : IP Address : ::1 ==> YTD Report Page : User :  access the page on 2024-06-25 15:14:31
http://localhost/mms/ytd_report : IP Address : ::1 ==> YTD Report Page : User :  access the page on 2024-06-25 15:14:38
http://localhost/mms/ytd_report : IP Address : ::1 ==> YTD Report Page : User :  access the page on 2024-06-25 15:15:56
http://localhost/mms/ytd_report : IP Address : ::1 ==> YTD Report Page : User :  access the page on 2024-06-25 15:16:30
http://localhost/mms/ytd_report : IP Address : ::1 ==> YTD Report Page : User :  access the page on 2024-06-25 15:16:59
http://localhost/mms/lmtd_report : IP Address : ::1 ==> LMTD Report Page : User :  access the page on 2024-06-25 15:17:20
http://localhost/mms/lmtd_report : IP Address : ::1 ==> LMTD Report Page : User :  access the page on 2024-06-25 15:18:26
http://localhost/mms/mtd_report : IP Address : ::1 ==> MTD Report Page : User :  access the page on 2024-06-25 15:18:31
http://localhost/mms/lmtd_report : IP Address : ::1 ==> LMTD Report Page : User :  access the page on 2024-06-25 15:19:33
http://localhost/mms/ytd_report : IP Address : ::1 ==> YTD Report Page : User :  access the page on 2024-06-25 15:20:15
http://localhost/mms/lmtd_report : IP Address : ::1 ==> LMTD Report Page : User :  access the page on 2024-06-25 15:20:20
http://localhost/mms/lmtd_report : IP Address : ::1 ==> LMTD Report Page : User :  access the page on 2024-06-25 15:20:46
http://localhost/mms/mtd_report : IP Address : ::1 ==> MTD Report Page : User :  access the page on 2024-06-25 15:21:01
http://localhost/mms/mtd_report : IP Address : ::1 ==> MTD Report Page : User :  access the page on 2024-06-25 15:23:01
http://localhost/mms/ytd_report : IP Address : ::1 ==> YTD Report Page : User :  access the page on 2024-06-25 15:24:27
http://localhost/mms/ytd_report : IP Address : ::1 ==> YTD Report Page : User :  access the page on 2024-06-25 15:26:28
http://localhost/mms/ltd_report : IP Address : ::1 ==> LTD Report Page : User :  access the page on 2024-06-25 15:27:06
http://localhost/mms/mtd_report : IP Address : ::1 ==> MTD Report Page : User :  access the page on 2024-06-25 15:27:10
http://localhost/mms/ltd_report : IP Address : ::1 ==> LTD Report Page : User :  access the page on 2024-06-25 15:27:23
http://localhost/mms/lmtd_report : IP Address : ::1 ==> LMTD Report Page : User :  access the page on 2024-06-25 15:27:25
http://localhost/mms/ytd_report : IP Address : ::1 ==> YTD Report Page : User :  access the page on 2024-06-25 15:27:32
http://localhost/mms/ytd_report : IP Address : ::1 ==> YTD Report Page : User :  access the page on 2024-06-25 15:29:33
http://localhost/mms/ytd_report : IP Address : ::1 ==> YTD Report Page : User :  access the page on 2024-06-25 15:31:34
http://localhost/mms/ytd_report : IP Address : ::1 ==> YTD Report Page : User :  access the page on 2024-06-25 15:33:34
http://localhost/mms/ytd_report : IP Address : ::1 ==> YTD Report Page : User :  access the page on 2024-06-25 15:35:18
http://localhost/mms/ytd_report : IP Address : ::1 ==> YTD Report Page : User :  access the page on 2024-06-25 15:35:19
http://localhost/mms/ytd_report : IP Address : ::1 ==> YTD Report Page : User :  access the page on 2024-06-25 15:35:21
http://localhost/mms/ytd_report : IP Address : ::1 ==> YTD Report Page : User :  access the page on 2024-06-25 15:35:22
http://localhost/mms/ytd_report : IP Address : ::1 ==> YTD Report Page : User :  access the page on 2024-06-25 15:35:24
http://localhost/mms/lmtd_report : IP Address : ::1 ==> LMTD Report Page : User :  access the page on 2024-06-25 15:36:15
http://localhost/mms/mtd_report : IP Address : ::1 ==> MTD Report Page : User :  access the page on 2024-06-25 15:37:06
http://localhost/mms/mtd_report : IP Address : ::1 ==> MTD Report Page : User :  access the page on 2024-06-25 15:39:06
http://localhost/mms/mtd_report : IP Address : ::1 ==> MTD Report Page : User :  access the page on 2024-06-25 15:41:07
http://localhost/mms/mtd_report : IP Address : ::1 ==> MTD Report Page : User :  access the page on 2024-06-25 15:43:07
http://localhost/mms/mtd_report : IP Address : ::1 ==> MTD Report Page : User :  access the page on 2024-06-25 15:45:07
http://localhost/mms/mtd_report : IP Address : ::1 ==> MTD Report Page : User :  access the page on 2024-06-25 15:47:08
http://localhost/mms/mtd_report : IP Address : ::1 ==> MTD Report Page : User :  access the page on 2024-06-25 15:49:09
http://localhost/mms/mtd_report : IP Address : ::1 ==> MTD Report Page : User :  access the page on 2024-06-25 15:51:09
http://localhost/mms/change_pass.php : IP Address : ::1 ==> Change Password Page : User :  access the page on 2024-06-25 16:19:49
http://localhost/mms/ltd_report : IP Address : ::1 ==> LTD Report Page : User :  access the page on 2024-06-25 16:19:58
http://localhost/mms/mtd_report : IP Address : ::1 ==> MTD Report Page : User :  access the page on 2024-06-25 16:20:07
http://localhost/mms/lmtd_report : IP Address : ::1 ==> LMTD Report Page : User :  access the page on 2024-06-25 16:20:16
http://localhost/mms/ltd_report : IP Address : ::1 ==> LTD Report Page : User :  access the page on 2024-06-25 16:20:44
http://localhost/mms/ltd_report : IP Address : ::1 ==> LTD Report Page : User :  access the page on 2024-06-25 16:22:22
http://localhost/mms/ltd_report : IP Address : ::1 ==> LTD Report Page : User :  access the page on 2024-06-25 16:22:55
http://localhost/mms/mtd_report : IP Address : ::1 ==> MTD Report Page : User :  access the page on 2024-06-25 16:22:59
http://localhost/mms/lmtd_report : IP Address : ::1 ==> LMTD Report Page : User :  access the page on 2024-06-25 16:23:03
http://localhost/mms/ytd_report : IP Address : ::1 ==> YTD Report Page : User :  access the page on 2024-06-25 16:23:17
http://localhost/mms/ytd_report : IP Address : ::1 ==> YTD Report Page : User :  access the page on 2024-06-25 16:25:18
http://localhost/mms/ytd_report : IP Address : ::1 ==> YTD Report Page : User :  access the page on 2024-06-25 16:27:20
http://localhost/mms/ytd_report : IP Address : ::1 ==> YTD Report Page : User :  access the page on 2024-06-25 16:29:20
http://localhost/mms/ytd_report : IP Address : ::1 ==> YTD Report Page : User :  access the page on 2024-06-25 16:31:21
http://localhost/mms/ytd_report : IP Address : ::1 ==> YTD Report Page : User :  access the page on 2024-06-25 16:33:22
http://localhost/mms/ytd_report : IP Address : ::1 ==> YTD Report Page : User :  access the page on 2024-06-25 16:35:23
http://localhost/mms/ytd_report : IP Address : ::1 ==> YTD Report Page : User :  access the page on 2024-06-25 16:37:23
http://localhost/mms/ytd_report : IP Address : ::1 ==> YTD Report Page : User :  access the page on 2024-06-25 16:39:24
http://localhost/mms/ytd_report : IP Address : ::1 ==> YTD Report Page : User :  access the page on 2024-06-25 16:41:25
http://localhost/mms/ytd_report : IP Address : ::1 ==> YTD Report Page : User :  access the page on 2024-06-25 16:43:26
http://localhost/mms/ytd_report : IP Address : ::1 ==> YTD Report Page : User :  access the page on 2024-06-25 16:45:27
http://localhost/mms/ytd_report : IP Address : ::1 ==> YTD Report Page : User :  access the page on 2024-06-25 16:47:28
http://localhost/mms/ytd_report : IP Address : ::1 ==> YTD Report Page : User :  access the page on 2024-06-25 16:49:29
http://localhost/mms/ytd_report : IP Address : ::1 ==> YTD Report Page : User :  access the page on 2024-06-25 16:51:29
http://localhost/mms/ytd_report : IP Address : ::1 ==> YTD Report Page : User :  access the page on 2024-06-25 16:53:30
http://localhost/mms/ytd_report : IP Address : ::1 ==> YTD Report Page : User :  access the page on 2024-06-25 16:55:31
http://localhost/mms/ytd_report : IP Address : ::1 ==> YTD Report Page : User :  access the page on 2024-06-25 16:57:32
http://localhost/mms/ytd_report : IP Address : ::1 ==> YTD Report Page : User :  access the page on 2024-06-25 16:59:33
http://localhost/mms/ytd_report : IP Address : ::1 ==> YTD Report Page : User :  access the page on 2024-06-25 17:01:34
http://localhost/mms/ytd_report : IP Address : ::1 ==> YTD Report Page : User :  access the page on 2024-06-25 17:03:34
http://localhost/mms/ytd_report : IP Address : ::1 ==> YTD Report Page : User :  access the page on 2024-06-25 17:05:35
http://localhost/mms/ytd_report : IP Address : ::1 ==> YTD Report Page : User :  access the page on 2024-06-25 17:07:36
http://localhost/mms/ytd_report : IP Address : ::1 ==> YTD Report Page : User :  access the page on 2024-06-25 17:09:37
http://localhost/mms/ytd_report : IP Address : ::1 ==> YTD Report Page : User :  access the page on 2024-06-25 17:11:37
http://localhost/mms/ytd_report : IP Address : ::1 ==> YTD Report Page : User :  access the page on 2024-06-25 17:13:38
http://localhost/mms/ytd_report : IP Address : ::1 ==> YTD Report Page : User :  access the page on 2024-06-25 17:15:39
http://localhost/mms/ytd_report : IP Address : ::1 ==> YTD Report Page : User :  access the page on 2024-06-25 17:17:40
http://localhost/mms/ytd_report : IP Address : ::1 ==> YTD Report Page : User :  access the page on 2024-06-25 17:19:40
http://localhost/mms/ytd_report : IP Address : ::1 ==> YTD Report Page : User :  access the page on 2024-06-25 17:21:41
http://localhost/mms/ytd_report : IP Address : ::1 ==> YTD Report Page : User :  access the page on 2024-06-25 17:23:42
http://localhost/mms/ytd_report : IP Address : ::1 ==> YTD Report Page : User :  access the page on 2024-06-25 17:25:43
http://localhost/mms/ytd_report : IP Address : ::1 ==> YTD Report Page : User :  access the page on 2024-06-25 17:27:43
http://localhost/mms/ytd_report : IP Address : ::1 ==> YTD Report Page : User :  access the page on 2024-06-25 17:29:21
http://localhost/mms/ytd_report : IP Address : ::1 ==> YTD Report Page : User :  access the page on 2024-06-25 17:31:22
http://localhost/mms/ytd_report : IP Address : ::1 ==> YTD Report Page : User :  access the page on 2024-06-25 17:33:23
http://localhost/mms/ytd_report : IP Address : ::1 ==> YTD Report Page : User :  access the page on 2024-06-25 17:34:20
http://localhost/mms/ltd_report : IP Address : ::1 ==> LTD Report Page : User :  access the page on 2024-06-25 17:34:38
http://localhost/mms/mtd_report : IP Address : ::1 ==> MTD Report Page : User :  access the page on 2024-06-25 17:34:41
http://localhost/mms/lmtd_report : IP Address : ::1 ==> LMTD Report Page : User :  access the page on 2024-06-25 17:34:56
http://localhost/mms/ltd_report : IP Address : ::1 ==> LTD Report Page : User :  access the page on 2024-06-25 17:35:45
http://localhost/mms/mtd_report : IP Address : ::1 ==> MTD Report Page : User :  access the page on 2024-06-25 17:35:48
http://localhost/mms/ltd_report : IP Address : ::1 ==> LTD Report Page : User :  access the page on 2024-06-25 17:35:49
http://localhost/mms/mtd_report : IP Address : ::1 ==> MTD Report Page : User :  access the page on 2024-06-25 17:36:11
http://localhost/mms/lmtd_report : IP Address : ::1 ==> LMTD Report Page : User :  access the page on 2024-06-25 17:36:29
http://localhost/mms/mtd_report : IP Address : ::1 ==> MTD Report Page : User :  access the page on 2024-06-25 17:36:54
http://localhost/mms/lmtd_report : IP Address : ::1 ==> LMTD Report Page : User :  access the page on 2024-06-25 17:36:57
http://localhost/mms/ytd_report : IP Address : ::1 ==> YTD Report Page : User :  access the page on 2024-06-25 17:37:01
http://localhost/mms/ytd_report : IP Address : ::1 ==> YTD Report Page : User :  access the page on 2024-06-25 17:39:02
http://localhost/mms/logout.php : IP Address : ::1 ==> Logout Page : User : '' logged out successfully on 
http://localhost/mms/logout.php : IP Address : ::1 ==> Logout Page : All sessions destroyed successfully on 
http://localhost/mms/ajax/call_functions.php : IP Address : ::1 ==> Index Page : Username => celebdigital trying to login on 2024-06-25 17:40:41
http://localhost/mms/ajax/call_functions.php : IP Address : ::1 ==> Loginpage :  Execute the service [{
    "txt_username" : "celebdigital",
    "txt_password" : "YJt@123#",
    "request_id" : "3291197731"
  }] on 2024-06-25 17:40:41
http://localhost/mms/ajax/call_functions.php : IP Address : ::1 ==> Index Page : celebdigital logged in successfully on 2024-06-25 17:40:41
http://localhost/mms/ltd_report : IP Address : ::1 ==> LTD Report Page : User :  access the page on 2024-06-25 17:43:31
http://localhost/mms/mtd_report : IP Address : ::1 ==> MTD Report Page : User :  access the page on 2024-06-25 17:43:36
http://localhost/mms/ytd_report : IP Address : ::1 ==> YTD Report Page : User :  access the page on 2024-06-25 17:44:36
http://localhost/mms/ytd_report : IP Address : ::1 ==> YTD Report Page : User :  access the page on 2024-06-25 17:46:38
http://localhost/mms/ytd_report : IP Address : ::1 ==> YTD Report Page : User :  access the page on 2024-06-25 17:48:40
http://localhost/mms/ytd_report : IP Address : ::1 ==> YTD Report Page : User :  access the page on 2024-06-25 17:50:41
http://localhost/mms/ytd_report : IP Address : ::1 ==> YTD Report Page : User :  access the page on 2024-06-25 17:52:43
http://localhost/mms/ytd_report : IP Address : ::1 ==> YTD Report Page : User :  access the page on 2024-06-25 17:54:45
http://localhost/mms/ytd_report : IP Address : ::1 ==> YTD Report Page : User :  access the page on 2024-06-25 17:56:46
http://localhost/mms/ytd_report : IP Address : ::1 ==> YTD Report Page : User :  access the page on 2024-06-25 17:58:48
http://localhost/mms/ytd_report : IP Address : ::1 ==> YTD Report Page : User :  access the page on 2024-06-25 18:00:50
http://localhost/mms/ytd_report : IP Address : ::1 ==> YTD Report Page : User :  access the page on 2024-06-25 18:02:52
http://localhost/mms/ytd_report : IP Address : ::1 ==> YTD Report Page : User :  access the page on 2024-06-25 18:03:47
http://localhost/mms/ytd_report : IP Address : ::1 ==> YTD Report Page : User :  access the page on 2024-06-25 18:05:48
http://localhost/mms/ytd_report : IP Address : ::1 ==> YTD Report Page : User :  access the page on 2024-06-25 18:07:50
http://localhost/mms/ytd_report : IP Address : ::1 ==> YTD Report Page : User :  access the page on 2024-06-25 18:09:52
http://localhost/mms/ytd_report : IP Address : ::1 ==> YTD Report Page : User :  access the page on 2024-06-25 18:11:53
http://localhost/mms/ytd_report : IP Address : ::1 ==> YTD Report Page : User :  access the page on 2024-06-25 18:13:55
http://localhost/mms/ytd_report : IP Address : ::1 ==> YTD Report Page : User :  access the page on 2024-06-25 18:15:56
http://localhost/mms/ytd_report : IP Address : ::1 ==> YTD Report Page : User :  access the page on 2024-06-25 18:17:57
http://localhost/mms/ytd_report : IP Address : ::1 ==> YTD Report Page : User :  access the page on 2024-06-25 18:19:59
http://localhost/mms/ytd_report : IP Address : ::1 ==> YTD Report Page : User :  access the page on 2024-06-25 18:22:01
http://localhost/mms/ytd_report : IP Address : ::1 ==> YTD Report Page : User :  access the page on 2024-06-25 18:22:29
http://localhost/mms/ytd_report : IP Address : ::1 ==> YTD Report Page : User :  access the page on 2024-06-25 18:24:31
http://localhost/mms/ytd_report : IP Address : ::1 ==> YTD Report Page : User :  access the page on 2024-06-25 18:26:32
http://localhost/mms/ltd_report : IP Address : ::1 ==> LTD Report Page : User :  access the page on 2024-06-25 18:42:13
http://localhost/mms/ltd_report : IP Address : ::1 ==> LTD Report Page : User :  access the page on 2024-06-25 18:44:14
http://localhost/mms/ltd_report : IP Address : ::1 ==> LTD Report Page : User :  access the page on 2024-06-25 18:46:15
http://localhost/mms/ltd_report : IP Address : ::1 ==> LTD Report Page : User :  access the page on 2024-06-25 18:48:16
http://localhost/mms/ltd_report : IP Address : ::1 ==> LTD Report Page : User :  access the page on 2024-06-25 18:50:17
http://localhost/mms/ltd_report : IP Address : ::1 ==> LTD Report Page : User :  access the page on 2024-06-25 18:52:18
http://localhost/mms/ltd_report : IP Address : ::1 ==> LTD Report Page : User :  access the page on 2024-06-25 18:54:19
http://localhost/mms/ltd_report : IP Address : ::1 ==> LTD Report Page : User :  access the page on 2024-06-25 18:56:20
http://localhost/mms/ltd_report : IP Address : ::1 ==> LTD Report Page : User :  access the page on 2024-06-25 18:58:21
http://localhost/mms/ltd_report : IP Address : ::1 ==> LTD Report Page : User :  access the page on 2024-06-25 18:59:57
http://localhost/mms/ltd_report : IP Address : ::1 ==> LTD Report Page : User :  access the page on 2024-06-25 19:01:59
http://localhost/mms/ltd_report : IP Address : ::1 ==> LTD Report Page : User :  access the page on 2024-06-25 19:04:00
http://localhost/mms/ltd_report : IP Address : ::1 ==> LTD Report Page : User :  access the page on 2024-06-25 19:06:01
http://localhost/mms/ltd_report : IP Address : ::1 ==> LTD Report Page : User :  access the page on 2024-06-25 19:08:02
http://localhost/mms/user_register : IP Address : ::1 ==> User Registration Page : User :  access the page on 2024-06-25 19:09:38
http://localhost/mms/user_register : IP Address : ::1 ==> User Registration Page : User :  access the page on 2024-06-25 19:10:59
http://localhost/mms/ajax/call_functions.php?otp_call_function=mobile_otp : IP Address : ::1 ==> Mobile OTP - Mobile number OTP Page : User :  access the page on 2024-06-25 19:11:07
http://localhost/mms/ajax/call_functions.php?otp_call_function=mobile_otp : IP Address : ::1 ==> Mobile OTP - Mobile number OTP Page : User :  OTP Updated ( http://14.99.201.14/sms_api/api/smsapi?process=compose_send_sms&username='.celebmedia.'&password='.YJt@123.'&campaign_name='.testcmp.'&number='.9387587459.'&message=Your%20OTP%20is%20'.901668) successfully on 2024-06-25 19:11:07
http://localhost/mms/ajax/call_functions.php?otp_check_call_function=mobile_check_otp : IP Address : ::1 ==> Mobile OTP - OTP Check Page : User :  access the page on 2024-06-25 19:11:10
http://localhost/mms/user_register : IP Address : ::1 ==> User Registration Page : User :  access the page on 2024-06-25 19:14:57
http://localhost/mms/user_register : IP Address : ::1 ==> User Registration Page : User :  access the page on 2024-06-25 19:15:02
http://localhost/mms/user_register : IP Address : ::1 ==> User Registration Page : User :  access the page on 2024-06-25 19:15:02
http://localhost/mms/user_register : IP Address : ::1 ==> User Registration Page : User :  access the page on 2024-06-25 19:15:03
http://localhost/mms/ajax/call_functions.php?otp_call_function=mobile_otp : IP Address : ::1 ==> Mobile OTP - Mobile number OTP Page : User :  access the page on 2024-06-25 19:15:09
http://localhost/mms/ajax/call_functions.php?otp_call_function=mobile_otp : IP Address : ::1 ==> Mobile OTP - Mobile number OTP Page : User :  OTP Updated ( http://14.99.201.14/sms_api/api/smsapi?process=compose_send_sms&username='.celebmedia.'&password='.YJt@123.'&campaign_name='.testcmp.'&number='.9347583479.'&message=Your%20OTP%20is%20'.214123) successfully on 2024-06-25 19:15:09
http://localhost/mms/ajax/call_functions.php?otp_check_call_function=mobile_check_otp : IP Address : ::1 ==> Mobile OTP - OTP Check Page : User :  access the page on 2024-06-25 19:15:11
http://localhost/mms/user_register : IP Address : ::1 ==> User Registration Page : User :  access the page on 2024-06-25 19:19:38
http://localhost/mms/ajax/call_functions.php?otp_call_function=mobile_otp : IP Address : ::1 ==> Mobile OTP - Mobile number OTP Page : User :  access the page on 2024-06-25 19:19:51
http://localhost/mms/ajax/call_functions.php?otp_call_function=mobile_otp : IP Address : ::1 ==> Mobile OTP - Mobile number OTP Page : User :  OTP Updated ( http://14.99.201.14/sms_api/api/smsapi?process=compose_send_sms&username='.celebmedia.'&password='.YJt@123.'&campaign_name='.testcmp.'&number='.6736738327.'&message=Your%20OTP%20is%20'.968881) successfully on 2024-06-25 19:19:51
http://localhost/mms/ajax/call_functions.php?otp_check_call_function=mobile_check_otp : IP Address : ::1 ==> Mobile OTP - OTP Check Page : User :  access the page on 2024-06-25 19:19:54
