http://localhost/mms/change_pass : IP Address : ::1 ==> Change Password Page : User :  access the page on 2024-06-20 09:32:30
http://localhost/mms/ajax/call_functions.php : IP Address : ::1 ==> Index Page : Username => celebdigital trying to login on 2024-06-20 09:32:46
http://localhost/mms/ajax/call_functions.php : IP Address : ::1 ==> Loginpage :  Execute the service [{
    "txt_username" : "celebdigital",
    "txt_password" : "YJt@123#",
    "request_id" : "5072439027"
  }] on 2024-06-20 09:32:46
http://localhost/mms/ajax/call_functions.php : IP Address : ::1 ==> Index Page : celebdigital logged in successfully on 2024-06-20 09:32:46
http://localhost/mms/user_register : IP Address : ::1 ==> User Registration Page : User :  access the page on 2024-06-20 09:33:01
http://localhost/mms/change_pass : IP Address : ::1 ==> Change Password Page : User :  access the page on 2024-06-20 09:35:15
http://localhost/mms/rt_hourly_report : IP Address : ::1 ==> Real Time Hourly Report Page : User :  access the page on 2024-06-20 09:35:19
http://localhost/mms/rt_hourly_summary_report : IP Address : ::1 ==> Real Time Hourly Summary Report Page : User :  access the page on 2024-06-20 09:35:22
http://localhost/mms/change_pass : IP Address : ::1 ==> Change Password Page : User :  access the page on 2024-06-20 09:36:37
http://localhost/mms/rt_hourly_summary_report : IP Address : ::1 ==> Real Time Hourly Summary Report Page : User :  access the page on 2024-06-20 09:37:22
http://localhost/mms/rt_hourly_summary_report : IP Address : ::1 ==> Real Time Hourly Summary Report Page : User :  access the page on 2024-06-20 09:39:22
http://localhost/mms/rt_hourly_summary_report : IP Address : ::1 ==> Real Time Hourly Summary Report Page : User :  access the page on 2024-06-20 09:41:23
http://localhost/mms/rt_hourly_summary_report : IP Address : ::1 ==> Real Time Hourly Summary Report Page : User :  access the page on 2024-06-20 09:50:50
http://localhost/mms/rt_hourly_report : IP Address : ::1 ==> Real Time Hourly Report Page : User :  access the page on 2024-06-20 09:50:57
http://localhost/mms/rt_hourly_report : IP Address : ::1 ==> Real Time Hourly Report Page : User :  access the page on 2024-06-20 09:51:59
http://localhost/mms/rt_hourly_report : IP Address : ::1 ==> Real Time Hourly Report Page : User :  access the page on 2024-06-20 09:53:59
http://localhost/mms/rt_hourly_report : IP Address : ::1 ==> Real Time Hourly Report Page : User :  access the page on 2024-06-20 09:56:00
http://localhost/mms/rt_hourly_report : IP Address : ::1 ==> Real Time Hourly Report Page : User :  access the page on 2024-06-20 09:58:00
http://localhost/mms/rt_hourly_report : IP Address : ::1 ==> Real Time Hourly Report Page : User :  access the page on 2024-06-20 10:32:18
http://localhost/mms/rt_hourly_report : IP Address : ::1 ==> Real Time Hourly Report Page : User :  access the page on 2024-06-20 10:32:33
http://localhost/mms/rt_hourly_report : IP Address : ::1 ==> Real Time Hourly Report Page : User :  access the page on 2024-06-20 10:34:33
http://localhost/mms/rt_hourly_report : IP Address : ::1 ==> Real Time Hourly Report Page : User :  access the page on 2024-06-20 10:36:34
http://localhost/mms/rt_hourly_report : IP Address : ::1 ==> Real Time Hourly Report Page : User :  access the page on 2024-06-20 10:37:30
http://localhost/mms/rt_hourly_report : IP Address : ::1 ==> Real Time Hourly Report Page : User :  access the page on 2024-06-20 10:39:31
http://localhost/mms/rt_hourly_report : IP Address : ::1 ==> Real Time Hourly Report Page : User :  access the page on 2024-06-20 10:41:31
http://localhost/mms/rt_hourly_report : IP Address : ::1 ==> Real Time Hourly Report Page : User :  access the page on 2024-06-20 10:43:32
http://localhost/mms/rt_hourly_report : IP Address : ::1 ==> Real Time Hourly Report Page : User :  access the page on 2024-06-20 10:44:50
http://localhost/mms/rt_hourly_report : IP Address : ::1 ==> Real Time Hourly Report Page : User :  access the page on 2024-06-20 10:46:51
http://localhost/mms/rt_hourly_report : IP Address : ::1 ==> Real Time Hourly Report Page : User :  access the page on 2024-06-20 10:49:38
http://localhost/mms/rt_hourly_report : IP Address : ::1 ==> Real Time Hourly Report Page : User :  access the page on 2024-06-20 10:49:50
http://localhost/mms/rt_hourly_report : IP Address : ::1 ==> Real Time Hourly Report Page : User :  access the page on 2024-06-20 10:49:59
http://localhost/mms/rt_hourly_report : IP Address : ::1 ==> Real Time Hourly Report Page : User :  access the page on 2024-06-20 10:50:00
http://localhost/mms/rt_hourly_report : IP Address : ::1 ==> Real Time Hourly Report Page : User :  access the page on 2024-06-20 10:50:17
http://localhost/mms/rt_hourly_report : IP Address : ::1 ==> Real Time Hourly Report Page : User :  access the page on 2024-06-20 10:52:17
http://localhost/mms/rt_hourly_report : IP Address : ::1 ==> Real Time Hourly Report Page : User :  access the page on 2024-06-20 10:54:18
http://localhost/mms/rt_hourly_report : IP Address : ::1 ==> Real Time Hourly Report Page : User :  access the page on 2024-06-20 10:56:19
http://localhost/mms/rt_hourly_report : IP Address : ::1 ==> Real Time Hourly Report Page : User :  access the page on 2024-06-20 10:58:19
http://localhost/mms/rt_hourly_report : IP Address : ::1 ==> Real Time Hourly Report Page : User :  access the page on 2024-06-20 10:59:54
http://localhost/mms/rt_hourly_report : IP Address : ::1 ==> Real Time Hourly Report Page : User :  access the page on 2024-06-20 11:01:48
http://localhost/mms/rt_hourly_report : IP Address : ::1 ==> Real Time Hourly Report Page : User :  access the page on 2024-06-20 11:02:05
http://localhost/mms/rt_hourly_report : IP Address : ::1 ==> Real Time Hourly Report Page : User :  access the page on 2024-06-20 11:02:32
http://localhost/mms/rt_hourly_report : IP Address : ::1 ==> Real Time Hourly Report Page : User :  access the page on 2024-06-20 11:02:33
http://localhost/mms/rt_hourly_report : IP Address : ::1 ==> Real Time Hourly Report Page : User :  access the page on 2024-06-20 11:04:33
http://localhost/mms/rt_hourly_report : IP Address : ::1 ==> Real Time Hourly Report Page : User :  access the page on 2024-06-20 11:06:33
http://localhost/mms/rt_hourly_report : IP Address : ::1 ==> Real Time Hourly Report Page : User :  access the page on 2024-06-20 11:08:33
http://localhost/mms/rt_hourly_report : IP Address : ::1 ==> Real Time Hourly Report Page : User :  access the page on 2024-06-20 11:09:54
http://localhost/mms/rt_hourly_report : IP Address : ::1 ==> Real Time Hourly Report Page : User :  access the page on 2024-06-20 11:11:54
http://localhost/mms/rt_hourly_report : IP Address : ::1 ==> Real Time Hourly Report Page : User :  access the page on 2024-06-20 11:12:23
http://localhost/mms/rt_hourly_report : IP Address : ::1 ==> Real Time Hourly Report Page : User :  access the page on 2024-06-20 11:14:23
http://localhost/mms/rt_hourly_report : IP Address : ::1 ==> Real Time Hourly Report Page : User :  access the page on 2024-06-20 11:16:24
http://localhost/mms/rt_hourly_report : IP Address : ::1 ==> Real Time Hourly Report Page : User :  access the page on 2024-06-20 11:18:24
http://localhost/mms/rt_hourly_summary_report : IP Address : ::1 ==> Real Time Hourly Summary Report Page : User :  access the page on 2024-06-20 11:19:51
http://localhost/mms/rt_hourly_report : IP Address : ::1 ==> Real Time Hourly Report Page : User :  access the page on 2024-06-20 11:19:57
http://localhost/mms/rt_hourly_report : IP Address : ::1 ==> Real Time Hourly Report Page : User :  access the page on 2024-06-20 11:21:43
http://localhost/mms/rt_hourly_report : IP Address : ::1 ==> Real Time Hourly Report Page : User :  access the page on 2024-06-20 11:21:45
http://localhost/mms/rt_hourly_report : IP Address : ::1 ==> Real Time Hourly Report Page : User :  access the page on 2024-06-20 11:23:45
http://localhost/mms/rt_hourly_report : IP Address : ::1 ==> Real Time Hourly Report Page : User :  access the page on 2024-06-20 11:25:46
http://localhost/mms/rt_hourly_report : IP Address : ::1 ==> Real Time Hourly Report Page : User :  access the page on 2024-06-20 11:27:25
http://localhost/mms/rt_hourly_report : IP Address : ::1 ==> Real Time Hourly Report Page : User :  access the page on 2024-06-20 11:29:15
http://localhost/mms/rt_hourly_report : IP Address : ::1 ==> Real Time Hourly Report Page : User :  access the page on 2024-06-20 11:31:16
http://localhost/mms/rt_hourly_report : IP Address : ::1 ==> Real Time Hourly Report Page : User :  access the page on 2024-06-20 11:33:16
http://localhost/mms/rt_hourly_report : IP Address : ::1 ==> Real Time Hourly Report Page : User :  access the page on 2024-06-20 11:35:17
http://localhost/mms/rt_hourly_report : IP Address : ::1 ==> Real Time Hourly Report Page : User :  access the page on 2024-06-20 11:37:17
http://localhost/mms/rt_hourly_report : IP Address : ::1 ==> Real Time Hourly Report Page : User :  access the page on 2024-06-20 11:39:18
http://localhost/mms/rt_hourly_report : IP Address : ::1 ==> Real Time Hourly Report Page : User :  access the page on 2024-06-20 11:39:40
http://localhost/mms/rt_hourly_summary_report : IP Address : ::1 ==> Real Time Hourly Summary Report Page : User :  access the page on 2024-06-20 11:39:42
http://localhost/mms/rt_hourly_summary_report : IP Address : ::1 ==> Real Time Hourly Summary Report Page : User :  access the page on 2024-06-20 11:39:45
http://localhost/mms/rt_hourly_report : IP Address : ::1 ==> Real Time Hourly Report Page : User :  access the page on 2024-06-20 11:39:49
http://localhost/mms/rt_hourly_report : IP Address : ::1 ==> Real Time Hourly Report Page : User :  access the page on 2024-06-20 11:41:50
http://localhost/mms/rt_hourly_report : IP Address : ::1 ==> Real Time Hourly Report Page : User :  access the page on 2024-06-20 11:43:50
http://localhost/mms/rt_hourly_report : IP Address : ::1 ==> Real Time Hourly Report Page : User :  access the page on 2024-06-20 11:45:51
http://localhost/mms/user_register : IP Address : ::1 ==> User Registration Page : User :  access the page on 2024-06-20 11:47:34
http://localhost/mms/user_list : IP Address : ::1 ==> User List Page : User :  access the page on 2024-06-20 11:54:22
http://localhost/mms/user_list : IP Address : ::1 ==> User List Page : User :  access the page on 2024-06-20 11:56:22
http://localhost/mms/user_list : IP Address : ::1 ==> User List Page : User :  access the page on 2024-06-20 11:58:23
http://localhost/mms/user_list : IP Address : ::1 ==> User List Page : User :  access the page on 2024-06-20 12:00:23
http://localhost/mms/rt_hourly_report : IP Address : ::1 ==> Real Time Hourly Report Page : User :  access the page on 2024-06-20 12:02:00
http://localhost/mms/rt_hourly_report : IP Address : ::1 ==> Real Time Hourly Report Page : User :  access the page on 2024-06-20 12:03:10
http://localhost/mms/rt_hourly_report : IP Address : ::1 ==> Real Time Hourly Report Page : User :  access the page on 2024-06-20 12:04:49
http://localhost/mms/rt_hourly_report : IP Address : ::1 ==> Real Time Hourly Report Page : User :  access the page on 2024-06-20 12:05:55
http://localhost/mms/rt_hourly_report : IP Address : ::1 ==> Real Time Hourly Report Page : User :  access the page on 2024-06-20 12:07:56
http://localhost/mms/ltd_report : IP Address : ::1 ==> LTD Report Page : User :  access the page on 2024-06-20 12:08:19
http://localhost/mms/ltd_report : IP Address : ::1 ==> LTD Report Page : User :  access the page on 2024-06-20 12:10:20
http://localhost/mms/ltd_report : IP Address : ::1 ==> LTD Report Page : User :  access the page on 2024-06-20 12:12:20
http://localhost/mms/ltd_report : IP Address : ::1 ==> LTD Report Page : User :  access the page on 2024-06-20 12:14:21
http://localhost/mms/ltd_report : IP Address : ::1 ==> LTD Report Page : User :  access the page on 2024-06-20 12:15:23
http://localhost/mms/ltd_report : IP Address : ::1 ==> LTD Report Page : User :  access the page on 2024-06-20 12:15:26
http://localhost/mms/ltd_report : IP Address : ::1 ==> LTD Report Page : User :  access the page on 2024-06-20 12:16:24
http://localhost/mms/ltd_report : IP Address : ::1 ==> LTD Report Page : User :  access the page on 2024-06-20 12:18:24
http://localhost/mms/ltd_report : IP Address : ::1 ==> LTD Report Page : User :  access the page on 2024-06-20 12:20:25
http://localhost/mms/ltd_report : IP Address : ::1 ==> LTD Report Page : User :  access the page on 2024-06-20 12:22:25
http://localhost/mms/ltd_report : IP Address : ::1 ==> LTD Report Page : User :  access the page on 2024-06-20 12:22:51
http://localhost/mms/ltd_report : IP Address : ::1 ==> LTD Report Page : User :  access the page on 2024-06-20 12:24:51
http://localhost/mms/ltd_report : IP Address : ::1 ==> LTD Report Page : User :  access the page on 2024-06-20 12:25:08
http://localhost/mms/ltd_report : IP Address : ::1 ==> LTD Report Page : User :  access the page on 2024-06-20 12:27:09
http://localhost/mms/ltd_report : IP Address : ::1 ==> LTD Report Page : User :  access the page on 2024-06-20 12:29:09
http://localhost/mms/ltd_report : IP Address : ::1 ==> LTD Report Page : User :  access the page on 2024-06-20 12:31:10
http://localhost/mms/ltd_report : IP Address : ::1 ==> LTD Report Page : User :  access the page on 2024-06-20 12:33:10
http://localhost/mms/ltd_report : IP Address : ::1 ==> LTD Report Page : User :  access the page on 2024-06-20 12:35:10
http://localhost/mms/ltd_report : IP Address : ::1 ==> LTD Report Page : User :  access the page on 2024-06-20 12:37:09
http://localhost/mms/ltd_report : IP Address : ::1 ==> LTD Report Page : User :  access the page on 2024-06-20 12:37:14
http://localhost/mms/ltd_report : IP Address : ::1 ==> LTD Report Page : User :  access the page on 2024-06-20 12:39:15
http://localhost/mms/mtd_report : IP Address : ::1 ==> MTD Report Page : User :  access the page on 2024-06-20 12:40:17
http://localhost/mms/lmtd_report : IP Address : ::1 ==> LMTD Report Page : User :  access the page on 2024-06-20 12:40:22
http://localhost/mms/ltd_report : IP Address : ::1 ==> LTD Report Page : User :  access the page on 2024-06-20 12:40:27
http://localhost/mms/ytd_report : IP Address : ::1 ==> YTD Report Page : User :  access the page on 2024-06-20 12:40:30
http://localhost/mms/ytd_report : IP Address : ::1 ==> YTD Report Page : User :  access the page on 2024-06-20 12:42:31
http://localhost/mms/ltd_report : IP Address : ::1 ==> LTD Report Page : User :  access the page on 2024-06-20 12:42:59
http://localhost/mms/ltd_report : IP Address : ::1 ==> LTD Report Page : User :  access the page on 2024-06-20 12:43:00
http://localhost/mms/ltd_report : IP Address : ::1 ==> LTD Report Page : User :  access the page on 2024-06-20 12:43:01
http://localhost/mms/ltd_report : IP Address : ::1 ==> LTD Report Page : User :  access the page on 2024-06-20 12:43:02
http://localhost/mms/ltd_report : IP Address : ::1 ==> LTD Report Page : User :  access the page on 2024-06-20 12:43:02
http://localhost/mms/ltd_report : IP Address : ::1 ==> LTD Report Page : User :  access the page on 2024-06-20 12:45:02
http://localhost/mms/ltd_report : IP Address : ::1 ==> LTD Report Page : User :  access the page on 2024-06-20 12:47:03
http://localhost/mms/ltd_report : IP Address : ::1 ==> LTD Report Page : User :  access the page on 2024-06-20 12:49:03
http://localhost/mms/ltd_report : IP Address : ::1 ==> LTD Report Page : User :  access the page on 2024-06-20 12:51:03
http://localhost/mms/ltd_report : IP Address : ::1 ==> LTD Report Page : User :  access the page on 2024-06-20 12:53:04
http://localhost/mms/ltd_report : IP Address : ::1 ==> LTD Report Page : User :  access the page on 2024-06-20 12:55:04
http://localhost/mms/ltd_report : IP Address : ::1 ==> LTD Report Page : User :  access the page on 2024-06-20 12:57:04
http://localhost/mms/ltd_report : IP Address : ::1 ==> LTD Report Page : User :  access the page on 2024-06-20 12:58:21
http://localhost/mms/ltd_report : IP Address : ::1 ==> LTD Report Page : User :  access the page on 2024-06-20 12:58:22
http://localhost/mms/ltd_report : IP Address : ::1 ==> LTD Report Page : User :  access the page on 2024-06-20 13:00:47
http://localhost/mms/ltd_report : IP Address : ::1 ==> LTD Report Page : User :  access the page on 2024-06-20 13:02:01
http://localhost/mms/ltd_report : IP Address : ::1 ==> LTD Report Page : User :  access the page on 2024-06-20 13:02:02
http://localhost/mms/ltd_report : IP Address : ::1 ==> LTD Report Page : User :  access the page on 2024-06-20 13:02:53
http://localhost/mms/ltd_report : IP Address : ::1 ==> LTD Report Page : User :  access the page on 2024-06-20 13:03:22
http://localhost/mms/ltd_report : IP Address : ::1 ==> LTD Report Page : User :  access the page on 2024-06-20 13:04:12
http://localhost/mms/ltd_report : IP Address : ::1 ==> LTD Report Page : User :  access the page on 2024-06-20 13:06:12
http://localhost/mms/ltd_report : IP Address : ::1 ==> LTD Report Page : User :  access the page on 2024-06-20 13:06:17
http://localhost/mms/ltd_report : IP Address : ::1 ==> LTD Report Page : User :  access the page on 2024-06-20 13:06:18
http://localhost/mms/ltd_report : IP Address : ::1 ==> LTD Report Page : User :  access the page on 2024-06-20 13:06:19
http://localhost/mms/ltd_report : IP Address : ::1 ==> LTD Report Page : User :  access the page on 2024-06-20 13:06:19
http://localhost/mms/ltd_report : IP Address : ::1 ==> LTD Report Page : User :  access the page on 2024-06-20 13:06:20
http://localhost/mms/ltd_report : IP Address : ::1 ==> LTD Report Page : User :  access the page on 2024-06-20 13:06:21
http://localhost/mms/ltd_report : IP Address : ::1 ==> LTD Report Page : User :  access the page on 2024-06-20 13:06:21
http://localhost/mms/ltd_report : IP Address : ::1 ==> LTD Report Page : User :  access the page on 2024-06-20 13:06:21
http://localhost/mms/ltd_report : IP Address : ::1 ==> LTD Report Page : User :  access the page on 2024-06-20 13:06:22
http://localhost/mms/ltd_report : IP Address : ::1 ==> LTD Report Page : User :  access the page on 2024-06-20 13:06:22
http://localhost/mms/ltd_report : IP Address : ::1 ==> LTD Report Page : User :  access the page on 2024-06-20 13:06:22
http://localhost/mms/ltd_report : IP Address : ::1 ==> LTD Report Page : User :  access the page on 2024-06-20 13:06:22
http://localhost/mms/ltd_report : IP Address : ::1 ==> LTD Report Page : User :  access the page on 2024-06-20 13:06:22
http://localhost/mms/ltd_report : IP Address : ::1 ==> LTD Report Page : User :  access the page on 2024-06-20 13:06:22
http://localhost/mms/ltd_report : IP Address : ::1 ==> LTD Report Page : User :  access the page on 2024-06-20 13:06:22
http://localhost/mms/ltd_report : IP Address : ::1 ==> LTD Report Page : User :  access the page on 2024-06-20 13:06:22
http://localhost/mms/ltd_report : IP Address : ::1 ==> LTD Report Page : User :  access the page on 2024-06-20 13:06:22
http://localhost/mms/ltd_report : IP Address : ::1 ==> LTD Report Page : User :  access the page on 2024-06-20 13:06:22
http://localhost/mms/ltd_report : IP Address : ::1 ==> LTD Report Page : User :  access the page on 2024-06-20 13:06:22
http://localhost/mms/ltd_report : IP Address : ::1 ==> LTD Report Page : User :  access the page on 2024-06-20 13:06:22
http://localhost/mms/ltd_report : IP Address : ::1 ==> LTD Report Page : User :  access the page on 2024-06-20 13:06:23
http://localhost/mms/ltd_report : IP Address : ::1 ==> LTD Report Page : User :  access the page on 2024-06-20 13:06:23
http://localhost/mms/ltd_report : IP Address : ::1 ==> LTD Report Page : User :  access the page on 2024-06-20 13:06:23
http://localhost/mms/ltd_report : IP Address : ::1 ==> LTD Report Page : User :  access the page on 2024-06-20 13:06:23
http://localhost/mms/ltd_report : IP Address : ::1 ==> LTD Report Page : User :  access the page on 2024-06-20 13:06:23
http://localhost/mms/ltd_report : IP Address : ::1 ==> LTD Report Page : User :  access the page on 2024-06-20 13:06:23
http://localhost/mms/ltd_report : IP Address : ::1 ==> LTD Report Page : User :  access the page on 2024-06-20 13:06:23
http://localhost/mms/ltd_report : IP Address : ::1 ==> LTD Report Page : User :  access the page on 2024-06-20 13:06:23
http://localhost/mms/ltd_report : IP Address : ::1 ==> LTD Report Page : User :  access the page on 2024-06-20 13:06:23
http://localhost/mms/ltd_report : IP Address : ::1 ==> LTD Report Page : User :  access the page on 2024-06-20 13:06:23
http://localhost/mms/ltd_report : IP Address : ::1 ==> LTD Report Page : User :  access the page on 2024-06-20 13:06:23
http://localhost/mms/ltd_report : IP Address : ::1 ==> LTD Report Page : User :  access the page on 2024-06-20 13:06:23
http://localhost/mms/ltd_report : IP Address : ::1 ==> LTD Report Page : User :  access the page on 2024-06-20 13:06:23
http://localhost/mms/ltd_report : IP Address : ::1 ==> LTD Report Page : User :  access the page on 2024-06-20 13:06:23
http://localhost/mms/ltd_report : IP Address : ::1 ==> LTD Report Page : User :  access the page on 2024-06-20 13:06:23
http://localhost/mms/ltd_report : IP Address : ::1 ==> LTD Report Page : User :  access the page on 2024-06-20 13:06:23
http://localhost/mms/ltd_report : IP Address : ::1 ==> LTD Report Page : User :  access the page on 2024-06-20 13:06:23
http://localhost/mms/ltd_report : IP Address : ::1 ==> LTD Report Page : User :  access the page on 2024-06-20 13:06:23
http://localhost/mms/ltd_report : IP Address : ::1 ==> LTD Report Page : User :  access the page on 2024-06-20 13:06:23
http://localhost/mms/ltd_report : IP Address : ::1 ==> LTD Report Page : User :  access the page on 2024-06-20 13:06:23
http://localhost/mms/ltd_report : IP Address : ::1 ==> LTD Report Page : User :  access the page on 2024-06-20 13:06:24
http://localhost/mms/ltd_report : IP Address : ::1 ==> LTD Report Page : User :  access the page on 2024-06-20 13:06:24
http://localhost/mms/ltd_report : IP Address : ::1 ==> LTD Report Page : User :  access the page on 2024-06-20 13:06:24
http://localhost/mms/ltd_report : IP Address : ::1 ==> LTD Report Page : User :  access the page on 2024-06-20 13:06:24
http://localhost/mms/ltd_report : IP Address : ::1 ==> LTD Report Page : User :  access the page on 2024-06-20 13:06:24
http://localhost/mms/ltd_report : IP Address : ::1 ==> LTD Report Page : User :  access the page on 2024-06-20 13:06:24
http://localhost/mms/ltd_report : IP Address : ::1 ==> LTD Report Page : User :  access the page on 2024-06-20 13:06:24
http://localhost/mms/ltd_report : IP Address : ::1 ==> LTD Report Page : User :  access the page on 2024-06-20 13:06:24
http://localhost/mms/ltd_report : IP Address : ::1 ==> LTD Report Page : User :  access the page on 2024-06-20 13:06:25
http://localhost/mms/ltd_report : IP Address : ::1 ==> LTD Report Page : User :  access the page on 2024-06-20 13:06:25
http://localhost/mms/ltd_report : IP Address : ::1 ==> LTD Report Page : User :  access the page on 2024-06-20 13:06:25
http://localhost/mms/ltd_report : IP Address : ::1 ==> LTD Report Page : User :  access the page on 2024-06-20 13:06:25
http://localhost/mms/ltd_report : IP Address : ::1 ==> LTD Report Page : User :  access the page on 2024-06-20 13:06:25
http://localhost/mms/ltd_report : IP Address : ::1 ==> LTD Report Page : User :  access the page on 2024-06-20 13:06:26
http://localhost/mms/ltd_report : IP Address : ::1 ==> LTD Report Page : User :  access the page on 2024-06-20 13:06:26
http://localhost/mms/ltd_report : IP Address : ::1 ==> LTD Report Page : User :  access the page on 2024-06-20 13:06:26
http://localhost/mms/ltd_report : IP Address : ::1 ==> LTD Report Page : User :  access the page on 2024-06-20 13:06:26
http://localhost/mms/ltd_report : IP Address : ::1 ==> LTD Report Page : User :  access the page on 2024-06-20 13:06:26
http://localhost/mms/ltd_report : IP Address : ::1 ==> LTD Report Page : User :  access the page on 2024-06-20 13:06:26
http://localhost/mms/ltd_report : IP Address : ::1 ==> LTD Report Page : User :  access the page on 2024-06-20 13:06:26
http://localhost/mms/ltd_report : IP Address : ::1 ==> LTD Report Page : User :  access the page on 2024-06-20 13:06:43
http://localhost/mms/ltd_report : IP Address : ::1 ==> LTD Report Page : User :  access the page on 2024-06-20 13:08:43
http://localhost/mms/ltd_report : IP Address : ::1 ==> LTD Report Page : User :  access the page on 2024-06-20 13:10:25
http://localhost/mms/ltd_report : IP Address : ::1 ==> LTD Report Page : User :  access the page on 2024-06-20 13:10:26
http://localhost/mms/ltd_report : IP Address : ::1 ==> LTD Report Page : User :  access the page on 2024-06-20 13:10:26
http://localhost/mms/ltd_report : IP Address : ::1 ==> LTD Report Page : User :  access the page on 2024-06-20 13:10:26
http://localhost/mms/ltd_report : IP Address : ::1 ==> LTD Report Page : User :  access the page on 2024-06-20 13:11:55
http://localhost/mms/ltd_report : IP Address : ::1 ==> LTD Report Page : User :  access the page on 2024-06-20 13:11:56
http://localhost/mms/ltd_report : IP Address : ::1 ==> LTD Report Page : User :  access the page on 2024-06-20 13:13:56
http://localhost/mms/ltd_report : IP Address : ::1 ==> LTD Report Page : User :  access the page on 2024-06-20 13:14:07
http://localhost/mms/ltd_report : IP Address : ::1 ==> LTD Report Page : User :  access the page on 2024-06-20 13:15:07
http://localhost/mms/ltd_report : IP Address : ::1 ==> LTD Report Page : User :  access the page on 2024-06-20 13:15:08
http://localhost/mms/ltd_report : IP Address : ::1 ==> LTD Report Page : User :  access the page on 2024-06-20 13:17:08
http://localhost/mms/ltd_report : IP Address : ::1 ==> LTD Report Page : User :  access the page on 2024-06-20 13:18:44
http://localhost/mms/ltd_report : IP Address : ::1 ==> LTD Report Page : User :  access the page on 2024-06-20 13:20:30
http://localhost/mms/ltd_report : IP Address : ::1 ==> LTD Report Page : User :  access the page on 2024-06-20 13:21:34
http://localhost/mms/ltd_report : IP Address : ::1 ==> LTD Report Page : User :  access the page on 2024-06-20 13:21:45
http://localhost/mms/ltd_report : IP Address : ::1 ==> LTD Report Page : User :  access the page on 2024-06-20 13:21:53
http://localhost/mms/ltd_report : IP Address : ::1 ==> LTD Report Page : User :  access the page on 2024-06-20 13:23:22
http://localhost/mms/ltd_report : IP Address : ::1 ==> LTD Report Page : User :  access the page on 2024-06-20 13:24:28
http://localhost/mms/ltd_report : IP Address : ::1 ==> LTD Report Page : User :  access the page on 2024-06-20 13:24:30
http://localhost/mms/ltd_report : IP Address : ::1 ==> LTD Report Page : User :  access the page on 2024-06-20 13:24:53
http://localhost/mms/ltd_report : IP Address : ::1 ==> LTD Report Page : User :  access the page on 2024-06-20 13:24:55
http://localhost/mms/ltd_report : IP Address : ::1 ==> LTD Report Page : User :  access the page on 2024-06-20 13:24:56
http://localhost/mms/ltd_report : IP Address : ::1 ==> LTD Report Page : User :  access the page on 2024-06-20 13:24:57
http://localhost/mms/ltd_report : IP Address : ::1 ==> LTD Report Page : User :  access the page on 2024-06-20 13:25:02
http://localhost/mms/ltd_report : IP Address : ::1 ==> LTD Report Page : User :  access the page on 2024-06-20 13:25:08
http://localhost/mms/ltd_report : IP Address : ::1 ==> LTD Report Page : User :  access the page on 2024-06-20 13:26:47
http://localhost/mms/mtd_report : IP Address : ::1 ==> MTD Report Page : User :  access the page on 2024-06-20 13:26:56
http://localhost/mms/mtd_report : IP Address : ::1 ==> MTD Report Page : User :  access the page on 2024-06-20 13:27:02
http://localhost/mms/mtd_report : IP Address : ::1 ==> MTD Report Page : User :  access the page on 2024-06-20 13:29:03
http://localhost/mms/ltd_report : IP Address : ::1 ==> LTD Report Page : User :  access the page on 2024-06-20 13:29:40
http://localhost/mms/ltd_report : IP Address : ::1 ==> LTD Report Page : User :  access the page on 2024-06-20 13:29:42
http://localhost/mms/mtd_report : IP Address : ::1 ==> MTD Report Page : User :  access the page on 2024-06-20 13:29:48
http://localhost/mms/mtd_report : IP Address : ::1 ==> MTD Report Page : User :  access the page on 2024-06-20 13:31:48
http://localhost/mms/mtd_report : IP Address : ::1 ==> MTD Report Page : User :  access the page on 2024-06-20 13:33:47
http://localhost/mms/mtd_report : IP Address : ::1 ==> MTD Report Page : User :  access the page on 2024-06-20 14:28:10
http://localhost/mms/mtd_report : IP Address : ::1 ==> MTD Report Page : User :  access the page on 2024-06-20 14:30:11
http://localhost/mms/mtd_report : IP Address : ::1 ==> MTD Report Page : User :  access the page on 2024-06-20 14:31:21
http://localhost/mms/mtd_report : IP Address : ::1 ==> MTD Report Page : User :  access the page on 2024-06-20 14:31:37
http://localhost/mms/mtd_report : IP Address : ::1 ==> MTD Report Page : User :  access the page on 2024-06-20 14:35:24
http://localhost/mms/mtd_report : IP Address : ::1 ==> MTD Report Page : User :  access the page on 2024-06-20 14:35:26
http://localhost/mms/mtd_report : IP Address : ::1 ==> MTD Report Page : User :  access the page on 2024-06-20 14:35:55
http://localhost/mms/mtd_report : IP Address : ::1 ==> MTD Report Page : User :  access the page on 2024-06-20 14:37:23
http://localhost/mms/mtd_report : IP Address : ::1 ==> MTD Report Page : User :  access the page on 2024-06-20 14:37:28
http://localhost/mms/mtd_report : IP Address : ::1 ==> MTD Report Page : User :  access the page on 2024-06-20 14:37:28
http://localhost/mms/mtd_report : IP Address : ::1 ==> MTD Report Page : User :  access the page on 2024-06-20 14:37:28
http://localhost/mms/mtd_report : IP Address : ::1 ==> MTD Report Page : User :  access the page on 2024-06-20 14:37:29
http://localhost/mms/mtd_report : IP Address : ::1 ==> MTD Report Page : User :  access the page on 2024-06-20 14:39:24
http://localhost/mms/mtd_report : IP Address : ::1 ==> MTD Report Page : User :  access the page on 2024-06-20 14:39:33
http://localhost/mms/mtd_report : IP Address : ::1 ==> MTD Report Page : User :  access the page on 2024-06-20 14:39:33
http://localhost/mms/mtd_report : IP Address : ::1 ==> MTD Report Page : User :  access the page on 2024-06-20 14:41:25
http://localhost/mms/mtd_report : IP Address : ::1 ==> MTD Report Page : User :  access the page on 2024-06-20 14:41:26
http://localhost/mms/mtd_report : IP Address : ::1 ==> MTD Report Page : User :  access the page on 2024-06-20 14:41:27
http://localhost/mms/mtd_report : IP Address : ::1 ==> MTD Report Page : User :  access the page on 2024-06-20 14:41:28
http://localhost/mms/mtd_report : IP Address : ::1 ==> MTD Report Page : User :  access the page on 2024-06-20 14:41:29
http://localhost/mms/mtd_report : IP Address : ::1 ==> MTD Report Page : User :  access the page on 2024-06-20 14:43:29
http://localhost/mms/mtd_report : IP Address : ::1 ==> MTD Report Page : User :  access the page on 2024-06-20 14:45:08
http://localhost/mms/mtd_report : IP Address : ::1 ==> MTD Report Page : User :  access the page on 2024-06-20 14:45:10
http://localhost/mms/mtd_report : IP Address : ::1 ==> MTD Report Page : User :  access the page on 2024-06-20 14:45:10
http://localhost/mms/mtd_report : IP Address : ::1 ==> MTD Report Page : User :  access the page on 2024-06-20 14:45:10
http://localhost/mms/mtd_report : IP Address : ::1 ==> MTD Report Page : User :  access the page on 2024-06-20 14:47:06
http://localhost/mms/mtd_report : IP Address : ::1 ==> MTD Report Page : User :  access the page on 2024-06-20 14:47:07
http://localhost/mms/mtd_report : IP Address : ::1 ==> MTD Report Page : User :  access the page on 2024-06-20 14:49:08
http://localhost/mms/mtd_report : IP Address : ::1 ==> MTD Report Page : User :  access the page on 2024-06-20 14:51:08
http://localhost/mms/mtd_report : IP Address : ::1 ==> MTD Report Page : User :  access the page on 2024-06-20 14:53:09
http://localhost/mms/mtd_report : IP Address : ::1 ==> MTD Report Page : User :  access the page on 2024-06-20 14:54:58
http://localhost/mms/mtd_report : IP Address : ::1 ==> MTD Report Page : User :  access the page on 2024-06-20 14:56:59
http://localhost/mms/mtd_report : IP Address : ::1 ==> MTD Report Page : User :  access the page on 2024-06-20 14:57:13
http://localhost/mms/mtd_report : IP Address : ::1 ==> MTD Report Page : User :  access the page on 2024-06-20 14:57:14
http://localhost/mms/mtd_report : IP Address : ::1 ==> MTD Report Page : User :  access the page on 2024-06-20 14:57:15
http://localhost/mms/mtd_report : IP Address : ::1 ==> MTD Report Page : User :  access the page on 2024-06-20 14:59:15
http://localhost/mms/mtd_report : IP Address : ::1 ==> MTD Report Page : User :  access the page on 2024-06-20 15:01:16
http://localhost/mms/mtd_report : IP Address : ::1 ==> MTD Report Page : User :  access the page on 2024-06-20 15:03:17
http://localhost/mms/mtd_report : IP Address : ::1 ==> MTD Report Page : User :  access the page on 2024-06-20 15:04:03
http://localhost/mms/mtd_report : IP Address : ::1 ==> MTD Report Page : User :  access the page on 2024-06-20 15:04:04
http://localhost/mms/mtd_report : IP Address : ::1 ==> MTD Report Page : User :  access the page on 2024-06-20 15:04:05
http://localhost/mms/mtd_report : IP Address : ::1 ==> MTD Report Page : User :  access the page on 2024-06-20 15:04:05
http://localhost/mms/mtd_report : IP Address : ::1 ==> MTD Report Page : User :  access the page on 2024-06-20 15:04:05
http://localhost/mms/mtd_report : IP Address : ::1 ==> MTD Report Page : User :  access the page on 2024-06-20 15:04:06
http://localhost/mms/mtd_report : IP Address : ::1 ==> MTD Report Page : User :  access the page on 2024-06-20 15:06:07
http://localhost/mms/mtd_report : IP Address : ::1 ==> MTD Report Page : User :  access the page on 2024-06-20 15:08:07
http://localhost/mms/mtd_report : IP Address : ::1 ==> MTD Report Page : User :  access the page on 2024-06-20 15:10:08
http://localhost/mms/mtd_report : IP Address : ::1 ==> MTD Report Page : User :  access the page on 2024-06-20 15:12:08
http://localhost/mms/mtd_report : IP Address : ::1 ==> MTD Report Page : User :  access the page on 2024-06-20 15:14:09
http://localhost/mms/mtd_report : IP Address : ::1 ==> MTD Report Page : User :  access the page on 2024-06-20 15:16:10
http://localhost/mms/mtd_report : IP Address : ::1 ==> MTD Report Page : User :  access the page on 2024-06-20 15:18:10
http://localhost/mms/mtd_report : IP Address : ::1 ==> MTD Report Page : User :  access the page on 2024-06-20 15:20:11
http://localhost/mms/mtd_report : IP Address : ::1 ==> MTD Report Page : User :  access the page on 2024-06-20 15:22:11
http://localhost/mms/mtd_report : IP Address : ::1 ==> MTD Report Page : User :  access the page on 2024-06-20 15:24:12
http://localhost/mms/mtd_report : IP Address : ::1 ==> MTD Report Page : User :  access the page on 2024-06-20 15:26:13
http://localhost/mms/mtd_report : IP Address : ::1 ==> MTD Report Page : User :  access the page on 2024-06-20 15:28:13
http://localhost/mms/mtd_report : IP Address : ::1 ==> MTD Report Page : User :  access the page on 2024-06-20 15:39:59
http://localhost/mms/mtd_report : IP Address : ::1 ==> MTD Report Page : User :  access the page on 2024-06-20 15:40:00
http://localhost/mms/rt_hourly_report : IP Address : ::1 ==> Real Time Hourly Report Page : User :  access the page on 2024-06-20 15:40:24
http://localhost/mms/rt_hourly_summary_report : IP Address : ::1 ==> Real Time Hourly Summary Report Page : User :  access the page on 2024-06-20 15:40:29
http://localhost/mms/logout.php : IP Address : ::1 ==> Logout Page : User : 'celebdigital' logged out successfully on 
http://localhost/mms/logout.php : IP Address : ::1 ==> Logout Page : All sessions destroyed successfully on 
http://localhost/mms/ajax/call_functions.php : IP Address : ::1 ==> Index Page : Username => celebdigital trying to login on 2024-06-20 15:40:57
http://localhost/mms/ajax/call_functions.php : IP Address : ::1 ==> Loginpage :  Execute the service [{
    "txt_username" : "celebdigital",
    "txt_password" : "YJt@123#",
    "request_id" : "5479408617"
  }] on 2024-06-20 15:40:57
http://localhost/mms/ajax/call_functions.php : IP Address : ::1 ==> Index Page : celebdigital logged in successfully on 2024-06-20 15:40:57
http://localhost/mms/change_pass.php : IP Address : ::1 ==> Change Password Page : User :  access the page on 2024-06-20 15:41:01
http://localhost/mms/rt_hourly_report : IP Address : ::1 ==> Real Time Hourly Report Page : User :  access the page on 2024-06-20 15:42:08
http://localhost/mms/rt_hourly_report : IP Address : ::1 ==> Real Time Hourly Report Page : User :  access the page on 2024-06-20 15:58:55
http://localhost/mms/rt_hourly_report : IP Address : ::1 ==> Real Time Hourly Report Page : User :  access the page on 2024-06-20 16:01:23
http://localhost/mms/rt_hourly_report : IP Address : ::1 ==> Real Time Hourly Report Page : User :  access the page on 2024-06-20 16:16:00
http://localhost/mms/rt_hourly_summary_report : IP Address : ::1 ==> Real Time Hourly Summary Report Page : User :  access the page on 2024-06-20 16:16:04
http://localhost/mms/rt_hourly_report : IP Address : ::1 ==> Real Time Hourly Report Page : User :  access the page on 2024-06-20 16:17:31
http://localhost/mms/rt_hourly_report : IP Address : ::1 ==> Real Time Hourly Report Page : User :  access the page on 2024-06-20 16:39:22
http://localhost/mms/ltd_report : IP Address : ::1 ==> LTD Report Page : User :  access the page on 2024-06-20 16:40:37
http://localhost/mms/mtd_report : IP Address : ::1 ==> MTD Report Page : User :  access the page on 2024-06-20 16:40:41
http://localhost/mms/rt_hourly_report : IP Address : ::1 ==> Real Time Hourly Report Page : User :  access the page on 2024-06-20 16:42:28
http://localhost/mms/rt_hourly_report : IP Address : ::1 ==> Real Time Hourly Report Page : User :  access the page on 2024-06-20 16:43:14
http://localhost/mms/rt_hourly_report : IP Address : ::1 ==> Real Time Hourly Report Page : User :  access the page on 2024-06-20 16:46:10
http://localhost/mms/rt_hourly_summary_report : IP Address : ::1 ==> Real Time Hourly Summary Report Page : User :  access the page on 2024-06-20 16:46:16
http://localhost/mms/ltd_report : IP Address : ::1 ==> LTD Report Page : User :  access the page on 2024-06-20 16:46:22
http://localhost/mms/ltd_report : IP Address : ::1 ==> LTD Report Page : User :  access the page on 2024-06-20 16:47:44
http://localhost/mms/mtd_report : IP Address : ::1 ==> MTD Report Page : User :  access the page on 2024-06-20 16:47:49
http://localhost/mms/mtd_report : IP Address : ::1 ==> MTD Report Page : User :  access the page on 2024-06-20 16:48:21
http://localhost/mms/mtd_report : IP Address : ::1 ==> MTD Report Page : User :  access the page on 2024-06-20 16:48:26
http://localhost/mms/mtd_report : IP Address : ::1 ==> MTD Report Page : User :  access the page on 2024-06-20 16:48:27
http://localhost/mms/rt_hourly_report : IP Address : ::1 ==> Real Time Hourly Report Page : User :  access the page on 2024-06-20 16:49:33
http://localhost/mms/rt_hourly_summary_report : IP Address : ::1 ==> Real Time Hourly Summary Report Page : User :  access the page on 2024-06-20 16:49:43
http://localhost/mms/ltd_report : IP Address : ::1 ==> LTD Report Page : User :  access the page on 2024-06-20 16:49:52
http://localhost/mms/mtd_report : IP Address : ::1 ==> MTD Report Page : User :  access the page on 2024-06-20 16:49:55
http://localhost/mms/mtd_report : IP Address : ::1 ==> MTD Report Page : User :  access the page on 2024-06-20 16:51:55
http://localhost/mms/mtd_report : IP Address : ::1 ==> MTD Report Page : User :  access the page on 2024-06-20 16:53:56
http://localhost/mms/mtd_report : IP Address : ::1 ==> MTD Report Page : User :  access the page on 2024-06-20 16:55:56
http://localhost/mms/mtd_report : IP Address : ::1 ==> MTD Report Page : User :  access the page on 2024-06-20 16:57:57
http://localhost/mms/ltd_report : IP Address : ::1 ==> LTD Report Page : User :  access the page on 2024-06-20 16:58:20
http://localhost/mms/ltd_report : IP Address : ::1 ==> LTD Report Page : User :  access the page on 2024-06-20 16:58:29
http://localhost/mms/rt_hourly_report : IP Address : ::1 ==> Real Time Hourly Report Page : User :  access the page on 2024-06-20 16:59:01
http://localhost/mms/ltd_report : IP Address : ::1 ==> LTD Report Page : User :  access the page on 2024-06-20 16:59:25
http://localhost/mms/ltd_report : IP Address : ::1 ==> LTD Report Page : User :  access the page on 2024-06-20 16:59:56
http://localhost/mms/ltd_report : IP Address : ::1 ==> LTD Report Page : User :  access the page on 2024-06-20 17:00:14
http://localhost/mms/ltd_report : IP Address : ::1 ==> LTD Report Page : User :  access the page on 2024-06-20 17:02:14
http://localhost/mms/ltd_report : IP Address : ::1 ==> LTD Report Page : User :  access the page on 2024-06-20 17:04:05
http://localhost/mms/ltd_report : IP Address : ::1 ==> LTD Report Page : User :  access the page on 2024-06-20 17:04:08
http://localhost/mms/user_list : IP Address : ::1 ==> User List Page : User :  access the page on 2024-06-20 17:04:14
http://localhost/mms/user_list : IP Address : ::1 ==> User List Page : User :  access the page on 2024-06-20 17:06:15
http://localhost/mms/user_list : IP Address : ::1 ==> User List Page : User :  access the page on 2024-06-20 17:08:15
http://localhost/mms/mtd_report : IP Address : ::1 ==> MTD Report Page : User :  access the page on 2024-06-20 17:09:41
http://localhost/mms/mtd_report : IP Address : ::1 ==> MTD Report Page : User :  access the page on 2024-06-20 17:10:27
http://localhost/mms/mtd_report : IP Address : ::1 ==> MTD Report Page : User :  access the page on 2024-06-20 17:12:27
http://localhost/mms/mtd_report : IP Address : ::1 ==> MTD Report Page : User :  access the page on 2024-06-20 17:17:08
http://localhost/mms/mtd_report : IP Address : ::1 ==> MTD Report Page : User :  access the page on 2024-06-20 17:19:08
http://localhost/mms/mtd_report : IP Address : ::1 ==> MTD Report Page : User :  access the page on 2024-06-20 17:21:09
http://localhost/mms/mtd_report : IP Address : ::1 ==> MTD Report Page : User :  access the page on 2024-06-20 17:23:09
http://localhost/mms/mtd_report : IP Address : ::1 ==> MTD Report Page : User :  access the page on 2024-06-20 17:25:10
http://localhost/mms/mtd_report : IP Address : ::1 ==> MTD Report Page : User :  access the page on 2024-06-20 17:27:10
http://localhost/mms/mtd_report : IP Address : ::1 ==> MTD Report Page : User :  access the page on 2024-06-20 17:29:11
http://localhost/mms/ltd_report : IP Address : ::1 ==> LTD Report Page : User :  access the page on 2024-06-20 17:29:21
http://localhost/mms/ltd_report : IP Address : ::1 ==> LTD Report Page : User :  access the page on 2024-06-20 17:31:21
http://localhost/mms/ltd_report : IP Address : ::1 ==> LTD Report Page : User :  access the page on 2024-06-20 17:33:22
http://localhost/mms/ltd_report : IP Address : ::1 ==> LTD Report Page : User :  access the page on 2024-06-20 17:35:22
http://localhost/mms/user_register : IP Address : ::1 ==> User Registration Page : User :  access the page on 2024-06-20 17:36:56
http://localhost/mms/user_register : IP Address : ::1 ==> User Registration Page : User :  access the page on 2024-06-20 17:43:12
http://localhost/mms/user_register : IP Address : ::1 ==> User Registration Page : User :  access the page on 2024-06-20 17:44:37
http://localhost/mms/user_register : IP Address : ::1 ==> User Registration Page : User :  access the page on 2024-06-20 17:46:08
http://localhost/mms/user_register : IP Address : ::1 ==> User Registration Page : User :  access the page on 2024-06-20 17:49:03
http://localhost/mms/user_register : IP Address : ::1 ==> User Registration Page : User :  access the page on 2024-06-20 17:53:28
http://localhost/mms/user_register : IP Address : ::1 ==> User Registration Page : User :  access the page on 2024-06-20 17:53:54
http://localhost/mms/user_register : IP Address : ::1 ==> User Registration Page : User :  access the page on 2024-06-20 17:55:15
http://localhost/mms/user_register : IP Address : ::1 ==> User Registration Page : User :  access the page on 2024-06-20 17:57:24
http://localhost/mms/user_register : IP Address : ::1 ==> User Registration Page : User :  access the page on 2024-06-20 17:57:56
http://localhost/mms/user_register : IP Address : ::1 ==> User Registration Page : User :  access the page on 2024-06-20 17:59:29
http://localhost/mms/user_register : IP Address : ::1 ==> User Registration Page : User :  access the page on 2024-06-20 18:00:03
http://localhost/mms/user_register : IP Address : ::1 ==> User Registration Page : User :  access the page on 2024-06-20 18:04:29
http://localhost/mms/user_register : IP Address : ::1 ==> User Registration Page : User :  access the page on 2024-06-20 18:04:59
http://localhost/mms/user_register : IP Address : ::1 ==> User Registration Page : User :  access the page on 2024-06-20 18:07:18
http://localhost/mms/user_register : IP Address : ::1 ==> User Registration Page : User :  access the page on 2024-06-20 18:08:31
http://localhost/mms/user_register : IP Address : ::1 ==> User Registration Page : User :  access the page on 2024-06-20 18:08:45
http://localhost/mms/user_register : IP Address : ::1 ==> User Registration Page : User :  access the page on 2024-06-20 18:11:46
http://localhost/mms/user_register : IP Address : ::1 ==> User Registration Page : User :  access the page on 2024-06-20 18:12:07
http://localhost/mms/user_register : IP Address : ::1 ==> User Registration Page : User :  access the page on 2024-06-20 18:13:40
http://localhost/mms/user_register : IP Address : ::1 ==> User Registration Page : User :  access the page on 2024-06-20 18:13:41
http://localhost/mms/user_register : IP Address : ::1 ==> User Registration Page : User :  access the page on 2024-06-20 18:16:40
http://localhost/mms/user_list : IP Address : ::1 ==> User List Page : User :  access the page on 2024-06-20 18:16:45
http://localhost/mms/user_register : IP Address : ::1 ==> User Registration Page : User :  access the page on 2024-06-20 18:16:49
http://localhost/mms/rt_hourly_report : IP Address : ::1 ==> Real Time Hourly Report Page : User :  access the page on 2024-06-20 18:16:56
http://localhost/mms/rt_hourly_summary_report : IP Address : ::1 ==> Real Time Hourly Summary Report Page : User :  access the page on 2024-06-20 18:16:58
http://localhost/mms/ltd_report : IP Address : ::1 ==> LTD Report Page : User :  access the page on 2024-06-20 18:17:04
http://localhost/mms/user_register : IP Address : ::1 ==> User Registration Page : User :  access the page on 2024-06-20 18:18:22
http://localhost/mms/user_register : IP Address : ::1 ==> User Registration Page : User :  access the page on 2024-06-20 18:20:57
http://localhost/mms/user_register : IP Address : ::1 ==> User Registration Page : User :  access the page on 2024-06-20 18:22:55
http://localhost/mms/user_register : IP Address : ::1 ==> User Registration Page : User :  access the page on 2024-06-20 18:23:15
http://localhost/mms/user_register : IP Address : ::1 ==> User Registration Page : User :  access the page on 2024-06-20 18:25:11
http://localhost/mms/user_list : IP Address : ::1 ==> User List Page : User :  access the page on 2024-06-20 18:26:04
http://localhost/mms/user_register : IP Address : ::1 ==> User Registration Page : User :  access the page on 2024-06-20 18:26:25
http://localhost/mms/camera_details : IP Address : ::1 ==> User Registration Page : User :  access the page on 2024-06-20 18:30:16
http://localhost/mms/user_register : IP Address : ::1 ==> User Registration Page : User :  access the page on 2024-06-20 18:30:43
http://localhost/mms/user_register : IP Address : ::1 ==> User Registration Page : User :  access the page on 2024-06-20 18:34:58
http://localhost/mms/ajax/call_functions.php?otp_call_function=mobile_otp : IP Address : ::1 ==> Mobile OTP - Mobile number OTP Page : User :  access the page on 2024-06-20 18:35:17
http://localhost/mms/ajax/call_functions.php?otp_call_function=mobile_otp : IP Address : ::1 ==> Mobile OTP - Mobile number OTP Page : User :  OTP Updated ( http://14.99.201.14/sms_api/api/smsapi?process=compose_send_sms&username='.celebmedia.'&password='.YJt@123.'&campaign_name='.testcmp.'&number='.7539998917.'&message=Your%20OTP%20is%20'.956397) successfully on 2024-06-20 18:35:17
http://localhost/mms/user_list : IP Address : ::1 ==> User List Page : User :  access the page on 2024-06-20 18:36:09
http://localhost/mms/rt_hourly_report : IP Address : ::1 ==> Real Time Hourly Report Page : User :  access the page on 2024-06-20 18:36:17
http://localhost/mms/rt_hourly_summary_report : IP Address : ::1 ==> Real Time Hourly Summary Report Page : User :  access the page on 2024-06-20 18:36:23
http://localhost/mms/rt_hourly_summary_report : IP Address : ::1 ==> Real Time Hourly Summary Report Page : User :  access the page on 2024-06-20 18:36:24
http://localhost/mms/rt_hourly_report : IP Address : ::1 ==> Real Time Hourly Report Page : User :  access the page on 2024-06-20 18:37:01
http://localhost/mms/rt_hourly_summary_report : IP Address : ::1 ==> Real Time Hourly Summary Report Page : User :  access the page on 2024-06-20 18:37:06
http://localhost/mms/rt_hourly_summary_report : IP Address : ::1 ==> Real Time Hourly Summary Report Page : User :  access the page on 2024-06-20 18:39:06
http://localhost/mms/user_list : IP Address : ::1 ==> User List Page : User :  access the page on 2024-06-20 18:40:57
http://localhost/mms/user_list : IP Address : ::1 ==> User List Page : User :  access the page on 2024-06-20 18:42:58
http://localhost/mms/user_list : IP Address : ::1 ==> User List Page : User :  access the page on 2024-06-20 18:44:58
http://localhost/mms/user_list : IP Address : ::1 ==> User List Page : User :  access the page on 2024-06-20 18:46:58
http://localhost/mms/user_register : IP Address : ::1 ==> User Registration Page : User :  access the page on 2024-06-20 18:47:38
http://localhost/mms/ajax/call_functions.php?otp_call_function=mobile_otp : IP Address : ::1 ==> Mobile OTP - Mobile number OTP Page : User :  access the page on 2024-06-20 18:49:00
http://localhost/mms/ajax/call_functions.php?otp_call_function=mobile_otp : IP Address : ::1 ==> Mobile OTP - Mobile number OTP Page : User :  OTP Updated ( http://14.99.201.14/sms_api/api/smsapi?process=compose_send_sms&username='.celebmedia.'&password='.YJt@123.'&campaign_name='.testcmp.'&number='.7539998917.'&message=Your%20OTP%20is%20'.368026) successfully on 2024-06-20 18:49:00
http://localhost/mms/ajax/call_functions.php?otp_check_call_function=mobile_check_otp : IP Address : ::1 ==> Mobile OTP - OTP Check Page : User :  access the page on 2024-06-20 18:49:09
http://localhost/mms/user_register : IP Address : ::1 ==> User Registration Page : User :  access the page on 2024-06-20 18:49:12
http://localhost/mms/ajax/call_functions.php?otp_call_function=mobile_otp : IP Address : ::1 ==> Mobile OTP - Mobile number OTP Page : User :  access the page on 2024-06-20 18:49:29
http://localhost/mms/ajax/call_functions.php?otp_call_function=mobile_otp : IP Address : ::1 ==> Mobile OTP - Mobile number OTP Page : User :  OTP Updated ( http://14.99.201.14/sms_api/api/smsapi?process=compose_send_sms&username='.celebmedia.'&password='.YJt@123.'&campaign_name='.testcmp.'&number='.7539998917.'&message=Your%20OTP%20is%20'.288658) successfully on 2024-06-20 18:49:29
http://localhost/mms/ajax/call_functions.php?otp_check_call_function=mobile_check_otp : IP Address : ::1 ==> Mobile OTP - OTP Check Page : User :  access the page on 2024-06-20 18:49:32
http://localhost/mms/user_register : IP Address : ::1 ==> User Registration Page : User :  access the page on 2024-06-20 18:54:09
http://localhost/mms/ajax/call_functions.php?otp_call_function=mobile_otp : IP Address : ::1 ==> Mobile OTP - Mobile number OTP Page : User :  access the page on 2024-06-20 18:54:26
http://localhost/mms/ajax/call_functions.php?otp_call_function=mobile_otp : IP Address : ::1 ==> Mobile OTP - Mobile number OTP Page : User :  OTP Updated ( http://14.99.201.14/sms_api/api/smsapi?process=compose_send_sms&username='.celebmedia.'&password='.YJt@123.'&campaign_name='.testcmp.'&number='.7539998917.'&message=Your%20OTP%20is%20'.988341) successfully on 2024-06-20 18:54:26
http://localhost/mms/ajax/call_functions.php?otp_check_call_function=mobile_check_otp : IP Address : ::1 ==> Mobile OTP - OTP Check Page : User :  access the page on 2024-06-20 18:54:31
http://localhost/mms/user_register : IP Address : ::1 ==> User Registration Page : User :  access the page on 2024-06-20 18:54:53
http://localhost/mms/ajax/call_functions.php?otp_call_function=mobile_otp : IP Address : ::1 ==> Mobile OTP - Mobile number OTP Page : User :  access the page on 2024-06-20 18:55:17
http://localhost/mms/ajax/call_functions.php?otp_call_function=mobile_otp : IP Address : ::1 ==> Mobile OTP - Mobile number OTP Page : User :  OTP Updated ( http://14.99.201.14/sms_api/api/smsapi?process=compose_send_sms&username='.celebmedia.'&password='.YJt@123.'&campaign_name='.testcmp.'&number='.7539998917.'&message=Your%20OTP%20is%20'.580973) successfully on 2024-06-20 18:55:17
http://localhost/mms/ajax/call_functions.php?otp_check_call_function=mobile_check_otp : IP Address : ::1 ==> Mobile OTP - OTP Check Page : User :  access the page on 2024-06-20 18:55:23
http://localhost/mms/user_register : IP Address : ::1 ==> User Registration Page : User :  access the page on 2024-06-20 19:06:48
http://localhost/mms/ajax/call_functions.php?otp_call_function=mobile_otp : IP Address : ::1 ==> Mobile OTP - Mobile number OTP Page : User :  access the page on 2024-06-20 19:07:09
http://localhost/mms/ajax/call_functions.php?otp_call_function=mobile_otp : IP Address : ::1 ==> Mobile OTP - Mobile number OTP Page : User :  OTP Updated ( http://14.99.201.14/sms_api/api/smsapi?process=compose_send_sms&username='.celebmedia.'&password='.YJt@123.'&campaign_name='.testcmp.'&number='.7539998917.'&message=Your%20OTP%20is%20'.153843) successfully on 2024-06-20 19:07:09
http://localhost/mms/ajax/call_functions.php?otp_check_call_function=mobile_check_otp : IP Address : ::1 ==> Mobile OTP - OTP Check Page : User :  access the page on 2024-06-20 19:07:16
http://localhost/mms/user_register : IP Address : ::1 ==> User Registration Page : User :  access the page on 2024-06-20 19:08:07
http://localhost/mms/ajax/call_functions.php?otp_call_function=mobile_otp : IP Address : ::1 ==> Mobile OTP - Mobile number OTP Page : User :  access the page on 2024-06-20 19:08:29
http://localhost/mms/ajax/call_functions.php?otp_call_function=mobile_otp : IP Address : ::1 ==> Mobile OTP - Mobile number OTP Page : User :  OTP Updated ( http://14.99.201.14/sms_api/api/smsapi?process=compose_send_sms&username='.celebmedia.'&password='.YJt@123.'&campaign_name='.testcmp.'&number='.7539998917.'&message=Your%20OTP%20is%20'.358073) successfully on 2024-06-20 19:08:29
http://localhost/mms/ajax/call_functions.php?otp_check_call_function=mobile_check_otp : IP Address : ::1 ==> Mobile OTP - OTP Check Page : User :  access the page on 2024-06-20 19:08:34
http://localhost/mms/user_register : IP Address : ::1 ==> User Registration Page : User :  access the page on 2024-06-20 19:08:55
http://localhost/mms/ajax/call_functions.php?otp_call_function=mobile_otp : IP Address : ::1 ==> Mobile OTP - Mobile number OTP Page : User :  access the page on 2024-06-20 19:09:11
http://localhost/mms/ajax/call_functions.php?otp_call_function=mobile_otp : IP Address : ::1 ==> Mobile OTP - Mobile number OTP Page : User :  OTP Updated ( http://14.99.201.14/sms_api/api/smsapi?process=compose_send_sms&username='.celebmedia.'&password='.YJt@123.'&campaign_name='.testcmp.'&number='.7539998917.'&message=Your%20OTP%20is%20'.155244) successfully on 2024-06-20 19:09:11
http://localhost/mms/ajax/call_functions.php?otp_check_call_function=mobile_check_otp : IP Address : ::1 ==> Mobile OTP - OTP Check Page : User :  access the page on 2024-06-20 19:09:15
http://localhost/mms/ajax/call_functions.php?otp_call_function=mobile_otp : IP Address : ::1 ==> Mobile OTP - Mobile number OTP Page : User :  access the page on 2024-06-20 19:09:51
http://localhost/mms/ajax/call_functions.php?otp_call_function=mobile_otp : IP Address : ::1 ==> Mobile OTP - Mobile number OTP Page : User :  OTP Updated ( http://14.99.201.14/sms_api/api/smsapi?process=compose_send_sms&username='.celebmedia.'&password='.YJt@123.'&campaign_name='.testcmp.'&number='.7539998917.'&message=Your%20OTP%20is%20'.448962) successfully on 2024-06-20 19:09:51
http://localhost/mms/user_register : IP Address : ::1 ==> User Registration Page : User :  access the page on 2024-06-20 19:09:57
