Index Page : Username => celebdigital trying to login on 2024-06-15 15:10:07
Index Page : celebdigital logged in failed [Invalid Password] on 2024-06-15 15:10:07
Index Page : Username => celebdigital trying to login on 2024-06-15 15:14:06
Loginpage :  Execute the service [{
    "txt_username" : "celebdigital",
    "txt_password" : "YJt@123#",
    "request_id" : "5082169569"
  }] on 2024-06-15 15:14:06
Index Page : celebdigital logged in failed [Invalid Password] on 2024-06-15 15:14:06
Index Page : Username => celebdigital trying to login on 2024-06-15 15:16:30
Loginpage :  Execute the service [{
    "txt_username" : "celebdigital",
    "txt_password" : "YJt@123#",
    "request_id" : "3467647832"
  }] on 2024-06-15 15:16:30
Index Page : celebdigital logged in successfully on 2024-06-15 15:16:30
Dashboard Page : User :  access the page on 2024-06-15 15:16:30
Dashboard Page : User :  executed the Query (<!DOCTYPE html>
<html lang="en">
<head>
<meta charset="utf-8">
<title>Error</title>
</head>
<body>
<pre>Cannot POST /select_query</pre>
</body>
</html>
) on 2024-06-15 15:16:30
Dashboard Page : User :  executed the Query (<!DOCTYPE html>
<html lang="en">
<head>
<meta charset="utf-8">
<title>Error</title>
</head>
<body>
<pre>Cannot POST /select_query</pre>
</body>
</html>
) on 2024-06-15 15:16:30
Logout Page : User : '' logged out successfully on 2024-06-15 15:16:41
Logout Page : All sessions destroyed successfully on 2024-06-15 15:16:41
Index Page : Username => celeb trying to login on 2024-06-15 15:16:48
Loginpage :  Execute the service [{
    "txt_username" : "celeb",
    "txt_password" : "das",
    "request_id" : "6353973132"
  }] on 2024-06-15 15:16:48
Index Page : celeb logged in failed [Invalid Password] on 2024-06-15 15:16:48
Index Page : Username => celebdigital trying to login on 2024-06-15 15:17:06
Loginpage :  Execute the service [{
    "txt_username" : "celebdigital",
    "txt_password" : "YJt@123",
    "request_id" : "5765659471"
  }] on 2024-06-15 15:17:06
Index Page : celebdigital logged in failed [Invalid Password] on 2024-06-15 15:17:06
Index Page : Username => celebdigital trying to login on 2024-06-15 15:17:22
Loginpage :  Execute the service [{
    "txt_username" : "celebdigital",
    "txt_password" : "YJt@123#",
    "request_id" : "2245981407"
  }] on 2024-06-15 15:17:22
Index Page : celebdigital logged in successfully on 2024-06-15 15:17:22
Dashboard Page : User :  access the page on 2024-06-15 15:17:22
Dashboard Page : User :  executed the Query (<!DOCTYPE html>
<html lang="en">
<head>
<meta charset="utf-8">
<title>Error</title>
</head>
<body>
<pre>Cannot POST /select_query</pre>
</body>
</html>
) on 2024-06-15 15:17:22
Dashboard Page : User :  executed the Query (<!DOCTYPE html>
<html lang="en">
<head>
<meta charset="utf-8">
<title>Error</title>
</head>
<body>
<pre>Cannot POST /select_query</pre>
</body>
</html>
) on 2024-06-15 15:17:22
Index Page : Username => celebdigital trying to login on 2024-06-15 15:18:06
Loginpage :  Execute the service [{
    "txt_username" : "celebdigital",
    "txt_password" : "YJt@123#",
    "request_id" : "8630302468"
  }] on 2024-06-15 15:18:06
Index Page : celebdigital logged in successfully on 2024-06-15 15:18:06
Dashboard Page : User :  access the page on 2024-06-15 15:18:06
Dashboard Page : User :  executed the Query (<!DOCTYPE html>
<html lang="en">
<head>
<meta charset="utf-8">
<title>Error</title>
</head>
<body>
<pre>Cannot POST /select_query</pre>
</body>
</html>
) on 2024-06-15 15:18:06
Dashboard Page : User :  executed the Query (<!DOCTYPE html>
<html lang="en">
<head>
<meta charset="utf-8">
<title>Error</title>
</head>
<body>
<pre>Cannot POST /select_query</pre>
</body>
</html>
) on 2024-06-15 15:18:06
Logout Page : User : '' logged out successfully on 2024-06-15 15:18:10
Logout Page : All sessions destroyed successfully on 2024-06-15 15:18:10
Index Page : Username => celebdigital trying to login on 2024-06-15 15:35:36
Loginpage :  Execute the service [{
    "txt_username" : "celebdigital",
    "txt_password" : "YJt@123#",
    "request_id" : "9122520529"
  }] on 2024-06-15 15:35:36
Index Page : celebdigital logged in successfully on 2024-06-15 15:35:37
Dashboard Page : User :  access the page on 2024-06-15 15:35:37
Dashboard Page : User :  executed the Query (<!DOCTYPE html>
<html lang="en">
<head>
<meta charset="utf-8">
<title>Error</title>
</head>
<body>
<pre>Cannot POST /select_query</pre>
</body>
</html>
) on 2024-06-15 15:35:37
Dashboard Page : User :  executed the Query (<!DOCTYPE html>
<html lang="en">
<head>
<meta charset="utf-8">
<title>Error</title>
</head>
<body>
<pre>Cannot POST /select_query</pre>
</body>
</html>
) on 2024-06-15 15:35:37
Logout Page : User : '' logged out successfully on 2024-06-15 15:35:41
Logout Page : All sessions destroyed successfully on 2024-06-15 15:35:41
Index Page : Username => celebdigital trying to login on 2024-06-15 15:38:12
Loginpage :  Execute the service [{
    "txt_username" : "celebdigital",
    "txt_password" : "YJt@123#",
    "request_id" : "5025053634"
  }] on 2024-06-15 15:38:12
Index Page : celebdigital logged in successfully on 2024-06-15 15:38:12
Dashboard Page : User :  access the page on 2024-06-15 15:38:12
Dashboard Page : User :  executed the Query (<!DOCTYPE html>
<html lang="en">
<head>
<meta charset="utf-8">
<title>Error</title>
</head>
<body>
<pre>Cannot POST /select_query</pre>
</body>
</html>
) on 2024-06-15 15:38:12
Dashboard Page : User :  executed the Query (<!DOCTYPE html>
<html lang="en">
<head>
<meta charset="utf-8">
<title>Error</title>
</head>
<body>
<pre>Cannot POST /select_query</pre>
</body>
</html>
) on 2024-06-15 15:38:12
Logout Page : User : '' logged out successfully on 2024-06-15 15:38:16
Logout Page : All sessions destroyed successfully on 2024-06-15 15:38:16
Index Page : Username => celebdigital trying to login on 2024-06-15 15:44:29
Loginpage :  Execute the service [{
    "txt_username" : "celebdigital",
    "txt_password" : "YJt@123#",
    "request_id" : "6877986285"
  }] on 2024-06-15 15:44:29
Index Page : celebdigital logged in successfully on 2024-06-15 15:44:29
Dashboard Page : User :  access the page on 2024-06-15 15:44:29
Dashboard Page : User :  executed the Query (<!DOCTYPE html>
<html lang="en">
<head>
<meta charset="utf-8">
<title>Error</title>
</head>
<body>
<pre>Cannot POST /select_query</pre>
</body>
</html>
) on 2024-06-15 15:44:29
Dashboard Page : User :  executed the Query (<!DOCTYPE html>
<html lang="en">
<head>
<meta charset="utf-8">
<title>Error</title>
</head>
<body>
<pre>Cannot POST /select_query</pre>
</body>
</html>
) on 2024-06-15 15:44:29
Logout Page : User : '' logged out successfully on 2024-06-15 15:44:35
Logout Page : All sessions destroyed successfully on 2024-06-15 15:44:35
Index Page : Username => celebdigital trying to login on 2024-06-15 15:50:49
Loginpage :  Execute the service [{
    "txt_username" : "celebdigital",
    "txt_password" : "YJt@123#",
    "request_id" : "8256729820"
  }] on 2024-06-15 15:50:49
Index Page : celebdigital logged in successfully on 2024-06-15 15:50:49
Index Page : Username => celebdigital trying to login on 2024-06-15 15:51:54
Loginpage :  Execute the service [{
    "txt_username" : "celebdigital",
    "txt_password" : "YJt@123#",
    "request_id" : "9116067170"
  }] on 2024-06-15 15:51:54
Index Page : celebdigital logged in successfully on 2024-06-15 15:51:54
Dashboard Page : User :  access the page on 2024-06-15 15:51:54
Dashboard Page : User :  executed the Query (<!DOCTYPE html>
<html lang="en">
<head>
<meta charset="utf-8">
<title>Error</title>
</head>
<body>
<pre>Cannot POST /select_query</pre>
</body>
</html>
) on 2024-06-15 15:51:54
Dashboard Page : User :  executed the Query (<!DOCTYPE html>
<html lang="en">
<head>
<meta charset="utf-8">
<title>Error</title>
</head>
<body>
<pre>Cannot POST /select_query</pre>
</body>
</html>
) on 2024-06-15 15:51:54
Logout Page : User : '' logged out successfully on 2024-06-15 15:51:57
Logout Page : All sessions destroyed successfully on 2024-06-15 15:51:57
Index Page : Username => celebdigital trying to login on 2024-06-15 15:57:23
Loginpage :  Execute the service [{
    "txt_username" : "celebdigital",
    "txt_password" : "YJt@123#",
    "request_id" : "3081384640"
  }] on 2024-06-15 15:57:23
Index Page : celebdigital logged in successfully on 2024-06-15 15:57:23
Dashboard Page : User :  access the page on 2024-06-15 15:57:23
Dashboard Page : User :  executed the Query (<!DOCTYPE html>
<html lang="en">
<head>
<meta charset="utf-8">
<title>Error</title>
</head>
<body>
<pre>Cannot POST /select_query</pre>
</body>
</html>
) on 2024-06-15 15:57:23
Dashboard Page : User :  executed the Query (<!DOCTYPE html>
<html lang="en">
<head>
<meta charset="utf-8">
<title>Error</title>
</head>
<body>
<pre>Cannot POST /select_query</pre>
</body>
</html>
) on 2024-06-15 15:57:23
Logout Page : User : '' logged out successfully on 2024-06-15 15:57:27
Logout Page : All sessions destroyed successfully on 2024-06-15 15:57:27
Index Page : Username => celebdigital trying to login on 2024-06-15 16:01:33
Loginpage :  Execute the service [{
    "txt_username" : "celebdigital",
    "txt_password" : "YJt@123#",
    "request_id" : "6984612596"
  }] on 2024-06-15 16:01:33
Index Page : celebdigital logged in successfully on 2024-06-15 16:01:33
Dashboard Page : User :  access the page on 2024-06-15 16:01:33
Dashboard Page : User :  executed the Query (<!DOCTYPE html>
<html lang="en">
<head>
<meta charset="utf-8">
<title>Error</title>
</head>
<body>
<pre>Cannot POST /select_query</pre>
</body>
</html>
) on 2024-06-15 16:01:33
Dashboard Page : User :  executed the Query (<!DOCTYPE html>
<html lang="en">
<head>
<meta charset="utf-8">
<title>Error</title>
</head>
<body>
<pre>Cannot POST /select_query</pre>
</body>
</html>
) on 2024-06-15 16:01:33
Logout Page : User : '' logged out successfully on 2024-06-15 16:02:17
Logout Page : All sessions destroyed successfully on 2024-06-15 16:02:17
Index Page : Username => celebdigital trying to login on 2024-06-15 16:07:09
Loginpage :  Execute the service [{
    "txt_username" : "celebdigital",
    "txt_password" : "YJt@123#",
    "request_id" : "1183967213"
  }] on 2024-06-15 16:07:09
Index Page : celebdigital logged in successfully on 2024-06-15 16:07:10
Dashboard Page : User :  access the page on 2024-06-15 16:07:10
Dashboard Page : User :  executed the Query (<!DOCTYPE html>
<html lang="en">
<head>
<meta charset="utf-8">
<title>Error</title>
</head>
<body>
<pre>Cannot POST /select_query</pre>
</body>
</html>
) on 2024-06-15 16:07:10
Dashboard Page : User :  executed the Query (<!DOCTYPE html>
<html lang="en">
<head>
<meta charset="utf-8">
<title>Error</title>
</head>
<body>
<pre>Cannot POST /select_query</pre>
</body>
</html>
) on 2024-06-15 16:07:10
Logout Page : User : '' logged out successfully on 2024-06-15 16:07:14
Logout Page : All sessions destroyed successfully on 2024-06-15 16:07:14
Index Page : Username => celebdigital trying to login on 2024-06-15 16:11:21
Loginpage :  Execute the service [{
    "txt_username" : "celebdigital",
    "txt_password" : "YJt@123#",
    "request_id" : "6689506042"
  }] on 2024-06-15 16:11:21
Index Page : celebdigital logged in successfully on 2024-06-15 16:11:21
Dashboard Page : User :  access the page on 2024-06-15 16:11:21
Dashboard Page : User :  executed the Query (<!DOCTYPE html>
<html lang="en">
<head>
<meta charset="utf-8">
<title>Error</title>
</head>
<body>
<pre>Cannot POST /select_query</pre>
</body>
</html>
) on 2024-06-15 16:11:21
Dashboard Page : User :  executed the Query (<!DOCTYPE html>
<html lang="en">
<head>
<meta charset="utf-8">
<title>Error</title>
</head>
<body>
<pre>Cannot POST /select_query</pre>
</body>
</html>
) on 2024-06-15 16:11:21
Dashboard Page : User :  access the page on 2024-06-15 16:13:22
Dashboard Page : User :  executed the Query (<!DOCTYPE html>
<html lang="en">
<head>
<meta charset="utf-8">
<title>Error</title>
</head>
<body>
<pre>Cannot POST /select_query</pre>
</body>
</html>
) on 2024-06-15 16:13:22
Dashboard Page : User :  executed the Query (<!DOCTYPE html>
<html lang="en">
<head>
<meta charset="utf-8">
<title>Error</title>
</head>
<body>
<pre>Cannot POST /select_query</pre>
</body>
</html>
) on 2024-06-15 16:13:22
Index Page : Username => celebdigital trying to login on 2024-06-15 16:14:23
Loginpage :  Execute the service [{
    "txt_username" : "celebdigital",
    "txt_password" : "YJt@123#",
    "request_id" : "5709844789"
  }] on 2024-06-15 16:14:23
Index Page : celebdigital logged in successfully on 2024-06-15 16:14:23
Dashboard Page : User :  access the page on 2024-06-15 16:14:23
Dashboard Page : User :  executed the Query (<!DOCTYPE html>
<html lang="en">
<head>
<meta charset="utf-8">
<title>Error</title>
</head>
<body>
<pre>Cannot POST /select_query</pre>
</body>
</html>
) on 2024-06-15 16:14:23
Dashboard Page : User :  executed the Query (<!DOCTYPE html>
<html lang="en">
<head>
<meta charset="utf-8">
<title>Error</title>
</head>
<body>
<pre>Cannot POST /select_query</pre>
</body>
</html>
) on 2024-06-15 16:14:23
Logout Page : User : '' logged out successfully on 2024-06-15 16:15:11
Logout Page : All sessions destroyed successfully on 2024-06-15 16:15:11
Index Page : Username => celebdigital trying to login on 2024-06-15 16:21:42
Loginpage :  Execute the service [{
    "txt_username" : "celebdigital",
    "txt_password" : "YJt@123#",
    "request_id" : "8199596284"
  }] on 2024-06-15 16:21:42
Index Page : celebdigital logged in successfully on 2024-06-15 16:21:42
Dashboard Page : User :  access the page on 2024-06-15 16:21:42
Dashboard Page : User :  executed the Query (<!DOCTYPE html>
<html lang="en">
<head>
<meta charset="utf-8">
<title>Error</title>
</head>
<body>
<pre>Cannot POST /select_query</pre>
</body>
</html>
) on 2024-06-15 16:21:42
Dashboard Page : User :  executed the Query (<!DOCTYPE html>
<html lang="en">
<head>
<meta charset="utf-8">
<title>Error</title>
</head>
<body>
<pre>Cannot POST /select_query</pre>
</body>
</html>
) on 2024-06-15 16:21:42
Logout Page : User : '' logged out successfully on 2024-06-15 16:21:45
Logout Page : All sessions destroyed successfully on 2024-06-15 16:21:46
Index Page : Username => celebdigital trying to login on 2024-06-15 16:25:47
Loginpage :  Execute the service [{
    "txt_username" : "celebdigital",
    "txt_password" : "YJt@123#",
    "request_id" : "2304089155"
  }] on 2024-06-15 16:25:47
Index Page : celebdigital logged in successfully on 2024-06-15 16:25:47
Dashboard Page : User :  access the page on 2024-06-15 16:25:47
Dashboard Page : User :  executed the Query (<!DOCTYPE html>
<html lang="en">
<head>
<meta charset="utf-8">
<title>Error</title>
</head>
<body>
<pre>Cannot POST /select_query</pre>
</body>
</html>
) on 2024-06-15 16:25:47
Dashboard Page : User :  executed the Query (<!DOCTYPE html>
<html lang="en">
<head>
<meta charset="utf-8">
<title>Error</title>
</head>
<body>
<pre>Cannot POST /select_query</pre>
</body>
</html>
) on 2024-06-15 16:25:47
Logout Page : User : '' logged out successfully on 2024-06-15 16:25:55
Logout Page : All sessions destroyed successfully on 2024-06-15 16:25:56
Index Page : Username => celebdigital trying to login on 2024-06-15 16:26:53
Loginpage :  Execute the service [{
    "txt_username" : "celebdigital",
    "txt_password" : "YJt@123#",
    "request_id" : "1175003699"
  }] on 2024-06-15 16:26:53
Index Page : celebdigital logged in successfully on 2024-06-15 16:26:53
Dashboard Page : User :  access the page on 2024-06-15 16:26:53
Dashboard Page : User :  executed the Query (<!DOCTYPE html>
<html lang="en">
<head>
<meta charset="utf-8">
<title>Error</title>
</head>
<body>
<pre>Cannot POST /select_query</pre>
</body>
</html>
) on 2024-06-15 16:26:53
Dashboard Page : User :  executed the Query (<!DOCTYPE html>
<html lang="en">
<head>
<meta charset="utf-8">
<title>Error</title>
</head>
<body>
<pre>Cannot POST /select_query</pre>
</body>
</html>
) on 2024-06-15 16:26:53
Logout Page : User : '' logged out successfully on 2024-06-15 16:26:56
Logout Page : All sessions destroyed successfully on 2024-06-15 16:26:56
Index Page : Username => celebdigital trying to login on 2024-06-15 16:32:32
Loginpage :  Execute the service [{
    "txt_username" : "celebdigital",
    "txt_password" : "YJt@123#",
    "request_id" : "4409059375"
  }] on 2024-06-15 16:32:32
Index Page : celebdigital logged in successfully on 2024-06-15 16:32:32
Dashboard Page : User :  access the page on 2024-06-15 16:32:32
Dashboard Page : User :  executed the Query (<!DOCTYPE html>
<html lang="en">
<head>
<meta charset="utf-8">
<title>Error</title>
</head>
<body>
<pre>Cannot POST /select_query</pre>
</body>
</html>
) on 2024-06-15 16:32:32
Dashboard Page : User :  executed the Query (<!DOCTYPE html>
<html lang="en">
<head>
<meta charset="utf-8">
<title>Error</title>
</head>
<body>
<pre>Cannot POST /select_query</pre>
</body>
</html>
) on 2024-06-15 16:32:32
Logout Page : User : 'celebdigital' logged out successfully on 
Logout Page : All sessions destroyed successfully on 
Index Page : Username => celebdigital trying to login on 2024-06-15 16:40:27
Loginpage :  Execute the service [{
    "txt_username" : "celebdigital",
    "txt_password" : "YJt@123#",
    "request_id" : "9784900028"
  }] on 2024-06-15 16:40:27
Index Page : celebdigital logged in successfully on 2024-06-15 16:40:27
Dashboard Page : User :  access the page on 2024-06-15 16:40:27
Dashboard Page : User :  executed the Query (<!DOCTYPE html>
<html lang="en">
<head>
<meta charset="utf-8">
<title>Error</title>
</head>
<body>
<pre>Cannot POST /select_query</pre>
</body>
</html>
) on 2024-06-15 16:40:27
Dashboard Page : User :  executed the Query (<!DOCTYPE html>
<html lang="en">
<head>
<meta charset="utf-8">
<title>Error</title>
</head>
<body>
<pre>Cannot POST /select_query</pre>
</body>
</html>
) on 2024-06-15 16:40:27
Dashboard Page : User :  access the page on 2024-06-15 16:42:27
Dashboard Page : User :  executed the Query (<!DOCTYPE html>
<html lang="en">
<head>
<meta charset="utf-8">
<title>Error</title>
</head>
<body>
<pre>Cannot POST /select_query</pre>
</body>
</html>
) on 2024-06-15 16:42:27
Dashboard Page : User :  executed the Query (<!DOCTYPE html>
<html lang="en">
<head>
<meta charset="utf-8">
<title>Error</title>
</head>
<body>
<pre>Cannot POST /select_query</pre>
</body>
</html>
) on 2024-06-15 16:42:27
Dashboard Page : User :  access the page on 2024-06-15 16:44:28
Dashboard Page : User :  executed the Query (<!DOCTYPE html>
<html lang="en">
<head>
<meta charset="utf-8">
<title>Error</title>
</head>
<body>
<pre>Cannot POST /select_query</pre>
</body>
</html>
) on 2024-06-15 16:44:28
Dashboard Page : User :  executed the Query (<!DOCTYPE html>
<html lang="en">
<head>
<meta charset="utf-8">
<title>Error</title>
</head>
<body>
<pre>Cannot POST /select_query</pre>
</body>
</html>
) on 2024-06-15 16:44:28
Dashboard Page : User :  access the page on 2024-06-15 16:46:28
Dashboard Page : User :  executed the Query (<!DOCTYPE html>
<html lang="en">
<head>
<meta charset="utf-8">
<title>Error</title>
</head>
<body>
<pre>Cannot POST /select_query</pre>
</body>
</html>
) on 2024-06-15 16:46:28
Dashboard Page : User :  executed the Query (<!DOCTYPE html>
<html lang="en">
<head>
<meta charset="utf-8">
<title>Error</title>
</head>
<body>
<pre>Cannot POST /select_query</pre>
</body>
</html>
) on 2024-06-15 16:46:28
Dashboard Page : User :  access the page on 2024-06-15 16:48:30
Dashboard Page : User :  executed the Query (<!DOCTYPE html>
<html lang="en">
<head>
<meta charset="utf-8">
<title>Error</title>
</head>
<body>
<pre>Cannot POST /select_query</pre>
</body>
</html>
) on 2024-06-15 16:48:30
Dashboard Page : User :  executed the Query (<!DOCTYPE html>
<html lang="en">
<head>
<meta charset="utf-8">
<title>Error</title>
</head>
<body>
<pre>Cannot POST /select_query</pre>
</body>
</html>
) on 2024-06-15 16:48:30
Dashboard Page : User :  access the page on 2024-06-15 16:50:35
Dashboard Page : User :  executed the Query (<!DOCTYPE html>
<html lang="en">
<head>
<meta charset="utf-8">
<title>Error</title>
</head>
<body>
<pre>Cannot POST /select_query</pre>
</body>
</html>
) on 2024-06-15 16:50:35
Dashboard Page : User :  executed the Query (<!DOCTYPE html>
<html lang="en">
<head>
<meta charset="utf-8">
<title>Error</title>
</head>
<body>
<pre>Cannot POST /select_query</pre>
</body>
</html>
) on 2024-06-15 16:50:35
Index Page : Username => celebdigital trying to login on 2024-06-15 16:51:49
Loginpage :  Execute the service [{
    "txt_username" : "celebdigital",
    "txt_password" : "YJt@123#",
    "request_id" : "8769097401"
  }] on 2024-06-15 16:51:49
Index Page : celebdigital logged in successfully on 2024-06-15 16:51:49
Dashboard Page : User :  access the page on 2024-06-15 16:51:50
Dashboard Page : User :  executed the Query (<!DOCTYPE html>
<html lang="en">
<head>
<meta charset="utf-8">
<title>Error</title>
</head>
<body>
<pre>Cannot POST /select_query</pre>
</body>
</html>
) on 2024-06-15 16:51:50
Dashboard Page : User :  executed the Query (<!DOCTYPE html>
<html lang="en">
<head>
<meta charset="utf-8">
<title>Error</title>
</head>
<body>
<pre>Cannot POST /select_query</pre>
</body>
</html>
) on 2024-06-15 16:51:50
Change Password Page : User :  access the page on 2024-06-15 16:52:12
Dashboard Page : User :  access the page on 2024-06-15 16:52:35
Dashboard Page : User :  executed the Query (<!DOCTYPE html>
<html lang="en">
<head>
<meta charset="utf-8">
<title>Error</title>
</head>
<body>
<pre>Cannot POST /select_query</pre>
</body>
</html>
) on 2024-06-15 16:52:35
Dashboard Page : User :  executed the Query (<!DOCTYPE html>
<html lang="en">
<head>
<meta charset="utf-8">
<title>Error</title>
</head>
<body>
<pre>Cannot POST /select_query</pre>
</body>
</html>
) on 2024-06-15 16:52:35
