18-06-2024 16:33:06 info: App started listening at http://localhost:10017
18-06-2024 16:33:34 info: [API REQUEST] /user/change_password - {"request_id":"jdhbcjhdl","ex_password":"Yjt123$$","new_password":"Yjt@123#"} - {"content-type":"application/json","authorization":"Bearer eyJhbGciOiJIUzI1NiIsInR5cCI6IkpXVCJ9.eyJ1c2VybmFtZSI6ImNlbGViZGlnaXRhbCIsInVzZXJfcGFzc3dvcmQiOiJZanRAMTIzIyIsImlhdCI6MTcxODM3MDQ3MywiZXhwIjoxNzE4OTc1MjczfQ.Pi9ZiAhOpKoIrgAoPzDSNyFIKUonG68GXBMoyYt92ZY","user-agent":"PostmanRuntime/7.39.0","accept":"*/*","cache-control":"no-cache","postman-token":"9a80df96-5abb-4afe-a966-7a3b534e56b2","host":"localhost:10017","accept-encoding":"gzip, deflate, br","connection":"keep-alive","content-length":"97"} - undefined
18-06-2024 16:33:34 info: [Select query request] : CALL api_log('/user/change_password','undefined','jdhbcjhdl' ,'Bearer eyJhbGciOiJIUzI1NiIsInR5cCI6IkpXVCJ9.eyJ1c2VybmFtZSI6ImNlbGViZGlnaXRhbCIsInVzZXJfcGFzc3dvcmQiOiJZanRAMTIzIyIsImlhdCI6MTcxODM3MDQ3MywiZXhwIjoxNzE4OTc1MjczfQ.Pi9ZiAhOpKoIrgAoPzDSNyFIKUonG68GXBMoyYt92ZY',null)
18-06-2024 16:33:34 info: [select query response ] : [[{"response_msg":"Invalid token","Failed":"Failed"}],{"fieldCount":0,"affectedRows":4,"insertId":0,"info":"","serverStatus":34,"warningStatus":0,"changedRows":0}]
18-06-2024 16:33:34 info: [API RESPONSE] {"request_id":"jdhbcjhdl","response_code":0,"response_status":403,"response_msg":"Invalid token"}
18-06-2024 16:34:07 info: [API REQUEST] /user/change_password - {"request_id":"jdhbcjhdl","ex_password":"Yjt123$$","new_password":"Yjt@123#"} - {"content-type":"application/json","authorization":"Bearer  eyJhbGciOiJIUzI1NiIsInR5cCI6IkpXVCJ9.eyJ1c2VybmFtZSI6ImNlbGViZGlnaXRhbCIsInVzZXJfcGFzc3dvcmQiOiJZanRAMTIzIyIsImlhdCI6MTcxODQzMzAzNCwiZXhwIjoxNzE5MDM3ODM0fQ.pae0UXRBcKEyV5ueOac3nOw1MU8seHiS8Uom7yPu108","user-agent":"PostmanRuntime/7.39.0","accept":"*/*","cache-control":"no-cache","postman-token":"f30cc646-cbc4-442a-b2c1-15a25ea186a7","host":"localhost:10017","accept-encoding":"gzip, deflate, br","connection":"keep-alive","content-length":"97"} - undefined
18-06-2024 16:34:07 info: [Select query request] : CALL api_log('/user/change_password','undefined','jdhbcjhdl' ,'Bearer  eyJhbGciOiJIUzI1NiIsInR5cCI6IkpXVCJ9.eyJ1c2VybmFtZSI6ImNlbGViZGlnaXRhbCIsInVzZXJfcGFzc3dvcmQiOiJZanRAMTIzIyIsImlhdCI6MTcxODQzMzAzNCwiZXhwIjoxNzE5MDM3ODM0fQ.pae0UXRBcKEyV5ueOac3nOw1MU8seHiS8Uom7yPu108',null)
18-06-2024 16:34:07 info: [select query response ] : [[{"response_msg":"Request already processed","Status":"Status"}],[{"response_msg":"Invalid token","Failed":"Failed"}],{"fieldCount":0,"affectedRows":3,"insertId":0,"info":"","serverStatus":34,"warningStatus":0,"changedRows":0}]
18-06-2024 16:34:07 info: [API RESPONSE] {"request_id":"jdhbcjhdl","response_code":0,"response_status":201,"response_msg":"Request already processed"}
18-06-2024 16:34:14 info: [API REQUEST] /user/change_password - {"request_id":"lrjevblf","ex_password":"Yjt123$$","new_password":"Yjt@123#"} - {"content-type":"application/json","authorization":"Bearer  eyJhbGciOiJIUzI1NiIsInR5cCI6IkpXVCJ9.eyJ1c2VybmFtZSI6ImNlbGViZGlnaXRhbCIsInVzZXJfcGFzc3dvcmQiOiJZanRAMTIzIyIsImlhdCI6MTcxODQzMzAzNCwiZXhwIjoxNzE5MDM3ODM0fQ.pae0UXRBcKEyV5ueOac3nOw1MU8seHiS8Uom7yPu108","user-agent":"PostmanRuntime/7.39.0","accept":"*/*","cache-control":"no-cache","postman-token":"ac10c873-a159-48f8-8963-6ac655fde20e","host":"localhost:10017","accept-encoding":"gzip, deflate, br","connection":"keep-alive","content-length":"96"} - undefined
18-06-2024 16:34:14 info: [Select query request] : CALL api_log('/user/change_password','undefined','lrjevblf' ,'Bearer  eyJhbGciOiJIUzI1NiIsInR5cCI6IkpXVCJ9.eyJ1c2VybmFtZSI6ImNlbGViZGlnaXRhbCIsInVzZXJfcGFzc3dvcmQiOiJZanRAMTIzIyIsImlhdCI6MTcxODQzMzAzNCwiZXhwIjoxNzE5MDM3ODM0fQ.pae0UXRBcKEyV5ueOac3nOw1MU8seHiS8Uom7yPu108',null)
18-06-2024 16:34:14 info: [select query response ] : [[{"response_msg":"Invalid token","Failed":"Failed"}],{"fieldCount":0,"affectedRows":3,"insertId":0,"info":"","serverStatus":34,"warningStatus":0,"changedRows":0}]
18-06-2024 16:34:14 info: [API RESPONSE] {"request_id":"lrjevblf","response_code":0,"response_status":403,"response_msg":"Invalid token"}
18-06-2024 16:34:24 info: [API REQUEST] /user/change_password - {"request_id":"dcjkfd;v","ex_password":"Yjt123$$","new_password":"Yjt@123#"} - {"content-type":"application/json","authorization":"Bearer eyJhbGciOiJIUzI1NiIsInR5cCI6IkpXVCJ9.eyJ1c2VybmFtZSI6ImNlbGViZGlnaXRhbCIsInVzZXJfcGFzc3dvcmQiOiJZanRAMTIzIyIsImlhdCI6MTcxODQzMzAzNCwiZXhwIjoxNzE5MDM3ODM0fQ.pae0UXRBcKEyV5ueOac3nOw1MU8seHiS8Uom7yPu108","user-agent":"PostmanRuntime/7.39.0","accept":"*/*","cache-control":"no-cache","postman-token":"1c1980b8-b555-4e93-9d4b-6d13237959ce","host":"localhost:10017","accept-encoding":"gzip, deflate, br","connection":"keep-alive","content-length":"96"} - undefined
18-06-2024 16:34:24 info: [Select query request] : CALL api_log('/user/change_password','undefined','dcjkfd;v' ,'Bearer eyJhbGciOiJIUzI1NiIsInR5cCI6IkpXVCJ9.eyJ1c2VybmFtZSI6ImNlbGViZGlnaXRhbCIsInVzZXJfcGFzc3dvcmQiOiJZanRAMTIzIyIsImlhdCI6MTcxODQzMzAzNCwiZXhwIjoxNzE5MDM3ODM0fQ.pae0UXRBcKEyV5ueOac3nOw1MU8seHiS8Uom7yPu108',null)
18-06-2024 16:34:24 info: [select query response ] : [[{"response_user_id":1,"Success":"success"}],{"fieldCount":0,"affectedRows":4,"insertId":0,"info":"","serverStatus":34,"warningStatus":0,"changedRows":0}]
18-06-2024 16:34:24 info: [select query response ] : [[{"response_user_id":1,"Success":"success"}],{"fieldCount":0,"affectedRows":4,"insertId":0,"info":"","serverStatus":34,"warningStatus":0,"changedRows":0}]
18-06-2024 16:34:24 info: [select query response ] :1
18-06-2024 16:34:24 info: [update query request] : SELECT user_master_id from user_management WHERE user_id = '1'
18-06-2024 16:34:24 info: [update query Response] : [{"user_master_id":1}]
18-06-2024 16:34:40 info: [API REQUEST] /user/change_password - {"request_id":"dcjkfd;v","ex_password":"Yjt@123#","new_password":"Yjt123$$"} - {"content-type":"application/json","authorization":"Bearer eyJhbGciOiJIUzI1NiIsInR5cCI6IkpXVCJ9.eyJ1c2VybmFtZSI6ImNlbGViZGlnaXRhbCIsInVzZXJfcGFzc3dvcmQiOiJZanRAMTIzIyIsImlhdCI6MTcxODQzMzAzNCwiZXhwIjoxNzE5MDM3ODM0fQ.pae0UXRBcKEyV5ueOac3nOw1MU8seHiS8Uom7yPu108","user-agent":"PostmanRuntime/7.39.0","accept":"*/*","cache-control":"no-cache","postman-token":"1c3176b6-5ca5-4c8d-9fab-145b2b15d504","host":"localhost:10017","accept-encoding":"gzip, deflate, br","connection":"keep-alive","content-length":"96"} - undefined
18-06-2024 16:34:40 info: [Select query request] : CALL api_log('/user/change_password','undefined','dcjkfd;v' ,'Bearer eyJhbGciOiJIUzI1NiIsInR5cCI6IkpXVCJ9.eyJ1c2VybmFtZSI6ImNlbGViZGlnaXRhbCIsInVzZXJfcGFzc3dvcmQiOiJZanRAMTIzIyIsImlhdCI6MTcxODQzMzAzNCwiZXhwIjoxNzE5MDM3ODM0fQ.pae0UXRBcKEyV5ueOac3nOw1MU8seHiS8Uom7yPu108',null)
18-06-2024 16:34:40 info: [select query response ] : [[{"response_user_id":1,"Success":"success"}],{"fieldCount":0,"affectedRows":5,"insertId":0,"info":"","serverStatus":34,"warningStatus":0,"changedRows":0}]
18-06-2024 16:34:40 info: [select query response ] : [[{"response_user_id":1,"Success":"success"}],{"fieldCount":0,"affectedRows":5,"insertId":0,"info":"","serverStatus":34,"warningStatus":0,"changedRows":0}]
18-06-2024 16:34:40 info: [select query response ] :1
18-06-2024 16:34:40 info: [update query request] : SELECT user_master_id from user_management WHERE user_id = '1'
18-06-2024 16:34:40 info: [update query Response] : [{"user_master_id":1}]
18-06-2024 16:35:02 info: [insert query request] : INSERT INTO api_log VALUES(NULL,1,'/login','undefined','2024169163502_8182','N','-','0000-00-00 00:00:00','Y',CURRENT_TIMESTAMP)
18-06-2024 16:35:02 info: [insert query response] : {"fieldCount":0,"affectedRows":1,"insertId":168,"info":"","serverStatus":2,"warningStatus":0,"changedRows":0}
18-06-2024 16:35:02 info: [select query request] : SELECT * FROM api_log WHERE request_id = '2024169163502_8182' AND response_status != 'N' AND api_log_status='Y'
18-06-2024 16:35:02 info: [select query response] : []
18-06-2024 16:35:02 info: [API REQUEST] /login - {"request_id":"2024169163502_8182","txt_username":"celebdigital","txt_password":"Yjt123$$"} - {"host":"localhost:10017","accept":"*/*","accept-encoding":"deflate, gzip","content-type":"application/json","content-length":"102"} - undefined
18-06-2024 16:35:02 info: [select query request] : SELECT * FROM user_management where login_id = 'celebdigital' and usr_mgt_status in ('N', 'Y', 'R') ORDER BY user_id ASC
18-06-2024 16:35:02 info: [select query request] : SELECT * FROM user_management where login_id = 'celebdigital' and login_password = '6a7aeb15b637d682e624561e1c9bbc45' and usr_mgt_status in ('N', 'Y', 'R') ORDER BY user_id ASC
18-06-2024 16:35:02 info: [Update query request] : UPDATE user_management  SET user_bearer_token = 'Bearer eyJhbGciOiJIUzI1NiIsInR5cCI6IkpXVCJ9.eyJ1c2VybmFtZSI6ImNlbGViZGlnaXRhbCIsInVzZXJfcGFzc3dvcmQiOiJZanQxMjMkJCIsImlhdCI6MTcxODcwODcwMiwiZXhwIjoxNzE5MzEzNTAyfQ.wqDKfiLDO_BkFyP0fmC4MUDhe0yxkYZh_iiv1wZzeI4' WHERE user_id = '1'
18-06-2024 16:35:02 info: [Update query Response] : {"fieldCount":0,"affectedRows":1,"insertId":0,"info":"Rows matched: 1  Changed: 1  Warnings: 0","serverStatus":2,"warningStatus":0,"changedRows":1}
18-06-2024 16:35:02 info: [select query request] : SELECT user_id,user_log_status,login_date FROM user_log where user_id ='1' and user_log_status = 'I' and date(login_date) ='2024-6-18'
18-06-2024 16:35:02 info: [insert query request] : INSERT INTO user_log VALUES(NULL, '1', 'undefined', '2024-6-18 16:35:2', '2024-6-18 16:35:2', NULL, 'I', '2024-6-18 16:35:2')
18-06-2024 16:35:02 info: : [call_index_signin] Success 
18-06-2024 16:35:09 info: [insert query request] : INSERT INTO api_log VALUES(NULL,1,'/login','undefined','2024169163509_9075','N','-','0000-00-00 00:00:00','Y',CURRENT_TIMESTAMP)
18-06-2024 16:35:09 info: [insert query response] : {"fieldCount":0,"affectedRows":1,"insertId":169,"info":"","serverStatus":2,"warningStatus":0,"changedRows":0}
18-06-2024 16:35:09 info: [select query request] : SELECT * FROM api_log WHERE request_id = '2024169163509_9075' AND response_status != 'N' AND api_log_status='Y'
18-06-2024 16:35:09 info: [select query response] : []
18-06-2024 16:35:09 info: [API REQUEST] /login - {"request_id":"2024169163509_9075","txt_username":"celebdigital","txt_password":"Yjt123$$"} - {"host":"localhost:10017","accept":"*/*","accept-encoding":"deflate, gzip","content-type":"application/json","content-length":"102"} - undefined
18-06-2024 16:35:09 info: [select query request] : SELECT * FROM user_management where login_id = 'celebdigital' and usr_mgt_status in ('N', 'Y', 'R') ORDER BY user_id ASC
18-06-2024 16:35:09 info: [select query request] : SELECT * FROM user_management where login_id = 'celebdigital' and login_password = '6a7aeb15b637d682e624561e1c9bbc45' and usr_mgt_status in ('N', 'Y', 'R') ORDER BY user_id ASC
18-06-2024 16:35:09 info: [Update query request] : UPDATE user_management  SET user_bearer_token = 'Bearer eyJhbGciOiJIUzI1NiIsInR5cCI6IkpXVCJ9.eyJ1c2VybmFtZSI6ImNlbGViZGlnaXRhbCIsInVzZXJfcGFzc3dvcmQiOiJZanQxMjMkJCIsImlhdCI6MTcxODcwODcwOSwiZXhwIjoxNzE5MzEzNTA5fQ.gnpwJSoM0E_iCe4bqPyYP7cn7p6T-ARiRgADuv7rGe8' WHERE user_id = '1'
18-06-2024 16:35:09 info: [Update query Response] : {"fieldCount":0,"affectedRows":1,"insertId":0,"info":"Rows matched: 1  Changed: 1  Warnings: 0","serverStatus":2,"warningStatus":0,"changedRows":1}
18-06-2024 16:35:09 info: [select query request] : SELECT user_id,user_log_status,login_date FROM user_log where user_id ='1' and user_log_status = 'I' and date(login_date) ='2024-6-18'
18-06-2024 16:35:09 info: [update query request] : UPDATE user_log SET user_log_status = 'O',logout_time = '2024-6-18 16:35:9' WHERE user_id = '1' AND user_log_status = 'I' AND login_date = '2024-6-18'
18-06-2024 16:35:09 info: [insert query request] : INSERT INTO user_log VALUES(NULL, '1', 'undefined', '2024-6-18 16:35:9', '2024-6-18 16:35:9', NULL, 'I', '2024-6-18 16:35:9')
18-06-2024 16:35:09 info: : [call_index_signin] Success 
18-06-2024 16:35:19 info: [insert query request] : INSERT INTO api_log VALUES(NULL,1,'/login','undefined','2024169163519_6825','N','-','0000-00-00 00:00:00','Y',CURRENT_TIMESTAMP)
18-06-2024 16:35:19 info: [insert query response] : {"fieldCount":0,"affectedRows":1,"insertId":170,"info":"","serverStatus":2,"warningStatus":0,"changedRows":0}
18-06-2024 16:35:19 info: [select query request] : SELECT * FROM api_log WHERE request_id = '2024169163519_6825' AND response_status != 'N' AND api_log_status='Y'
18-06-2024 16:35:19 info: [select query response] : []
18-06-2024 16:35:19 info: [API REQUEST] /login - {"request_id":"2024169163519_6825","txt_username":"celebdigital","txt_password":"Yjt@123#"} - {"host":"localhost:10017","accept":"*/*","accept-encoding":"deflate, gzip","content-type":"application/json","content-length":"102"} - undefined
18-06-2024 16:35:19 info: [select query request] : SELECT * FROM user_management where login_id = 'celebdigital' and usr_mgt_status in ('N', 'Y', 'R') ORDER BY user_id ASC
18-06-2024 16:35:19 info: [select query request] : SELECT * FROM user_management where login_id = 'celebdigital' and login_password = '59d5d533b458f7a31266d2062a35b98a' and usr_mgt_status in ('N', 'Y', 'R') ORDER BY user_id ASC
18-06-2024 16:35:19 info: : [call_index_signin] Failed  - Invalid Password. Kindly try again with the valid details!
18-06-2024 16:35:27 info: [insert query request] : INSERT INTO api_log VALUES(NULL,1,'/login','undefined','2024169163527_1326','N','-','0000-00-00 00:00:00','Y',CURRENT_TIMESTAMP)
18-06-2024 16:35:27 info: [insert query response] : {"fieldCount":0,"affectedRows":1,"insertId":171,"info":"","serverStatus":2,"warningStatus":0,"changedRows":0}
18-06-2024 16:35:27 info: [select query request] : SELECT * FROM api_log WHERE request_id = '2024169163527_1326' AND response_status != 'N' AND api_log_status='Y'
18-06-2024 16:35:27 info: [select query response] : []
18-06-2024 16:35:27 info: [API REQUEST] /login - {"request_id":"2024169163527_1326","txt_username":"celebdigital","txt_password":"Yjt123$$"} - {"host":"localhost:10017","accept":"*/*","accept-encoding":"deflate, gzip","content-type":"application/json","content-length":"102"} - undefined
18-06-2024 16:35:27 info: [select query request] : SELECT * FROM user_management where login_id = 'celebdigital' and usr_mgt_status in ('N', 'Y', 'R') ORDER BY user_id ASC
18-06-2024 16:35:27 info: [select query request] : SELECT * FROM user_management where login_id = 'celebdigital' and login_password = '6a7aeb15b637d682e624561e1c9bbc45' and usr_mgt_status in ('N', 'Y', 'R') ORDER BY user_id ASC
18-06-2024 16:35:27 info: [Update query request] : UPDATE user_management  SET user_bearer_token = 'Bearer eyJhbGciOiJIUzI1NiIsInR5cCI6IkpXVCJ9.eyJ1c2VybmFtZSI6ImNlbGViZGlnaXRhbCIsInVzZXJfcGFzc3dvcmQiOiJZanQxMjMkJCIsImlhdCI6MTcxODcwODcyNywiZXhwIjoxNzE5MzEzNTI3fQ.ZKpVZIr6hH2NlXIJQYTaQKmvkI3X6hlM3WwSEGVclP0' WHERE user_id = '1'
18-06-2024 16:35:27 info: [Update query Response] : {"fieldCount":0,"affectedRows":1,"insertId":0,"info":"Rows matched: 1  Changed: 1  Warnings: 0","serverStatus":2,"warningStatus":0,"changedRows":1}
18-06-2024 16:35:27 info: [select query request] : SELECT user_id,user_log_status,login_date FROM user_log where user_id ='1' and user_log_status = 'I' and date(login_date) ='2024-6-18'
18-06-2024 16:35:27 info: [update query request] : UPDATE user_log SET user_log_status = 'O',logout_time = '2024-6-18 16:35:27' WHERE user_id = '1' AND user_log_status = 'I' AND login_date = '2024-6-18'
18-06-2024 16:35:27 info: [insert query request] : INSERT INTO user_log VALUES(NULL, '1', 'undefined', '2024-6-18 16:35:27', '2024-6-18 16:35:27', NULL, 'I', '2024-6-18 16:35:27')
18-06-2024 16:35:27 info: : [call_index_signin] Success 
18-06-2024 16:47:22 info: [API REQUEST] /user/dashbord_change - {} - {"authorization":"Bearer eyJhbGciOiJIUzI1NiIsInR5cCI6IkpXVCJ9.eyJ1c2VybmFtZSI6ImNlbGViZGlnaXRhbCIsInVzZXJfcGFzc3dvcmQiOiJZanRAMTIzIyIsImlhdCI6MTcxODQzMzAzNCwiZXhwIjoxNzE5MDM3ODM0fQ.pae0UXRBcKEyV5ueOac3nOw1MU8seHiS8Uom7yPu108","user-agent":"PostmanRuntime/7.39.0","accept":"*/*","cache-control":"no-cache","postman-token":"ba967d71-19b3-4800-9ca0-a6cccda65952","host":"localhost:10017","accept-encoding":"gzip, deflate, br","connection":"keep-alive","content-length":"0"} - undefined
18-06-2024 16:47:22 info: Bearer eyJhbGciOiJIUzI1NiIsInR5cCI6IkpXVCJ9.eyJ1c2VybmFtZSI6ImNlbGViZGlnaXRhbCIsInVzZXJfcGFzc3dvcmQiOiJZanRAMTIzIyIsImlhdCI6MTcxODQzMzAzNCwiZXhwIjoxNzE5MDM3ODM0fQ.pae0UXRBcKEyV5ueOac3nOw1MU8seHiS8Uom7yPu108bearerHeader
18-06-2024 16:47:22 info: [select query request] : SELECT * FROM user_management WHERE user_bearer_token = 'Bearer eyJhbGciOiJIUzI1NiIsInR5cCI6IkpXVCJ9.eyJ1c2VybmFtZSI6ImNlbGViZGlnaXRhbCIsInVzZXJfcGFzc3dvcmQiOiJZanRAMTIzIyIsImlhdCI6MTcxODQzMzAzNCwiZXhwIjoxNzE5MDM3ODM0fQ.pae0UXRBcKEyV5ueOac3nOw1MU8seHiS8Uom7yPu108' AND usr_mgt_status IN ('N','Y')
18-06-2024 16:47:22 info: [select query response] : []
18-06-2024 16:47:22 info: [API RESPONSE] {"response_code":0,"response_status":403,"response_msg":"Invalid Token"}
18-06-2024 16:47:52 info: [API REQUEST] /user/dashbord_change - {} - {"authorization":"Bearer eyJhbGciOiJIUzI1NiIsInR5cCI6IkpXVCJ9.eyJ1c2VybmFtZSI6ImNlbGViZGlnaXRhbCIsInVzZXJfcGFzc3dvcmQiOiJZanQxMjMkJCIsImlhdCI6MTcxODcwODcyNywiZXhwIjoxNzE5MzEzNTI3fQ.ZKpVZIr6hH2NlXIJQYTaQKmvkI3X6hlM3WwSEGVclP0","user-agent":"PostmanRuntime/7.39.0","accept":"*/*","cache-control":"no-cache","postman-token":"cbf03576-4385-418f-b970-e74c6f896cb9","host":"localhost:10017","accept-encoding":"gzip, deflate, br","connection":"keep-alive","content-length":"0"} - undefined
18-06-2024 16:47:52 info: Bearer eyJhbGciOiJIUzI1NiIsInR5cCI6IkpXVCJ9.eyJ1c2VybmFtZSI6ImNlbGViZGlnaXRhbCIsInVzZXJfcGFzc3dvcmQiOiJZanQxMjMkJCIsImlhdCI6MTcxODcwODcyNywiZXhwIjoxNzE5MzEzNTI3fQ.ZKpVZIr6hH2NlXIJQYTaQKmvkI3X6hlM3WwSEGVclP0bearerHeader
18-06-2024 16:47:52 info: [select query request] : SELECT * FROM user_management WHERE user_bearer_token = 'Bearer eyJhbGciOiJIUzI1NiIsInR5cCI6IkpXVCJ9.eyJ1c2VybmFtZSI6ImNlbGViZGlnaXRhbCIsInVzZXJfcGFzc3dvcmQiOiJZanQxMjMkJCIsImlhdCI6MTcxODcwODcyNywiZXhwIjoxNzE5MzEzNTI3fQ.ZKpVZIr6hH2NlXIJQYTaQKmvkI3X6hlM3WwSEGVclP0' AND usr_mgt_status IN ('N','Y')
18-06-2024 16:47:52 info: [select query response] : [{"user_id":1,"user_master_id":1,"parent_id":1,"user_name":"celebdigital","api_key":"AA1DE999B6B65D2","login_id":"celebdigital","login_password":"6a7aeb15b637d682e624561e1c9bbc45","user_email":"arun@yeejai.com","user_mobile":"8888888888","usr_mgt_status":"Y","usr_mgt_entry_date":"2024-06-18T11:05:27.000Z","user_bearer_token":"Bearer eyJhbGciOiJIUzI1NiIsInR5cCI6IkpXVCJ9.eyJ1c2VybmFtZSI6ImNlbGViZGlnaXRhbCIsInVzZXJfcGFzc3dvcmQiOiJZanQxMjMkJCIsImlhdCI6MTcxODcwODcyNywiZXhwIjoxNzE5MzEzNTI3fQ.ZKpVZIr6hH2NlXIJQYTaQKmvkI3X6hlM3WwSEGVclP0"}]
18-06-2024 16:52:43 info: [API REQUEST] /user/dashbord_change - {} - {"authorization":"Bearer eyJhbGciOiJIUzI1NiIsInR5cCI6IkpXVCJ9.eyJ1c2VybmFtZSI6ImNlbGViZGlnaXRhbCIsInVzZXJfcGFzc3dvcmQiOiJZanQxMjMkJCIsImlhdCI6MTcxODcwODcyNywiZXhwIjoxNzE5MzEzNTI3fQ.ZKpVZIr6hH2NlXIJQYTaQKmvkI3X6hlM3WwSEGVclP0","user-agent":"PostmanRuntime/7.39.0","accept":"*/*","cache-control":"no-cache","postman-token":"d8743b4a-0c7c-47ec-a097-24bf30619d77","host":"localhost:10017","accept-encoding":"gzip, deflate, br","connection":"keep-alive","content-length":"0"} - undefined
18-06-2024 16:52:43 info: Bearer eyJhbGciOiJIUzI1NiIsInR5cCI6IkpXVCJ9.eyJ1c2VybmFtZSI6ImNlbGViZGlnaXRhbCIsInVzZXJfcGFzc3dvcmQiOiJZanQxMjMkJCIsImlhdCI6MTcxODcwODcyNywiZXhwIjoxNzE5MzEzNTI3fQ.ZKpVZIr6hH2NlXIJQYTaQKmvkI3X6hlM3WwSEGVclP0bearerHeader
18-06-2024 16:52:43 info: [select query request] : SELECT * FROM user_management WHERE user_bearer_token = 'Bearer eyJhbGciOiJIUzI1NiIsInR5cCI6IkpXVCJ9.eyJ1c2VybmFtZSI6ImNlbGViZGlnaXRhbCIsInVzZXJfcGFzc3dvcmQiOiJZanQxMjMkJCIsImlhdCI6MTcxODcwODcyNywiZXhwIjoxNzE5MzEzNTI3fQ.ZKpVZIr6hH2NlXIJQYTaQKmvkI3X6hlM3WwSEGVclP0' AND usr_mgt_status IN ('N','Y')
18-06-2024 16:52:43 info: [select query response] : [{"user_id":1,"user_master_id":1,"parent_id":1,"user_name":"celebdigital","api_key":"AA1DE999B6B65D2","login_id":"celebdigital","login_password":"6a7aeb15b637d682e624561e1c9bbc45","user_email":"arun@yeejai.com","user_mobile":"8888888888","usr_mgt_status":"Y","usr_mgt_entry_date":"2024-06-18T11:05:27.000Z","user_bearer_token":"Bearer eyJhbGciOiJIUzI1NiIsInR5cCI6IkpXVCJ9.eyJ1c2VybmFtZSI6ImNlbGViZGlnaXRhbCIsInVzZXJfcGFzc3dvcmQiOiJZanQxMjMkJCIsImlhdCI6MTcxODcwODcyNywiZXhwIjoxNzE5MzEzNTI3fQ.ZKpVZIr6hH2NlXIJQYTaQKmvkI3X6hlM3WwSEGVclP0"}]
18-06-2024 17:16:01 info: [API REQUEST] /user/dashbord_change - {} - {"authorization":"Bearer eyJhbGciOiJIUzI1NiIsInR5cCI6IkpXVCJ9.eyJ1c2VybmFtZSI6ImNlbGViZGlnaXRhbCIsInVzZXJfcGFzc3dvcmQiOiJZanQxMjMkJCIsImlhdCI6MTcxODcwODcyNywiZXhwIjoxNzE5MzEzNTI3fQ.ZKpVZIr6hH2NlXIJQYTaQKmvkI3X6hlM3WwSEGVclP0","user-agent":"PostmanRuntime/7.39.0","accept":"*/*","cache-control":"no-cache","postman-token":"65087e81-4b06-4ce2-8367-c02751d8174e","host":"localhost:10017","accept-encoding":"gzip, deflate, br","connection":"keep-alive","content-length":"0"} - undefined
18-06-2024 17:16:01 info: Bearer eyJhbGciOiJIUzI1NiIsInR5cCI6IkpXVCJ9.eyJ1c2VybmFtZSI6ImNlbGViZGlnaXRhbCIsInVzZXJfcGFzc3dvcmQiOiJZanQxMjMkJCIsImlhdCI6MTcxODcwODcyNywiZXhwIjoxNzE5MzEzNTI3fQ.ZKpVZIr6hH2NlXIJQYTaQKmvkI3X6hlM3WwSEGVclP0bearerHeader
18-06-2024 17:16:01 info: [select query request] : SELECT * FROM user_management WHERE user_bearer_token = 'Bearer eyJhbGciOiJIUzI1NiIsInR5cCI6IkpXVCJ9.eyJ1c2VybmFtZSI6ImNlbGViZGlnaXRhbCIsInVzZXJfcGFzc3dvcmQiOiJZanQxMjMkJCIsImlhdCI6MTcxODcwODcyNywiZXhwIjoxNzE5MzEzNTI3fQ.ZKpVZIr6hH2NlXIJQYTaQKmvkI3X6hlM3WwSEGVclP0' AND usr_mgt_status IN ('N','Y')
18-06-2024 17:16:01 info: [select query response] : [{"user_id":1,"user_master_id":1,"parent_id":1,"user_name":"celebdigital","api_key":"AA1DE999B6B65D2","login_id":"celebdigital","login_password":"6a7aeb15b637d682e624561e1c9bbc45","user_email":"arun@yeejai.com","user_mobile":"8888888888","usr_mgt_status":"Y","usr_mgt_entry_date":"2024-06-18T11:05:27.000Z","user_bearer_token":"Bearer eyJhbGciOiJIUzI1NiIsInR5cCI6IkpXVCJ9.eyJ1c2VybmFtZSI6ImNlbGViZGlnaXRhbCIsInVzZXJfcGFzc3dvcmQiOiJZanQxMjMkJCIsImlhdCI6MTcxODcwODcyNywiZXhwIjoxNzE5MzEzNTI3fQ.ZKpVZIr6hH2NlXIJQYTaQKmvkI3X6hlM3WwSEGVclP0"}]
18-06-2024 17:17:17 info: [insert query request] : INSERT INTO api_log VALUES(NULL,1,'/login','undefined','2024169171717_9243','N','-','0000-00-00 00:00:00','Y',CURRENT_TIMESTAMP)
18-06-2024 17:17:17 info: [insert query response] : {"fieldCount":0,"affectedRows":1,"insertId":172,"info":"","serverStatus":2,"warningStatus":0,"changedRows":0}
18-06-2024 17:17:17 info: [select query request] : SELECT * FROM api_log WHERE request_id = '2024169171717_9243' AND response_status != 'N' AND api_log_status='Y'
18-06-2024 17:17:17 info: [select query response] : []
18-06-2024 17:17:17 info: [API REQUEST] /login - {"request_id":"2024169171717_9243","txt_username":"celebdigital","txt_password":"Yjt123$$"} - {"host":"localhost:10017","accept":"*/*","accept-encoding":"deflate, gzip","content-type":"application/json","content-length":"102"} - undefined
18-06-2024 17:17:17 info: [select query request] : SELECT * FROM user_management where login_id = 'celebdigital' and usr_mgt_status in ('N', 'Y', 'R') ORDER BY user_id ASC
18-06-2024 17:17:17 info: [select query request] : SELECT * FROM user_management where login_id = 'celebdigital' and login_password = '6a7aeb15b637d682e624561e1c9bbc45' and usr_mgt_status in ('N', 'Y', 'R') ORDER BY user_id ASC
18-06-2024 17:17:17 info: [Update query request] : UPDATE user_management  SET user_bearer_token = 'Bearer eyJhbGciOiJIUzI1NiIsInR5cCI6IkpXVCJ9.eyJ1c2VybmFtZSI6ImNlbGViZGlnaXRhbCIsInVzZXJfcGFzc3dvcmQiOiJZanQxMjMkJCIsImlhdCI6MTcxODcxMTIzNywiZXhwIjoxNzE5MzE2MDM3fQ.zec5bN4CeVKT0V_6Lt6JvAYwAYCmpRICPZZ7zX3X_VQ' WHERE user_id = '1'
18-06-2024 17:17:17 info: [Update query Response] : {"fieldCount":0,"affectedRows":1,"insertId":0,"info":"Rows matched: 1  Changed: 1  Warnings: 0","serverStatus":2,"warningStatus":0,"changedRows":1}
18-06-2024 17:17:17 info: [select query request] : SELECT user_id,user_log_status,login_date FROM user_log where user_id ='1' and user_log_status = 'I' and date(login_date) ='2024-6-18'
18-06-2024 17:17:17 info: [update query request] : UPDATE user_log SET user_log_status = 'O',logout_time = '2024-6-18 17:17:17' WHERE user_id = '1' AND user_log_status = 'I' AND login_date = '2024-6-18'
18-06-2024 17:17:17 info: [insert query request] : INSERT INTO user_log VALUES(NULL, '1', 'undefined', '2024-6-18 17:17:17', '2024-6-18 17:17:17', NULL, 'I', '2024-6-18 17:17:17')
18-06-2024 17:17:17 info: : [call_index_signin] Success 
