11-06-2024 17:39:03 info: App started listening at http://localhost:10017
11-06-2024 17:40:23 info: App started listening at http://localhost:10017
11-06-2024 18:01:45 info: App started listening at http://localhost:10017
11-06-2024 18:16:06 info: "Request ID" is required,"Username" is required,"Password" is required
11-06-2024 18:16:39 info: "Username" is required,"Password" is required,"username" is not allowed
11-06-2024 18:17:01 info: "Password" is required
11-06-2024 18:17:24 info: [insert query request] : INSERT INTO api_log VALUES(NULL,'/login','undefined','jdhweld','N','-','0000-00-00 00:00:00','Y',CURRENT_TIMESTAMP)
11-06-2024 18:19:10 info: [insert query request] : INSERT INTO api_log VALUES(NULL,'/login','undefined','jdhweld','N','-','0000-00-00 00:00:00','Y',CURRENT_TIMESTAMP)
11-06-2024 18:19:10 info: [insert query response] : {"fieldCount":0,"affectedRows":1,"insertId":1,"info":"","serverStatus":2,"warningStatus":0}
11-06-2024 18:19:10 info: [select query request] : SELECT * FROM api_log WHERE request_id = 'jdhweld' AND response_status != 'N' AND log_status='Y'
11-06-2024 18:19:10 info: [select query response] : []
11-06-2024 18:19:10 info: [API REQUEST] /login - {"request_id":"jdhweld","txt_username":"djhkwc","txt_password":"dejwxer"} - {"content-type":"application/json","user-agent":"PostmanRuntime/7.39.0","accept":"*/*","cache-control":"no-cache","postman-token":"db5100c5-af15-4076-aec4-3ef443c9c6e9","host":"localhost:10017","accept-encoding":"gzip, deflate, br","connection":"keep-alive","content-length":"94"} - undefined
11-06-2024 18:19:10 info: [select query request] : SELECT * FROM user_management where login_id = 'djhkwc' and usr_mgt_status in ('N', 'Y', 'R') ORDER BY user_id ASC
11-06-2024 18:19:10 info: : [call_index_signin] Failed - Invalid User. Kindly try again with the valid User!
11-06-2024 18:19:32 info: [insert query request] : INSERT INTO api_log VALUES(NULL,'/login','undefined','jdhweld','N','-','0000-00-00 00:00:00','Y',CURRENT_TIMESTAMP)
11-06-2024 18:19:32 info: [insert query response] : {"fieldCount":0,"affectedRows":1,"insertId":2,"info":"","serverStatus":2,"warningStatus":0}
11-06-2024 18:19:32 info: [select query request] : SELECT * FROM api_log WHERE request_id = 'jdhweld' AND response_status != 'N' AND log_status='Y'
11-06-2024 18:19:32 info: [select query response] : [{"log_id":1,"api_url":"/login","ip_address":"undefined","request_id":"jdhweld","response_status":"F","response_comments":"Invalid User. Kindly try again with the valid User!","response_date":"2024-06-11T12:49:10.000Z","log_status":"Y","log_entry_date":"2024-06-11T12:49:10.000Z"}]
11-06-2024 18:19:32 info: [failed response] : Request already processed
11-06-2024 18:20:08 info: [insert query request] : INSERT INTO api_log VALUES(NULL,'/login','undefined','283672','N','-','0000-00-00 00:00:00','Y',CURRENT_TIMESTAMP)
11-06-2024 18:20:08 info: [insert query response] : {"fieldCount":0,"affectedRows":1,"insertId":3,"info":"","serverStatus":2,"warningStatus":0}
11-06-2024 18:20:08 info: [select query request] : SELECT * FROM api_log WHERE request_id = '283672' AND response_status != 'N' AND log_status='Y'
11-06-2024 18:20:08 info: [select query response] : []
11-06-2024 18:20:08 info: [API REQUEST] /login - {"request_id":"283672","txt_username":"celebdigital","txt_password":"dejwxer"} - {"content-type":"application/json","user-agent":"PostmanRuntime/7.39.0","accept":"*/*","cache-control":"no-cache","postman-token":"e49ce00f-5808-4075-88fa-3f79ad8bf9a9","host":"localhost:10017","accept-encoding":"gzip, deflate, br","connection":"keep-alive","content-length":"99"} - undefined
11-06-2024 18:20:08 info: [select query request] : SELECT * FROM user_management where login_id = 'celebdigital' and usr_mgt_status in ('N', 'Y', 'R') ORDER BY user_id ASC
11-06-2024 18:20:08 info: [select query request] : SELECT * FROM user_management where login_id = 'celebdigital' and login_password = 'a8b96b169684e2131e624fe8ba10cb07' and usr_mgt_status in ('N', 'Y', 'R') ORDER BY user_id ASC
11-06-2024 18:20:08 info: : [call_index_signin] Failed  - Invalid Password. Kindly try again with the valid details!
11-06-2024 18:20:48 info: [insert query request] : INSERT INTO api_log VALUES(NULL,'/login','undefined','283672','N','-','0000-00-00 00:00:00','Y',CURRENT_TIMESTAMP)
11-06-2024 18:20:48 info: [insert query response] : {"fieldCount":0,"affectedRows":1,"insertId":4,"info":"","serverStatus":2,"warningStatus":0}
11-06-2024 18:20:48 info: [select query request] : SELECT * FROM api_log WHERE request_id = '283672' AND response_status != 'N' AND log_status='Y'
11-06-2024 18:20:48 info: [select query response] : [{"log_id":3,"api_url":"/login","ip_address":"undefined","request_id":"283672","response_status":"F","response_comments":"Invalid Password. Kindly try again with the valid details!","response_date":"2024-06-11T12:50:08.000Z","log_status":"Y","log_entry_date":"2024-06-11T12:50:08.000Z"}]
11-06-2024 18:20:48 info: [failed response] : Request already processed
11-06-2024 18:20:57 info: [insert query request] : INSERT INTO api_log VALUES(NULL,'/login','undefined','kxbhwjs','N','-','0000-00-00 00:00:00','Y',CURRENT_TIMESTAMP)
11-06-2024 18:20:57 info: [insert query response] : {"fieldCount":0,"affectedRows":1,"insertId":5,"info":"","serverStatus":2,"warningStatus":0}
11-06-2024 18:20:57 info: [select query request] : SELECT * FROM api_log WHERE request_id = 'kxbhwjs' AND response_status != 'N' AND log_status='Y'
11-06-2024 18:20:57 info: [select query response] : []
11-06-2024 18:20:57 info: [API REQUEST] /login - {"request_id":"kxbhwjs","txt_username":"celebdigital","txt_password":"Yjt@123#"} - {"content-type":"application/json","user-agent":"PostmanRuntime/7.39.0","accept":"*/*","cache-control":"no-cache","postman-token":"83026818-d6ad-4ac0-949e-6d4a40b061a9","host":"localhost:10017","accept-encoding":"gzip, deflate, br","connection":"keep-alive","content-length":"101"} - undefined
11-06-2024 18:20:57 info: [select query request] : SELECT * FROM user_management where login_id = 'celebdigital' and usr_mgt_status in ('N', 'Y', 'R') ORDER BY user_id ASC
11-06-2024 18:20:57 info: [select query request] : SELECT * FROM user_management where login_id = 'celebdigital' and login_password = '59d5d533b458f7a31266d2062a35b98a' and usr_mgt_status in ('N', 'Y', 'R') ORDER BY user_id ASC
11-06-2024 18:20:57 info: [Update query request] : UPDATE user_management  SET bearer_token = 'Bearer eyJhbGciOiJIUzI1NiIsInR5cCI6IkpXVCJ9.eyJ1c2VybmFtZSI6ImNlbGViZGlnaXRhbCIsInVzZXJfcGFzc3dvcmQiOiJZanRAMTIzIyIsImlhdCI6MTcxODExMDI1NywiZXhwIjoxNzE4NzE1MDU3fQ.6w6KSmYq5bte7p1u1VpVCLVvBoxYgRqpMlxWPkgYCVk' WHERE user_id = '1'
11-06-2024 18:20:57 info: [Update query Response] : {"fieldCount":0,"affectedRows":1,"insertId":0,"info":"Rows matched: 1  Changed: 1  Warnings: 0","serverStatus":2,"warningStatus":0,"changedRows":1}
11-06-2024 18:20:57 info: [select query request] : SELECT user_id,user_log_status,login_date FROM user_log where user_id ='1' and user_log_status = 'I' and date(login_date) ='2024-6-11'
11-06-2024 18:20:57 info: [insert query request] : INSERT INTO user_log VALUES(NULL, '1', 'undefined', '2024-6-11 18:20:57', '2024-6-11 18:20:57', NULL, 'I', '2024-6-11 18:20:57')
11-06-2024 18:20:57 info: : [call_index_signin] Success 
11-06-2024 18:27:59 info: App started listening at http://localhost:10017
11-06-2024 18:54:10 info: App started listening at http://localhost:10017
11-06-2024 19:10:26 info: App started listening at http://localhost:10017
11-06-2024 19:13:03 info: App started listening at http://localhost:10017
11-06-2024 19:16:03 info: App started listening at http://localhost:10017
11-06-2024 19:16:05 info: "Request ID" is required,"Ex Password" is required,"New Password" is required
11-06-2024 19:16:41 info: App started listening at http://localhost:10017
11-06-2024 19:16:46 info: "Request ID" is required,"Ex Password" is required,"New Password" is required
11-06-2024 19:18:19 info: [API REQUEST] /user/change_password - {"request_id":"kdjv","ex_password":"dgvhd","new_password":"dfhdbv"} - {"content-type":"application/json","user-agent":"PostmanRuntime/7.39.0","accept":"*/*","cache-control":"no-cache","postman-token":"695fdb98-8020-4dd7-a57a-0d73462c0e50","host":"localhost:10017","accept-encoding":"gzip, deflate, br","connection":"keep-alive","content-length":"87"} - undefined
11-06-2024 19:18:19 info: [Valid User Middleware failed response] : A token is required for in Header
11-06-2024 19:19:25 info: [API REQUEST] /user/change_password - {"request_id":"kdjv","ex_password":"dgvhd","new_password":"dfhdbv"} - {"content-type":"application/json","authorization":"Bearer eyJhbGciOiJIUzI1NiIsInR5cCI6IkpXVCJ9.eyJ1c2VybmFtZSI6ImNlbGViZGlnaXRhbCIsInVzZXJfcGFzc3dvcmQiOiJZanRAMTIzIyIsImlhdCI6MTcxODExMDI1NywiZXhwIjoxNzE4NzE1MDU3fQ.6w6KSmYq5bte7p1u1VpVCLVvBoxYgRqpMlxWPkgYCVk","user-agent":"PostmanRuntime/7.39.0","accept":"*/*","cache-control":"no-cache","postman-token":"62977f03-6779-4220-a95a-bc180b9a291e","host":"localhost:10017","accept-encoding":"gzip, deflate, br","connection":"keep-alive","content-length":"87"} - undefined
11-06-2024 19:19:25 info: [select query request] : SELECT * FROM user_management WHERE bearer_token = 'Bearer eyJhbGciOiJIUzI1NiIsInR5cCI6IkpXVCJ9.eyJ1c2VybmFtZSI6ImNlbGViZGlnaXRhbCIsInVzZXJfcGFzc3dvcmQiOiJZanRAMTIzIyIsImlhdCI6MTcxODExMDI1NywiZXhwIjoxNzE4NzE1MDU3fQ.6w6KSmYq5bte7p1u1VpVCLVvBoxYgRqpMlxWPkgYCVk' AND usr_mgt_status in ('N', 'Y', 'R')
11-06-2024 19:19:25 info: [select query response] : [{"user_id":1,"user_master_id":1,"parent_id":1,"user_name":"celebdigital","api_key":"AA1DE999B6B65D2","login_id":"celebdigital","login_password":"59d5d533b458f7a31266d2062a35b98a","user_email":"arun@yeejai.com","user_mobile":"8888888888","usr_mgt_status":"Y","usr_mgt_entry_date":"2021-12-30T11:52:20.000Z","bearer_token":"Bearer eyJhbGciOiJIUzI1NiIsInR5cCI6IkpXVCJ9.eyJ1c2VybmFtZSI6ImNlbGViZGlnaXRhbCIsInVzZXJfcGFzc3dvcmQiOiJZanRAMTIzIyIsImlhdCI6MTcxODExMDI1NywiZXhwIjoxNzE4NzE1MDU3fQ.6w6KSmYq5bte7p1u1VpVCLVvBoxYgRqpMlxWPkgYCVk"}]
11-06-2024 19:25:08 info: App started listening at http://localhost:10017
11-06-2024 19:25:12 info: [API REQUEST] /user/change_password - {"request_id":"kdjv","ex_password":"dgvhd","new_password":"dfhdbv"} - {"content-type":"application/json","authorization":"Bearer eyJhbGciOiJIUzI1NiIsInR5cCI6IkpXVCJ9.eyJ1c2VybmFtZSI6ImNlbGViZGlnaXRhbCIsInVzZXJfcGFzc3dvcmQiOiJZanRAMTIzIyIsImlhdCI6MTcxODExMDI1NywiZXhwIjoxNzE4NzE1MDU3fQ.6w6KSmYq5bte7p1u1VpVCLVvBoxYgRqpMlxWPkgYCVk","user-agent":"PostmanRuntime/7.39.0","accept":"*/*","cache-control":"no-cache","postman-token":"5339a031-3aa2-4530-ba13-b8d8c13890d5","host":"localhost:10017","accept-encoding":"gzip, deflate, br","connection":"keep-alive","content-length":"87"} - undefined
11-06-2024 19:25:12 info: [select query request] : SELECT * FROM user_management WHERE bearer_token = 'Bearer eyJhbGciOiJIUzI1NiIsInR5cCI6IkpXVCJ9.eyJ1c2VybmFtZSI6ImNlbGViZGlnaXRhbCIsInVzZXJfcGFzc3dvcmQiOiJZanRAMTIzIyIsImlhdCI6MTcxODExMDI1NywiZXhwIjoxNzE4NzE1MDU3fQ.6w6KSmYq5bte7p1u1VpVCLVvBoxYgRqpMlxWPkgYCVk' AND usr_mgt_status in ('N', 'Y', 'R')
11-06-2024 19:25:12 info: [select query response] : [{"user_id":1,"user_master_id":1,"parent_id":1,"user_name":"celebdigital","api_key":"AA1DE999B6B65D2","login_id":"celebdigital","login_password":"59d5d533b458f7a31266d2062a35b98a","user_email":"arun@yeejai.com","user_mobile":"8888888888","usr_mgt_status":"Y","usr_mgt_entry_date":"2021-12-30T11:52:20.000Z","bearer_token":"Bearer eyJhbGciOiJIUzI1NiIsInR5cCI6IkpXVCJ9.eyJ1c2VybmFtZSI6ImNlbGViZGlnaXRhbCIsInVzZXJfcGFzc3dvcmQiOiJZanRAMTIzIyIsImlhdCI6MTcxODExMDI1NywiZXhwIjoxNzE4NzE1MDU3fQ.6w6KSmYq5bte7p1u1VpVCLVvBoxYgRqpMlxWPkgYCVk"}]
11-06-2024 19:26:46 info: App started listening at http://localhost:10017
11-06-2024 19:26:50 info: [API REQUEST] /user/change_password - {"request_id":"kdjv","ex_password":"dgvhd","new_password":"dfhdbv"} - {"content-type":"application/json","authorization":"Bearer eyJhbGciOiJIUzI1NiIsInR5cCI6IkpXVCJ9.eyJ1c2VybmFtZSI6ImNlbGViZGlnaXRhbCIsInVzZXJfcGFzc3dvcmQiOiJZanRAMTIzIyIsImlhdCI6MTcxODExMDI1NywiZXhwIjoxNzE4NzE1MDU3fQ.6w6KSmYq5bte7p1u1VpVCLVvBoxYgRqpMlxWPkgYCVk","user-agent":"PostmanRuntime/7.39.0","accept":"*/*","cache-control":"no-cache","postman-token":"b9473731-99fd-44ea-b4a8-ed9c3203a0be","host":"localhost:10017","accept-encoding":"gzip, deflate, br","connection":"keep-alive","content-length":"87"} - undefined
11-06-2024 19:26:50 info: [select query request] : SELECT * FROM user_management WHERE bearer_token = 'Bearer eyJhbGciOiJIUzI1NiIsInR5cCI6IkpXVCJ9.eyJ1c2VybmFtZSI6ImNlbGViZGlnaXRhbCIsInVzZXJfcGFzc3dvcmQiOiJZanRAMTIzIyIsImlhdCI6MTcxODExMDI1NywiZXhwIjoxNzE4NzE1MDU3fQ.6w6KSmYq5bte7p1u1VpVCLVvBoxYgRqpMlxWPkgYCVk' AND usr_mgt_status in ('N', 'Y', 'R')
11-06-2024 19:26:50 info: [select query response] : [{"user_id":1,"user_master_id":1,"parent_id":1,"user_name":"celebdigital","api_key":"AA1DE999B6B65D2","login_id":"celebdigital","login_password":"59d5d533b458f7a31266d2062a35b98a","user_email":"arun@yeejai.com","user_mobile":"8888888888","usr_mgt_status":"Y","usr_mgt_entry_date":"2021-12-30T11:52:20.000Z","bearer_token":"Bearer eyJhbGciOiJIUzI1NiIsInR5cCI6IkpXVCJ9.eyJ1c2VybmFtZSI6ImNlbGViZGlnaXRhbCIsInVzZXJfcGFzc3dvcmQiOiJZanRAMTIzIyIsImlhdCI6MTcxODExMDI1NywiZXhwIjoxNzE4NzE1MDU3fQ.6w6KSmYq5bte7p1u1VpVCLVvBoxYgRqpMlxWPkgYCVk"}]
11-06-2024 19:27:30 info: App started listening at http://localhost:10017
11-06-2024 19:27:33 info: [API REQUEST] /user/change_password - {"request_id":"kdjv","ex_password":"dgvhd","new_password":"dfhdbv"} - {"content-type":"application/json","authorization":"Bearer eyJhbGciOiJIUzI1NiIsInR5cCI6IkpXVCJ9.eyJ1c2VybmFtZSI6ImNlbGViZGlnaXRhbCIsInVzZXJfcGFzc3dvcmQiOiJZanRAMTIzIyIsImlhdCI6MTcxODExMDI1NywiZXhwIjoxNzE4NzE1MDU3fQ.6w6KSmYq5bte7p1u1VpVCLVvBoxYgRqpMlxWPkgYCVk","user-agent":"PostmanRuntime/7.39.0","accept":"*/*","cache-control":"no-cache","postman-token":"21d74952-1423-4330-b27e-567d73767cc7","host":"localhost:10017","accept-encoding":"gzip, deflate, br","connection":"keep-alive","content-length":"87"} - undefined
11-06-2024 19:27:33 info: [select query request] : SELECT * FROM user_management WHERE bearer_token = 'Bearer eyJhbGciOiJIUzI1NiIsInR5cCI6IkpXVCJ9.eyJ1c2VybmFtZSI6ImNlbGViZGlnaXRhbCIsInVzZXJfcGFzc3dvcmQiOiJZanRAMTIzIyIsImlhdCI6MTcxODExMDI1NywiZXhwIjoxNzE4NzE1MDU3fQ.6w6KSmYq5bte7p1u1VpVCLVvBoxYgRqpMlxWPkgYCVk' AND usr_mgt_status in ('N', 'Y', 'R')
11-06-2024 19:27:33 info: [select query response] : [{"user_id":1,"user_master_id":1,"parent_id":1,"user_name":"celebdigital","api_key":"AA1DE999B6B65D2","login_id":"celebdigital","login_password":"59d5d533b458f7a31266d2062a35b98a","user_email":"arun@yeejai.com","user_mobile":"8888888888","usr_mgt_status":"Y","usr_mgt_entry_date":"2021-12-30T11:52:20.000Z","bearer_token":"Bearer eyJhbGciOiJIUzI1NiIsInR5cCI6IkpXVCJ9.eyJ1c2VybmFtZSI6ImNlbGViZGlnaXRhbCIsInVzZXJfcGFzc3dvcmQiOiJZanRAMTIzIyIsImlhdCI6MTcxODExMDI1NywiZXhwIjoxNzE4NzE1MDU3fQ.6w6KSmYq5bte7p1u1VpVCLVvBoxYgRqpMlxWPkgYCVk"}]
11-06-2024 19:32:28 info: App started listening at http://localhost:10017
11-06-2024 19:32:33 info: [API REQUEST] /user/change_password - {"request_id":"kdjv","ex_password":"dgvhd","new_password":"dfhdbv"} - {"content-type":"application/json","authorization":"Bearer eyJhbGciOiJIUzI1NiIsInR5cCI6IkpXVCJ9.eyJ1c2VybmFtZSI6ImNlbGViZGlnaXRhbCIsInVzZXJfcGFzc3dvcmQiOiJZanRAMTIzIyIsImlhdCI6MTcxODExMDI1NywiZXhwIjoxNzE4NzE1MDU3fQ.6w6KSmYq5bte7p1u1VpVCLVvBoxYgRqpMlxWPkgYCVk","user-agent":"PostmanRuntime/7.39.0","accept":"*/*","cache-control":"no-cache","postman-token":"c5837ead-a83b-421f-826c-5257337ba753","host":"localhost:10017","accept-encoding":"gzip, deflate, br","connection":"keep-alive","content-length":"87"} - undefined
11-06-2024 19:32:33 info: Bearer eyJhbGciOiJIUzI1NiIsInR5cCI6IkpXVCJ9.eyJ1c2VybmFtZSI6ImNlbGViZGlnaXRhbCIsInVzZXJfcGFzc3dvcmQiOiJZanRAMTIzIyIsImlhdCI6MTcxODExMDI1NywiZXhwIjoxNzE4NzE1MDU3fQ.6w6KSmYq5bte7p1u1VpVCLVvBoxYgRqpMlxWPkgYCVkbearerHeader
11-06-2024 19:32:33 info: [select query request] : SELECT * FROM user_management WHERE bearer_token = 'Bearer eyJhbGciOiJIUzI1NiIsInR5cCI6IkpXVCJ9.eyJ1c2VybmFtZSI6ImNlbGViZGlnaXRhbCIsInVzZXJfcGFzc3dvcmQiOiJZanRAMTIzIyIsImlhdCI6MTcxODExMDI1NywiZXhwIjoxNzE4NzE1MDU3fQ.6w6KSmYq5bte7p1u1VpVCLVvBoxYgRqpMlxWPkgYCVk' AND usr_mgt_status IN ('N','Y')
11-06-2024 19:32:33 info: [select query response] : [{"user_id":1,"user_master_id":1,"parent_id":1,"user_name":"celebdigital","api_key":"AA1DE999B6B65D2","login_id":"celebdigital","login_password":"59d5d533b458f7a31266d2062a35b98a","user_email":"arun@yeejai.com","user_mobile":"8888888888","usr_mgt_status":"Y","usr_mgt_entry_date":"2021-12-30T11:52:20.000Z","bearer_token":"Bearer eyJhbGciOiJIUzI1NiIsInR5cCI6IkpXVCJ9.eyJ1c2VybmFtZSI6ImNlbGViZGlnaXRhbCIsInVzZXJfcGFzc3dvcmQiOiJZanRAMTIzIyIsImlhdCI6MTcxODExMDI1NywiZXhwIjoxNzE4NzE1MDU3fQ.6w6KSmYq5bte7p1u1VpVCLVvBoxYgRqpMlxWPkgYCVk"}]
11-06-2024 19:33:13 info: [API REQUEST] /user/change_password - {"request_id":"kdjv","ex_password":"Yjt@123#","new_password":"yJT123$$"} - {"content-type":"application/json","authorization":"Bearer eyJhbGciOiJIUzI1NiIsInR5cCI6IkpXVCJ9.eyJ1c2VybmFtZSI6ImNlbGViZGlnaXRhbCIsInVzZXJfcGFzc3dvcmQiOiJZanRAMTIzIyIsImlhdCI6MTcxODExMDI1NywiZXhwIjoxNzE4NzE1MDU3fQ.6w6KSmYq5bte7p1u1VpVCLVvBoxYgRqpMlxWPkgYCVk","user-agent":"PostmanRuntime/7.39.0","accept":"*/*","cache-control":"no-cache","postman-token":"02e24d7f-0a73-43bf-b15d-de53d5ce3f20","host":"localhost:10017","accept-encoding":"gzip, deflate, br","connection":"keep-alive","content-length":"92"} - undefined
11-06-2024 19:33:13 info: Bearer eyJhbGciOiJIUzI1NiIsInR5cCI6IkpXVCJ9.eyJ1c2VybmFtZSI6ImNlbGViZGlnaXRhbCIsInVzZXJfcGFzc3dvcmQiOiJZanRAMTIzIyIsImlhdCI6MTcxODExMDI1NywiZXhwIjoxNzE4NzE1MDU3fQ.6w6KSmYq5bte7p1u1VpVCLVvBoxYgRqpMlxWPkgYCVkbearerHeader
11-06-2024 19:33:13 info: [select query request] : SELECT * FROM user_management WHERE bearer_token = 'Bearer eyJhbGciOiJIUzI1NiIsInR5cCI6IkpXVCJ9.eyJ1c2VybmFtZSI6ImNlbGViZGlnaXRhbCIsInVzZXJfcGFzc3dvcmQiOiJZanRAMTIzIyIsImlhdCI6MTcxODExMDI1NywiZXhwIjoxNzE4NzE1MDU3fQ.6w6KSmYq5bte7p1u1VpVCLVvBoxYgRqpMlxWPkgYCVk' AND usr_mgt_status IN ('N','Y')
11-06-2024 19:33:13 info: [select query response] : [{"user_id":1,"user_master_id":1,"parent_id":1,"user_name":"celebdigital","api_key":"AA1DE999B6B65D2","login_id":"celebdigital","login_password":"59d5d533b458f7a31266d2062a35b98a","user_email":"arun@yeejai.com","user_mobile":"8888888888","usr_mgt_status":"Y","usr_mgt_entry_date":"2021-12-30T11:52:20.000Z","bearer_token":"Bearer eyJhbGciOiJIUzI1NiIsInR5cCI6IkpXVCJ9.eyJ1c2VybmFtZSI6ImNlbGViZGlnaXRhbCIsInVzZXJfcGFzc3dvcmQiOiJZanRAMTIzIyIsImlhdCI6MTcxODExMDI1NywiZXhwIjoxNzE4NzE1MDU3fQ.6w6KSmYq5bte7p1u1VpVCLVvBoxYgRqpMlxWPkgYCVk"}]
