15-06-2024 09:57:26 info: App started listening at http://localhost:10017
15-06-2024 10:00:25 info: [insert query request] : INSERT INTO api_log VALUES(NULL,1,'/login','undefined','2024166100025_9226','N','-','0000-00-00 00:00:00','Y',CURRENT_TIMESTAMP)
15-06-2024 10:00:25 info: [insert query response] : {"fieldCount":0,"affectedRows":1,"insertId":151,"info":"","serverStatus":2,"warningStatus":0,"changedRows":0}
15-06-2024 10:00:25 info: [select query request] : SELECT * FROM api_log WHERE request_id = '2024166100025_9226' AND response_status != 'N' AND api_log_status='Y'
15-06-2024 10:00:25 info: [select query response] : []
15-06-2024 10:00:25 info: [API REQUEST] /login - {"request_id":"2024166100025_9226","txt_username":"celebdigital","txt_password":"Yjt@123#"} - {"host":"localhost:10017","accept":"*/*","accept-encoding":"deflate, gzip","content-type":"application/json","content-length":"102"} - undefined
15-06-2024 10:00:25 info: [select query request] : SELECT * FROM user_management where login_id = 'celebdigital' and usr_mgt_status in ('N', 'Y', 'R') ORDER BY user_id ASC
15-06-2024 10:00:25 info: [select query request] : SELECT * FROM user_management where login_id = 'celebdigital' and login_password = '59d5d533b458f7a31266d2062a35b98a' and usr_mgt_status in ('N', 'Y', 'R') ORDER BY user_id ASC
15-06-2024 10:00:25 info: : [call_index_signin] Failed  - Invalid Password. Kindly try again with the valid details!
15-06-2024 10:00:58 info: App started listening at http://localhost:10017
15-06-2024 10:01:01 info: [insert query request] : INSERT INTO api_log VALUES(NULL,1,'/login','undefined','2024166100101_2868','N','-','0000-00-00 00:00:00','Y',CURRENT_TIMESTAMP)
15-06-2024 10:01:01 info: [insert query response] : {"fieldCount":0,"affectedRows":1,"insertId":152,"info":"","serverStatus":2,"warningStatus":0,"changedRows":0}
15-06-2024 10:01:01 info: [select query request] : SELECT * FROM api_log WHERE request_id = '2024166100101_2868' AND response_status != 'N' AND api_log_status='Y'
15-06-2024 10:01:01 info: [select query response] : []
15-06-2024 10:01:01 info: [API REQUEST] /login - {"request_id":"2024166100101_2868","txt_username":"celebdigital","txt_password":"Yjt123$$"} - {"host":"localhost:10017","accept":"*/*","accept-encoding":"deflate, gzip","content-type":"application/json","content-length":"102"} - undefined
15-06-2024 10:01:01 info: [select query request] : SELECT * FROM user_management where login_id = 'celebdigital' and usr_mgt_status in ('N', 'Y', 'R') ORDER BY user_id ASC
15-06-2024 10:01:01 info: [select query request] : SELECT * FROM user_management where login_id = 'celebdigital' and login_password = '6a7aeb15b637d682e624561e1c9bbc45' and usr_mgt_status in ('N', 'Y', 'R') ORDER BY user_id ASC
15-06-2024 10:01:01 info: [Update query request] : UPDATE user_management  SET user_bearer_token = 'Bearer eyJhbGciOiJIUzI1NiIsInR5cCI6IkpXVCJ9.eyJ1c2VybmFtZSI6ImNlbGViZGlnaXRhbCIsInVzZXJfcGFzc3dvcmQiOiJZanQxMjMkJCIsImlhdCI6MTcxODQyNTg2MSwiZXhwIjoxNzE5MDMwNjYxfQ.NCuoi2nO0CXPuqAOvb8-peM6xJGhs6g_TWz0pg0FpBU' WHERE user_id = '1'
15-06-2024 10:01:01 info: [Update query Response] : {"fieldCount":0,"affectedRows":1,"insertId":0,"info":"Rows matched: 1  Changed: 1  Warnings: 0","serverStatus":2,"warningStatus":0,"changedRows":1}
15-06-2024 10:01:01 info: [select query request] : SELECT user_id,user_log_status,login_date FROM user_log where user_id ='1' and user_log_status = 'I' and date(login_date) ='2024-6-15'
15-06-2024 10:01:01 info: [insert query request] : INSERT INTO user_log VALUES(NULL, '1', 'undefined', '2024-6-15 10:1:1', '2024-6-15 10:1:1', NULL, 'I', '2024-6-15 10:1:1')
15-06-2024 10:01:01 info: : [call_index_signin] Success 
15-06-2024 10:03:13 info: App started listening at http://localhost:10017
15-06-2024 10:36:53 info: [insert query request] : INSERT INTO api_log VALUES(NULL,1,'/login','undefined','dvdhfrvh','N','-','0000-00-00 00:00:00','Y',CURRENT_TIMESTAMP)
15-06-2024 10:36:53 info: [insert query response] : {"fieldCount":0,"affectedRows":1,"insertId":153,"info":"","serverStatus":2,"warningStatus":0,"changedRows":0}
15-06-2024 10:36:53 info: [select query request] : SELECT * FROM api_log WHERE request_id = 'dvdhfrvh' AND response_status != 'N' AND api_log_status='Y'
15-06-2024 10:36:53 info: [select query response] : []
15-06-2024 10:36:53 info: [API REQUEST] /login - {"request_id":"dvdhfrvh","txt_username":"celebdigital","txt_password":"Yjt123$$"} - {"content-type":"application/json","user-agent":"PostmanRuntime/7.39.0","accept":"*/*","cache-control":"no-cache","postman-token":"7c52e947-7b0c-4304-8062-fb2ee35ac98b","host":"localhost:10017","accept-encoding":"gzip, deflate, br","connection":"keep-alive","content-length":"102"} - undefined
15-06-2024 10:36:53 info: [select query request] : SELECT * FROM user_management where login_id = 'celebdigital' and usr_mgt_status in ('N', 'Y', 'R') ORDER BY user_id ASC
15-06-2024 10:36:53 info: [select query request] : SELECT * FROM user_management where login_id = 'celebdigital' and login_password = '6a7aeb15b637d682e624561e1c9bbc45' and usr_mgt_status in ('N', 'Y', 'R') ORDER BY user_id ASC
15-06-2024 10:36:53 info: [Update query request] : UPDATE user_management  SET user_bearer_token = 'Bearer eyJhbGciOiJIUzI1NiIsInR5cCI6IkpXVCJ9.eyJ1c2VybmFtZSI6ImNlbGViZGlnaXRhbCIsInVzZXJfcGFzc3dvcmQiOiJZanQxMjMkJCIsImlhdCI6MTcxODQyODAxMywiZXhwIjoxNzE5MDMyODEzfQ.E3WEuUVXs__Zg3bewT6rCPBHwW_y6O_vHl64qOHyi4E' WHERE user_id = '1'
15-06-2024 10:36:53 info: [Update query Response] : {"fieldCount":0,"affectedRows":1,"insertId":0,"info":"Rows matched: 1  Changed: 1  Warnings: 0","serverStatus":2,"warningStatus":0,"changedRows":1}
15-06-2024 10:36:53 info: [select query request] : SELECT user_id,user_log_status,login_date FROM user_log where user_id ='1' and user_log_status = 'I' and date(login_date) ='2024-6-15'
15-06-2024 10:36:53 info: [update query request] : UPDATE user_log SET user_log_status = 'O',logout_time = '2024-6-15 10:36:53' WHERE user_id = '1' AND user_log_status = 'I' AND login_date = '2024-6-15'
15-06-2024 10:36:53 info: [insert query request] : INSERT INTO user_log VALUES(NULL, '1', 'undefined', '2024-6-15 10:36:53', '2024-6-15 10:36:53', NULL, 'I', '2024-6-15 10:36:53')
15-06-2024 10:36:53 info: : [call_index_signin] Success 
15-06-2024 10:37:56 info: [API REQUEST] /user/ltd_report - {} - {"authorization":"Bearer eyJhbGciOiJIUzI1NiIsInR5cCI6IkpXVCJ9.eyJ1c2VybmFtZSI6ImNlbGViZGlnaXRhbCIsInVzZXJfcGFzc3dvcmQiOiJZanQxMjMkJCIsImlhdCI6MTcxODQyODAxMywiZXhwIjoxNzE5MDMyODEzfQ.E3WEuUVXs__Zg3bewT6rCPBHwW_y6O_vHl64qOHyi4E","user-agent":"PostmanRuntime/7.39.0","accept":"*/*","cache-control":"no-cache","postman-token":"09b8d5aa-d1f1-485f-886e-1fcb3f6787bb","host":"localhost:10017","accept-encoding":"gzip, deflate, br","connection":"keep-alive","content-length":"0"} - undefined
15-06-2024 10:37:56 info: Bearer eyJhbGciOiJIUzI1NiIsInR5cCI6IkpXVCJ9.eyJ1c2VybmFtZSI6ImNlbGViZGlnaXRhbCIsInVzZXJfcGFzc3dvcmQiOiJZanQxMjMkJCIsImlhdCI6MTcxODQyODAxMywiZXhwIjoxNzE5MDMyODEzfQ.E3WEuUVXs__Zg3bewT6rCPBHwW_y6O_vHl64qOHyi4EbearerHeader
15-06-2024 10:37:56 info: [select query request] : SELECT * FROM user_management WHERE user_bearer_token = 'Bearer eyJhbGciOiJIUzI1NiIsInR5cCI6IkpXVCJ9.eyJ1c2VybmFtZSI6ImNlbGViZGlnaXRhbCIsInVzZXJfcGFzc3dvcmQiOiJZanQxMjMkJCIsImlhdCI6MTcxODQyODAxMywiZXhwIjoxNzE5MDMyODEzfQ.E3WEuUVXs__Zg3bewT6rCPBHwW_y6O_vHl64qOHyi4E' AND usr_mgt_status IN ('N','Y')
15-06-2024 10:37:56 info: [select query response] : [{"user_id":1,"user_master_id":1,"parent_id":1,"user_name":"celebdigital","api_key":"AA1DE999B6B65D2","login_id":"celebdigital","login_password":"6a7aeb15b637d682e624561e1c9bbc45","user_email":"arun@yeejai.com","user_mobile":"8888888888","usr_mgt_status":"Y","usr_mgt_entry_date":"2024-06-15T05:06:53.000Z","user_bearer_token":"Bearer eyJhbGciOiJIUzI1NiIsInR5cCI6IkpXVCJ9.eyJ1c2VybmFtZSI6ImNlbGViZGlnaXRhbCIsInVzZXJfcGFzc3dvcmQiOiJZanQxMjMkJCIsImlhdCI6MTcxODQyODAxMywiZXhwIjoxNzE5MDMyODEzfQ.E3WEuUVXs__Zg3bewT6rCPBHwW_y6O_vHl64qOHyi4E"}]
15-06-2024 10:38:13 info: [API REQUEST] /user/mtd_report - {} - {"authorization":"Bearer eyJhbGciOiJIUzI1NiIsInR5cCI6IkpXVCJ9.eyJ1c2VybmFtZSI6ImNlbGViZGlnaXRhbCIsInVzZXJfcGFzc3dvcmQiOiJZanQxMjMkJCIsImlhdCI6MTcxODQyODAxMywiZXhwIjoxNzE5MDMyODEzfQ.E3WEuUVXs__Zg3bewT6rCPBHwW_y6O_vHl64qOHyi4E","user-agent":"PostmanRuntime/7.39.0","accept":"*/*","cache-control":"no-cache","postman-token":"9198b1de-0c3e-46ab-a7ac-2e6b76b9ad71","host":"localhost:10017","accept-encoding":"gzip, deflate, br","connection":"keep-alive","content-length":"0"} - undefined
15-06-2024 10:38:13 info: Bearer eyJhbGciOiJIUzI1NiIsInR5cCI6IkpXVCJ9.eyJ1c2VybmFtZSI6ImNlbGViZGlnaXRhbCIsInVzZXJfcGFzc3dvcmQiOiJZanQxMjMkJCIsImlhdCI6MTcxODQyODAxMywiZXhwIjoxNzE5MDMyODEzfQ.E3WEuUVXs__Zg3bewT6rCPBHwW_y6O_vHl64qOHyi4EbearerHeader
15-06-2024 10:38:13 info: [select query request] : SELECT * FROM user_management WHERE user_bearer_token = 'Bearer eyJhbGciOiJIUzI1NiIsInR5cCI6IkpXVCJ9.eyJ1c2VybmFtZSI6ImNlbGViZGlnaXRhbCIsInVzZXJfcGFzc3dvcmQiOiJZanQxMjMkJCIsImlhdCI6MTcxODQyODAxMywiZXhwIjoxNzE5MDMyODEzfQ.E3WEuUVXs__Zg3bewT6rCPBHwW_y6O_vHl64qOHyi4E' AND usr_mgt_status IN ('N','Y')
15-06-2024 10:38:13 info: [select query response] : [{"user_id":1,"user_master_id":1,"parent_id":1,"user_name":"celebdigital","api_key":"AA1DE999B6B65D2","login_id":"celebdigital","login_password":"6a7aeb15b637d682e624561e1c9bbc45","user_email":"arun@yeejai.com","user_mobile":"8888888888","usr_mgt_status":"Y","usr_mgt_entry_date":"2024-06-15T05:06:53.000Z","user_bearer_token":"Bearer eyJhbGciOiJIUzI1NiIsInR5cCI6IkpXVCJ9.eyJ1c2VybmFtZSI6ImNlbGViZGlnaXRhbCIsInVzZXJfcGFzc3dvcmQiOiJZanQxMjMkJCIsImlhdCI6MTcxODQyODAxMywiZXhwIjoxNzE5MDMyODEzfQ.E3WEuUVXs__Zg3bewT6rCPBHwW_y6O_vHl64qOHyi4E"}]
15-06-2024 10:38:18 info: [API REQUEST] /user/lmtd_report - {} - {"authorization":"Bearer eyJhbGciOiJIUzI1NiIsInR5cCI6IkpXVCJ9.eyJ1c2VybmFtZSI6ImNlbGViZGlnaXRhbCIsInVzZXJfcGFzc3dvcmQiOiJZanQxMjMkJCIsImlhdCI6MTcxODQyODAxMywiZXhwIjoxNzE5MDMyODEzfQ.E3WEuUVXs__Zg3bewT6rCPBHwW_y6O_vHl64qOHyi4E","user-agent":"PostmanRuntime/7.39.0","accept":"*/*","cache-control":"no-cache","postman-token":"e892d685-be2b-43bc-9cb6-56db2008a54a","host":"localhost:10017","accept-encoding":"gzip, deflate, br","connection":"keep-alive","content-length":"0"} - undefined
15-06-2024 10:38:18 info: Bearer eyJhbGciOiJIUzI1NiIsInR5cCI6IkpXVCJ9.eyJ1c2VybmFtZSI6ImNlbGViZGlnaXRhbCIsInVzZXJfcGFzc3dvcmQiOiJZanQxMjMkJCIsImlhdCI6MTcxODQyODAxMywiZXhwIjoxNzE5MDMyODEzfQ.E3WEuUVXs__Zg3bewT6rCPBHwW_y6O_vHl64qOHyi4EbearerHeader
15-06-2024 10:38:18 info: [select query request] : SELECT * FROM user_management WHERE user_bearer_token = 'Bearer eyJhbGciOiJIUzI1NiIsInR5cCI6IkpXVCJ9.eyJ1c2VybmFtZSI6ImNlbGViZGlnaXRhbCIsInVzZXJfcGFzc3dvcmQiOiJZanQxMjMkJCIsImlhdCI6MTcxODQyODAxMywiZXhwIjoxNzE5MDMyODEzfQ.E3WEuUVXs__Zg3bewT6rCPBHwW_y6O_vHl64qOHyi4E' AND usr_mgt_status IN ('N','Y')
15-06-2024 10:38:18 info: [select query response] : [{"user_id":1,"user_master_id":1,"parent_id":1,"user_name":"celebdigital","api_key":"AA1DE999B6B65D2","login_id":"celebdigital","login_password":"6a7aeb15b637d682e624561e1c9bbc45","user_email":"arun@yeejai.com","user_mobile":"8888888888","usr_mgt_status":"Y","usr_mgt_entry_date":"2024-06-15T05:06:53.000Z","user_bearer_token":"Bearer eyJhbGciOiJIUzI1NiIsInR5cCI6IkpXVCJ9.eyJ1c2VybmFtZSI6ImNlbGViZGlnaXRhbCIsInVzZXJfcGFzc3dvcmQiOiJZanQxMjMkJCIsImlhdCI6MTcxODQyODAxMywiZXhwIjoxNzE5MDMyODEzfQ.E3WEuUVXs__Zg3bewT6rCPBHwW_y6O_vHl64qOHyi4E"}]
15-06-2024 10:59:54 info: App started listening at http://localhost:10017
15-06-2024 11:01:57 info: App started listening at http://localhost:10017
15-06-2024 11:01:59 info: [API REQUEST] /report/ltd_report - {} - {"authorization":"Bearer eyJhbGciOiJIUzI1NiIsInR5cCI6IkpXVCJ9.eyJ1c2VybmFtZSI6ImNlbGViZGlnaXRhbCIsInVzZXJfcGFzc3dvcmQiOiJZanQxMjMkJCIsImlhdCI6MTcxODQyODAxMywiZXhwIjoxNzE5MDMyODEzfQ.E3WEuUVXs__Zg3bewT6rCPBHwW_y6O_vHl64qOHyi4E","user-agent":"PostmanRuntime/7.39.0","accept":"*/*","cache-control":"no-cache","postman-token":"ce36152d-a262-42a5-abc7-fdba7ab4ed11","host":"localhost:10017","accept-encoding":"gzip, deflate, br","connection":"keep-alive","content-length":"0"} - undefined
15-06-2024 11:01:59 info: Bearer eyJhbGciOiJIUzI1NiIsInR5cCI6IkpXVCJ9.eyJ1c2VybmFtZSI6ImNlbGViZGlnaXRhbCIsInVzZXJfcGFzc3dvcmQiOiJZanQxMjMkJCIsImlhdCI6MTcxODQyODAxMywiZXhwIjoxNzE5MDMyODEzfQ.E3WEuUVXs__Zg3bewT6rCPBHwW_y6O_vHl64qOHyi4EbearerHeader
15-06-2024 11:01:59 info: [select query request] : SELECT * FROM user_management WHERE user_bearer_token = 'Bearer eyJhbGciOiJIUzI1NiIsInR5cCI6IkpXVCJ9.eyJ1c2VybmFtZSI6ImNlbGViZGlnaXRhbCIsInVzZXJfcGFzc3dvcmQiOiJZanQxMjMkJCIsImlhdCI6MTcxODQyODAxMywiZXhwIjoxNzE5MDMyODEzfQ.E3WEuUVXs__Zg3bewT6rCPBHwW_y6O_vHl64qOHyi4E' AND usr_mgt_status IN ('N','Y')
15-06-2024 11:01:59 info: [select query response] : [{"user_id":1,"user_master_id":1,"parent_id":1,"user_name":"celebdigital","api_key":"AA1DE999B6B65D2","login_id":"celebdigital","login_password":"6a7aeb15b637d682e624561e1c9bbc45","user_email":"arun@yeejai.com","user_mobile":"8888888888","usr_mgt_status":"Y","usr_mgt_entry_date":"2024-06-15T05:06:53.000Z","user_bearer_token":"Bearer eyJhbGciOiJIUzI1NiIsInR5cCI6IkpXVCJ9.eyJ1c2VybmFtZSI6ImNlbGViZGlnaXRhbCIsInVzZXJfcGFzc3dvcmQiOiJZanQxMjMkJCIsImlhdCI6MTcxODQyODAxMywiZXhwIjoxNzE5MDMyODEzfQ.E3WEuUVXs__Zg3bewT6rCPBHwW_y6O_vHl64qOHyi4E"}]
15-06-2024 11:02:29 info: App started listening at http://localhost:10017
15-06-2024 11:03:39 info: App started listening at http://localhost:10017
15-06-2024 11:03:57 info: [API REQUEST] /report/lmtd_report - {} - {"authorization":"Bearer eyJhbGciOiJIUzI1NiIsInR5cCI6IkpXVCJ9.eyJ1c2VybmFtZSI6ImNlbGViZGlnaXRhbCIsInVzZXJfcGFzc3dvcmQiOiJZanQxMjMkJCIsImlhdCI6MTcxODQyODAxMywiZXhwIjoxNzE5MDMyODEzfQ.E3WEuUVXs__Zg3bewT6rCPBHwW_y6O_vHl64qOHyi4E","user-agent":"PostmanRuntime/7.39.0","accept":"*/*","cache-control":"no-cache","postman-token":"161cf545-85b7-44fb-8e95-142d84b9a14b","host":"localhost:10017","accept-encoding":"gzip, deflate, br","connection":"keep-alive","content-length":"0"} - undefined
15-06-2024 11:03:57 info: Bearer eyJhbGciOiJIUzI1NiIsInR5cCI6IkpXVCJ9.eyJ1c2VybmFtZSI6ImNlbGViZGlnaXRhbCIsInVzZXJfcGFzc3dvcmQiOiJZanQxMjMkJCIsImlhdCI6MTcxODQyODAxMywiZXhwIjoxNzE5MDMyODEzfQ.E3WEuUVXs__Zg3bewT6rCPBHwW_y6O_vHl64qOHyi4EbearerHeader
15-06-2024 11:03:57 info: [select query request] : SELECT * FROM user_management WHERE user_bearer_token = 'Bearer eyJhbGciOiJIUzI1NiIsInR5cCI6IkpXVCJ9.eyJ1c2VybmFtZSI6ImNlbGViZGlnaXRhbCIsInVzZXJfcGFzc3dvcmQiOiJZanQxMjMkJCIsImlhdCI6MTcxODQyODAxMywiZXhwIjoxNzE5MDMyODEzfQ.E3WEuUVXs__Zg3bewT6rCPBHwW_y6O_vHl64qOHyi4E' AND usr_mgt_status IN ('N','Y')
15-06-2024 11:03:57 info: [select query response] : [{"user_id":1,"user_master_id":1,"parent_id":1,"user_name":"celebdigital","api_key":"AA1DE999B6B65D2","login_id":"celebdigital","login_password":"6a7aeb15b637d682e624561e1c9bbc45","user_email":"arun@yeejai.com","user_mobile":"8888888888","usr_mgt_status":"Y","usr_mgt_entry_date":"2024-06-15T05:06:53.000Z","user_bearer_token":"Bearer eyJhbGciOiJIUzI1NiIsInR5cCI6IkpXVCJ9.eyJ1c2VybmFtZSI6ImNlbGViZGlnaXRhbCIsInVzZXJfcGFzc3dvcmQiOiJZanQxMjMkJCIsImlhdCI6MTcxODQyODAxMywiZXhwIjoxNzE5MDMyODEzfQ.E3WEuUVXs__Zg3bewT6rCPBHwW_y6O_vHl64qOHyi4E"}]
15-06-2024 11:04:30 info: App started listening at http://localhost:10017
15-06-2024 11:05:34 info: [API REQUEST] /report/mtd_report - {} - {"authorization":"Bearer eyJhbGciOiJIUzI1NiIsInR5cCI6IkpXVCJ9.eyJ1c2VybmFtZSI6ImNlbGViZGlnaXRhbCIsInVzZXJfcGFzc3dvcmQiOiJZanQxMjMkJCIsImlhdCI6MTcxODQyODAxMywiZXhwIjoxNzE5MDMyODEzfQ.E3WEuUVXs__Zg3bewT6rCPBHwW_y6O_vHl64qOHyi4E","user-agent":"PostmanRuntime/7.39.0","accept":"*/*","cache-control":"no-cache","postman-token":"0068ec3b-cf3c-4eeb-a257-4732b8056317","host":"localhost:10017","accept-encoding":"gzip, deflate, br","connection":"keep-alive","content-length":"0"} - undefined
15-06-2024 11:05:34 info: Bearer eyJhbGciOiJIUzI1NiIsInR5cCI6IkpXVCJ9.eyJ1c2VybmFtZSI6ImNlbGViZGlnaXRhbCIsInVzZXJfcGFzc3dvcmQiOiJZanQxMjMkJCIsImlhdCI6MTcxODQyODAxMywiZXhwIjoxNzE5MDMyODEzfQ.E3WEuUVXs__Zg3bewT6rCPBHwW_y6O_vHl64qOHyi4EbearerHeader
15-06-2024 11:05:34 info: [select query request] : SELECT * FROM user_management WHERE user_bearer_token = 'Bearer eyJhbGciOiJIUzI1NiIsInR5cCI6IkpXVCJ9.eyJ1c2VybmFtZSI6ImNlbGViZGlnaXRhbCIsInVzZXJfcGFzc3dvcmQiOiJZanQxMjMkJCIsImlhdCI6MTcxODQyODAxMywiZXhwIjoxNzE5MDMyODEzfQ.E3WEuUVXs__Zg3bewT6rCPBHwW_y6O_vHl64qOHyi4E' AND usr_mgt_status IN ('N','Y')
15-06-2024 11:05:34 info: [select query response] : [{"user_id":1,"user_master_id":1,"parent_id":1,"user_name":"celebdigital","api_key":"AA1DE999B6B65D2","login_id":"celebdigital","login_password":"6a7aeb15b637d682e624561e1c9bbc45","user_email":"arun@yeejai.com","user_mobile":"8888888888","usr_mgt_status":"Y","usr_mgt_entry_date":"2024-06-15T05:06:53.000Z","user_bearer_token":"Bearer eyJhbGciOiJIUzI1NiIsInR5cCI6IkpXVCJ9.eyJ1c2VybmFtZSI6ImNlbGViZGlnaXRhbCIsInVzZXJfcGFzc3dvcmQiOiJZanQxMjMkJCIsImlhdCI6MTcxODQyODAxMywiZXhwIjoxNzE5MDMyODEzfQ.E3WEuUVXs__Zg3bewT6rCPBHwW_y6O_vHl64qOHyi4E"}]
15-06-2024 11:31:34 info: [API REQUEST] /logout - {"request_id":"dkjc vnb;","user_id":"1"} - {"content-type":"application/json","authorization":"Bearer eyJhbGciOiJIUzI1NiIsInR5cCI6IkpXVCJ9.eyJ1c2VybmFtZSI6ImNlbGViZGlnaXRhbCIsInVzZXJfcGFzc3dvcmQiOiJZanQxMjMkJCIsImlhdCI6MTcxODM1MDYxNSwiZXhwIjoxNzE4OTU1NDE1fQ.RLJYl0oa1xULNDhvNpNEVSswQthdvl76jLkarwvOWEI","user-agent":"PostmanRuntime/7.39.0","accept":"*/*","cache-control":"no-cache","postman-token":"e075ac0c-824b-421b-b7fc-59af5b6e07c7","host":"localhost:10017","accept-encoding":"gzip, deflate, br","connection":"keep-alive","content-length":"55"} - undefined
15-06-2024 11:31:34 info: [Select query request] : CALL api_log('/logout','undefined','dkjc vnb;' ,'Bearer eyJhbGciOiJIUzI1NiIsInR5cCI6IkpXVCJ9.eyJ1c2VybmFtZSI6ImNlbGViZGlnaXRhbCIsInVzZXJfcGFzc3dvcmQiOiJZanQxMjMkJCIsImlhdCI6MTcxODM1MDYxNSwiZXhwIjoxNzE4OTU1NDE1fQ.RLJYl0oa1xULNDhvNpNEVSswQthdvl76jLkarwvOWEI','1')
15-06-2024 11:31:34 info: [select query response ] : [[{"response_msg":"Request already processed","Status":"Status"}],[{"response_msg":"Invalid token or User ID","Failed":"Failed"}],{"fieldCount":0,"affectedRows":3,"insertId":0,"info":"","serverStatus":34,"warningStatus":0,"changedRows":0}]
15-06-2024 11:31:34 info: [API RESPONSE] {"request_id":"dkjc vnb;","response_code":0,"response_status":201,"response_msg":"Request already processed"}
15-06-2024 11:31:42 info: [API REQUEST] /logout - {"request_id":"djhcduyhvy","user_id":"1"} - {"content-type":"application/json","authorization":"Bearer eyJhbGciOiJIUzI1NiIsInR5cCI6IkpXVCJ9.eyJ1c2VybmFtZSI6ImNlbGViZGlnaXRhbCIsInVzZXJfcGFzc3dvcmQiOiJZanQxMjMkJCIsImlhdCI6MTcxODM1MDYxNSwiZXhwIjoxNzE4OTU1NDE1fQ.RLJYl0oa1xULNDhvNpNEVSswQthdvl76jLkarwvOWEI","user-agent":"PostmanRuntime/7.39.0","accept":"*/*","cache-control":"no-cache","postman-token":"c6de7d04-a5ee-46cc-9cc3-02713af061fe","host":"localhost:10017","accept-encoding":"gzip, deflate, br","connection":"keep-alive","content-length":"56"} - undefined
15-06-2024 11:31:42 info: [Select query request] : CALL api_log('/logout','undefined','djhcduyhvy' ,'Bearer eyJhbGciOiJIUzI1NiIsInR5cCI6IkpXVCJ9.eyJ1c2VybmFtZSI6ImNlbGViZGlnaXRhbCIsInVzZXJfcGFzc3dvcmQiOiJZanQxMjMkJCIsImlhdCI6MTcxODM1MDYxNSwiZXhwIjoxNzE4OTU1NDE1fQ.RLJYl0oa1xULNDhvNpNEVSswQthdvl76jLkarwvOWEI','1')
15-06-2024 11:31:42 info: [select query response ] : [[{"response_msg":"Invalid token or User ID","Failed":"Failed"}],{"fieldCount":0,"affectedRows":3,"insertId":0,"info":"","serverStatus":34,"warningStatus":0,"changedRows":0}]
15-06-2024 11:31:42 info: [API RESPONSE] {"request_id":"djhcduyhvy","response_code":0,"response_status":403,"response_msg":"Invalid token or User ID"}
15-06-2024 11:32:26 info: [API REQUEST] /logout - {"request_id":"dcjlrvf","user_id":"1"} - {"content-type":"application/json","authorization":"Bearer eyJhbGciOiJIUzI1NiIsInR5cCI6IkpXVCJ9.eyJ1c2VybmFtZSI6ImNlbGViZGlnaXRhbCIsInVzZXJfcGFzc3dvcmQiOiJZanQxMjMkJCIsImlhdCI6MTcxODQyODAxMywiZXhwIjoxNzE5MDMyODEzfQ.E3WEuUVXs__Zg3bewT6rCPBHwW_y6O_vHl64qOHyi4E","user-agent":"PostmanRuntime/7.39.0","accept":"*/*","cache-control":"no-cache","postman-token":"51894186-4f33-44c8-b8dc-52538cdb1705","host":"localhost:10017","accept-encoding":"gzip, deflate, br","connection":"keep-alive","content-length":"53"} - undefined
15-06-2024 11:32:26 info: [Select query request] : CALL api_log('/logout','undefined','dcjlrvf' ,'Bearer eyJhbGciOiJIUzI1NiIsInR5cCI6IkpXVCJ9.eyJ1c2VybmFtZSI6ImNlbGViZGlnaXRhbCIsInVzZXJfcGFzc3dvcmQiOiJZanQxMjMkJCIsImlhdCI6MTcxODQyODAxMywiZXhwIjoxNzE5MDMyODEzfQ.E3WEuUVXs__Zg3bewT6rCPBHwW_y6O_vHl64qOHyi4E','1')
15-06-2024 11:32:26 info: [select query response ] : [[{"response_user_id":1,"Success":"success"}],{"fieldCount":0,"affectedRows":4,"insertId":0,"info":"","serverStatus":34,"warningStatus":0,"changedRows":0}]
15-06-2024 11:32:26 info: [select query response ] : [[{"response_user_id":1,"Success":"success"}],{"fieldCount":0,"affectedRows":4,"insertId":0,"info":"","serverStatus":34,"warningStatus":0,"changedRows":0}]
15-06-2024 11:32:26 info: [select query response ] :1
15-06-2024 11:32:26 info: [update query request] : SELECT user_master_id from user_management WHERE user_id = '1'
15-06-2024 11:32:26 info: [update query Response] : [{"user_master_id":1}]
15-06-2024 11:32:26 info: [insert query request] : INSERT INTO api_log VALUES(NULL,1,'/logout','undefined','dcjlrvf','N','-','0000-00-00 00:00:00','Y',CURRENT_TIMESTAMP)
15-06-2024 11:32:26 info: [insert query response] : {"fieldCount":0,"affectedRows":1,"insertId":157,"info":"","serverStatus":2,"warningStatus":0,"changedRows":0}
15-06-2024 11:32:26 info: [select query request] : SELECT * FROM api_log WHERE request_id = 'dcjlrvf' AND response_status != 'N' AND api_log_status='Y'
15-06-2024 11:32:26 info: [select query response] : []
15-06-2024 11:32:26 info: [Logout query parameters] : {"request_id":"dcjlrvf","user_id":1,"user_master_id":1}
15-06-2024 11:32:26 info: [select query request] : SELECT * FROM user_management where user_bearer_token = 'Bearer eyJhbGciOiJIUzI1NiIsInR5cCI6IkpXVCJ9.eyJ1c2VybmFtZSI6ImNlbGViZGlnaXRhbCIsInVzZXJfcGFzc3dvcmQiOiJZanQxMjMkJCIsImlhdCI6MTcxODQyODAxMywiZXhwIjoxNzE5MDMyODEzfQ.E3WEuUVXs__Zg3bewT6rCPBHwW_y6O_vHl64qOHyi4E' AND usr_mgt_status = 'Y' 
15-06-2024 11:32:26 info: [select query request] : SELECT * FROM user_management where user_bearer_token = 'Bearer eyJhbGciOiJIUzI1NiIsInR5cCI6IkpXVCJ9.eyJ1c2VybmFtZSI6ImNlbGViZGlnaXRhbCIsInVzZXJfcGFzc3dvcmQiOiJZanQxMjMkJCIsImlhdCI6MTcxODQyODAxMywiZXhwIjoxNzE5MDMyODEzfQ.E3WEuUVXs__Zg3bewT6rCPBHwW_y6O_vHl64qOHyi4E' AND usr_mgt_status = 'Y' and user_id = '1' 
15-06-2024 11:32:26 info: [select query response] : [{"user_id":1,"user_master_id":1,"parent_id":1,"user_name":"celebdigital","api_key":"AA1DE999B6B65D2","login_id":"celebdigital","login_password":"6a7aeb15b637d682e624561e1c9bbc45","user_email":"arun@yeejai.com","user_mobile":"8888888888","usr_mgt_status":"Y","usr_mgt_entry_date":"2024-06-15T05:06:53.000Z","user_bearer_token":"Bearer eyJhbGciOiJIUzI1NiIsInR5cCI6IkpXVCJ9.eyJ1c2VybmFtZSI6ImNlbGViZGlnaXRhbCIsInVzZXJfcGFzc3dvcmQiOiJZanQxMjMkJCIsImlhdCI6MTcxODQyODAxMywiZXhwIjoxNzE5MDMyODEzfQ.E3WEuUVXs__Zg3bewT6rCPBHwW_y6O_vHl64qOHyi4E"}]
15-06-2024 11:32:26 info: [Logout Select query request] : Select * from user_log WHERE user_id ='1' and  login_date ='2024-6-15' and user_log_status = 'I'
15-06-2024 11:32:26 info: [Logout Select query response] : [{"user_log_id":40,"user_id":1,"ip_address":"undefined","login_date":"2024-06-14T18:30:00.000Z","login_time":"2024-06-15T05:06:53.000Z","logout_time":null,"user_log_status":"I","user_log_entry_date":"2024-06-15T05:06:53.000Z"}]
15-06-2024 11:32:26 info: [Update query request] : UPDATE user_management SET user_bearer_token= '-' WHERE user_id ='1' 
15-06-2024 11:32:26 info: [Update query response] : {"fieldCount":0,"affectedRows":1,"insertId":0,"info":"Rows matched: 1  Changed: 1  Warnings: 0","serverStatus":2,"warningStatus":0,"changedRows":1}
15-06-2024 11:32:26 info: [Logout Update query request] : UPDATE user_log SET logout_time = '2024-6-15 11:32:26',user_log_status ='O' WHERE user_id ='1' and login_date ='2024-6-15' and user_log_status = 'I' 
15-06-2024 11:32:26 info: [ Logout Update query response] : {"fieldCount":0,"affectedRows":1,"insertId":0,"info":"Rows matched: 1  Changed: 1  Warnings: 0","serverStatus":34,"warningStatus":0,"changedRows":1}
15-06-2024 11:42:17 info: [API REQUEST] /user/change_password - {"request_id":"ekljefjrbh","ex_password":"Yjt@123#","new_password":"Yjt123$$"} - {"content-type":"application/json","authorization":"Bearer eyJhbGciOiJIUzI1NiIsInR5cCI6IkpXVCJ9.eyJ1c2VybmFtZSI6ImNlbGViZGlnaXRhbCIsInVzZXJfcGFzc3dvcmQiOiJZanRAMTIzIyIsImlhdCI6MTcxODM3MDQ3MywiZXhwIjoxNzE4OTc1MjczfQ.Pi9ZiAhOpKoIrgAoPzDSNyFIKUonG68GXBMoyYt92ZY","user-agent":"PostmanRuntime/7.39.0","accept":"*/*","cache-control":"no-cache","postman-token":"779ae44b-09b7-449d-aaf1-2bcbe10c988d","host":"localhost:10017","accept-encoding":"gzip, deflate, br","connection":"keep-alive","content-length":"98"} - undefined
15-06-2024 11:42:17 info: [Select query request] : CALL api_log('/user/change_password','undefined','ekljefjrbh' ,'Bearer eyJhbGciOiJIUzI1NiIsInR5cCI6IkpXVCJ9.eyJ1c2VybmFtZSI6ImNlbGViZGlnaXRhbCIsInVzZXJfcGFzc3dvcmQiOiJZanRAMTIzIyIsImlhdCI6MTcxODM3MDQ3MywiZXhwIjoxNzE4OTc1MjczfQ.Pi9ZiAhOpKoIrgAoPzDSNyFIKUonG68GXBMoyYt92ZY',null)
15-06-2024 11:42:17 info: [select query response ] : [[{"response_user_id":1,"Success":"success"}],{"fieldCount":0,"affectedRows":4,"insertId":0,"info":"","serverStatus":34,"warningStatus":0,"changedRows":0}]
15-06-2024 11:42:17 info: [select query response ] : [[{"response_user_id":1,"Success":"success"}],{"fieldCount":0,"affectedRows":4,"insertId":0,"info":"","serverStatus":34,"warningStatus":0,"changedRows":0}]
15-06-2024 11:42:17 info: [select query response ] :1
15-06-2024 11:42:17 info: [update query request] : SELECT user_master_id from user_management WHERE user_id = '1'
15-06-2024 11:42:17 info: [update query Response] : [{"user_master_id":1}]
15-06-2024 11:42:35 info: [API REQUEST] /user/change_password - {"request_id":"jdhbcjhdl","ex_password":"Yjt123$$","new_password":"Yjt@123#"} - {"content-type":"application/json","authorization":"Bearer eyJhbGciOiJIUzI1NiIsInR5cCI6IkpXVCJ9.eyJ1c2VybmFtZSI6ImNlbGViZGlnaXRhbCIsInVzZXJfcGFzc3dvcmQiOiJZanRAMTIzIyIsImlhdCI6MTcxODM3MDQ3MywiZXhwIjoxNzE4OTc1MjczfQ.Pi9ZiAhOpKoIrgAoPzDSNyFIKUonG68GXBMoyYt92ZY","user-agent":"PostmanRuntime/7.39.0","accept":"*/*","cache-control":"no-cache","postman-token":"61472b46-51bb-4636-919b-921cd1b50c91","host":"localhost:10017","accept-encoding":"gzip, deflate, br","connection":"keep-alive","content-length":"97"} - undefined
15-06-2024 11:42:35 info: [Select query request] : CALL api_log('/user/change_password','undefined','jdhbcjhdl' ,'Bearer eyJhbGciOiJIUzI1NiIsInR5cCI6IkpXVCJ9.eyJ1c2VybmFtZSI6ImNlbGViZGlnaXRhbCIsInVzZXJfcGFzc3dvcmQiOiJZanRAMTIzIyIsImlhdCI6MTcxODM3MDQ3MywiZXhwIjoxNzE4OTc1MjczfQ.Pi9ZiAhOpKoIrgAoPzDSNyFIKUonG68GXBMoyYt92ZY',null)
15-06-2024 11:42:35 info: [select query response ] : [[{"response_user_id":1,"Success":"success"}],{"fieldCount":0,"affectedRows":3,"insertId":0,"info":"","serverStatus":34,"warningStatus":0,"changedRows":0}]
15-06-2024 11:42:35 info: [select query response ] : [[{"response_user_id":1,"Success":"success"}],{"fieldCount":0,"affectedRows":3,"insertId":0,"info":"","serverStatus":34,"warningStatus":0,"changedRows":0}]
15-06-2024 11:42:35 info: [select query response ] :1
15-06-2024 11:42:35 info: [update query request] : SELECT user_master_id from user_management WHERE user_id = '1'
15-06-2024 11:42:35 info: [update query Response] : [{"user_master_id":1}]
15-06-2024 11:54:00 info: [API REQUEST] /user/camera_check/ - {"camera_name":"Front Entrance","list":"10","ip_address":"192.168.1.100","camera_details":"Indoor camera","cameraradio1":"Active","request_id":"naga"} - {"content-type":"application/json","authorization":"Bearer eyJhbGciOiJIUzI1NiIsInR5cCI6IkpXVCJ9.eyJ1c2VybmFtZSI6ImNlbGViZGlnaXRhbCIsInVzZXJfcGFzc3dvcmQiOiJZanQxMjMkJCIsImlhdCI6MTcxODM1MDYxNSwiZXhwIjoxNzE4OTU1NDE1fQ.RLJYl0oa1xULNDhvNpNEVSswQthdvl76jLkarwvOWEI","user-agent":"PostmanRuntime/7.39.0","accept":"*/*","cache-control":"no-cache","postman-token":"238de38a-e85b-4c95-8f3f-7175faeceaa6","host":"localhost:10017","accept-encoding":"gzip, deflate, br","connection":"keep-alive","content-length":"195"} - undefined
15-06-2024 11:54:00 info: [Select query request] : CALL api_log('/user/camera_check/','undefined','naga' ,'Bearer eyJhbGciOiJIUzI1NiIsInR5cCI6IkpXVCJ9.eyJ1c2VybmFtZSI6ImNlbGViZGlnaXRhbCIsInVzZXJfcGFzc3dvcmQiOiJZanQxMjMkJCIsImlhdCI6MTcxODM1MDYxNSwiZXhwIjoxNzE4OTU1NDE1fQ.RLJYl0oa1xULNDhvNpNEVSswQthdvl76jLkarwvOWEI',null)
15-06-2024 11:54:00 info: [select query response ] : [[{"response_user_id":1,"Success":"success"}],{"fieldCount":0,"affectedRows":4,"insertId":0,"info":"","serverStatus":34,"warningStatus":0,"changedRows":0}]
15-06-2024 11:54:00 info: [select query response ] : [[{"response_user_id":1,"Success":"success"}],{"fieldCount":0,"affectedRows":4,"insertId":0,"info":"","serverStatus":34,"warningStatus":0,"changedRows":0}]
15-06-2024 11:54:00 info: [select query response ] :1
15-06-2024 11:54:00 info: [update query request] : SELECT user_master_id from user_management WHERE user_id = '1'
15-06-2024 11:54:00 info: [update query Response] : [{"user_master_id":1}]
15-06-2024 11:57:26 info: [API REQUEST] /user/dashbord_change - {} - {"authorization":"Bearer eyJhbGciOiJIUzI1NiIsInR5cCI6IkpXVCJ9.eyJ1c2VybmFtZSI6ImNlbGViZGlnaXRhbCIsInVzZXJfcGFzc3dvcmQiOiJZanQxMjMkJCIsImlhdCI6MTcxODQyODAxMywiZXhwIjoxNzE5MDMyODEzfQ.E3WEuUVXs__Zg3bewT6rCPBHwW_y6O_vHl64qOHyi4E","user-agent":"PostmanRuntime/7.39.0","accept":"*/*","cache-control":"no-cache","postman-token":"ad8e7069-630e-4a61-b46d-d405ae7f9a5c","host":"localhost:10017","accept-encoding":"gzip, deflate, br","connection":"keep-alive","content-length":"0"} - undefined
15-06-2024 11:57:26 info: Bearer eyJhbGciOiJIUzI1NiIsInR5cCI6IkpXVCJ9.eyJ1c2VybmFtZSI6ImNlbGViZGlnaXRhbCIsInVzZXJfcGFzc3dvcmQiOiJZanQxMjMkJCIsImlhdCI6MTcxODQyODAxMywiZXhwIjoxNzE5MDMyODEzfQ.E3WEuUVXs__Zg3bewT6rCPBHwW_y6O_vHl64qOHyi4EbearerHeader
15-06-2024 11:57:26 info: [select query request] : SELECT * FROM user_management WHERE user_bearer_token = 'Bearer eyJhbGciOiJIUzI1NiIsInR5cCI6IkpXVCJ9.eyJ1c2VybmFtZSI6ImNlbGViZGlnaXRhbCIsInVzZXJfcGFzc3dvcmQiOiJZanQxMjMkJCIsImlhdCI6MTcxODQyODAxMywiZXhwIjoxNzE5MDMyODEzfQ.E3WEuUVXs__Zg3bewT6rCPBHwW_y6O_vHl64qOHyi4E' AND usr_mgt_status IN ('N','Y')
15-06-2024 11:57:26 info: [select query response] : []
15-06-2024 11:57:26 info: [API RESPONSE] {"response_code":0,"response_status":403,"response_msg":"Invalid Token"}
15-06-2024 11:57:48 info: [API REQUEST] /user/dashbord_change - {} - {"authorization":"Bearer eyJhbGciOiJIUzI1NiIsInR5cCI6IkpXVCJ9.eyJ1c2VybmFtZSI6ImNlbGViZGlnaXRhbCIsInVzZXJfcGFzc3dvcmQiOiJZanQxMjMkJCIsImlhdCI6MTcxODM1MDYxNSwiZXhwIjoxNzE4OTU1NDE1fQ.RLJYl0oa1xULNDhvNpNEVSswQthdvl76jLkarwvOWEI","user-agent":"PostmanRuntime/7.39.0","accept":"*/*","cache-control":"no-cache","postman-token":"a0013db7-cbaa-4ef8-9db4-687889724eac","host":"localhost:10017","accept-encoding":"gzip, deflate, br","connection":"keep-alive","content-length":"0"} - undefined
15-06-2024 11:57:48 info: Bearer eyJhbGciOiJIUzI1NiIsInR5cCI6IkpXVCJ9.eyJ1c2VybmFtZSI6ImNlbGViZGlnaXRhbCIsInVzZXJfcGFzc3dvcmQiOiJZanQxMjMkJCIsImlhdCI6MTcxODM1MDYxNSwiZXhwIjoxNzE4OTU1NDE1fQ.RLJYl0oa1xULNDhvNpNEVSswQthdvl76jLkarwvOWEIbearerHeader
15-06-2024 11:57:48 info: [select query request] : SELECT * FROM user_management WHERE user_bearer_token = 'Bearer eyJhbGciOiJIUzI1NiIsInR5cCI6IkpXVCJ9.eyJ1c2VybmFtZSI6ImNlbGViZGlnaXRhbCIsInVzZXJfcGFzc3dvcmQiOiJZanQxMjMkJCIsImlhdCI6MTcxODM1MDYxNSwiZXhwIjoxNzE4OTU1NDE1fQ.RLJYl0oa1xULNDhvNpNEVSswQthdvl76jLkarwvOWEI' AND usr_mgt_status IN ('N','Y')
15-06-2024 11:57:48 info: [select query response] : []
15-06-2024 11:57:48 info: [API RESPONSE] {"response_code":0,"response_status":403,"response_msg":"Invalid Token"}
15-06-2024 11:57:54 info: [API REQUEST] /user/camera_check/ - {"camera_name":"Front Entrance","list":"10","ip_address":"192.168.1.100","camera_details":"Indoor camera","cameraradio1":"Active","request_id":"naga"} - {"content-type":"application/json","authorization":"Bearer eyJhbGciOiJIUzI1NiIsInR5cCI6IkpXVCJ9.eyJ1c2VybmFtZSI6ImNlbGViZGlnaXRhbCIsInVzZXJfcGFzc3dvcmQiOiJZanQxMjMkJCIsImlhdCI6MTcxODM1MDYxNSwiZXhwIjoxNzE4OTU1NDE1fQ.RLJYl0oa1xULNDhvNpNEVSswQthdvl76jLkarwvOWEI","user-agent":"PostmanRuntime/7.39.0","accept":"*/*","cache-control":"no-cache","postman-token":"f2f91791-3920-43da-b139-6da88fdc8d74","host":"localhost:10017","accept-encoding":"gzip, deflate, br","connection":"keep-alive","content-length":"195"} - undefined
15-06-2024 11:57:54 info: [Select query request] : CALL api_log('/user/camera_check/','undefined','naga' ,'Bearer eyJhbGciOiJIUzI1NiIsInR5cCI6IkpXVCJ9.eyJ1c2VybmFtZSI6ImNlbGViZGlnaXRhbCIsInVzZXJfcGFzc3dvcmQiOiJZanQxMjMkJCIsImlhdCI6MTcxODM1MDYxNSwiZXhwIjoxNzE4OTU1NDE1fQ.RLJYl0oa1xULNDhvNpNEVSswQthdvl76jLkarwvOWEI',null)
15-06-2024 11:57:54 info: [select query response ] : [[{"response_user_id":1,"Success":"success"}],{"fieldCount":0,"affectedRows":5,"insertId":0,"info":"","serverStatus":34,"warningStatus":0,"changedRows":0}]
15-06-2024 11:57:54 info: [select query response ] : [[{"response_user_id":1,"Success":"success"}],{"fieldCount":0,"affectedRows":5,"insertId":0,"info":"","serverStatus":34,"warningStatus":0,"changedRows":0}]
15-06-2024 11:57:54 info: [select query response ] :1
15-06-2024 11:57:54 info: [update query request] : SELECT user_master_id from user_management WHERE user_id = '1'
15-06-2024 11:57:54 info: [update query Response] : [{"user_master_id":1}]
15-06-2024 11:59:05 info: App started listening at http://localhost:10017
15-06-2024 12:00:34 info: [insert query request] : INSERT INTO api_log VALUES(NULL,1,'/login','undefined','2024166120034_1718','N','-','0000-00-00 00:00:00','Y',CURRENT_TIMESTAMP)
15-06-2024 12:00:34 info: [insert query response] : {"fieldCount":0,"affectedRows":1,"insertId":162,"info":"","serverStatus":2,"warningStatus":0,"changedRows":0}
15-06-2024 12:00:34 info: [select query request] : SELECT * FROM api_log WHERE request_id = '2024166120034_1718' AND response_status != 'N' AND api_log_status='Y'
15-06-2024 12:00:34 info: [select query response] : []
15-06-2024 12:00:34 info: [API REQUEST] /login - {"request_id":"2024166120034_1718","txt_username":"celebdigital","txt_password":"Yjt@123#"} - {"host":"localhost:10017","accept":"*/*","accept-encoding":"deflate, gzip","content-type":"application/json","content-length":"102"} - undefined
15-06-2024 12:00:34 info: [select query request] : SELECT * FROM user_management where login_id = 'celebdigital' and usr_mgt_status in ('N', 'Y', 'R') ORDER BY user_id ASC
15-06-2024 12:00:34 info: [select query request] : SELECT * FROM user_management where login_id = 'celebdigital' and login_password = '59d5d533b458f7a31266d2062a35b98a' and usr_mgt_status in ('N', 'Y', 'R') ORDER BY user_id ASC
15-06-2024 12:00:34 info: [Update query request] : UPDATE user_management  SET user_bearer_token = 'Bearer eyJhbGciOiJIUzI1NiIsInR5cCI6IkpXVCJ9.eyJ1c2VybmFtZSI6ImNlbGViZGlnaXRhbCIsInVzZXJfcGFzc3dvcmQiOiJZanRAMTIzIyIsImlhdCI6MTcxODQzMzAzNCwiZXhwIjoxNzE5MDM3ODM0fQ.pae0UXRBcKEyV5ueOac3nOw1MU8seHiS8Uom7yPu108' WHERE user_id = '1'
15-06-2024 12:00:34 info: [Update query Response] : {"fieldCount":0,"affectedRows":1,"insertId":0,"info":"Rows matched: 1  Changed: 1  Warnings: 0","serverStatus":2,"warningStatus":0,"changedRows":1}
15-06-2024 12:00:34 info: [select query request] : SELECT user_id,user_log_status,login_date FROM user_log where user_id ='1' and user_log_status = 'I' and date(login_date) ='2024-6-15'
15-06-2024 12:00:34 info: [insert query request] : INSERT INTO user_log VALUES(NULL, '1', 'undefined', '2024-6-15 12:0:34', '2024-6-15 12:0:34', NULL, 'I', '2024-6-15 12:0:34')
15-06-2024 12:00:34 info: : [call_index_signin] Success 
15-06-2024 12:01:00 info: App started listening at http://localhost:10017
15-06-2024 12:01:14 info: [API REQUEST] /user/dashbord_change - {} - {"authorization":"Bearer eyJhbGciOiJIUzI1NiIsInR5cCI6IkpXVCJ9.eyJ1c2VybmFtZSI6ImNlbGViZGlnaXRhbCIsInVzZXJfcGFzc3dvcmQiOiJZanQxMjMkJCIsImlhdCI6MTcxODM1MDYxNSwiZXhwIjoxNzE4OTU1NDE1fQ.RLJYl0oa1xULNDhvNpNEVSswQthdvl76jLkarwvOWEI","user-agent":"PostmanRuntime/7.39.0","accept":"*/*","cache-control":"no-cache","postman-token":"94d4556e-a8dd-4d01-bc7b-92d5a6eee3e9","host":"localhost:10017","accept-encoding":"gzip, deflate, br","connection":"keep-alive","content-length":"0"} - undefined
15-06-2024 12:01:14 info: Bearer eyJhbGciOiJIUzI1NiIsInR5cCI6IkpXVCJ9.eyJ1c2VybmFtZSI6ImNlbGViZGlnaXRhbCIsInVzZXJfcGFzc3dvcmQiOiJZanQxMjMkJCIsImlhdCI6MTcxODM1MDYxNSwiZXhwIjoxNzE4OTU1NDE1fQ.RLJYl0oa1xULNDhvNpNEVSswQthdvl76jLkarwvOWEIbearerHeader
15-06-2024 12:01:14 info: [select query request] : SELECT * FROM user_management WHERE user_bearer_token = 'Bearer eyJhbGciOiJIUzI1NiIsInR5cCI6IkpXVCJ9.eyJ1c2VybmFtZSI6ImNlbGViZGlnaXRhbCIsInVzZXJfcGFzc3dvcmQiOiJZanQxMjMkJCIsImlhdCI6MTcxODM1MDYxNSwiZXhwIjoxNzE4OTU1NDE1fQ.RLJYl0oa1xULNDhvNpNEVSswQthdvl76jLkarwvOWEI' AND usr_mgt_status IN ('N','Y')
15-06-2024 12:01:14 info: [select query response] : []
15-06-2024 12:01:14 info: [API RESPONSE] {"response_code":0,"response_status":403,"response_msg":"Invalid Token"}
15-06-2024 12:02:23 info: [API REQUEST] /report/ltd_report - {} - {"authorization":"Bearer eyJhbGciOiJIUzI1NiIsInR5cCI6IkpXVCJ9.eyJ1c2VybmFtZSI6ImNlbGViZGlnaXRhbCIsInVzZXJfcGFzc3dvcmQiOiJZanQxMjMkJCIsImlhdCI6MTcxODQyODAxMywiZXhwIjoxNzE5MDMyODEzfQ.E3WEuUVXs__Zg3bewT6rCPBHwW_y6O_vHl64qOHyi4E","user-agent":"PostmanRuntime/7.39.0","accept":"*/*","cache-control":"no-cache","postman-token":"e990b17a-c21b-45c4-b54d-470f39b27b86","host":"localhost:10017","accept-encoding":"gzip, deflate, br","connection":"keep-alive","content-length":"0"} - undefined
15-06-2024 12:02:23 info: Bearer eyJhbGciOiJIUzI1NiIsInR5cCI6IkpXVCJ9.eyJ1c2VybmFtZSI6ImNlbGViZGlnaXRhbCIsInVzZXJfcGFzc3dvcmQiOiJZanQxMjMkJCIsImlhdCI6MTcxODQyODAxMywiZXhwIjoxNzE5MDMyODEzfQ.E3WEuUVXs__Zg3bewT6rCPBHwW_y6O_vHl64qOHyi4EbearerHeader
15-06-2024 12:02:23 info: [select query request] : SELECT * FROM user_management WHERE user_bearer_token = 'Bearer eyJhbGciOiJIUzI1NiIsInR5cCI6IkpXVCJ9.eyJ1c2VybmFtZSI6ImNlbGViZGlnaXRhbCIsInVzZXJfcGFzc3dvcmQiOiJZanQxMjMkJCIsImlhdCI6MTcxODQyODAxMywiZXhwIjoxNzE5MDMyODEzfQ.E3WEuUVXs__Zg3bewT6rCPBHwW_y6O_vHl64qOHyi4E' AND usr_mgt_status IN ('N','Y')
15-06-2024 12:02:23 info: [select query response] : []
15-06-2024 12:02:23 info: [API RESPONSE] {"response_code":0,"response_status":403,"response_msg":"Invalid Token"}
15-06-2024 12:04:09 info: App started listening at http://localhost:10017
15-06-2024 12:04:50 info: App started listening at http://localhost:10017
15-06-2024 12:06:25 info: [API REQUEST] /user/dashbord_change - {} - {"authorization":"Bearer eyJhbGciOiJIUzI1NiIsInR5cCI6IkpXVCJ9.eyJ1c2VybmFtZSI6ImNlbGViZGlnaXRhbCIsInVzZXJfcGFzc3dvcmQiOiJZanRAMTIzIyIsImlhdCI6MTcxODQzMzAzNCwiZXhwIjoxNzE5MDM3ODM0fQ.pae0UXRBcKEyV5ueOac3nOw1MU8seHiS8Uom7yPu108","user-agent":"PostmanRuntime/7.39.0","accept":"*/*","cache-control":"no-cache","postman-token":"cd5501e9-5cf2-487c-ba07-25b63c9917a0","host":"localhost:10017","accept-encoding":"gzip, deflate, br","connection":"keep-alive","content-length":"0"} - undefined
15-06-2024 12:06:25 info: Bearer eyJhbGciOiJIUzI1NiIsInR5cCI6IkpXVCJ9.eyJ1c2VybmFtZSI6ImNlbGViZGlnaXRhbCIsInVzZXJfcGFzc3dvcmQiOiJZanRAMTIzIyIsImlhdCI6MTcxODQzMzAzNCwiZXhwIjoxNzE5MDM3ODM0fQ.pae0UXRBcKEyV5ueOac3nOw1MU8seHiS8Uom7yPu108bearerHeader
15-06-2024 12:06:25 info: [select query request] : SELECT * FROM user_management WHERE user_bearer_token = 'Bearer eyJhbGciOiJIUzI1NiIsInR5cCI6IkpXVCJ9.eyJ1c2VybmFtZSI6ImNlbGViZGlnaXRhbCIsInVzZXJfcGFzc3dvcmQiOiJZanRAMTIzIyIsImlhdCI6MTcxODQzMzAzNCwiZXhwIjoxNzE5MDM3ODM0fQ.pae0UXRBcKEyV5ueOac3nOw1MU8seHiS8Uom7yPu108' AND usr_mgt_status IN ('N','Y')
15-06-2024 12:06:25 info: [select query response] : [{"user_id":1,"user_master_id":1,"parent_id":1,"user_name":"celebdigital","api_key":"AA1DE999B6B65D2","login_id":"celebdigital","login_password":"59d5d533b458f7a31266d2062a35b98a","user_email":"arun@yeejai.com","user_mobile":"8888888888","usr_mgt_status":"Y","usr_mgt_entry_date":"2024-06-15T06:30:34.000Z","user_bearer_token":"Bearer eyJhbGciOiJIUzI1NiIsInR5cCI6IkpXVCJ9.eyJ1c2VybmFtZSI6ImNlbGViZGlnaXRhbCIsInVzZXJfcGFzc3dvcmQiOiJZanRAMTIzIyIsImlhdCI6MTcxODQzMzAzNCwiZXhwIjoxNzE5MDM3ODM0fQ.pae0UXRBcKEyV5ueOac3nOw1MU8seHiS8Uom7yPu108"}]
15-06-2024 12:16:20 info: [API REQUEST] /report/ltd_report - {} - {"authorization":"Bearer eyJhbGciOiJIUzI1NiIsInR5cCI6IkpXVCJ9.eyJ1c2VybmFtZSI6ImNlbGViZGlnaXRhbCIsInVzZXJfcGFzc3dvcmQiOiJZanRAMTIzIyIsImlhdCI6MTcxODQzMzAzNCwiZXhwIjoxNzE5MDM3ODM0fQ.pae0UXRBcKEyV5ueOac3nOw1MU8seHiS8Uom7yPu108","user-agent":"PostmanRuntime/7.39.0","accept":"*/*","cache-control":"no-cache","postman-token":"8d2675f5-d589-4c9b-8758-1d813e5381b9","host":"localhost:10017","accept-encoding":"gzip, deflate, br","connection":"keep-alive","content-length":"0"} - undefined
15-06-2024 12:16:20 info: Bearer eyJhbGciOiJIUzI1NiIsInR5cCI6IkpXVCJ9.eyJ1c2VybmFtZSI6ImNlbGViZGlnaXRhbCIsInVzZXJfcGFzc3dvcmQiOiJZanRAMTIzIyIsImlhdCI6MTcxODQzMzAzNCwiZXhwIjoxNzE5MDM3ODM0fQ.pae0UXRBcKEyV5ueOac3nOw1MU8seHiS8Uom7yPu108bearerHeader
15-06-2024 12:16:20 info: [select query request] : SELECT * FROM user_management WHERE user_bearer_token = 'Bearer eyJhbGciOiJIUzI1NiIsInR5cCI6IkpXVCJ9.eyJ1c2VybmFtZSI6ImNlbGViZGlnaXRhbCIsInVzZXJfcGFzc3dvcmQiOiJZanRAMTIzIyIsImlhdCI6MTcxODQzMzAzNCwiZXhwIjoxNzE5MDM3ODM0fQ.pae0UXRBcKEyV5ueOac3nOw1MU8seHiS8Uom7yPu108' AND usr_mgt_status IN ('N','Y')
15-06-2024 12:16:20 info: [select query response] : [{"user_id":1,"user_master_id":1,"parent_id":1,"user_name":"celebdigital","api_key":"AA1DE999B6B65D2","login_id":"celebdigital","login_password":"59d5d533b458f7a31266d2062a35b98a","user_email":"arun@yeejai.com","user_mobile":"8888888888","usr_mgt_status":"Y","usr_mgt_entry_date":"2024-06-15T06:30:34.000Z","user_bearer_token":"Bearer eyJhbGciOiJIUzI1NiIsInR5cCI6IkpXVCJ9.eyJ1c2VybmFtZSI6ImNlbGViZGlnaXRhbCIsInVzZXJfcGFzc3dvcmQiOiJZanRAMTIzIyIsImlhdCI6MTcxODQzMzAzNCwiZXhwIjoxNzE5MDM3ODM0fQ.pae0UXRBcKEyV5ueOac3nOw1MU8seHiS8Uom7yPu108"}]
15-06-2024 12:19:21 info: [API REQUEST] /report/today_report - {} - {"authorization":"Bearer eyJhbGciOiJIUzI1NiIsInR5cCI6IkpXVCJ9.eyJ1c2VybmFtZSI6ImNlbGViZGlnaXRhbCIsInVzZXJfcGFzc3dvcmQiOiJZanRAMTIzIyIsImlhdCI6MTcxODQzMzAzNCwiZXhwIjoxNzE5MDM3ODM0fQ.pae0UXRBcKEyV5ueOac3nOw1MU8seHiS8Uom7yPu108","user-agent":"PostmanRuntime/7.39.0","accept":"*/*","cache-control":"no-cache","postman-token":"ad5f00f9-e002-4802-9405-e60561c7778d","host":"localhost:10017","accept-encoding":"gzip, deflate, br","connection":"keep-alive","content-length":"0"} - undefined
15-06-2024 12:19:21 info: Bearer eyJhbGciOiJIUzI1NiIsInR5cCI6IkpXVCJ9.eyJ1c2VybmFtZSI6ImNlbGViZGlnaXRhbCIsInVzZXJfcGFzc3dvcmQiOiJZanRAMTIzIyIsImlhdCI6MTcxODQzMzAzNCwiZXhwIjoxNzE5MDM3ODM0fQ.pae0UXRBcKEyV5ueOac3nOw1MU8seHiS8Uom7yPu108bearerHeader
15-06-2024 12:19:21 info: [select query request] : SELECT * FROM user_management WHERE user_bearer_token = 'Bearer eyJhbGciOiJIUzI1NiIsInR5cCI6IkpXVCJ9.eyJ1c2VybmFtZSI6ImNlbGViZGlnaXRhbCIsInVzZXJfcGFzc3dvcmQiOiJZanRAMTIzIyIsImlhdCI6MTcxODQzMzAzNCwiZXhwIjoxNzE5MDM3ODM0fQ.pae0UXRBcKEyV5ueOac3nOw1MU8seHiS8Uom7yPu108' AND usr_mgt_status IN ('N','Y')
15-06-2024 12:19:21 info: [select query response] : [{"user_id":1,"user_master_id":1,"parent_id":1,"user_name":"celebdigital","api_key":"AA1DE999B6B65D2","login_id":"celebdigital","login_password":"59d5d533b458f7a31266d2062a35b98a","user_email":"arun@yeejai.com","user_mobile":"8888888888","usr_mgt_status":"Y","usr_mgt_entry_date":"2024-06-15T06:30:34.000Z","user_bearer_token":"Bearer eyJhbGciOiJIUzI1NiIsInR5cCI6IkpXVCJ9.eyJ1c2VybmFtZSI6ImNlbGViZGlnaXRhbCIsInVzZXJfcGFzc3dvcmQiOiJZanRAMTIzIyIsImlhdCI6MTcxODQzMzAzNCwiZXhwIjoxNzE5MDM3ODM0fQ.pae0UXRBcKEyV5ueOac3nOw1MU8seHiS8Uom7yPu108"}]
15-06-2024 12:19:41 info: App started listening at http://localhost:10017
15-06-2024 12:19:44 info: [API REQUEST] /report/today_report - {} - {"authorization":"Bearer eyJhbGciOiJIUzI1NiIsInR5cCI6IkpXVCJ9.eyJ1c2VybmFtZSI6ImNlbGViZGlnaXRhbCIsInVzZXJfcGFzc3dvcmQiOiJZanRAMTIzIyIsImlhdCI6MTcxODQzMzAzNCwiZXhwIjoxNzE5MDM3ODM0fQ.pae0UXRBcKEyV5ueOac3nOw1MU8seHiS8Uom7yPu108","user-agent":"PostmanRuntime/7.39.0","accept":"*/*","cache-control":"no-cache","postman-token":"cd1502e8-e969-486e-9c64-3b3d5ea73b17","host":"localhost:10017","accept-encoding":"gzip, deflate, br","connection":"keep-alive","content-length":"0"} - undefined
15-06-2024 12:19:44 info: Bearer eyJhbGciOiJIUzI1NiIsInR5cCI6IkpXVCJ9.eyJ1c2VybmFtZSI6ImNlbGViZGlnaXRhbCIsInVzZXJfcGFzc3dvcmQiOiJZanRAMTIzIyIsImlhdCI6MTcxODQzMzAzNCwiZXhwIjoxNzE5MDM3ODM0fQ.pae0UXRBcKEyV5ueOac3nOw1MU8seHiS8Uom7yPu108bearerHeader
15-06-2024 12:19:44 info: [select query request] : SELECT * FROM user_management WHERE user_bearer_token = 'Bearer eyJhbGciOiJIUzI1NiIsInR5cCI6IkpXVCJ9.eyJ1c2VybmFtZSI6ImNlbGViZGlnaXRhbCIsInVzZXJfcGFzc3dvcmQiOiJZanRAMTIzIyIsImlhdCI6MTcxODQzMzAzNCwiZXhwIjoxNzE5MDM3ODM0fQ.pae0UXRBcKEyV5ueOac3nOw1MU8seHiS8Uom7yPu108' AND usr_mgt_status IN ('N','Y')
15-06-2024 12:19:44 info: [select query response] : [{"user_id":1,"user_master_id":1,"parent_id":1,"user_name":"celebdigital","api_key":"AA1DE999B6B65D2","login_id":"celebdigital","login_password":"59d5d533b458f7a31266d2062a35b98a","user_email":"arun@yeejai.com","user_mobile":"8888888888","usr_mgt_status":"Y","usr_mgt_entry_date":"2024-06-15T06:30:34.000Z","user_bearer_token":"Bearer eyJhbGciOiJIUzI1NiIsInR5cCI6IkpXVCJ9.eyJ1c2VybmFtZSI6ImNlbGViZGlnaXRhbCIsInVzZXJfcGFzc3dvcmQiOiJZanRAMTIzIyIsImlhdCI6MTcxODQzMzAzNCwiZXhwIjoxNzE5MDM3ODM0fQ.pae0UXRBcKEyV5ueOac3nOw1MU8seHiS8Uom7yPu108"}]
15-06-2024 12:21:28 info: [API REQUEST] /report/today_report - {} - {"authorization":"Bearer eyJhbGciOiJIUzI1NiIsInR5cCI6IkpXVCJ9.eyJ1c2VybmFtZSI6ImNlbGViZGlnaXRhbCIsInVzZXJfcGFzc3dvcmQiOiJZanRAMTIzIyIsImlhdCI6MTcxODQzMzAzNCwiZXhwIjoxNzE5MDM3ODM0fQ.pae0UXRBcKEyV5ueOac3nOw1MU8seHiS8Uom7yPu108","user-agent":"PostmanRuntime/7.39.0","accept":"*/*","cache-control":"no-cache","postman-token":"585f4511-ca12-44b6-ace6-10bcba65d802","host":"localhost:10017","accept-encoding":"gzip, deflate, br","connection":"keep-alive","content-length":"0"} - undefined
15-06-2024 12:21:28 info: Bearer eyJhbGciOiJIUzI1NiIsInR5cCI6IkpXVCJ9.eyJ1c2VybmFtZSI6ImNlbGViZGlnaXRhbCIsInVzZXJfcGFzc3dvcmQiOiJZanRAMTIzIyIsImlhdCI6MTcxODQzMzAzNCwiZXhwIjoxNzE5MDM3ODM0fQ.pae0UXRBcKEyV5ueOac3nOw1MU8seHiS8Uom7yPu108bearerHeader
15-06-2024 12:21:28 info: [select query request] : SELECT * FROM user_management WHERE user_bearer_token = 'Bearer eyJhbGciOiJIUzI1NiIsInR5cCI6IkpXVCJ9.eyJ1c2VybmFtZSI6ImNlbGViZGlnaXRhbCIsInVzZXJfcGFzc3dvcmQiOiJZanRAMTIzIyIsImlhdCI6MTcxODQzMzAzNCwiZXhwIjoxNzE5MDM3ODM0fQ.pae0UXRBcKEyV5ueOac3nOw1MU8seHiS8Uom7yPu108' AND usr_mgt_status IN ('N','Y')
15-06-2024 12:21:28 info: [select query response] : [{"user_id":1,"user_master_id":1,"parent_id":1,"user_name":"celebdigital","api_key":"AA1DE999B6B65D2","login_id":"celebdigital","login_password":"59d5d533b458f7a31266d2062a35b98a","user_email":"arun@yeejai.com","user_mobile":"8888888888","usr_mgt_status":"Y","usr_mgt_entry_date":"2024-06-15T06:30:34.000Z","user_bearer_token":"Bearer eyJhbGciOiJIUzI1NiIsInR5cCI6IkpXVCJ9.eyJ1c2VybmFtZSI6ImNlbGViZGlnaXRhbCIsInVzZXJfcGFzc3dvcmQiOiJZanRAMTIzIyIsImlhdCI6MTcxODQzMzAzNCwiZXhwIjoxNzE5MDM3ODM0fQ.pae0UXRBcKEyV5ueOac3nOw1MU8seHiS8Uom7yPu108"}]
15-06-2024 12:21:36 info: App started listening at http://localhost:10017
15-06-2024 12:21:38 info: [API REQUEST] /report/today_report - {} - {"authorization":"Bearer eyJhbGciOiJIUzI1NiIsInR5cCI6IkpXVCJ9.eyJ1c2VybmFtZSI6ImNlbGViZGlnaXRhbCIsInVzZXJfcGFzc3dvcmQiOiJZanRAMTIzIyIsImlhdCI6MTcxODQzMzAzNCwiZXhwIjoxNzE5MDM3ODM0fQ.pae0UXRBcKEyV5ueOac3nOw1MU8seHiS8Uom7yPu108","user-agent":"PostmanRuntime/7.39.0","accept":"*/*","cache-control":"no-cache","postman-token":"61e6423e-3d84-42c0-bddf-bbc571eed35a","host":"localhost:10017","accept-encoding":"gzip, deflate, br","connection":"keep-alive","content-length":"0"} - undefined
15-06-2024 12:21:38 info: Bearer eyJhbGciOiJIUzI1NiIsInR5cCI6IkpXVCJ9.eyJ1c2VybmFtZSI6ImNlbGViZGlnaXRhbCIsInVzZXJfcGFzc3dvcmQiOiJZanRAMTIzIyIsImlhdCI6MTcxODQzMzAzNCwiZXhwIjoxNzE5MDM3ODM0fQ.pae0UXRBcKEyV5ueOac3nOw1MU8seHiS8Uom7yPu108bearerHeader
15-06-2024 12:21:38 info: [select query request] : SELECT * FROM user_management WHERE user_bearer_token = 'Bearer eyJhbGciOiJIUzI1NiIsInR5cCI6IkpXVCJ9.eyJ1c2VybmFtZSI6ImNlbGViZGlnaXRhbCIsInVzZXJfcGFzc3dvcmQiOiJZanRAMTIzIyIsImlhdCI6MTcxODQzMzAzNCwiZXhwIjoxNzE5MDM3ODM0fQ.pae0UXRBcKEyV5ueOac3nOw1MU8seHiS8Uom7yPu108' AND usr_mgt_status IN ('N','Y')
15-06-2024 12:21:38 info: [select query response] : [{"user_id":1,"user_master_id":1,"parent_id":1,"user_name":"celebdigital","api_key":"AA1DE999B6B65D2","login_id":"celebdigital","login_password":"59d5d533b458f7a31266d2062a35b98a","user_email":"arun@yeejai.com","user_mobile":"8888888888","usr_mgt_status":"Y","usr_mgt_entry_date":"2024-06-15T06:30:34.000Z","user_bearer_token":"Bearer eyJhbGciOiJIUzI1NiIsInR5cCI6IkpXVCJ9.eyJ1c2VybmFtZSI6ImNlbGViZGlnaXRhbCIsInVzZXJfcGFzc3dvcmQiOiJZanRAMTIzIyIsImlhdCI6MTcxODQzMzAzNCwiZXhwIjoxNzE5MDM3ODM0fQ.pae0UXRBcKEyV5ueOac3nOw1MU8seHiS8Uom7yPu108"}]
15-06-2024 12:22:52 info: [API REQUEST] /report/todaysummary_report - {} - {"authorization":"Bearer eyJhbGciOiJIUzI1NiIsInR5cCI6IkpXVCJ9.eyJ1c2VybmFtZSI6ImNlbGViZGlnaXRhbCIsInVzZXJfcGFzc3dvcmQiOiJZanRAMTIzIyIsImlhdCI6MTcxODQzMzAzNCwiZXhwIjoxNzE5MDM3ODM0fQ.pae0UXRBcKEyV5ueOac3nOw1MU8seHiS8Uom7yPu108","user-agent":"PostmanRuntime/7.39.0","accept":"*/*","cache-control":"no-cache","postman-token":"fb0b5acc-3539-41c0-9799-ee5221fc945d","host":"localhost:10017","accept-encoding":"gzip, deflate, br","connection":"keep-alive","content-length":"0"} - undefined
15-06-2024 12:22:52 info: Bearer eyJhbGciOiJIUzI1NiIsInR5cCI6IkpXVCJ9.eyJ1c2VybmFtZSI6ImNlbGViZGlnaXRhbCIsInVzZXJfcGFzc3dvcmQiOiJZanRAMTIzIyIsImlhdCI6MTcxODQzMzAzNCwiZXhwIjoxNzE5MDM3ODM0fQ.pae0UXRBcKEyV5ueOac3nOw1MU8seHiS8Uom7yPu108bearerHeader
15-06-2024 12:22:52 info: [select query request] : SELECT * FROM user_management WHERE user_bearer_token = 'Bearer eyJhbGciOiJIUzI1NiIsInR5cCI6IkpXVCJ9.eyJ1c2VybmFtZSI6ImNlbGViZGlnaXRhbCIsInVzZXJfcGFzc3dvcmQiOiJZanRAMTIzIyIsImlhdCI6MTcxODQzMzAzNCwiZXhwIjoxNzE5MDM3ODM0fQ.pae0UXRBcKEyV5ueOac3nOw1MU8seHiS8Uom7yPu108' AND usr_mgt_status IN ('N','Y')
15-06-2024 12:22:52 info: [select query response] : [{"user_id":1,"user_master_id":1,"parent_id":1,"user_name":"celebdigital","api_key":"AA1DE999B6B65D2","login_id":"celebdigital","login_password":"59d5d533b458f7a31266d2062a35b98a","user_email":"arun@yeejai.com","user_mobile":"8888888888","usr_mgt_status":"Y","usr_mgt_entry_date":"2024-06-15T06:30:34.000Z","user_bearer_token":"Bearer eyJhbGciOiJIUzI1NiIsInR5cCI6IkpXVCJ9.eyJ1c2VybmFtZSI6ImNlbGViZGlnaXRhbCIsInVzZXJfcGFzc3dvcmQiOiJZanRAMTIzIyIsImlhdCI6MTcxODQzMzAzNCwiZXhwIjoxNzE5MDM3ODM0fQ.pae0UXRBcKEyV5ueOac3nOw1MU8seHiS8Uom7yPu108"}]
15-06-2024 12:23:15 info: App started listening at http://localhost:10017
15-06-2024 12:25:33 info: [API REQUEST] /report/today_report - {} - {"authorization":"Bearer eyJhbGciOiJIUzI1NiIsInR5cCI6IkpXVCJ9.eyJ1c2VybmFtZSI6ImNlbGViZGlnaXRhbCIsInVzZXJfcGFzc3dvcmQiOiJZanRAMTIzIyIsImlhdCI6MTcxODQzMzAzNCwiZXhwIjoxNzE5MDM3ODM0fQ.pae0UXRBcKEyV5ueOac3nOw1MU8seHiS8Uom7yPu108","user-agent":"PostmanRuntime/7.39.0","accept":"*/*","cache-control":"no-cache","postman-token":"92c40e5e-9c1a-49f6-8d85-5cc54cf3422f","host":"localhost:10017","accept-encoding":"gzip, deflate, br","connection":"keep-alive","content-length":"0"} - undefined
15-06-2024 12:25:33 info: Bearer eyJhbGciOiJIUzI1NiIsInR5cCI6IkpXVCJ9.eyJ1c2VybmFtZSI6ImNlbGViZGlnaXRhbCIsInVzZXJfcGFzc3dvcmQiOiJZanRAMTIzIyIsImlhdCI6MTcxODQzMzAzNCwiZXhwIjoxNzE5MDM3ODM0fQ.pae0UXRBcKEyV5ueOac3nOw1MU8seHiS8Uom7yPu108bearerHeader
15-06-2024 12:25:33 info: [select query request] : SELECT * FROM user_management WHERE user_bearer_token = 'Bearer eyJhbGciOiJIUzI1NiIsInR5cCI6IkpXVCJ9.eyJ1c2VybmFtZSI6ImNlbGViZGlnaXRhbCIsInVzZXJfcGFzc3dvcmQiOiJZanRAMTIzIyIsImlhdCI6MTcxODQzMzAzNCwiZXhwIjoxNzE5MDM3ODM0fQ.pae0UXRBcKEyV5ueOac3nOw1MU8seHiS8Uom7yPu108' AND usr_mgt_status IN ('N','Y')
15-06-2024 12:25:33 info: [select query response] : [{"user_id":1,"user_master_id":1,"parent_id":1,"user_name":"celebdigital","api_key":"AA1DE999B6B65D2","login_id":"celebdigital","login_password":"59d5d533b458f7a31266d2062a35b98a","user_email":"arun@yeejai.com","user_mobile":"8888888888","usr_mgt_status":"Y","usr_mgt_entry_date":"2024-06-15T06:30:34.000Z","user_bearer_token":"Bearer eyJhbGciOiJIUzI1NiIsInR5cCI6IkpXVCJ9.eyJ1c2VybmFtZSI6ImNlbGViZGlnaXRhbCIsInVzZXJfcGFzc3dvcmQiOiJZanRAMTIzIyIsImlhdCI6MTcxODQzMzAzNCwiZXhwIjoxNzE5MDM3ODM0fQ.pae0UXRBcKEyV5ueOac3nOw1MU8seHiS8Uom7yPu108"}]
15-06-2024 12:27:25 info: [API REQUEST] /report/todaysummary_report - {} - {"authorization":"Bearer eyJhbGciOiJIUzI1NiIsInR5cCI6IkpXVCJ9.eyJ1c2VybmFtZSI6ImNlbGViZGlnaXRhbCIsInVzZXJfcGFzc3dvcmQiOiJZanRAMTIzIyIsImlhdCI6MTcxODQzMzAzNCwiZXhwIjoxNzE5MDM3ODM0fQ.pae0UXRBcKEyV5ueOac3nOw1MU8seHiS8Uom7yPu108","user-agent":"PostmanRuntime/7.39.0","accept":"*/*","cache-control":"no-cache","postman-token":"7e12267d-199e-4298-b1d8-bef3f4a3f566","host":"localhost:10017","accept-encoding":"gzip, deflate, br","connection":"keep-alive","content-length":"0"} - undefined
15-06-2024 12:27:25 info: Bearer eyJhbGciOiJIUzI1NiIsInR5cCI6IkpXVCJ9.eyJ1c2VybmFtZSI6ImNlbGViZGlnaXRhbCIsInVzZXJfcGFzc3dvcmQiOiJZanRAMTIzIyIsImlhdCI6MTcxODQzMzAzNCwiZXhwIjoxNzE5MDM3ODM0fQ.pae0UXRBcKEyV5ueOac3nOw1MU8seHiS8Uom7yPu108bearerHeader
15-06-2024 12:27:25 info: [select query request] : SELECT * FROM user_management WHERE user_bearer_token = 'Bearer eyJhbGciOiJIUzI1NiIsInR5cCI6IkpXVCJ9.eyJ1c2VybmFtZSI6ImNlbGViZGlnaXRhbCIsInVzZXJfcGFzc3dvcmQiOiJZanRAMTIzIyIsImlhdCI6MTcxODQzMzAzNCwiZXhwIjoxNzE5MDM3ODM0fQ.pae0UXRBcKEyV5ueOac3nOw1MU8seHiS8Uom7yPu108' AND usr_mgt_status IN ('N','Y')
15-06-2024 12:27:25 info: [select query response] : [{"user_id":1,"user_master_id":1,"parent_id":1,"user_name":"celebdigital","api_key":"AA1DE999B6B65D2","login_id":"celebdigital","login_password":"59d5d533b458f7a31266d2062a35b98a","user_email":"arun@yeejai.com","user_mobile":"8888888888","usr_mgt_status":"Y","usr_mgt_entry_date":"2024-06-15T06:30:34.000Z","user_bearer_token":"Bearer eyJhbGciOiJIUzI1NiIsInR5cCI6IkpXVCJ9.eyJ1c2VybmFtZSI6ImNlbGViZGlnaXRhbCIsInVzZXJfcGFzc3dvcmQiOiJZanRAMTIzIyIsImlhdCI6MTcxODQzMzAzNCwiZXhwIjoxNzE5MDM3ODM0fQ.pae0UXRBcKEyV5ueOac3nOw1MU8seHiS8Uom7yPu108"}]
15-06-2024 13:17:10 info: App started listening at http://localhost:10017
15-06-2024 13:17:21 info: [API REQUEST] /report/ytd_report - {} - {"authorization":"Bearer eyJhbGciOiJIUzI1NiIsInR5cCI6IkpXVCJ9.eyJ1c2VybmFtZSI6ImNlbGViZGlnaXRhbCIsInVzZXJfcGFzc3dvcmQiOiJZanQxMjMkJCIsImlhdCI6MTcxODQyODAxMywiZXhwIjoxNzE5MDMyODEzfQ.E3WEuUVXs__Zg3bewT6rCPBHwW_y6O_vHl64qOHyi4E","user-agent":"PostmanRuntime/7.39.0","accept":"*/*","cache-control":"no-cache","postman-token":"a64025b5-5b9b-495c-9f6a-2929e9aa2e51","host":"localhost:10017","accept-encoding":"gzip, deflate, br","connection":"keep-alive","content-length":"0"} - undefined
15-06-2024 13:17:21 info: Bearer eyJhbGciOiJIUzI1NiIsInR5cCI6IkpXVCJ9.eyJ1c2VybmFtZSI6ImNlbGViZGlnaXRhbCIsInVzZXJfcGFzc3dvcmQiOiJZanQxMjMkJCIsImlhdCI6MTcxODQyODAxMywiZXhwIjoxNzE5MDMyODEzfQ.E3WEuUVXs__Zg3bewT6rCPBHwW_y6O_vHl64qOHyi4EbearerHeader
15-06-2024 13:17:21 info: [select query request] : SELECT * FROM user_management WHERE user_bearer_token = 'Bearer eyJhbGciOiJIUzI1NiIsInR5cCI6IkpXVCJ9.eyJ1c2VybmFtZSI6ImNlbGViZGlnaXRhbCIsInVzZXJfcGFzc3dvcmQiOiJZanQxMjMkJCIsImlhdCI6MTcxODQyODAxMywiZXhwIjoxNzE5MDMyODEzfQ.E3WEuUVXs__Zg3bewT6rCPBHwW_y6O_vHl64qOHyi4E' AND usr_mgt_status IN ('N','Y')
15-06-2024 13:17:21 info: [select query response] : []
15-06-2024 13:17:21 info: [API RESPONSE] {"response_code":0,"response_status":403,"response_msg":"Invalid Token"}
15-06-2024 13:17:55 info: [API REQUEST] /report/ytd_report - {} - {"authorization":"Bearer eyJhbGciOiJIUzI1NiIsInR5cCI6IkpXVCJ9.eyJ1c2VybmFtZSI6ImNlbGViZGlnaXRhbCIsInVzZXJfcGFzc3dvcmQiOiJZanRAMTIzIyIsImlhdCI6MTcxODQzMzAzNCwiZXhwIjoxNzE5MDM3ODM0fQ.pae0UXRBcKEyV5ueOac3nOw1MU8seHiS8Uom7yPu108","user-agent":"PostmanRuntime/7.39.0","accept":"*/*","cache-control":"no-cache","postman-token":"0d07ea00-1e5d-45b9-bc88-4203f76af682","host":"localhost:10017","accept-encoding":"gzip, deflate, br","connection":"keep-alive","content-length":"0"} - undefined
15-06-2024 13:17:55 info: Bearer eyJhbGciOiJIUzI1NiIsInR5cCI6IkpXVCJ9.eyJ1c2VybmFtZSI6ImNlbGViZGlnaXRhbCIsInVzZXJfcGFzc3dvcmQiOiJZanRAMTIzIyIsImlhdCI6MTcxODQzMzAzNCwiZXhwIjoxNzE5MDM3ODM0fQ.pae0UXRBcKEyV5ueOac3nOw1MU8seHiS8Uom7yPu108bearerHeader
15-06-2024 13:17:55 info: [select query request] : SELECT * FROM user_management WHERE user_bearer_token = 'Bearer eyJhbGciOiJIUzI1NiIsInR5cCI6IkpXVCJ9.eyJ1c2VybmFtZSI6ImNlbGViZGlnaXRhbCIsInVzZXJfcGFzc3dvcmQiOiJZanRAMTIzIyIsImlhdCI6MTcxODQzMzAzNCwiZXhwIjoxNzE5MDM3ODM0fQ.pae0UXRBcKEyV5ueOac3nOw1MU8seHiS8Uom7yPu108' AND usr_mgt_status IN ('N','Y')
15-06-2024 13:17:55 info: [select query response] : [{"user_id":1,"user_master_id":1,"parent_id":1,"user_name":"celebdigital","api_key":"AA1DE999B6B65D2","login_id":"celebdigital","login_password":"59d5d533b458f7a31266d2062a35b98a","user_email":"arun@yeejai.com","user_mobile":"8888888888","usr_mgt_status":"Y","usr_mgt_entry_date":"2024-06-15T06:30:34.000Z","user_bearer_token":"Bearer eyJhbGciOiJIUzI1NiIsInR5cCI6IkpXVCJ9.eyJ1c2VybmFtZSI6ImNlbGViZGlnaXRhbCIsInVzZXJfcGFzc3dvcmQiOiJZanRAMTIzIyIsImlhdCI6MTcxODQzMzAzNCwiZXhwIjoxNzE5MDM3ODM0fQ.pae0UXRBcKEyV5ueOac3nOw1MU8seHiS8Uom7yPu108"}]
