20-02-2025 04:15:35 info: App started listening at http://localhost:10017
20-02-2025 04:15:41 info: [insert query request] : INSERT INTO api_log VALUES(NULL,1,'/login','undefined','5502841796','N','-','0000-00-00 00:00:00','Y',CURRENT_TIMESTAMP)
20-02-2025 04:15:41 info: [insert query response] : {"fieldCount":0,"affectedRows":1,"insertId":684,"info":"","serverStatus":2,"warningStatus":0,"changedRows":0}
20-02-2025 04:15:41 info: [select query request] : SELECT * FROM api_log WHERE request_id = '5502841796' AND response_status != 'N' AND api_log_status='Y'
20-02-2025 04:15:41 info: [select query response] : []
20-02-2025 04:15:41 info: [API REQUEST] /login - {"txt_username":"celebdigital","txt_password":"YJt@123#","request_id":"5502841796"} - {"host":"localhost:10017","accept":"*/*","accept-encoding":"deflate, gzip, br, zstd","content-type":"application/json","content-length":"107"} - undefined
20-02-2025 04:15:41 info: [select query request] : SELECT * FROM user_management where login_id = 'celebdigital' and usr_mgt_status in ('N', 'Y', 'R') ORDER BY user_id ASC
20-02-2025 04:15:41 info: [select query request] : SELECT * FROM user_management where login_id = 'celebdigital' and login_password = 'e58a3754522a05c1ff4d231f8e8cc1bd' and usr_mgt_status in ('N', 'Y', 'R') ORDER BY user_id ASC
20-02-2025 04:15:41 info: [Update query request] : UPDATE user_management  SET user_bearer_token = 'Bearer eyJhbGciOiJIUzI1NiIsInR5cCI6IkpXVCJ9.eyJ1c2VybmFtZSI6ImNlbGViZGlnaXRhbCIsInVzZXJfcGFzc3dvcmQiOiJZSnRAMTIzIyIsImlhdCI6MTc0MDAyNDk0MSwiZXhwIjoxNzQwNjI5NzQxfQ.tBF1izTCC8OCo5cIi7NAosspkLmJD70eGB9JfI1ZvZI' WHERE user_id = '1'
20-02-2025 04:15:41 info: [Update query Response] : {"fieldCount":0,"affectedRows":1,"insertId":0,"info":"Rows matched: 1  Changed: 1  Warnings: 0","serverStatus":2,"warningStatus":0,"changedRows":1}
20-02-2025 04:15:41 info: [select query request] : SELECT user_id,user_log_status,login_date FROM user_log where user_id ='1' and user_log_status = 'I' and date(login_date) ='2025-2-20'
20-02-2025 04:15:41 info: [insert query request] : INSERT INTO user_log VALUES(NULL, '1', 'undefined', '2025-2-20 4:15:41', '2025-2-20 4:15:41', NULL, 'I', '2025-2-20 4:15:41')
20-02-2025 04:15:41 info: : [call_index_signin] Success 
20-02-2025 04:15:41 info: [API REQUEST] /user/dashboard_change - {} - {"host":"localhost:10017","accept":"*/*","accept-encoding":"deflate, gzip, br, zstd","authorization":"Bearer eyJhbGciOiJIUzI1NiIsInR5cCI6IkpXVCJ9.eyJ1c2VybmFtZSI6ImNlbGViZGlnaXRhbCIsInVzZXJfcGFzc3dvcmQiOiJZSnRAMTIzIyIsImlhdCI6MTc0MDAyNDk0MSwiZXhwIjoxNzQwNjI5NzQxfQ.tBF1izTCC8OCo5cIi7NAosspkLmJD70eGB9JfI1ZvZI","content-type":"application/json"} - undefined
20-02-2025 04:15:41 info: Bearer eyJhbGciOiJIUzI1NiIsInR5cCI6IkpXVCJ9.eyJ1c2VybmFtZSI6ImNlbGViZGlnaXRhbCIsInVzZXJfcGFzc3dvcmQiOiJZSnRAMTIzIyIsImlhdCI6MTc0MDAyNDk0MSwiZXhwIjoxNzQwNjI5NzQxfQ.tBF1izTCC8OCo5cIi7NAosspkLmJD70eGB9JfI1ZvZIbearerHeader
20-02-2025 04:15:41 info: [select query request] : SELECT * FROM user_management WHERE user_bearer_token = 'Bearer eyJhbGciOiJIUzI1NiIsInR5cCI6IkpXVCJ9.eyJ1c2VybmFtZSI6ImNlbGViZGlnaXRhbCIsInVzZXJfcGFzc3dvcmQiOiJZSnRAMTIzIyIsImlhdCI6MTc0MDAyNDk0MSwiZXhwIjoxNzQwNjI5NzQxfQ.tBF1izTCC8OCo5cIi7NAosspkLmJD70eGB9JfI1ZvZI' AND usr_mgt_status IN ('N','Y')
20-02-2025 04:15:41 info: [select query response] : [{"user_id":1,"user_master_id":1,"parent_id":1,"user_name":"celebdigital","api_key":"AA1DE999B6B65D2","login_id":"celebdigital","login_password":"e58a3754522a05c1ff4d231f8e8cc1bd","user_email":"arun@yeejai.com","user_mobile":"8888888888","usr_mgt_status":"Y","usr_mgt_entry_date":"2025-02-20T04:15:41.000Z","user_bearer_token":"Bearer eyJhbGciOiJIUzI1NiIsInR5cCI6IkpXVCJ9.eyJ1c2VybmFtZSI6ImNlbGViZGlnaXRhbCIsInVzZXJfcGFzc3dvcmQiOiJZSnRAMTIzIyIsImlhdCI6MTc0MDAyNDk0MSwiZXhwIjoxNzQwNjI5NzQxfQ.tBF1izTCC8OCo5cIi7NAosspkLmJD70eGB9JfI1ZvZI"}]
20-02-2025 04:22:00 info: [insert query request] : INSERT INTO api_log VALUES(NULL,1,'/login','undefined','6063965091','N','-','0000-00-00 00:00:00','Y',CURRENT_TIMESTAMP)
20-02-2025 04:22:00 info: [insert query response] : {"fieldCount":0,"affectedRows":1,"insertId":685,"info":"","serverStatus":2,"warningStatus":0,"changedRows":0}
20-02-2025 04:22:00 info: [select query request] : SELECT * FROM api_log WHERE request_id = '6063965091' AND response_status != 'N' AND api_log_status='Y'
20-02-2025 04:22:00 info: [select query response] : []
20-02-2025 04:22:00 info: [API REQUEST] /login - {"txt_username":"celebdigital","txt_password":"YJt@123#","request_id":"6063965091"} - {"host":"localhost:10017","accept":"*/*","accept-encoding":"deflate, gzip, br, zstd","content-type":"application/json","content-length":"107"} - undefined
20-02-2025 04:22:00 info: [select query request] : SELECT * FROM user_management where login_id = 'celebdigital' and usr_mgt_status in ('N', 'Y', 'R') ORDER BY user_id ASC
20-02-2025 04:22:00 info: [select query request] : SELECT * FROM user_management where login_id = 'celebdigital' and login_password = 'e58a3754522a05c1ff4d231f8e8cc1bd' and usr_mgt_status in ('N', 'Y', 'R') ORDER BY user_id ASC
20-02-2025 04:22:00 info: [Update query request] : UPDATE user_management  SET user_bearer_token = 'Bearer eyJhbGciOiJIUzI1NiIsInR5cCI6IkpXVCJ9.eyJ1c2VybmFtZSI6ImNlbGViZGlnaXRhbCIsInVzZXJfcGFzc3dvcmQiOiJZSnRAMTIzIyIsImlhdCI6MTc0MDAyNTMyMCwiZXhwIjoxNzQwNjMwMTIwfQ.918CMchMO79LQxleXP3Z1rVPHgupnx4MWMEirwntwz0' WHERE user_id = '1'
20-02-2025 04:22:00 info: [Update query Response] : {"fieldCount":0,"affectedRows":1,"insertId":0,"info":"Rows matched: 1  Changed: 1  Warnings: 0","serverStatus":2,"warningStatus":0,"changedRows":1}
20-02-2025 04:22:00 info: [select query request] : SELECT user_id,user_log_status,login_date FROM user_log where user_id ='1' and user_log_status = 'I' and date(login_date) ='2025-2-20'
20-02-2025 04:22:00 info: [update query request] : UPDATE user_log SET user_log_status = 'O',logout_time = '2025-2-20 4:22:0' WHERE user_id = '1' AND user_log_status = 'I' AND login_date = '2025-2-20'
20-02-2025 04:22:00 info: [insert query request] : INSERT INTO user_log VALUES(NULL, '1', 'undefined', '2025-2-20 4:22:0', '2025-2-20 4:22:0', NULL, 'I', '2025-2-20 4:22:0')
20-02-2025 04:22:00 info: : [call_index_signin] Success 
20-02-2025 04:22:00 info: [API REQUEST] /user/dashboard_change - {} - {"host":"localhost:10017","accept":"*/*","accept-encoding":"deflate, gzip, br, zstd","authorization":"Bearer eyJhbGciOiJIUzI1NiIsInR5cCI6IkpXVCJ9.eyJ1c2VybmFtZSI6ImNlbGViZGlnaXRhbCIsInVzZXJfcGFzc3dvcmQiOiJZSnRAMTIzIyIsImlhdCI6MTc0MDAyNTMyMCwiZXhwIjoxNzQwNjMwMTIwfQ.918CMchMO79LQxleXP3Z1rVPHgupnx4MWMEirwntwz0","content-type":"application/json"} - undefined
20-02-2025 04:22:00 info: Bearer eyJhbGciOiJIUzI1NiIsInR5cCI6IkpXVCJ9.eyJ1c2VybmFtZSI6ImNlbGViZGlnaXRhbCIsInVzZXJfcGFzc3dvcmQiOiJZSnRAMTIzIyIsImlhdCI6MTc0MDAyNTMyMCwiZXhwIjoxNzQwNjMwMTIwfQ.918CMchMO79LQxleXP3Z1rVPHgupnx4MWMEirwntwz0bearerHeader
20-02-2025 04:22:00 info: [select query request] : SELECT * FROM user_management WHERE user_bearer_token = 'Bearer eyJhbGciOiJIUzI1NiIsInR5cCI6IkpXVCJ9.eyJ1c2VybmFtZSI6ImNlbGViZGlnaXRhbCIsInVzZXJfcGFzc3dvcmQiOiJZSnRAMTIzIyIsImlhdCI6MTc0MDAyNTMyMCwiZXhwIjoxNzQwNjMwMTIwfQ.918CMchMO79LQxleXP3Z1rVPHgupnx4MWMEirwntwz0' AND usr_mgt_status IN ('N','Y')
20-02-2025 04:22:00 info: [select query response] : [{"user_id":1,"user_master_id":1,"parent_id":1,"user_name":"celebdigital","api_key":"AA1DE999B6B65D2","login_id":"celebdigital","login_password":"e58a3754522a05c1ff4d231f8e8cc1bd","user_email":"arun@yeejai.com","user_mobile":"8888888888","usr_mgt_status":"Y","usr_mgt_entry_date":"2025-02-20T04:22:00.000Z","user_bearer_token":"Bearer eyJhbGciOiJIUzI1NiIsInR5cCI6IkpXVCJ9.eyJ1c2VybmFtZSI6ImNlbGViZGlnaXRhbCIsInVzZXJfcGFzc3dvcmQiOiJZSnRAMTIzIyIsImlhdCI6MTc0MDAyNTMyMCwiZXhwIjoxNzQwNjMwMTIwfQ.918CMchMO79LQxleXP3Z1rVPHgupnx4MWMEirwntwz0"}]
20-02-2025 05:11:27 info: App started listening at http://localhost:10017
20-02-2025 05:11:47 info: [insert query request] : INSERT INTO api_log VALUES(NULL,1,'/login','undefined','6146815149','N','-','0000-00-00 00:00:00','Y',CURRENT_TIMESTAMP)
20-02-2025 05:11:47 info: [insert query response] : {"fieldCount":0,"affectedRows":1,"insertId":686,"info":"","serverStatus":2,"warningStatus":0,"changedRows":0}
20-02-2025 05:11:47 info: [select query request] : SELECT * FROM api_log WHERE request_id = '6146815149' AND response_status != 'N' AND api_log_status='Y'
20-02-2025 05:11:47 info: [select query response] : []
20-02-2025 05:11:47 info: [API REQUEST] /login - {"txt_username":"celebdigital","txt_password":"YJt@123#","request_id":"6146815149"} - {"host":"localhost:10017","accept":"*/*","accept-encoding":"deflate, gzip, br, zstd","content-type":"application/json","content-length":"107"} - undefined
20-02-2025 05:11:47 info: [select query request] : SELECT * FROM user_management where login_id = 'celebdigital' and usr_mgt_status in ('N', 'Y', 'R') ORDER BY user_id ASC
20-02-2025 05:11:47 info: [select query request] : SELECT * FROM user_management where login_id = 'celebdigital' and login_password = 'e58a3754522a05c1ff4d231f8e8cc1bd' and usr_mgt_status in ('N', 'Y', 'R') ORDER BY user_id ASC
20-02-2025 05:11:47 info: [Update query request] : UPDATE user_management  SET user_bearer_token = 'Bearer eyJhbGciOiJIUzI1NiIsInR5cCI6IkpXVCJ9.eyJ1c2VybmFtZSI6ImNlbGViZGlnaXRhbCIsInVzZXJfcGFzc3dvcmQiOiJZSnRAMTIzIyIsImlhdCI6MTc0MDAyODMwNywiZXhwIjoxNzQwNjMzMTA3fQ.xnxQ1XOcj015JBHR3-J4tof9Azq6iiKr3yWkUTcN9z8' WHERE user_id = '1'
20-02-2025 05:11:47 info: [Update query Response] : {"fieldCount":0,"affectedRows":1,"insertId":0,"info":"Rows matched: 1  Changed: 1  Warnings: 0","serverStatus":2,"warningStatus":0,"changedRows":1}
20-02-2025 05:11:47 info: [select query request] : SELECT user_id,user_log_status,login_date FROM user_log where user_id ='1' and user_log_status = 'I' and date(login_date) ='2025-2-20'
20-02-2025 05:11:47 info: [update query request] : UPDATE user_log SET user_log_status = 'O',logout_time = '2025-2-20 5:11:47' WHERE user_id = '1' AND user_log_status = 'I' AND login_date = '2025-2-20'
20-02-2025 05:11:47 info: [insert query request] : INSERT INTO user_log VALUES(NULL, '1', 'undefined', '2025-2-20 5:11:47', '2025-2-20 5:11:47', NULL, 'I', '2025-2-20 5:11:47')
20-02-2025 05:11:47 info: : [call_index_signin] Success 
20-02-2025 05:11:47 info: [API REQUEST] /user/dashboard_change - {} - {"host":"localhost:10017","accept":"*/*","accept-encoding":"deflate, gzip, br, zstd","authorization":"Bearer eyJhbGciOiJIUzI1NiIsInR5cCI6IkpXVCJ9.eyJ1c2VybmFtZSI6ImNlbGViZGlnaXRhbCIsInVzZXJfcGFzc3dvcmQiOiJZSnRAMTIzIyIsImlhdCI6MTc0MDAyODMwNywiZXhwIjoxNzQwNjMzMTA3fQ.xnxQ1XOcj015JBHR3-J4tof9Azq6iiKr3yWkUTcN9z8","content-type":"application/json"} - undefined
20-02-2025 05:11:47 info: Bearer eyJhbGciOiJIUzI1NiIsInR5cCI6IkpXVCJ9.eyJ1c2VybmFtZSI6ImNlbGViZGlnaXRhbCIsInVzZXJfcGFzc3dvcmQiOiJZSnRAMTIzIyIsImlhdCI6MTc0MDAyODMwNywiZXhwIjoxNzQwNjMzMTA3fQ.xnxQ1XOcj015JBHR3-J4tof9Azq6iiKr3yWkUTcN9z8bearerHeader
20-02-2025 05:11:47 info: [select query request] : SELECT * FROM user_management WHERE user_bearer_token = 'Bearer eyJhbGciOiJIUzI1NiIsInR5cCI6IkpXVCJ9.eyJ1c2VybmFtZSI6ImNlbGViZGlnaXRhbCIsInVzZXJfcGFzc3dvcmQiOiJZSnRAMTIzIyIsImlhdCI6MTc0MDAyODMwNywiZXhwIjoxNzQwNjMzMTA3fQ.xnxQ1XOcj015JBHR3-J4tof9Azq6iiKr3yWkUTcN9z8' AND usr_mgt_status IN ('N','Y')
20-02-2025 05:11:47 info: [select query response] : [{"user_id":1,"user_master_id":1,"parent_id":1,"user_name":"celebdigital","api_key":"AA1DE999B6B65D2","login_id":"celebdigital","login_password":"e58a3754522a05c1ff4d231f8e8cc1bd","user_email":"arun@yeejai.com","user_mobile":"8888888888","usr_mgt_status":"Y","usr_mgt_entry_date":"2025-02-20T05:11:47.000Z","user_bearer_token":"Bearer eyJhbGciOiJIUzI1NiIsInR5cCI6IkpXVCJ9.eyJ1c2VybmFtZSI6ImNlbGViZGlnaXRhbCIsInVzZXJfcGFzc3dvcmQiOiJZSnRAMTIzIyIsImlhdCI6MTc0MDAyODMwNywiZXhwIjoxNzQwNjMzMTA3fQ.xnxQ1XOcj015JBHR3-J4tof9Azq6iiKr3yWkUTcN9z8"}]
20-02-2025 05:14:05 info: App started listening at http://localhost:10017
20-02-2025 05:15:33 info: [API REQUEST] /user/dashboard_change - {} - {"host":"localhost:10017","accept":"*/*","accept-encoding":"deflate, gzip, br, zstd","authorization":"Bearer eyJhbGciOiJIUzI1NiIsInR5cCI6IkpXVCJ9.eyJ1c2VybmFtZSI6ImNlbGViZGlnaXRhbCIsInVzZXJfcGFzc3dvcmQiOiJZSnRAMTIzIyIsImlhdCI6MTczOTk3MjY5MSwiZXhwIjoxNzQwNTc3NDkxfQ.KC59799yWVCDxHB1-j7mOOBLoPXtUTAjBKq1QInPMAA","content-type":"application/json"} - undefined
20-02-2025 05:15:33 info: Bearer eyJhbGciOiJIUzI1NiIsInR5cCI6IkpXVCJ9.eyJ1c2VybmFtZSI6ImNlbGViZGlnaXRhbCIsInVzZXJfcGFzc3dvcmQiOiJZSnRAMTIzIyIsImlhdCI6MTczOTk3MjY5MSwiZXhwIjoxNzQwNTc3NDkxfQ.KC59799yWVCDxHB1-j7mOOBLoPXtUTAjBKq1QInPMAAbearerHeader
20-02-2025 05:15:33 info: [select query request] : SELECT * FROM user_management WHERE user_bearer_token = 'Bearer eyJhbGciOiJIUzI1NiIsInR5cCI6IkpXVCJ9.eyJ1c2VybmFtZSI6ImNlbGViZGlnaXRhbCIsInVzZXJfcGFzc3dvcmQiOiJZSnRAMTIzIyIsImlhdCI6MTczOTk3MjY5MSwiZXhwIjoxNzQwNTc3NDkxfQ.KC59799yWVCDxHB1-j7mOOBLoPXtUTAjBKq1QInPMAA' AND usr_mgt_status IN ('N','Y')
20-02-2025 05:15:33 info: [select query response] : []
20-02-2025 05:15:33 info: [API RESPONSE] {"response_code":0,"response_status":403,"response_msg":"Invalid Token"}
20-02-2025 05:15:33 info: [API REQUEST] /logout - {"request_id":"1_202550104533_8224"} - {"host":"localhost:10017","accept":"*/*","accept-encoding":"deflate, gzip, br, zstd","authorization":"Bearer eyJhbGciOiJIUzI1NiIsInR5cCI6IkpXVCJ9.eyJ1c2VybmFtZSI6ImNlbGViZGlnaXRhbCIsInVzZXJfcGFzc3dvcmQiOiJZSnRAMTIzIyIsImlhdCI6MTczOTk3MjY5MSwiZXhwIjoxNzQwNTc3NDkxfQ.KC59799yWVCDxHB1-j7mOOBLoPXtUTAjBKq1QInPMAA","content-type":"application/json","content-length":"42"} - undefined
20-02-2025 05:15:33 info: [Select query request] : CALL api_log('/logout','undefined','1_202550104533_8224' ,'Bearer eyJhbGciOiJIUzI1NiIsInR5cCI6IkpXVCJ9.eyJ1c2VybmFtZSI6ImNlbGViZGlnaXRhbCIsInVzZXJfcGFzc3dvcmQiOiJZSnRAMTIzIyIsImlhdCI6MTczOTk3MjY5MSwiZXhwIjoxNzQwNTc3NDkxfQ.KC59799yWVCDxHB1-j7mOOBLoPXtUTAjBKq1QInPMAA',null)
20-02-2025 05:15:33 info: [Validate user error] : Error: PROCEDURE mms.api_log does not exist
20-02-2025 05:15:33 info: [update query request] : UPDATE api_log SET response_status = 'F',response_date = CURRENT_TIMESTAMP, response_comments = 'Error occurred' WHERE request_id = '1_202550104533_8224' AND response_status = 'N'
20-02-2025 05:15:33 info: [update query response] : {"fieldCount":0,"affectedRows":0,"insertId":0,"info":"Rows matched: 0  Changed: 0  Warnings: 0","serverStatus":34,"warningStatus":0,"changedRows":0}
20-02-2025 05:15:33 info: [API RESPONSE] {"request_id":"1_202550104533_8224","response_code":0,"response_status":201,"response_msg":"Error occurred"}
20-02-2025 05:15:36 info: [insert query request] : INSERT INTO api_log VALUES(NULL,1,'/login','undefined','8905304313','N','-','0000-00-00 00:00:00','Y',CURRENT_TIMESTAMP)
20-02-2025 05:15:36 info: [insert query response] : {"fieldCount":0,"affectedRows":1,"insertId":687,"info":"","serverStatus":2,"warningStatus":0,"changedRows":0}
20-02-2025 05:15:36 info: [select query request] : SELECT * FROM api_log WHERE request_id = '8905304313' AND response_status != 'N' AND api_log_status='Y'
20-02-2025 05:15:36 info: [select query response] : []
20-02-2025 05:15:36 info: [API REQUEST] /login - {"txt_username":"celebdigital","txt_password":"YJt@123#","request_id":"8905304313"} - {"host":"localhost:10017","accept":"*/*","accept-encoding":"deflate, gzip, br, zstd","content-type":"application/json","content-length":"107"} - undefined
20-02-2025 05:15:36 info: [select query request] : SELECT * FROM user_management where login_id = 'celebdigital' and usr_mgt_status in ('N', 'Y', 'R') ORDER BY user_id ASC
20-02-2025 05:15:36 info: [select query request] : SELECT * FROM user_management where login_id = 'celebdigital' and login_password = 'e58a3754522a05c1ff4d231f8e8cc1bd' and usr_mgt_status in ('N', 'Y', 'R') ORDER BY user_id ASC
20-02-2025 05:15:36 info: [Update query request] : UPDATE user_management  SET user_bearer_token = 'Bearer eyJhbGciOiJIUzI1NiIsInR5cCI6IkpXVCJ9.eyJ1c2VybmFtZSI6ImNlbGViZGlnaXRhbCIsInVzZXJfcGFzc3dvcmQiOiJZSnRAMTIzIyIsImlhdCI6MTc0MDAyODUzNiwiZXhwIjoxNzQwNjMzMzM2fQ.V3No5jMzwNgznMwrhpT_5jVa3wVFe1S8iiGW_Fc6uDw' WHERE user_id = '1'
20-02-2025 05:15:36 info: [Update query Response] : {"fieldCount":0,"affectedRows":1,"insertId":0,"info":"Rows matched: 1  Changed: 1  Warnings: 0","serverStatus":2,"warningStatus":0,"changedRows":1}
20-02-2025 05:15:36 info: [select query request] : SELECT user_id,user_log_status,login_date FROM user_log where user_id ='1' and user_log_status = 'I' and date(login_date) ='2025-2-20'
20-02-2025 05:15:36 info: [update query request] : UPDATE user_log SET user_log_status = 'O',logout_time = '2025-2-20 5:15:36' WHERE user_id = '1' AND user_log_status = 'I' AND login_date = '2025-2-20'
20-02-2025 05:15:36 info: [insert query request] : INSERT INTO user_log VALUES(NULL, '1', 'undefined', '2025-2-20 5:15:36', '2025-2-20 5:15:36', NULL, 'I', '2025-2-20 5:15:36')
20-02-2025 05:15:36 info: : [call_index_signin] Success 
20-02-2025 05:15:36 info: [API REQUEST] /user/dashboard_change - {} - {"host":"localhost:10017","accept":"*/*","accept-encoding":"deflate, gzip, br, zstd","authorization":"Bearer eyJhbGciOiJIUzI1NiIsInR5cCI6IkpXVCJ9.eyJ1c2VybmFtZSI6ImNlbGViZGlnaXRhbCIsInVzZXJfcGFzc3dvcmQiOiJZSnRAMTIzIyIsImlhdCI6MTc0MDAyODUzNiwiZXhwIjoxNzQwNjMzMzM2fQ.V3No5jMzwNgznMwrhpT_5jVa3wVFe1S8iiGW_Fc6uDw","content-type":"application/json"} - undefined
20-02-2025 05:15:36 info: Bearer eyJhbGciOiJIUzI1NiIsInR5cCI6IkpXVCJ9.eyJ1c2VybmFtZSI6ImNlbGViZGlnaXRhbCIsInVzZXJfcGFzc3dvcmQiOiJZSnRAMTIzIyIsImlhdCI6MTc0MDAyODUzNiwiZXhwIjoxNzQwNjMzMzM2fQ.V3No5jMzwNgznMwrhpT_5jVa3wVFe1S8iiGW_Fc6uDwbearerHeader
20-02-2025 05:15:36 info: [select query request] : SELECT * FROM user_management WHERE user_bearer_token = 'Bearer eyJhbGciOiJIUzI1NiIsInR5cCI6IkpXVCJ9.eyJ1c2VybmFtZSI6ImNlbGViZGlnaXRhbCIsInVzZXJfcGFzc3dvcmQiOiJZSnRAMTIzIyIsImlhdCI6MTc0MDAyODUzNiwiZXhwIjoxNzQwNjMzMzM2fQ.V3No5jMzwNgznMwrhpT_5jVa3wVFe1S8iiGW_Fc6uDw' AND usr_mgt_status IN ('N','Y')
20-02-2025 05:15:36 info: [select query response] : [{"user_id":1,"user_master_id":1,"parent_id":1,"user_name":"celebdigital","api_key":"AA1DE999B6B65D2","login_id":"celebdigital","login_password":"e58a3754522a05c1ff4d231f8e8cc1bd","user_email":"arun@yeejai.com","user_mobile":"8888888888","usr_mgt_status":"Y","usr_mgt_entry_date":"2025-02-20T05:15:36.000Z","user_bearer_token":"Bearer eyJhbGciOiJIUzI1NiIsInR5cCI6IkpXVCJ9.eyJ1c2VybmFtZSI6ImNlbGViZGlnaXRhbCIsInVzZXJfcGFzc3dvcmQiOiJZSnRAMTIzIyIsImlhdCI6MTc0MDAyODUzNiwiZXhwIjoxNzQwNjMzMzM2fQ.V3No5jMzwNgznMwrhpT_5jVa3wVFe1S8iiGW_Fc6uDw"}]
20-02-2025 05:15:47 info: [API REQUEST] /report/today_report - {} - {"host":"localhost:10017","accept":"*/*","accept-encoding":"deflate, gzip, br, zstd","authorization":"Bearer eyJhbGciOiJIUzI1NiIsInR5cCI6IkpXVCJ9.eyJ1c2VybmFtZSI6ImNlbGViZGlnaXRhbCIsInVzZXJfcGFzc3dvcmQiOiJZSnRAMTIzIyIsImlhdCI6MTc0MDAyODUzNiwiZXhwIjoxNzQwNjMzMzM2fQ.V3No5jMzwNgznMwrhpT_5jVa3wVFe1S8iiGW_Fc6uDw","content-type":"application/json"} - undefined
20-02-2025 05:15:47 info: Bearer eyJhbGciOiJIUzI1NiIsInR5cCI6IkpXVCJ9.eyJ1c2VybmFtZSI6ImNlbGViZGlnaXRhbCIsInVzZXJfcGFzc3dvcmQiOiJZSnRAMTIzIyIsImlhdCI6MTc0MDAyODUzNiwiZXhwIjoxNzQwNjMzMzM2fQ.V3No5jMzwNgznMwrhpT_5jVa3wVFe1S8iiGW_Fc6uDwbearerHeader
20-02-2025 05:15:47 info: [select query request] : SELECT * FROM user_management WHERE user_bearer_token = 'Bearer eyJhbGciOiJIUzI1NiIsInR5cCI6IkpXVCJ9.eyJ1c2VybmFtZSI6ImNlbGViZGlnaXRhbCIsInVzZXJfcGFzc3dvcmQiOiJZSnRAMTIzIyIsImlhdCI6MTc0MDAyODUzNiwiZXhwIjoxNzQwNjMzMzM2fQ.V3No5jMzwNgznMwrhpT_5jVa3wVFe1S8iiGW_Fc6uDw' AND usr_mgt_status IN ('N','Y')
20-02-2025 05:15:47 info: [select query response] : [{"user_id":1,"user_master_id":1,"parent_id":1,"user_name":"celebdigital","api_key":"AA1DE999B6B65D2","login_id":"celebdigital","login_password":"e58a3754522a05c1ff4d231f8e8cc1bd","user_email":"arun@yeejai.com","user_mobile":"8888888888","usr_mgt_status":"Y","usr_mgt_entry_date":"2025-02-20T05:15:36.000Z","user_bearer_token":"Bearer eyJhbGciOiJIUzI1NiIsInR5cCI6IkpXVCJ9.eyJ1c2VybmFtZSI6ImNlbGViZGlnaXRhbCIsInVzZXJfcGFzc3dvcmQiOiJZSnRAMTIzIyIsImlhdCI6MTc0MDAyODUzNiwiZXhwIjoxNzQwNjMzMzM2fQ.V3No5jMzwNgznMwrhpT_5jVa3wVFe1S8iiGW_Fc6uDw"}]
20-02-2025 05:15:50 info: [API REQUEST] /report/today_report - {} - {"host":"localhost:10017","accept":"*/*","accept-encoding":"deflate, gzip, br, zstd","authorization":"Bearer eyJhbGciOiJIUzI1NiIsInR5cCI6IkpXVCJ9.eyJ1c2VybmFtZSI6ImNlbGViZGlnaXRhbCIsInVzZXJfcGFzc3dvcmQiOiJZSnRAMTIzIyIsImlhdCI6MTc0MDAyODUzNiwiZXhwIjoxNzQwNjMzMzM2fQ.V3No5jMzwNgznMwrhpT_5jVa3wVFe1S8iiGW_Fc6uDw","content-type":"application/json"} - undefined
20-02-2025 05:15:50 info: Bearer eyJhbGciOiJIUzI1NiIsInR5cCI6IkpXVCJ9.eyJ1c2VybmFtZSI6ImNlbGViZGlnaXRhbCIsInVzZXJfcGFzc3dvcmQiOiJZSnRAMTIzIyIsImlhdCI6MTc0MDAyODUzNiwiZXhwIjoxNzQwNjMzMzM2fQ.V3No5jMzwNgznMwrhpT_5jVa3wVFe1S8iiGW_Fc6uDwbearerHeader
20-02-2025 05:15:50 info: [select query request] : SELECT * FROM user_management WHERE user_bearer_token = 'Bearer eyJhbGciOiJIUzI1NiIsInR5cCI6IkpXVCJ9.eyJ1c2VybmFtZSI6ImNlbGViZGlnaXRhbCIsInVzZXJfcGFzc3dvcmQiOiJZSnRAMTIzIyIsImlhdCI6MTc0MDAyODUzNiwiZXhwIjoxNzQwNjMzMzM2fQ.V3No5jMzwNgznMwrhpT_5jVa3wVFe1S8iiGW_Fc6uDw' AND usr_mgt_status IN ('N','Y')
20-02-2025 05:15:50 info: [select query response] : [{"user_id":1,"user_master_id":1,"parent_id":1,"user_name":"celebdigital","api_key":"AA1DE999B6B65D2","login_id":"celebdigital","login_password":"e58a3754522a05c1ff4d231f8e8cc1bd","user_email":"arun@yeejai.com","user_mobile":"8888888888","usr_mgt_status":"Y","usr_mgt_entry_date":"2025-02-20T05:15:36.000Z","user_bearer_token":"Bearer eyJhbGciOiJIUzI1NiIsInR5cCI6IkpXVCJ9.eyJ1c2VybmFtZSI6ImNlbGViZGlnaXRhbCIsInVzZXJfcGFzc3dvcmQiOiJZSnRAMTIzIyIsImlhdCI6MTc0MDAyODUzNiwiZXhwIjoxNzQwNjMzMzM2fQ.V3No5jMzwNgznMwrhpT_5jVa3wVFe1S8iiGW_Fc6uDw"}]
20-02-2025 05:15:53 info: [API REQUEST] /report/today_report - {} - {"host":"localhost:10017","accept":"*/*","accept-encoding":"deflate, gzip, br, zstd","authorization":"Bearer eyJhbGciOiJIUzI1NiIsInR5cCI6IkpXVCJ9.eyJ1c2VybmFtZSI6ImNlbGViZGlnaXRhbCIsInVzZXJfcGFzc3dvcmQiOiJZSnRAMTIzIyIsImlhdCI6MTc0MDAyODUzNiwiZXhwIjoxNzQwNjMzMzM2fQ.V3No5jMzwNgznMwrhpT_5jVa3wVFe1S8iiGW_Fc6uDw","content-type":"application/json"} - undefined
20-02-2025 05:15:53 info: Bearer eyJhbGciOiJIUzI1NiIsInR5cCI6IkpXVCJ9.eyJ1c2VybmFtZSI6ImNlbGViZGlnaXRhbCIsInVzZXJfcGFzc3dvcmQiOiJZSnRAMTIzIyIsImlhdCI6MTc0MDAyODUzNiwiZXhwIjoxNzQwNjMzMzM2fQ.V3No5jMzwNgznMwrhpT_5jVa3wVFe1S8iiGW_Fc6uDwbearerHeader
20-02-2025 05:15:53 info: [select query request] : SELECT * FROM user_management WHERE user_bearer_token = 'Bearer eyJhbGciOiJIUzI1NiIsInR5cCI6IkpXVCJ9.eyJ1c2VybmFtZSI6ImNlbGViZGlnaXRhbCIsInVzZXJfcGFzc3dvcmQiOiJZSnRAMTIzIyIsImlhdCI6MTc0MDAyODUzNiwiZXhwIjoxNzQwNjMzMzM2fQ.V3No5jMzwNgznMwrhpT_5jVa3wVFe1S8iiGW_Fc6uDw' AND usr_mgt_status IN ('N','Y')
20-02-2025 05:15:53 info: [select query response] : [{"user_id":1,"user_master_id":1,"parent_id":1,"user_name":"celebdigital","api_key":"AA1DE999B6B65D2","login_id":"celebdigital","login_password":"e58a3754522a05c1ff4d231f8e8cc1bd","user_email":"arun@yeejai.com","user_mobile":"8888888888","usr_mgt_status":"Y","usr_mgt_entry_date":"2025-02-20T05:15:36.000Z","user_bearer_token":"Bearer eyJhbGciOiJIUzI1NiIsInR5cCI6IkpXVCJ9.eyJ1c2VybmFtZSI6ImNlbGViZGlnaXRhbCIsInVzZXJfcGFzc3dvcmQiOiJZSnRAMTIzIyIsImlhdCI6MTc0MDAyODUzNiwiZXhwIjoxNzQwNjMzMzM2fQ.V3No5jMzwNgznMwrhpT_5jVa3wVFe1S8iiGW_Fc6uDw"}]
20-02-2025 05:15:56 info: [API REQUEST] /report/today_report - {} - {"host":"localhost:10017","accept":"*/*","accept-encoding":"deflate, gzip, br, zstd","authorization":"Bearer eyJhbGciOiJIUzI1NiIsInR5cCI6IkpXVCJ9.eyJ1c2VybmFtZSI6ImNlbGViZGlnaXRhbCIsInVzZXJfcGFzc3dvcmQiOiJZSnRAMTIzIyIsImlhdCI6MTc0MDAyODUzNiwiZXhwIjoxNzQwNjMzMzM2fQ.V3No5jMzwNgznMwrhpT_5jVa3wVFe1S8iiGW_Fc6uDw","content-type":"application/json"} - undefined
20-02-2025 05:15:56 info: Bearer eyJhbGciOiJIUzI1NiIsInR5cCI6IkpXVCJ9.eyJ1c2VybmFtZSI6ImNlbGViZGlnaXRhbCIsInVzZXJfcGFzc3dvcmQiOiJZSnRAMTIzIyIsImlhdCI6MTc0MDAyODUzNiwiZXhwIjoxNzQwNjMzMzM2fQ.V3No5jMzwNgznMwrhpT_5jVa3wVFe1S8iiGW_Fc6uDwbearerHeader
20-02-2025 05:15:56 info: [select query request] : SELECT * FROM user_management WHERE user_bearer_token = 'Bearer eyJhbGciOiJIUzI1NiIsInR5cCI6IkpXVCJ9.eyJ1c2VybmFtZSI6ImNlbGViZGlnaXRhbCIsInVzZXJfcGFzc3dvcmQiOiJZSnRAMTIzIyIsImlhdCI6MTc0MDAyODUzNiwiZXhwIjoxNzQwNjMzMzM2fQ.V3No5jMzwNgznMwrhpT_5jVa3wVFe1S8iiGW_Fc6uDw' AND usr_mgt_status IN ('N','Y')
20-02-2025 05:15:56 info: [select query response] : [{"user_id":1,"user_master_id":1,"parent_id":1,"user_name":"celebdigital","api_key":"AA1DE999B6B65D2","login_id":"celebdigital","login_password":"e58a3754522a05c1ff4d231f8e8cc1bd","user_email":"arun@yeejai.com","user_mobile":"8888888888","usr_mgt_status":"Y","usr_mgt_entry_date":"2025-02-20T05:15:36.000Z","user_bearer_token":"Bearer eyJhbGciOiJIUzI1NiIsInR5cCI6IkpXVCJ9.eyJ1c2VybmFtZSI6ImNlbGViZGlnaXRhbCIsInVzZXJfcGFzc3dvcmQiOiJZSnRAMTIzIyIsImlhdCI6MTc0MDAyODUzNiwiZXhwIjoxNzQwNjMzMzM2fQ.V3No5jMzwNgznMwrhpT_5jVa3wVFe1S8iiGW_Fc6uDw"}]
20-02-2025 05:15:59 info: [API REQUEST] /report/today_report - {} - {"host":"localhost:10017","accept":"*/*","accept-encoding":"deflate, gzip, br, zstd","authorization":"Bearer eyJhbGciOiJIUzI1NiIsInR5cCI6IkpXVCJ9.eyJ1c2VybmFtZSI6ImNlbGViZGlnaXRhbCIsInVzZXJfcGFzc3dvcmQiOiJZSnRAMTIzIyIsImlhdCI6MTc0MDAyODUzNiwiZXhwIjoxNzQwNjMzMzM2fQ.V3No5jMzwNgznMwrhpT_5jVa3wVFe1S8iiGW_Fc6uDw","content-type":"application/json"} - undefined
20-02-2025 05:15:59 info: Bearer eyJhbGciOiJIUzI1NiIsInR5cCI6IkpXVCJ9.eyJ1c2VybmFtZSI6ImNlbGViZGlnaXRhbCIsInVzZXJfcGFzc3dvcmQiOiJZSnRAMTIzIyIsImlhdCI6MTc0MDAyODUzNiwiZXhwIjoxNzQwNjMzMzM2fQ.V3No5jMzwNgznMwrhpT_5jVa3wVFe1S8iiGW_Fc6uDwbearerHeader
20-02-2025 05:15:59 info: [select query request] : SELECT * FROM user_management WHERE user_bearer_token = 'Bearer eyJhbGciOiJIUzI1NiIsInR5cCI6IkpXVCJ9.eyJ1c2VybmFtZSI6ImNlbGViZGlnaXRhbCIsInVzZXJfcGFzc3dvcmQiOiJZSnRAMTIzIyIsImlhdCI6MTc0MDAyODUzNiwiZXhwIjoxNzQwNjMzMzM2fQ.V3No5jMzwNgznMwrhpT_5jVa3wVFe1S8iiGW_Fc6uDw' AND usr_mgt_status IN ('N','Y')
20-02-2025 05:15:59 info: [select query response] : [{"user_id":1,"user_master_id":1,"parent_id":1,"user_name":"celebdigital","api_key":"AA1DE999B6B65D2","login_id":"celebdigital","login_password":"e58a3754522a05c1ff4d231f8e8cc1bd","user_email":"arun@yeejai.com","user_mobile":"8888888888","usr_mgt_status":"Y","usr_mgt_entry_date":"2025-02-20T05:15:36.000Z","user_bearer_token":"Bearer eyJhbGciOiJIUzI1NiIsInR5cCI6IkpXVCJ9.eyJ1c2VybmFtZSI6ImNlbGViZGlnaXRhbCIsInVzZXJfcGFzc3dvcmQiOiJZSnRAMTIzIyIsImlhdCI6MTc0MDAyODUzNiwiZXhwIjoxNzQwNjMzMzM2fQ.V3No5jMzwNgznMwrhpT_5jVa3wVFe1S8iiGW_Fc6uDw"}]
20-02-2025 05:16:02 info: [API REQUEST] /report/today_report - {} - {"host":"localhost:10017","accept":"*/*","accept-encoding":"deflate, gzip, br, zstd","authorization":"Bearer eyJhbGciOiJIUzI1NiIsInR5cCI6IkpXVCJ9.eyJ1c2VybmFtZSI6ImNlbGViZGlnaXRhbCIsInVzZXJfcGFzc3dvcmQiOiJZSnRAMTIzIyIsImlhdCI6MTc0MDAyODUzNiwiZXhwIjoxNzQwNjMzMzM2fQ.V3No5jMzwNgznMwrhpT_5jVa3wVFe1S8iiGW_Fc6uDw","content-type":"application/json"} - undefined
20-02-2025 05:16:02 info: Bearer eyJhbGciOiJIUzI1NiIsInR5cCI6IkpXVCJ9.eyJ1c2VybmFtZSI6ImNlbGViZGlnaXRhbCIsInVzZXJfcGFzc3dvcmQiOiJZSnRAMTIzIyIsImlhdCI6MTc0MDAyODUzNiwiZXhwIjoxNzQwNjMzMzM2fQ.V3No5jMzwNgznMwrhpT_5jVa3wVFe1S8iiGW_Fc6uDwbearerHeader
20-02-2025 05:16:02 info: [select query request] : SELECT * FROM user_management WHERE user_bearer_token = 'Bearer eyJhbGciOiJIUzI1NiIsInR5cCI6IkpXVCJ9.eyJ1c2VybmFtZSI6ImNlbGViZGlnaXRhbCIsInVzZXJfcGFzc3dvcmQiOiJZSnRAMTIzIyIsImlhdCI6MTc0MDAyODUzNiwiZXhwIjoxNzQwNjMzMzM2fQ.V3No5jMzwNgznMwrhpT_5jVa3wVFe1S8iiGW_Fc6uDw' AND usr_mgt_status IN ('N','Y')
20-02-2025 05:16:02 info: [select query response] : [{"user_id":1,"user_master_id":1,"parent_id":1,"user_name":"celebdigital","api_key":"AA1DE999B6B65D2","login_id":"celebdigital","login_password":"e58a3754522a05c1ff4d231f8e8cc1bd","user_email":"arun@yeejai.com","user_mobile":"8888888888","usr_mgt_status":"Y","usr_mgt_entry_date":"2025-02-20T05:15:36.000Z","user_bearer_token":"Bearer eyJhbGciOiJIUzI1NiIsInR5cCI6IkpXVCJ9.eyJ1c2VybmFtZSI6ImNlbGViZGlnaXRhbCIsInVzZXJfcGFzc3dvcmQiOiJZSnRAMTIzIyIsImlhdCI6MTc0MDAyODUzNiwiZXhwIjoxNzQwNjMzMzM2fQ.V3No5jMzwNgznMwrhpT_5jVa3wVFe1S8iiGW_Fc6uDw"}]
20-02-2025 05:16:07 info: [API REQUEST] /report/today_report - {} - {"host":"localhost:10017","accept":"*/*","accept-encoding":"deflate, gzip, br, zstd","authorization":"Bearer eyJhbGciOiJIUzI1NiIsInR5cCI6IkpXVCJ9.eyJ1c2VybmFtZSI6ImNlbGViZGlnaXRhbCIsInVzZXJfcGFzc3dvcmQiOiJZSnRAMTIzIyIsImlhdCI6MTc0MDAyODUzNiwiZXhwIjoxNzQwNjMzMzM2fQ.V3No5jMzwNgznMwrhpT_5jVa3wVFe1S8iiGW_Fc6uDw","content-type":"application/json"} - undefined
20-02-2025 05:16:07 info: Bearer eyJhbGciOiJIUzI1NiIsInR5cCI6IkpXVCJ9.eyJ1c2VybmFtZSI6ImNlbGViZGlnaXRhbCIsInVzZXJfcGFzc3dvcmQiOiJZSnRAMTIzIyIsImlhdCI6MTc0MDAyODUzNiwiZXhwIjoxNzQwNjMzMzM2fQ.V3No5jMzwNgznMwrhpT_5jVa3wVFe1S8iiGW_Fc6uDwbearerHeader
20-02-2025 05:16:07 info: [select query request] : SELECT * FROM user_management WHERE user_bearer_token = 'Bearer eyJhbGciOiJIUzI1NiIsInR5cCI6IkpXVCJ9.eyJ1c2VybmFtZSI6ImNlbGViZGlnaXRhbCIsInVzZXJfcGFzc3dvcmQiOiJZSnRAMTIzIyIsImlhdCI6MTc0MDAyODUzNiwiZXhwIjoxNzQwNjMzMzM2fQ.V3No5jMzwNgznMwrhpT_5jVa3wVFe1S8iiGW_Fc6uDw' AND usr_mgt_status IN ('N','Y')
20-02-2025 05:16:07 info: [select query response] : [{"user_id":1,"user_master_id":1,"parent_id":1,"user_name":"celebdigital","api_key":"AA1DE999B6B65D2","login_id":"celebdigital","login_password":"e58a3754522a05c1ff4d231f8e8cc1bd","user_email":"arun@yeejai.com","user_mobile":"8888888888","usr_mgt_status":"Y","usr_mgt_entry_date":"2025-02-20T05:15:36.000Z","user_bearer_token":"Bearer eyJhbGciOiJIUzI1NiIsInR5cCI6IkpXVCJ9.eyJ1c2VybmFtZSI6ImNlbGViZGlnaXRhbCIsInVzZXJfcGFzc3dvcmQiOiJZSnRAMTIzIyIsImlhdCI6MTc0MDAyODUzNiwiZXhwIjoxNzQwNjMzMzM2fQ.V3No5jMzwNgznMwrhpT_5jVa3wVFe1S8iiGW_Fc6uDw"}]
20-02-2025 05:18:34 info: [API REQUEST] /user/dashboard_change - {} - {"host":"localhost:10017","accept":"*/*","accept-encoding":"deflate, gzip, br, zstd","authorization":"Bearer eyJhbGciOiJIUzI1NiIsInR5cCI6IkpXVCJ9.eyJ1c2VybmFtZSI6ImNlbGViZGlnaXRhbCIsInVzZXJfcGFzc3dvcmQiOiJZSnRAMTIzIyIsImlhdCI6MTc0MDAyODMwNywiZXhwIjoxNzQwNjMzMTA3fQ.xnxQ1XOcj015JBHR3-J4tof9Azq6iiKr3yWkUTcN9z8","content-type":"application/json"} - undefined
20-02-2025 05:18:34 info: Bearer eyJhbGciOiJIUzI1NiIsInR5cCI6IkpXVCJ9.eyJ1c2VybmFtZSI6ImNlbGViZGlnaXRhbCIsInVzZXJfcGFzc3dvcmQiOiJZSnRAMTIzIyIsImlhdCI6MTc0MDAyODMwNywiZXhwIjoxNzQwNjMzMTA3fQ.xnxQ1XOcj015JBHR3-J4tof9Azq6iiKr3yWkUTcN9z8bearerHeader
20-02-2025 05:18:34 info: [select query request] : SELECT * FROM user_management WHERE user_bearer_token = 'Bearer eyJhbGciOiJIUzI1NiIsInR5cCI6IkpXVCJ9.eyJ1c2VybmFtZSI6ImNlbGViZGlnaXRhbCIsInVzZXJfcGFzc3dvcmQiOiJZSnRAMTIzIyIsImlhdCI6MTc0MDAyODMwNywiZXhwIjoxNzQwNjMzMTA3fQ.xnxQ1XOcj015JBHR3-J4tof9Azq6iiKr3yWkUTcN9z8' AND usr_mgt_status IN ('N','Y')
20-02-2025 05:18:34 info: [select query response] : []
20-02-2025 05:18:34 info: [API RESPONSE] {"response_code":0,"response_status":403,"response_msg":"Invalid Token"}
20-02-2025 05:18:34 info: [API REQUEST] /logout - {"request_id":"1_202550104834_8749"} - {"host":"localhost:10017","accept":"*/*","accept-encoding":"deflate, gzip, br, zstd","authorization":"Bearer eyJhbGciOiJIUzI1NiIsInR5cCI6IkpXVCJ9.eyJ1c2VybmFtZSI6ImNlbGViZGlnaXRhbCIsInVzZXJfcGFzc3dvcmQiOiJZSnRAMTIzIyIsImlhdCI6MTc0MDAyODMwNywiZXhwIjoxNzQwNjMzMTA3fQ.xnxQ1XOcj015JBHR3-J4tof9Azq6iiKr3yWkUTcN9z8","content-type":"application/json","content-length":"42"} - undefined
20-02-2025 05:18:34 info: [Select query request] : CALL api_log('/logout','undefined','1_202550104834_8749' ,'Bearer eyJhbGciOiJIUzI1NiIsInR5cCI6IkpXVCJ9.eyJ1c2VybmFtZSI6ImNlbGViZGlnaXRhbCIsInVzZXJfcGFzc3dvcmQiOiJZSnRAMTIzIyIsImlhdCI6MTc0MDAyODMwNywiZXhwIjoxNzQwNjMzMTA3fQ.xnxQ1XOcj015JBHR3-J4tof9Azq6iiKr3yWkUTcN9z8',null)
20-02-2025 05:18:34 info: [Validate user error] : Error: PROCEDURE mms.api_log does not exist
20-02-2025 05:18:34 info: [update query request] : UPDATE api_log SET response_status = 'F',response_date = CURRENT_TIMESTAMP, response_comments = 'Error occurred' WHERE request_id = '1_202550104834_8749' AND response_status = 'N'
20-02-2025 05:18:34 info: [update query response] : {"fieldCount":0,"affectedRows":0,"insertId":0,"info":"Rows matched: 0  Changed: 0  Warnings: 0","serverStatus":34,"warningStatus":0,"changedRows":0}
20-02-2025 05:18:34 info: [API RESPONSE] {"request_id":"1_202550104834_8749","response_code":0,"response_status":201,"response_msg":"Error occurred"}
20-02-2025 05:18:49 info: [API REQUEST] /user/dashboard_change - {} - {"host":"localhost:10017","accept":"*/*","accept-encoding":"deflate, gzip, br, zstd","authorization":"Bearer eyJhbGciOiJIUzI1NiIsInR5cCI6IkpXVCJ9.eyJ1c2VybmFtZSI6ImNlbGViZGlnaXRhbCIsInVzZXJfcGFzc3dvcmQiOiJZSnRAMTIzIyIsImlhdCI6MTc0MDAyODUzNiwiZXhwIjoxNzQwNjMzMzM2fQ.V3No5jMzwNgznMwrhpT_5jVa3wVFe1S8iiGW_Fc6uDw","content-type":"application/json"} - undefined
20-02-2025 05:18:49 info: Bearer eyJhbGciOiJIUzI1NiIsInR5cCI6IkpXVCJ9.eyJ1c2VybmFtZSI6ImNlbGViZGlnaXRhbCIsInVzZXJfcGFzc3dvcmQiOiJZSnRAMTIzIyIsImlhdCI6MTc0MDAyODUzNiwiZXhwIjoxNzQwNjMzMzM2fQ.V3No5jMzwNgznMwrhpT_5jVa3wVFe1S8iiGW_Fc6uDwbearerHeader
20-02-2025 05:18:49 info: [select query request] : SELECT * FROM user_management WHERE user_bearer_token = 'Bearer eyJhbGciOiJIUzI1NiIsInR5cCI6IkpXVCJ9.eyJ1c2VybmFtZSI6ImNlbGViZGlnaXRhbCIsInVzZXJfcGFzc3dvcmQiOiJZSnRAMTIzIyIsImlhdCI6MTc0MDAyODUzNiwiZXhwIjoxNzQwNjMzMzM2fQ.V3No5jMzwNgznMwrhpT_5jVa3wVFe1S8iiGW_Fc6uDw' AND usr_mgt_status IN ('N','Y')
20-02-2025 05:18:49 info: [select query response] : [{"user_id":1,"user_master_id":1,"parent_id":1,"user_name":"celebdigital","api_key":"AA1DE999B6B65D2","login_id":"celebdigital","login_password":"e58a3754522a05c1ff4d231f8e8cc1bd","user_email":"arun@yeejai.com","user_mobile":"8888888888","usr_mgt_status":"Y","usr_mgt_entry_date":"2025-02-20T05:15:36.000Z","user_bearer_token":"Bearer eyJhbGciOiJIUzI1NiIsInR5cCI6IkpXVCJ9.eyJ1c2VybmFtZSI6ImNlbGViZGlnaXRhbCIsInVzZXJfcGFzc3dvcmQiOiJZSnRAMTIzIyIsImlhdCI6MTc0MDAyODUzNiwiZXhwIjoxNzQwNjMzMzM2fQ.V3No5jMzwNgznMwrhpT_5jVa3wVFe1S8iiGW_Fc6uDw"}]
20-02-2025 05:18:56 info: [API REQUEST] /report/today_report - {} - {"host":"localhost:10017","accept":"*/*","accept-encoding":"deflate, gzip, br, zstd","authorization":"Bearer eyJhbGciOiJIUzI1NiIsInR5cCI6IkpXVCJ9.eyJ1c2VybmFtZSI6ImNlbGViZGlnaXRhbCIsInVzZXJfcGFzc3dvcmQiOiJZSnRAMTIzIyIsImlhdCI6MTc0MDAyODUzNiwiZXhwIjoxNzQwNjMzMzM2fQ.V3No5jMzwNgznMwrhpT_5jVa3wVFe1S8iiGW_Fc6uDw","content-type":"application/json"} - undefined
20-02-2025 05:18:56 info: Bearer eyJhbGciOiJIUzI1NiIsInR5cCI6IkpXVCJ9.eyJ1c2VybmFtZSI6ImNlbGViZGlnaXRhbCIsInVzZXJfcGFzc3dvcmQiOiJZSnRAMTIzIyIsImlhdCI6MTc0MDAyODUzNiwiZXhwIjoxNzQwNjMzMzM2fQ.V3No5jMzwNgznMwrhpT_5jVa3wVFe1S8iiGW_Fc6uDwbearerHeader
20-02-2025 05:18:56 info: [select query request] : SELECT * FROM user_management WHERE user_bearer_token = 'Bearer eyJhbGciOiJIUzI1NiIsInR5cCI6IkpXVCJ9.eyJ1c2VybmFtZSI6ImNlbGViZGlnaXRhbCIsInVzZXJfcGFzc3dvcmQiOiJZSnRAMTIzIyIsImlhdCI6MTc0MDAyODUzNiwiZXhwIjoxNzQwNjMzMzM2fQ.V3No5jMzwNgznMwrhpT_5jVa3wVFe1S8iiGW_Fc6uDw' AND usr_mgt_status IN ('N','Y')
20-02-2025 05:18:56 info: [select query response] : [{"user_id":1,"user_master_id":1,"parent_id":1,"user_name":"celebdigital","api_key":"AA1DE999B6B65D2","login_id":"celebdigital","login_password":"e58a3754522a05c1ff4d231f8e8cc1bd","user_email":"arun@yeejai.com","user_mobile":"8888888888","usr_mgt_status":"Y","usr_mgt_entry_date":"2025-02-20T05:15:36.000Z","user_bearer_token":"Bearer eyJhbGciOiJIUzI1NiIsInR5cCI6IkpXVCJ9.eyJ1c2VybmFtZSI6ImNlbGViZGlnaXRhbCIsInVzZXJfcGFzc3dvcmQiOiJZSnRAMTIzIyIsImlhdCI6MTc0MDAyODUzNiwiZXhwIjoxNzQwNjMzMzM2fQ.V3No5jMzwNgznMwrhpT_5jVa3wVFe1S8iiGW_Fc6uDw"}]
20-02-2025 05:19:32 info: [API REQUEST] /user/dashboard_change - {} - {"host":"localhost:10017","accept":"*/*","accept-encoding":"deflate, gzip, br, zstd","authorization":"Bearer eyJhbGciOiJIUzI1NiIsInR5cCI6IkpXVCJ9.eyJ1c2VybmFtZSI6ImNlbGViZGlnaXRhbCIsInVzZXJfcGFzc3dvcmQiOiJZSnRAMTIzIyIsImlhdCI6MTc0MDAyODUzNiwiZXhwIjoxNzQwNjMzMzM2fQ.V3No5jMzwNgznMwrhpT_5jVa3wVFe1S8iiGW_Fc6uDw","content-type":"application/json"} - undefined
20-02-2025 05:19:32 info: Bearer eyJhbGciOiJIUzI1NiIsInR5cCI6IkpXVCJ9.eyJ1c2VybmFtZSI6ImNlbGViZGlnaXRhbCIsInVzZXJfcGFzc3dvcmQiOiJZSnRAMTIzIyIsImlhdCI6MTc0MDAyODUzNiwiZXhwIjoxNzQwNjMzMzM2fQ.V3No5jMzwNgznMwrhpT_5jVa3wVFe1S8iiGW_Fc6uDwbearerHeader
20-02-2025 05:19:32 info: [select query request] : SELECT * FROM user_management WHERE user_bearer_token = 'Bearer eyJhbGciOiJIUzI1NiIsInR5cCI6IkpXVCJ9.eyJ1c2VybmFtZSI6ImNlbGViZGlnaXRhbCIsInVzZXJfcGFzc3dvcmQiOiJZSnRAMTIzIyIsImlhdCI6MTc0MDAyODUzNiwiZXhwIjoxNzQwNjMzMzM2fQ.V3No5jMzwNgznMwrhpT_5jVa3wVFe1S8iiGW_Fc6uDw' AND usr_mgt_status IN ('N','Y')
20-02-2025 05:19:32 info: [select query response] : [{"user_id":1,"user_master_id":1,"parent_id":1,"user_name":"celebdigital","api_key":"AA1DE999B6B65D2","login_id":"celebdigital","login_password":"e58a3754522a05c1ff4d231f8e8cc1bd","user_email":"arun@yeejai.com","user_mobile":"8888888888","usr_mgt_status":"Y","usr_mgt_entry_date":"2025-02-20T05:15:36.000Z","user_bearer_token":"Bearer eyJhbGciOiJIUzI1NiIsInR5cCI6IkpXVCJ9.eyJ1c2VybmFtZSI6ImNlbGViZGlnaXRhbCIsInVzZXJfcGFzc3dvcmQiOiJZSnRAMTIzIyIsImlhdCI6MTc0MDAyODUzNiwiZXhwIjoxNzQwNjMzMzM2fQ.V3No5jMzwNgznMwrhpT_5jVa3wVFe1S8iiGW_Fc6uDw"}]
20-02-2025 05:19:46 info: [API REQUEST] /report/userlist_report - {} - {"host":"localhost:10017","accept":"*/*","accept-encoding":"deflate, gzip, br, zstd","authorization":"Bearer eyJhbGciOiJIUzI1NiIsInR5cCI6IkpXVCJ9.eyJ1c2VybmFtZSI6ImNlbGViZGlnaXRhbCIsInVzZXJfcGFzc3dvcmQiOiJZSnRAMTIzIyIsImlhdCI6MTc0MDAyODUzNiwiZXhwIjoxNzQwNjMzMzM2fQ.V3No5jMzwNgznMwrhpT_5jVa3wVFe1S8iiGW_Fc6uDw","content-type":"application/json"} - undefined
20-02-2025 05:19:46 info: Bearer eyJhbGciOiJIUzI1NiIsInR5cCI6IkpXVCJ9.eyJ1c2VybmFtZSI6ImNlbGViZGlnaXRhbCIsInVzZXJfcGFzc3dvcmQiOiJZSnRAMTIzIyIsImlhdCI6MTc0MDAyODUzNiwiZXhwIjoxNzQwNjMzMzM2fQ.V3No5jMzwNgznMwrhpT_5jVa3wVFe1S8iiGW_Fc6uDwbearerHeader
20-02-2025 05:19:46 info: [select query request] : SELECT * FROM user_management WHERE user_bearer_token = 'Bearer eyJhbGciOiJIUzI1NiIsInR5cCI6IkpXVCJ9.eyJ1c2VybmFtZSI6ImNlbGViZGlnaXRhbCIsInVzZXJfcGFzc3dvcmQiOiJZSnRAMTIzIyIsImlhdCI6MTc0MDAyODUzNiwiZXhwIjoxNzQwNjMzMzM2fQ.V3No5jMzwNgznMwrhpT_5jVa3wVFe1S8iiGW_Fc6uDw' AND usr_mgt_status IN ('N','Y')
20-02-2025 05:19:46 info: [select query response] : [{"user_id":1,"user_master_id":1,"parent_id":1,"user_name":"celebdigital","api_key":"AA1DE999B6B65D2","login_id":"celebdigital","login_password":"e58a3754522a05c1ff4d231f8e8cc1bd","user_email":"arun@yeejai.com","user_mobile":"8888888888","usr_mgt_status":"Y","usr_mgt_entry_date":"2025-02-20T05:15:36.000Z","user_bearer_token":"Bearer eyJhbGciOiJIUzI1NiIsInR5cCI6IkpXVCJ9.eyJ1c2VybmFtZSI6ImNlbGViZGlnaXRhbCIsInVzZXJfcGFzc3dvcmQiOiJZSnRAMTIzIyIsImlhdCI6MTc0MDAyODUzNiwiZXhwIjoxNzQwNjMzMzM2fQ.V3No5jMzwNgznMwrhpT_5jVa3wVFe1S8iiGW_Fc6uDw"}]
20-02-2025 05:19:52 info: [API REQUEST] /user/dashboard_change - {} - {"host":"localhost:10017","accept":"*/*","accept-encoding":"deflate, gzip, br, zstd","authorization":"Bearer eyJhbGciOiJIUzI1NiIsInR5cCI6IkpXVCJ9.eyJ1c2VybmFtZSI6ImNlbGViZGlnaXRhbCIsInVzZXJfcGFzc3dvcmQiOiJZSnRAMTIzIyIsImlhdCI6MTc0MDAyODUzNiwiZXhwIjoxNzQwNjMzMzM2fQ.V3No5jMzwNgznMwrhpT_5jVa3wVFe1S8iiGW_Fc6uDw","content-type":"application/json"} - undefined
20-02-2025 05:19:52 info: Bearer eyJhbGciOiJIUzI1NiIsInR5cCI6IkpXVCJ9.eyJ1c2VybmFtZSI6ImNlbGViZGlnaXRhbCIsInVzZXJfcGFzc3dvcmQiOiJZSnRAMTIzIyIsImlhdCI6MTc0MDAyODUzNiwiZXhwIjoxNzQwNjMzMzM2fQ.V3No5jMzwNgznMwrhpT_5jVa3wVFe1S8iiGW_Fc6uDwbearerHeader
20-02-2025 05:19:52 info: [select query request] : SELECT * FROM user_management WHERE user_bearer_token = 'Bearer eyJhbGciOiJIUzI1NiIsInR5cCI6IkpXVCJ9.eyJ1c2VybmFtZSI6ImNlbGViZGlnaXRhbCIsInVzZXJfcGFzc3dvcmQiOiJZSnRAMTIzIyIsImlhdCI6MTc0MDAyODUzNiwiZXhwIjoxNzQwNjMzMzM2fQ.V3No5jMzwNgznMwrhpT_5jVa3wVFe1S8iiGW_Fc6uDw' AND usr_mgt_status IN ('N','Y')
20-02-2025 05:19:52 info: [select query response] : [{"user_id":1,"user_master_id":1,"parent_id":1,"user_name":"celebdigital","api_key":"AA1DE999B6B65D2","login_id":"celebdigital","login_password":"e58a3754522a05c1ff4d231f8e8cc1bd","user_email":"arun@yeejai.com","user_mobile":"8888888888","usr_mgt_status":"Y","usr_mgt_entry_date":"2025-02-20T05:15:36.000Z","user_bearer_token":"Bearer eyJhbGciOiJIUzI1NiIsInR5cCI6IkpXVCJ9.eyJ1c2VybmFtZSI6ImNlbGViZGlnaXRhbCIsInVzZXJfcGFzc3dvcmQiOiJZSnRAMTIzIyIsImlhdCI6MTc0MDAyODUzNiwiZXhwIjoxNzQwNjMzMzM2fQ.V3No5jMzwNgznMwrhpT_5jVa3wVFe1S8iiGW_Fc6uDw"}]
20-02-2025 05:27:38 info: [insert query request] : INSERT INTO api_log VALUES(NULL,1,'/login','undefined','6270604758','N','-','0000-00-00 00:00:00','Y',CURRENT_TIMESTAMP)
20-02-2025 05:27:38 info: [insert query response] : {"fieldCount":0,"affectedRows":1,"insertId":688,"info":"","serverStatus":2,"warningStatus":0,"changedRows":0}
20-02-2025 05:27:38 info: [select query request] : SELECT * FROM api_log WHERE request_id = '6270604758' AND response_status != 'N' AND api_log_status='Y'
20-02-2025 05:27:38 info: [select query response] : []
20-02-2025 05:27:38 info: [API REQUEST] /login - {"txt_username":"celebdigital","txt_password":"YJt@123#","request_id":"6270604758"} - {"host":"localhost:10017","accept":"*/*","accept-encoding":"deflate, gzip, br, zstd","content-type":"application/json","content-length":"107"} - undefined
20-02-2025 05:27:38 info: [select query request] : SELECT * FROM user_management where login_id = 'celebdigital' and usr_mgt_status in ('N', 'Y', 'R') ORDER BY user_id ASC
20-02-2025 05:27:38 info: [select query request] : SELECT * FROM user_management where login_id = 'celebdigital' and login_password = 'e58a3754522a05c1ff4d231f8e8cc1bd' and usr_mgt_status in ('N', 'Y', 'R') ORDER BY user_id ASC
20-02-2025 05:27:38 info: [Update query request] : UPDATE user_management  SET user_bearer_token = 'Bearer eyJhbGciOiJIUzI1NiIsInR5cCI6IkpXVCJ9.eyJ1c2VybmFtZSI6ImNlbGViZGlnaXRhbCIsInVzZXJfcGFzc3dvcmQiOiJZSnRAMTIzIyIsImlhdCI6MTc0MDAyOTI1OCwiZXhwIjoxNzQwNjM0MDU4fQ.D_noSdNYfNKjC5YqxgWx9oGq2aP473STVXMpPieBBsc' WHERE user_id = '1'
20-02-2025 05:27:38 info: [Update query Response] : {"fieldCount":0,"affectedRows":1,"insertId":0,"info":"Rows matched: 1  Changed: 1  Warnings: 0","serverStatus":2,"warningStatus":0,"changedRows":1}
20-02-2025 05:27:38 info: [select query request] : SELECT user_id,user_log_status,login_date FROM user_log where user_id ='1' and user_log_status = 'I' and date(login_date) ='2025-2-20'
20-02-2025 05:27:38 info: [update query request] : UPDATE user_log SET user_log_status = 'O',logout_time = '2025-2-20 5:27:38' WHERE user_id = '1' AND user_log_status = 'I' AND login_date = '2025-2-20'
20-02-2025 05:27:38 info: [insert query request] : INSERT INTO user_log VALUES(NULL, '1', 'undefined', '2025-2-20 5:27:38', '2025-2-20 5:27:38', NULL, 'I', '2025-2-20 5:27:38')
20-02-2025 05:27:38 info: : [call_index_signin] Success 
20-02-2025 05:27:39 info: [API REQUEST] /user/dashboard_change - {} - {"host":"localhost:10017","accept":"*/*","accept-encoding":"deflate, gzip, br, zstd","authorization":"Bearer eyJhbGciOiJIUzI1NiIsInR5cCI6IkpXVCJ9.eyJ1c2VybmFtZSI6ImNlbGViZGlnaXRhbCIsInVzZXJfcGFzc3dvcmQiOiJZSnRAMTIzIyIsImlhdCI6MTc0MDAyOTI1OCwiZXhwIjoxNzQwNjM0MDU4fQ.D_noSdNYfNKjC5YqxgWx9oGq2aP473STVXMpPieBBsc","content-type":"application/json"} - undefined
20-02-2025 05:27:39 info: Bearer eyJhbGciOiJIUzI1NiIsInR5cCI6IkpXVCJ9.eyJ1c2VybmFtZSI6ImNlbGViZGlnaXRhbCIsInVzZXJfcGFzc3dvcmQiOiJZSnRAMTIzIyIsImlhdCI6MTc0MDAyOTI1OCwiZXhwIjoxNzQwNjM0MDU4fQ.D_noSdNYfNKjC5YqxgWx9oGq2aP473STVXMpPieBBscbearerHeader
20-02-2025 05:27:39 info: [select query request] : SELECT * FROM user_management WHERE user_bearer_token = 'Bearer eyJhbGciOiJIUzI1NiIsInR5cCI6IkpXVCJ9.eyJ1c2VybmFtZSI6ImNlbGViZGlnaXRhbCIsInVzZXJfcGFzc3dvcmQiOiJZSnRAMTIzIyIsImlhdCI6MTc0MDAyOTI1OCwiZXhwIjoxNzQwNjM0MDU4fQ.D_noSdNYfNKjC5YqxgWx9oGq2aP473STVXMpPieBBsc' AND usr_mgt_status IN ('N','Y')
20-02-2025 05:27:39 info: [select query response] : [{"user_id":1,"user_master_id":1,"parent_id":1,"user_name":"celebdigital","api_key":"AA1DE999B6B65D2","login_id":"celebdigital","login_password":"e58a3754522a05c1ff4d231f8e8cc1bd","user_email":"arun@yeejai.com","user_mobile":"8888888888","usr_mgt_status":"Y","usr_mgt_entry_date":"2025-02-20T05:27:38.000Z","user_bearer_token":"Bearer eyJhbGciOiJIUzI1NiIsInR5cCI6IkpXVCJ9.eyJ1c2VybmFtZSI6ImNlbGViZGlnaXRhbCIsInVzZXJfcGFzc3dvcmQiOiJZSnRAMTIzIyIsImlhdCI6MTc0MDAyOTI1OCwiZXhwIjoxNzQwNjM0MDU4fQ.D_noSdNYfNKjC5YqxgWx9oGq2aP473STVXMpPieBBsc"}]
20-02-2025 05:27:43 info: [API REQUEST] /report/today_report - {} - {"host":"localhost:10017","accept":"*/*","accept-encoding":"deflate, gzip, br, zstd","authorization":"Bearer eyJhbGciOiJIUzI1NiIsInR5cCI6IkpXVCJ9.eyJ1c2VybmFtZSI6ImNlbGViZGlnaXRhbCIsInVzZXJfcGFzc3dvcmQiOiJZSnRAMTIzIyIsImlhdCI6MTc0MDAyOTI1OCwiZXhwIjoxNzQwNjM0MDU4fQ.D_noSdNYfNKjC5YqxgWx9oGq2aP473STVXMpPieBBsc","content-type":"application/json"} - undefined
20-02-2025 05:27:43 info: Bearer eyJhbGciOiJIUzI1NiIsInR5cCI6IkpXVCJ9.eyJ1c2VybmFtZSI6ImNlbGViZGlnaXRhbCIsInVzZXJfcGFzc3dvcmQiOiJZSnRAMTIzIyIsImlhdCI6MTc0MDAyOTI1OCwiZXhwIjoxNzQwNjM0MDU4fQ.D_noSdNYfNKjC5YqxgWx9oGq2aP473STVXMpPieBBscbearerHeader
20-02-2025 05:27:43 info: [select query request] : SELECT * FROM user_management WHERE user_bearer_token = 'Bearer eyJhbGciOiJIUzI1NiIsInR5cCI6IkpXVCJ9.eyJ1c2VybmFtZSI6ImNlbGViZGlnaXRhbCIsInVzZXJfcGFzc3dvcmQiOiJZSnRAMTIzIyIsImlhdCI6MTc0MDAyOTI1OCwiZXhwIjoxNzQwNjM0MDU4fQ.D_noSdNYfNKjC5YqxgWx9oGq2aP473STVXMpPieBBsc' AND usr_mgt_status IN ('N','Y')
20-02-2025 05:27:43 info: [select query response] : [{"user_id":1,"user_master_id":1,"parent_id":1,"user_name":"celebdigital","api_key":"AA1DE999B6B65D2","login_id":"celebdigital","login_password":"e58a3754522a05c1ff4d231f8e8cc1bd","user_email":"arun@yeejai.com","user_mobile":"8888888888","usr_mgt_status":"Y","usr_mgt_entry_date":"2025-02-20T05:27:38.000Z","user_bearer_token":"Bearer eyJhbGciOiJIUzI1NiIsInR5cCI6IkpXVCJ9.eyJ1c2VybmFtZSI6ImNlbGViZGlnaXRhbCIsInVzZXJfcGFzc3dvcmQiOiJZSnRAMTIzIyIsImlhdCI6MTc0MDAyOTI1OCwiZXhwIjoxNzQwNjM0MDU4fQ.D_noSdNYfNKjC5YqxgWx9oGq2aP473STVXMpPieBBsc"}]
20-02-2025 05:29:44 info: [API REQUEST] /report/today_report - {} - {"host":"localhost:10017","accept":"*/*","accept-encoding":"deflate, gzip, br, zstd","authorization":"Bearer eyJhbGciOiJIUzI1NiIsInR5cCI6IkpXVCJ9.eyJ1c2VybmFtZSI6ImNlbGViZGlnaXRhbCIsInVzZXJfcGFzc3dvcmQiOiJZSnRAMTIzIyIsImlhdCI6MTc0MDAyOTI1OCwiZXhwIjoxNzQwNjM0MDU4fQ.D_noSdNYfNKjC5YqxgWx9oGq2aP473STVXMpPieBBsc","content-type":"application/json"} - undefined
20-02-2025 05:29:44 info: Bearer eyJhbGciOiJIUzI1NiIsInR5cCI6IkpXVCJ9.eyJ1c2VybmFtZSI6ImNlbGViZGlnaXRhbCIsInVzZXJfcGFzc3dvcmQiOiJZSnRAMTIzIyIsImlhdCI6MTc0MDAyOTI1OCwiZXhwIjoxNzQwNjM0MDU4fQ.D_noSdNYfNKjC5YqxgWx9oGq2aP473STVXMpPieBBscbearerHeader
20-02-2025 05:29:44 info: [select query request] : SELECT * FROM user_management WHERE user_bearer_token = 'Bearer eyJhbGciOiJIUzI1NiIsInR5cCI6IkpXVCJ9.eyJ1c2VybmFtZSI6ImNlbGViZGlnaXRhbCIsInVzZXJfcGFzc3dvcmQiOiJZSnRAMTIzIyIsImlhdCI6MTc0MDAyOTI1OCwiZXhwIjoxNzQwNjM0MDU4fQ.D_noSdNYfNKjC5YqxgWx9oGq2aP473STVXMpPieBBsc' AND usr_mgt_status IN ('N','Y')
20-02-2025 05:29:44 info: [select query response] : [{"user_id":1,"user_master_id":1,"parent_id":1,"user_name":"celebdigital","api_key":"AA1DE999B6B65D2","login_id":"celebdigital","login_password":"e58a3754522a05c1ff4d231f8e8cc1bd","user_email":"arun@yeejai.com","user_mobile":"8888888888","usr_mgt_status":"Y","usr_mgt_entry_date":"2025-02-20T05:27:38.000Z","user_bearer_token":"Bearer eyJhbGciOiJIUzI1NiIsInR5cCI6IkpXVCJ9.eyJ1c2VybmFtZSI6ImNlbGViZGlnaXRhbCIsInVzZXJfcGFzc3dvcmQiOiJZSnRAMTIzIyIsImlhdCI6MTc0MDAyOTI1OCwiZXhwIjoxNzQwNjM0MDU4fQ.D_noSdNYfNKjC5YqxgWx9oGq2aP473STVXMpPieBBsc"}]
20-02-2025 05:30:52 info: [API REQUEST] /report/today_report - {} - {"host":"localhost:10017","accept":"*/*","accept-encoding":"deflate, gzip, br, zstd","authorization":"Bearer eyJhbGciOiJIUzI1NiIsInR5cCI6IkpXVCJ9.eyJ1c2VybmFtZSI6ImNlbGViZGlnaXRhbCIsInVzZXJfcGFzc3dvcmQiOiJZSnRAMTIzIyIsImlhdCI6MTc0MDAyOTI1OCwiZXhwIjoxNzQwNjM0MDU4fQ.D_noSdNYfNKjC5YqxgWx9oGq2aP473STVXMpPieBBsc","content-type":"application/json"} - undefined
20-02-2025 05:30:52 info: Bearer eyJhbGciOiJIUzI1NiIsInR5cCI6IkpXVCJ9.eyJ1c2VybmFtZSI6ImNlbGViZGlnaXRhbCIsInVzZXJfcGFzc3dvcmQiOiJZSnRAMTIzIyIsImlhdCI6MTc0MDAyOTI1OCwiZXhwIjoxNzQwNjM0MDU4fQ.D_noSdNYfNKjC5YqxgWx9oGq2aP473STVXMpPieBBscbearerHeader
20-02-2025 05:30:52 info: [select query request] : SELECT * FROM user_management WHERE user_bearer_token = 'Bearer eyJhbGciOiJIUzI1NiIsInR5cCI6IkpXVCJ9.eyJ1c2VybmFtZSI6ImNlbGViZGlnaXRhbCIsInVzZXJfcGFzc3dvcmQiOiJZSnRAMTIzIyIsImlhdCI6MTc0MDAyOTI1OCwiZXhwIjoxNzQwNjM0MDU4fQ.D_noSdNYfNKjC5YqxgWx9oGq2aP473STVXMpPieBBsc' AND usr_mgt_status IN ('N','Y')
20-02-2025 05:30:52 info: [select query response] : [{"user_id":1,"user_master_id":1,"parent_id":1,"user_name":"celebdigital","api_key":"AA1DE999B6B65D2","login_id":"celebdigital","login_password":"e58a3754522a05c1ff4d231f8e8cc1bd","user_email":"arun@yeejai.com","user_mobile":"8888888888","usr_mgt_status":"Y","usr_mgt_entry_date":"2025-02-20T05:27:38.000Z","user_bearer_token":"Bearer eyJhbGciOiJIUzI1NiIsInR5cCI6IkpXVCJ9.eyJ1c2VybmFtZSI6ImNlbGViZGlnaXRhbCIsInVzZXJfcGFzc3dvcmQiOiJZSnRAMTIzIyIsImlhdCI6MTc0MDAyOTI1OCwiZXhwIjoxNzQwNjM0MDU4fQ.D_noSdNYfNKjC5YqxgWx9oGq2aP473STVXMpPieBBsc"}]
20-02-2025 05:32:12 info: [API REQUEST] /user/dashboard_change - {} - {"host":"localhost:10017","accept":"*/*","accept-encoding":"deflate, gzip, br, zstd","authorization":"Bearer eyJhbGciOiJIUzI1NiIsInR5cCI6IkpXVCJ9.eyJ1c2VybmFtZSI6ImNlbGViZGlnaXRhbCIsInVzZXJfcGFzc3dvcmQiOiJZSnRAMTIzIyIsImlhdCI6MTc0MDAyOTI1OCwiZXhwIjoxNzQwNjM0MDU4fQ.D_noSdNYfNKjC5YqxgWx9oGq2aP473STVXMpPieBBsc","content-type":"application/json"} - undefined
20-02-2025 05:32:12 info: Bearer eyJhbGciOiJIUzI1NiIsInR5cCI6IkpXVCJ9.eyJ1c2VybmFtZSI6ImNlbGViZGlnaXRhbCIsInVzZXJfcGFzc3dvcmQiOiJZSnRAMTIzIyIsImlhdCI6MTc0MDAyOTI1OCwiZXhwIjoxNzQwNjM0MDU4fQ.D_noSdNYfNKjC5YqxgWx9oGq2aP473STVXMpPieBBscbearerHeader
20-02-2025 05:32:12 info: [select query request] : SELECT * FROM user_management WHERE user_bearer_token = 'Bearer eyJhbGciOiJIUzI1NiIsInR5cCI6IkpXVCJ9.eyJ1c2VybmFtZSI6ImNlbGViZGlnaXRhbCIsInVzZXJfcGFzc3dvcmQiOiJZSnRAMTIzIyIsImlhdCI6MTc0MDAyOTI1OCwiZXhwIjoxNzQwNjM0MDU4fQ.D_noSdNYfNKjC5YqxgWx9oGq2aP473STVXMpPieBBsc' AND usr_mgt_status IN ('N','Y')
20-02-2025 05:32:12 info: [select query response] : [{"user_id":1,"user_master_id":1,"parent_id":1,"user_name":"celebdigital","api_key":"AA1DE999B6B65D2","login_id":"celebdigital","login_password":"e58a3754522a05c1ff4d231f8e8cc1bd","user_email":"arun@yeejai.com","user_mobile":"8888888888","usr_mgt_status":"Y","usr_mgt_entry_date":"2025-02-20T05:27:38.000Z","user_bearer_token":"Bearer eyJhbGciOiJIUzI1NiIsInR5cCI6IkpXVCJ9.eyJ1c2VybmFtZSI6ImNlbGViZGlnaXRhbCIsInVzZXJfcGFzc3dvcmQiOiJZSnRAMTIzIyIsImlhdCI6MTc0MDAyOTI1OCwiZXhwIjoxNzQwNjM0MDU4fQ.D_noSdNYfNKjC5YqxgWx9oGq2aP473STVXMpPieBBsc"}]
20-02-2025 05:34:05 info: [insert query request] : INSERT INTO api_log VALUES(NULL,1,'/login','undefined','3093838581','N','-','0000-00-00 00:00:00','Y',CURRENT_TIMESTAMP)
20-02-2025 05:34:05 info: [insert query response] : {"fieldCount":0,"affectedRows":1,"insertId":689,"info":"","serverStatus":2,"warningStatus":0,"changedRows":0}
20-02-2025 05:34:05 info: [select query request] : SELECT * FROM api_log WHERE request_id = '3093838581' AND response_status != 'N' AND api_log_status='Y'
20-02-2025 05:34:05 info: [select query response] : []
20-02-2025 05:34:05 info: [API REQUEST] /login - {"txt_username":"celebdigital","txt_password":"YJt@123#","request_id":"3093838581"} - {"host":"localhost:10017","accept":"*/*","accept-encoding":"deflate, gzip, br, zstd","content-type":"application/json","content-length":"107"} - undefined
20-02-2025 05:34:05 info: [select query request] : SELECT * FROM user_management where login_id = 'celebdigital' and usr_mgt_status in ('N', 'Y', 'R') ORDER BY user_id ASC
20-02-2025 05:34:05 info: [select query request] : SELECT * FROM user_management where login_id = 'celebdigital' and login_password = 'e58a3754522a05c1ff4d231f8e8cc1bd' and usr_mgt_status in ('N', 'Y', 'R') ORDER BY user_id ASC
20-02-2025 05:34:05 info: [Update query request] : UPDATE user_management  SET user_bearer_token = 'Bearer eyJhbGciOiJIUzI1NiIsInR5cCI6IkpXVCJ9.eyJ1c2VybmFtZSI6ImNlbGViZGlnaXRhbCIsInVzZXJfcGFzc3dvcmQiOiJZSnRAMTIzIyIsImlhdCI6MTc0MDAyOTY0NSwiZXhwIjoxNzQwNjM0NDQ1fQ.B7HursG1NZmc50z4Hnb7X-cB0shWUs58vAFi6tdz8nY' WHERE user_id = '1'
20-02-2025 05:34:05 info: [Update query Response] : {"fieldCount":0,"affectedRows":1,"insertId":0,"info":"Rows matched: 1  Changed: 1  Warnings: 0","serverStatus":2,"warningStatus":0,"changedRows":1}
20-02-2025 05:34:05 info: [select query request] : SELECT user_id,user_log_status,login_date FROM user_log where user_id ='1' and user_log_status = 'I' and date(login_date) ='2025-2-20'
20-02-2025 05:34:05 info: [update query request] : UPDATE user_log SET user_log_status = 'O',logout_time = '2025-2-20 5:34:5' WHERE user_id = '1' AND user_log_status = 'I' AND login_date = '2025-2-20'
20-02-2025 05:34:05 info: [insert query request] : INSERT INTO user_log VALUES(NULL, '1', 'undefined', '2025-2-20 5:34:5', '2025-2-20 5:34:5', NULL, 'I', '2025-2-20 5:34:5')
20-02-2025 05:34:05 info: : [call_index_signin] Success 
20-02-2025 05:34:05 info: [API REQUEST] /user/dashboard_change - {} - {"host":"localhost:10017","accept":"*/*","accept-encoding":"deflate, gzip, br, zstd","authorization":"Bearer eyJhbGciOiJIUzI1NiIsInR5cCI6IkpXVCJ9.eyJ1c2VybmFtZSI6ImNlbGViZGlnaXRhbCIsInVzZXJfcGFzc3dvcmQiOiJZSnRAMTIzIyIsImlhdCI6MTc0MDAyOTY0NSwiZXhwIjoxNzQwNjM0NDQ1fQ.B7HursG1NZmc50z4Hnb7X-cB0shWUs58vAFi6tdz8nY","content-type":"application/json"} - undefined
20-02-2025 05:34:05 info: Bearer eyJhbGciOiJIUzI1NiIsInR5cCI6IkpXVCJ9.eyJ1c2VybmFtZSI6ImNlbGViZGlnaXRhbCIsInVzZXJfcGFzc3dvcmQiOiJZSnRAMTIzIyIsImlhdCI6MTc0MDAyOTY0NSwiZXhwIjoxNzQwNjM0NDQ1fQ.B7HursG1NZmc50z4Hnb7X-cB0shWUs58vAFi6tdz8nYbearerHeader
20-02-2025 05:34:05 info: [select query request] : SELECT * FROM user_management WHERE user_bearer_token = 'Bearer eyJhbGciOiJIUzI1NiIsInR5cCI6IkpXVCJ9.eyJ1c2VybmFtZSI6ImNlbGViZGlnaXRhbCIsInVzZXJfcGFzc3dvcmQiOiJZSnRAMTIzIyIsImlhdCI6MTc0MDAyOTY0NSwiZXhwIjoxNzQwNjM0NDQ1fQ.B7HursG1NZmc50z4Hnb7X-cB0shWUs58vAFi6tdz8nY' AND usr_mgt_status IN ('N','Y')
20-02-2025 05:34:05 info: [select query response] : [{"user_id":1,"user_master_id":1,"parent_id":1,"user_name":"celebdigital","api_key":"AA1DE999B6B65D2","login_id":"celebdigital","login_password":"e58a3754522a05c1ff4d231f8e8cc1bd","user_email":"arun@yeejai.com","user_mobile":"8888888888","usr_mgt_status":"Y","usr_mgt_entry_date":"2025-02-20T05:34:05.000Z","user_bearer_token":"Bearer eyJhbGciOiJIUzI1NiIsInR5cCI6IkpXVCJ9.eyJ1c2VybmFtZSI6ImNlbGViZGlnaXRhbCIsInVzZXJfcGFzc3dvcmQiOiJZSnRAMTIzIyIsImlhdCI6MTc0MDAyOTY0NSwiZXhwIjoxNzQwNjM0NDQ1fQ.B7HursG1NZmc50z4Hnb7X-cB0shWUs58vAFi6tdz8nY"}]
20-02-2025 05:34:11 info: [API REQUEST] /report/today_report - {} - {"host":"localhost:10017","accept":"*/*","accept-encoding":"deflate, gzip, br, zstd","authorization":"Bearer eyJhbGciOiJIUzI1NiIsInR5cCI6IkpXVCJ9.eyJ1c2VybmFtZSI6ImNlbGViZGlnaXRhbCIsInVzZXJfcGFzc3dvcmQiOiJZSnRAMTIzIyIsImlhdCI6MTc0MDAyOTY0NSwiZXhwIjoxNzQwNjM0NDQ1fQ.B7HursG1NZmc50z4Hnb7X-cB0shWUs58vAFi6tdz8nY","content-type":"application/json"} - undefined
20-02-2025 05:34:11 info: Bearer eyJhbGciOiJIUzI1NiIsInR5cCI6IkpXVCJ9.eyJ1c2VybmFtZSI6ImNlbGViZGlnaXRhbCIsInVzZXJfcGFzc3dvcmQiOiJZSnRAMTIzIyIsImlhdCI6MTc0MDAyOTY0NSwiZXhwIjoxNzQwNjM0NDQ1fQ.B7HursG1NZmc50z4Hnb7X-cB0shWUs58vAFi6tdz8nYbearerHeader
20-02-2025 05:34:11 info: [select query request] : SELECT * FROM user_management WHERE user_bearer_token = 'Bearer eyJhbGciOiJIUzI1NiIsInR5cCI6IkpXVCJ9.eyJ1c2VybmFtZSI6ImNlbGViZGlnaXRhbCIsInVzZXJfcGFzc3dvcmQiOiJZSnRAMTIzIyIsImlhdCI6MTc0MDAyOTY0NSwiZXhwIjoxNzQwNjM0NDQ1fQ.B7HursG1NZmc50z4Hnb7X-cB0shWUs58vAFi6tdz8nY' AND usr_mgt_status IN ('N','Y')
20-02-2025 05:34:11 info: [select query response] : [{"user_id":1,"user_master_id":1,"parent_id":1,"user_name":"celebdigital","api_key":"AA1DE999B6B65D2","login_id":"celebdigital","login_password":"e58a3754522a05c1ff4d231f8e8cc1bd","user_email":"arun@yeejai.com","user_mobile":"8888888888","usr_mgt_status":"Y","usr_mgt_entry_date":"2025-02-20T05:34:05.000Z","user_bearer_token":"Bearer eyJhbGciOiJIUzI1NiIsInR5cCI6IkpXVCJ9.eyJ1c2VybmFtZSI6ImNlbGViZGlnaXRhbCIsInVzZXJfcGFzc3dvcmQiOiJZSnRAMTIzIyIsImlhdCI6MTc0MDAyOTY0NSwiZXhwIjoxNzQwNjM0NDQ1fQ.B7HursG1NZmc50z4Hnb7X-cB0shWUs58vAFi6tdz8nY"}]
20-02-2025 05:35:04 info: [API REQUEST] /user/dashboard_change - {} - {"host":"localhost:10017","accept":"*/*","accept-encoding":"deflate, gzip, br, zstd","authorization":"Bearer eyJhbGciOiJIUzI1NiIsInR5cCI6IkpXVCJ9.eyJ1c2VybmFtZSI6ImNlbGViZGlnaXRhbCIsInVzZXJfcGFzc3dvcmQiOiJZSnRAMTIzIyIsImlhdCI6MTc0MDAyOTY0NSwiZXhwIjoxNzQwNjM0NDQ1fQ.B7HursG1NZmc50z4Hnb7X-cB0shWUs58vAFi6tdz8nY","content-type":"application/json"} - undefined
20-02-2025 05:35:04 info: Bearer eyJhbGciOiJIUzI1NiIsInR5cCI6IkpXVCJ9.eyJ1c2VybmFtZSI6ImNlbGViZGlnaXRhbCIsInVzZXJfcGFzc3dvcmQiOiJZSnRAMTIzIyIsImlhdCI6MTc0MDAyOTY0NSwiZXhwIjoxNzQwNjM0NDQ1fQ.B7HursG1NZmc50z4Hnb7X-cB0shWUs58vAFi6tdz8nYbearerHeader
20-02-2025 05:35:04 info: [select query request] : SELECT * FROM user_management WHERE user_bearer_token = 'Bearer eyJhbGciOiJIUzI1NiIsInR5cCI6IkpXVCJ9.eyJ1c2VybmFtZSI6ImNlbGViZGlnaXRhbCIsInVzZXJfcGFzc3dvcmQiOiJZSnRAMTIzIyIsImlhdCI6MTc0MDAyOTY0NSwiZXhwIjoxNzQwNjM0NDQ1fQ.B7HursG1NZmc50z4Hnb7X-cB0shWUs58vAFi6tdz8nY' AND usr_mgt_status IN ('N','Y')
20-02-2025 05:35:04 info: [select query response] : [{"user_id":1,"user_master_id":1,"parent_id":1,"user_name":"celebdigital","api_key":"AA1DE999B6B65D2","login_id":"celebdigital","login_password":"e58a3754522a05c1ff4d231f8e8cc1bd","user_email":"arun@yeejai.com","user_mobile":"8888888888","usr_mgt_status":"Y","usr_mgt_entry_date":"2025-02-20T05:34:05.000Z","user_bearer_token":"Bearer eyJhbGciOiJIUzI1NiIsInR5cCI6IkpXVCJ9.eyJ1c2VybmFtZSI6ImNlbGViZGlnaXRhbCIsInVzZXJfcGFzc3dvcmQiOiJZSnRAMTIzIyIsImlhdCI6MTc0MDAyOTY0NSwiZXhwIjoxNzQwNjM0NDQ1fQ.B7HursG1NZmc50z4Hnb7X-cB0shWUs58vAFi6tdz8nY"}]
20-02-2025 05:43:53 info: App started listening at http://localhost:10017
20-02-2025 05:45:13 info: [API REQUEST] /user/dashboard_change - {} - {"host":"localhost:10017","accept":"*/*","accept-encoding":"deflate, gzip, br, zstd","authorization":"Bearer eyJhbGciOiJIUzI1NiIsInR5cCI6IkpXVCJ9.eyJ1c2VybmFtZSI6ImNlbGViZGlnaXRhbCIsInVzZXJfcGFzc3dvcmQiOiJZSnRAMTIzIyIsImlhdCI6MTc0MDAyOTY0NSwiZXhwIjoxNzQwNjM0NDQ1fQ.B7HursG1NZmc50z4Hnb7X-cB0shWUs58vAFi6tdz8nY","content-type":"application/json"} - undefined
20-02-2025 05:45:13 info: Bearer eyJhbGciOiJIUzI1NiIsInR5cCI6IkpXVCJ9.eyJ1c2VybmFtZSI6ImNlbGViZGlnaXRhbCIsInVzZXJfcGFzc3dvcmQiOiJZSnRAMTIzIyIsImlhdCI6MTc0MDAyOTY0NSwiZXhwIjoxNzQwNjM0NDQ1fQ.B7HursG1NZmc50z4Hnb7X-cB0shWUs58vAFi6tdz8nYbearerHeader
20-02-2025 05:45:13 info: [select query request] : SELECT * FROM user_management WHERE user_bearer_token = 'Bearer eyJhbGciOiJIUzI1NiIsInR5cCI6IkpXVCJ9.eyJ1c2VybmFtZSI6ImNlbGViZGlnaXRhbCIsInVzZXJfcGFzc3dvcmQiOiJZSnRAMTIzIyIsImlhdCI6MTc0MDAyOTY0NSwiZXhwIjoxNzQwNjM0NDQ1fQ.B7HursG1NZmc50z4Hnb7X-cB0shWUs58vAFi6tdz8nY' AND usr_mgt_status IN ('N','Y')
20-02-2025 05:45:14 info: [select query response] : [{"user_id":1,"user_master_id":1,"parent_id":1,"user_name":"celebdigital","api_key":"AA1DE999B6B65D2","login_id":"celebdigital","login_password":"e58a3754522a05c1ff4d231f8e8cc1bd","user_email":"arun@yeejai.com","user_mobile":"8888888888","usr_mgt_status":"Y","usr_mgt_entry_date":"2025-02-20T05:34:05.000Z","user_bearer_token":"Bearer eyJhbGciOiJIUzI1NiIsInR5cCI6IkpXVCJ9.eyJ1c2VybmFtZSI6ImNlbGViZGlnaXRhbCIsInVzZXJfcGFzc3dvcmQiOiJZSnRAMTIzIyIsImlhdCI6MTc0MDAyOTY0NSwiZXhwIjoxNzQwNjM0NDQ1fQ.B7HursG1NZmc50z4Hnb7X-cB0shWUs58vAFi6tdz8nY"}]
20-02-2025 05:45:23 info: [API REQUEST] /report/today_report - {} - {"host":"localhost:10017","accept":"*/*","accept-encoding":"deflate, gzip, br, zstd","authorization":"Bearer eyJhbGciOiJIUzI1NiIsInR5cCI6IkpXVCJ9.eyJ1c2VybmFtZSI6ImNlbGViZGlnaXRhbCIsInVzZXJfcGFzc3dvcmQiOiJZSnRAMTIzIyIsImlhdCI6MTc0MDAyOTY0NSwiZXhwIjoxNzQwNjM0NDQ1fQ.B7HursG1NZmc50z4Hnb7X-cB0shWUs58vAFi6tdz8nY","content-type":"application/json"} - undefined
20-02-2025 05:45:23 info: Bearer eyJhbGciOiJIUzI1NiIsInR5cCI6IkpXVCJ9.eyJ1c2VybmFtZSI6ImNlbGViZGlnaXRhbCIsInVzZXJfcGFzc3dvcmQiOiJZSnRAMTIzIyIsImlhdCI6MTc0MDAyOTY0NSwiZXhwIjoxNzQwNjM0NDQ1fQ.B7HursG1NZmc50z4Hnb7X-cB0shWUs58vAFi6tdz8nYbearerHeader
20-02-2025 05:45:23 info: [select query request] : SELECT * FROM user_management WHERE user_bearer_token = 'Bearer eyJhbGciOiJIUzI1NiIsInR5cCI6IkpXVCJ9.eyJ1c2VybmFtZSI6ImNlbGViZGlnaXRhbCIsInVzZXJfcGFzc3dvcmQiOiJZSnRAMTIzIyIsImlhdCI6MTc0MDAyOTY0NSwiZXhwIjoxNzQwNjM0NDQ1fQ.B7HursG1NZmc50z4Hnb7X-cB0shWUs58vAFi6tdz8nY' AND usr_mgt_status IN ('N','Y')
20-02-2025 05:45:23 info: [select query response] : [{"user_id":1,"user_master_id":1,"parent_id":1,"user_name":"celebdigital","api_key":"AA1DE999B6B65D2","login_id":"celebdigital","login_password":"e58a3754522a05c1ff4d231f8e8cc1bd","user_email":"arun@yeejai.com","user_mobile":"8888888888","usr_mgt_status":"Y","usr_mgt_entry_date":"2025-02-20T05:34:05.000Z","user_bearer_token":"Bearer eyJhbGciOiJIUzI1NiIsInR5cCI6IkpXVCJ9.eyJ1c2VybmFtZSI6ImNlbGViZGlnaXRhbCIsInVzZXJfcGFzc3dvcmQiOiJZSnRAMTIzIyIsImlhdCI6MTc0MDAyOTY0NSwiZXhwIjoxNzQwNjM0NDQ1fQ.B7HursG1NZmc50z4Hnb7X-cB0shWUs58vAFi6tdz8nY"}]
20-02-2025 05:47:24 info: [API REQUEST] /report/today_report - {} - {"host":"localhost:10017","accept":"*/*","accept-encoding":"deflate, gzip, br, zstd","authorization":"Bearer eyJhbGciOiJIUzI1NiIsInR5cCI6IkpXVCJ9.eyJ1c2VybmFtZSI6ImNlbGViZGlnaXRhbCIsInVzZXJfcGFzc3dvcmQiOiJZSnRAMTIzIyIsImlhdCI6MTc0MDAyOTY0NSwiZXhwIjoxNzQwNjM0NDQ1fQ.B7HursG1NZmc50z4Hnb7X-cB0shWUs58vAFi6tdz8nY","content-type":"application/json"} - undefined
20-02-2025 05:47:24 info: Bearer eyJhbGciOiJIUzI1NiIsInR5cCI6IkpXVCJ9.eyJ1c2VybmFtZSI6ImNlbGViZGlnaXRhbCIsInVzZXJfcGFzc3dvcmQiOiJZSnRAMTIzIyIsImlhdCI6MTc0MDAyOTY0NSwiZXhwIjoxNzQwNjM0NDQ1fQ.B7HursG1NZmc50z4Hnb7X-cB0shWUs58vAFi6tdz8nYbearerHeader
20-02-2025 05:47:24 info: [select query request] : SELECT * FROM user_management WHERE user_bearer_token = 'Bearer eyJhbGciOiJIUzI1NiIsInR5cCI6IkpXVCJ9.eyJ1c2VybmFtZSI6ImNlbGViZGlnaXRhbCIsInVzZXJfcGFzc3dvcmQiOiJZSnRAMTIzIyIsImlhdCI6MTc0MDAyOTY0NSwiZXhwIjoxNzQwNjM0NDQ1fQ.B7HursG1NZmc50z4Hnb7X-cB0shWUs58vAFi6tdz8nY' AND usr_mgt_status IN ('N','Y')
20-02-2025 05:47:24 info: [select query response] : [{"user_id":1,"user_master_id":1,"parent_id":1,"user_name":"celebdigital","api_key":"AA1DE999B6B65D2","login_id":"celebdigital","login_password":"e58a3754522a05c1ff4d231f8e8cc1bd","user_email":"arun@yeejai.com","user_mobile":"8888888888","usr_mgt_status":"Y","usr_mgt_entry_date":"2025-02-20T05:34:05.000Z","user_bearer_token":"Bearer eyJhbGciOiJIUzI1NiIsInR5cCI6IkpXVCJ9.eyJ1c2VybmFtZSI6ImNlbGViZGlnaXRhbCIsInVzZXJfcGFzc3dvcmQiOiJZSnRAMTIzIyIsImlhdCI6MTc0MDAyOTY0NSwiZXhwIjoxNzQwNjM0NDQ1fQ.B7HursG1NZmc50z4Hnb7X-cB0shWUs58vAFi6tdz8nY"}]
20-02-2025 05:49:25 info: [API REQUEST] /report/today_report - {} - {"host":"localhost:10017","accept":"*/*","accept-encoding":"deflate, gzip, br, zstd","authorization":"Bearer eyJhbGciOiJIUzI1NiIsInR5cCI6IkpXVCJ9.eyJ1c2VybmFtZSI6ImNlbGViZGlnaXRhbCIsInVzZXJfcGFzc3dvcmQiOiJZSnRAMTIzIyIsImlhdCI6MTc0MDAyOTY0NSwiZXhwIjoxNzQwNjM0NDQ1fQ.B7HursG1NZmc50z4Hnb7X-cB0shWUs58vAFi6tdz8nY","content-type":"application/json"} - undefined
20-02-2025 05:49:25 info: Bearer eyJhbGciOiJIUzI1NiIsInR5cCI6IkpXVCJ9.eyJ1c2VybmFtZSI6ImNlbGViZGlnaXRhbCIsInVzZXJfcGFzc3dvcmQiOiJZSnRAMTIzIyIsImlhdCI6MTc0MDAyOTY0NSwiZXhwIjoxNzQwNjM0NDQ1fQ.B7HursG1NZmc50z4Hnb7X-cB0shWUs58vAFi6tdz8nYbearerHeader
20-02-2025 05:49:25 info: [select query request] : SELECT * FROM user_management WHERE user_bearer_token = 'Bearer eyJhbGciOiJIUzI1NiIsInR5cCI6IkpXVCJ9.eyJ1c2VybmFtZSI6ImNlbGViZGlnaXRhbCIsInVzZXJfcGFzc3dvcmQiOiJZSnRAMTIzIyIsImlhdCI6MTc0MDAyOTY0NSwiZXhwIjoxNzQwNjM0NDQ1fQ.B7HursG1NZmc50z4Hnb7X-cB0shWUs58vAFi6tdz8nY' AND usr_mgt_status IN ('N','Y')
20-02-2025 05:49:25 info: [select query response] : [{"user_id":1,"user_master_id":1,"parent_id":1,"user_name":"celebdigital","api_key":"AA1DE999B6B65D2","login_id":"celebdigital","login_password":"e58a3754522a05c1ff4d231f8e8cc1bd","user_email":"arun@yeejai.com","user_mobile":"8888888888","usr_mgt_status":"Y","usr_mgt_entry_date":"2025-02-20T05:34:05.000Z","user_bearer_token":"Bearer eyJhbGciOiJIUzI1NiIsInR5cCI6IkpXVCJ9.eyJ1c2VybmFtZSI6ImNlbGViZGlnaXRhbCIsInVzZXJfcGFzc3dvcmQiOiJZSnRAMTIzIyIsImlhdCI6MTc0MDAyOTY0NSwiZXhwIjoxNzQwNjM0NDQ1fQ.B7HursG1NZmc50z4Hnb7X-cB0shWUs58vAFi6tdz8nY"}]
20-02-2025 06:23:09 info: App started listening at http://localhost:10017
20-02-2025 06:24:44 info: [insert query request] : INSERT INTO api_log VALUES(NULL,1,'/login','undefined','1757110358','N','-','0000-00-00 00:00:00','Y',CURRENT_TIMESTAMP)
20-02-2025 06:24:44 info: [insert query response] : {"fieldCount":0,"affectedRows":1,"insertId":690,"info":"","serverStatus":2,"warningStatus":0,"changedRows":0}
20-02-2025 06:24:44 info: [select query request] : SELECT * FROM api_log WHERE request_id = '1757110358' AND response_status != 'N' AND api_log_status='Y'
20-02-2025 06:24:44 info: [select query response] : []
20-02-2025 06:24:44 info: [API REQUEST] /login - {"txt_username":"celebdigital","txt_password":"YJt@123#","request_id":"1757110358"} - {"host":"localhost:10017","accept":"*/*","accept-encoding":"deflate, gzip, br, zstd","content-type":"application/json","content-length":"107"} - undefined
20-02-2025 06:24:44 info: [select query request] : SELECT * FROM user_management where login_id = 'celebdigital' and usr_mgt_status in ('N', 'Y', 'R') ORDER BY user_id ASC
20-02-2025 06:24:44 info: [select query request] : SELECT * FROM user_management where login_id = 'celebdigital' and login_password = 'e58a3754522a05c1ff4d231f8e8cc1bd' and usr_mgt_status in ('N', 'Y', 'R') ORDER BY user_id ASC
20-02-2025 06:24:44 info: [Update query request] : UPDATE user_management  SET user_bearer_token = 'Bearer eyJhbGciOiJIUzI1NiIsInR5cCI6IkpXVCJ9.eyJ1c2VybmFtZSI6ImNlbGViZGlnaXRhbCIsInVzZXJfcGFzc3dvcmQiOiJZSnRAMTIzIyIsImlhdCI6MTc0MDAzMjY4NCwiZXhwIjoxNzQwNjM3NDg0fQ.IxvErQDZEw7S3PHlRt9NGFJzI5FhEEShNsT9XKCXhvY' WHERE user_id = '1'
20-02-2025 06:24:44 info: [Update query Response] : {"fieldCount":0,"affectedRows":1,"insertId":0,"info":"Rows matched: 1  Changed: 1  Warnings: 0","serverStatus":2,"warningStatus":0,"changedRows":1}
20-02-2025 06:24:44 info: [select query request] : SELECT user_id,user_log_status,login_date FROM user_log where user_id ='1' and user_log_status = 'I' and date(login_date) ='2025-2-20'
20-02-2025 06:24:44 info: [update query request] : UPDATE user_log SET user_log_status = 'O',logout_time = '2025-2-20 6:24:44' WHERE user_id = '1' AND user_log_status = 'I' AND login_date = '2025-2-20'
20-02-2025 06:24:44 info: [insert query request] : INSERT INTO user_log VALUES(NULL, '1', 'undefined', '2025-2-20 6:24:44', '2025-2-20 6:24:44', NULL, 'I', '2025-2-20 6:24:44')
20-02-2025 06:24:44 info: : [call_index_signin] Success 
20-02-2025 06:24:44 info: [API REQUEST] /user/dashboard_change - {} - {"host":"localhost:10017","accept":"*/*","accept-encoding":"deflate, gzip, br, zstd","authorization":"Bearer eyJhbGciOiJIUzI1NiIsInR5cCI6IkpXVCJ9.eyJ1c2VybmFtZSI6ImNlbGViZGlnaXRhbCIsInVzZXJfcGFzc3dvcmQiOiJZSnRAMTIzIyIsImlhdCI6MTc0MDAzMjY4NCwiZXhwIjoxNzQwNjM3NDg0fQ.IxvErQDZEw7S3PHlRt9NGFJzI5FhEEShNsT9XKCXhvY","content-type":"application/json"} - undefined
20-02-2025 06:24:44 info: Bearer eyJhbGciOiJIUzI1NiIsInR5cCI6IkpXVCJ9.eyJ1c2VybmFtZSI6ImNlbGViZGlnaXRhbCIsInVzZXJfcGFzc3dvcmQiOiJZSnRAMTIzIyIsImlhdCI6MTc0MDAzMjY4NCwiZXhwIjoxNzQwNjM3NDg0fQ.IxvErQDZEw7S3PHlRt9NGFJzI5FhEEShNsT9XKCXhvYbearerHeader
20-02-2025 06:24:44 info: [select query request] : SELECT * FROM user_management WHERE user_bearer_token = 'Bearer eyJhbGciOiJIUzI1NiIsInR5cCI6IkpXVCJ9.eyJ1c2VybmFtZSI6ImNlbGViZGlnaXRhbCIsInVzZXJfcGFzc3dvcmQiOiJZSnRAMTIzIyIsImlhdCI6MTc0MDAzMjY4NCwiZXhwIjoxNzQwNjM3NDg0fQ.IxvErQDZEw7S3PHlRt9NGFJzI5FhEEShNsT9XKCXhvY' AND usr_mgt_status IN ('N','Y')
20-02-2025 06:24:44 info: [select query response] : [{"user_id":1,"user_master_id":1,"parent_id":1,"user_name":"celebdigital","api_key":"AA1DE999B6B65D2","login_id":"celebdigital","login_password":"e58a3754522a05c1ff4d231f8e8cc1bd","user_email":"arun@yeejai.com","user_mobile":"8888888888","usr_mgt_status":"Y","usr_mgt_entry_date":"2025-02-20T06:24:44.000Z","user_bearer_token":"Bearer eyJhbGciOiJIUzI1NiIsInR5cCI6IkpXVCJ9.eyJ1c2VybmFtZSI6ImNlbGViZGlnaXRhbCIsInVzZXJfcGFzc3dvcmQiOiJZSnRAMTIzIyIsImlhdCI6MTc0MDAzMjY4NCwiZXhwIjoxNzQwNjM3NDg0fQ.IxvErQDZEw7S3PHlRt9NGFJzI5FhEEShNsT9XKCXhvY"}]
20-02-2025 06:24:49 info: [API REQUEST] /report/today_report - {} - {"host":"localhost:10017","accept":"*/*","accept-encoding":"deflate, gzip, br, zstd","authorization":"Bearer eyJhbGciOiJIUzI1NiIsInR5cCI6IkpXVCJ9.eyJ1c2VybmFtZSI6ImNlbGViZGlnaXRhbCIsInVzZXJfcGFzc3dvcmQiOiJZSnRAMTIzIyIsImlhdCI6MTc0MDAzMjY4NCwiZXhwIjoxNzQwNjM3NDg0fQ.IxvErQDZEw7S3PHlRt9NGFJzI5FhEEShNsT9XKCXhvY","content-type":"application/json"} - undefined
20-02-2025 06:24:49 info: Bearer eyJhbGciOiJIUzI1NiIsInR5cCI6IkpXVCJ9.eyJ1c2VybmFtZSI6ImNlbGViZGlnaXRhbCIsInVzZXJfcGFzc3dvcmQiOiJZSnRAMTIzIyIsImlhdCI6MTc0MDAzMjY4NCwiZXhwIjoxNzQwNjM3NDg0fQ.IxvErQDZEw7S3PHlRt9NGFJzI5FhEEShNsT9XKCXhvYbearerHeader
20-02-2025 06:24:49 info: [select query request] : SELECT * FROM user_management WHERE user_bearer_token = 'Bearer eyJhbGciOiJIUzI1NiIsInR5cCI6IkpXVCJ9.eyJ1c2VybmFtZSI6ImNlbGViZGlnaXRhbCIsInVzZXJfcGFzc3dvcmQiOiJZSnRAMTIzIyIsImlhdCI6MTc0MDAzMjY4NCwiZXhwIjoxNzQwNjM3NDg0fQ.IxvErQDZEw7S3PHlRt9NGFJzI5FhEEShNsT9XKCXhvY' AND usr_mgt_status IN ('N','Y')
20-02-2025 06:24:49 info: [select query response] : [{"user_id":1,"user_master_id":1,"parent_id":1,"user_name":"celebdigital","api_key":"AA1DE999B6B65D2","login_id":"celebdigital","login_password":"e58a3754522a05c1ff4d231f8e8cc1bd","user_email":"arun@yeejai.com","user_mobile":"8888888888","usr_mgt_status":"Y","usr_mgt_entry_date":"2025-02-20T06:24:44.000Z","user_bearer_token":"Bearer eyJhbGciOiJIUzI1NiIsInR5cCI6IkpXVCJ9.eyJ1c2VybmFtZSI6ImNlbGViZGlnaXRhbCIsInVzZXJfcGFzc3dvcmQiOiJZSnRAMTIzIyIsImlhdCI6MTc0MDAzMjY4NCwiZXhwIjoxNzQwNjM3NDg0fQ.IxvErQDZEw7S3PHlRt9NGFJzI5FhEEShNsT9XKCXhvY"}]
20-02-2025 06:24:57 info: [API REQUEST] /report/today_report - {} - {"host":"localhost:10017","accept":"*/*","accept-encoding":"deflate, gzip, br, zstd","authorization":"Bearer eyJhbGciOiJIUzI1NiIsInR5cCI6IkpXVCJ9.eyJ1c2VybmFtZSI6ImNlbGViZGlnaXRhbCIsInVzZXJfcGFzc3dvcmQiOiJZSnRAMTIzIyIsImlhdCI6MTc0MDAzMjY4NCwiZXhwIjoxNzQwNjM3NDg0fQ.IxvErQDZEw7S3PHlRt9NGFJzI5FhEEShNsT9XKCXhvY","content-type":"application/json"} - undefined
20-02-2025 06:24:57 info: Bearer eyJhbGciOiJIUzI1NiIsInR5cCI6IkpXVCJ9.eyJ1c2VybmFtZSI6ImNlbGViZGlnaXRhbCIsInVzZXJfcGFzc3dvcmQiOiJZSnRAMTIzIyIsImlhdCI6MTc0MDAzMjY4NCwiZXhwIjoxNzQwNjM3NDg0fQ.IxvErQDZEw7S3PHlRt9NGFJzI5FhEEShNsT9XKCXhvYbearerHeader
20-02-2025 06:24:57 info: [select query request] : SELECT * FROM user_management WHERE user_bearer_token = 'Bearer eyJhbGciOiJIUzI1NiIsInR5cCI6IkpXVCJ9.eyJ1c2VybmFtZSI6ImNlbGViZGlnaXRhbCIsInVzZXJfcGFzc3dvcmQiOiJZSnRAMTIzIyIsImlhdCI6MTc0MDAzMjY4NCwiZXhwIjoxNzQwNjM3NDg0fQ.IxvErQDZEw7S3PHlRt9NGFJzI5FhEEShNsT9XKCXhvY' AND usr_mgt_status IN ('N','Y')
20-02-2025 06:24:57 info: [select query response] : [{"user_id":1,"user_master_id":1,"parent_id":1,"user_name":"celebdigital","api_key":"AA1DE999B6B65D2","login_id":"celebdigital","login_password":"e58a3754522a05c1ff4d231f8e8cc1bd","user_email":"arun@yeejai.com","user_mobile":"8888888888","usr_mgt_status":"Y","usr_mgt_entry_date":"2025-02-20T06:24:44.000Z","user_bearer_token":"Bearer eyJhbGciOiJIUzI1NiIsInR5cCI6IkpXVCJ9.eyJ1c2VybmFtZSI6ImNlbGViZGlnaXRhbCIsInVzZXJfcGFzc3dvcmQiOiJZSnRAMTIzIyIsImlhdCI6MTc0MDAzMjY4NCwiZXhwIjoxNzQwNjM3NDg0fQ.IxvErQDZEw7S3PHlRt9NGFJzI5FhEEShNsT9XKCXhvY"}]
20-02-2025 06:25:45 info: [API REQUEST] /report/today_report - {} - {"host":"localhost:10017","accept":"*/*","accept-encoding":"deflate, gzip, br, zstd","authorization":"Bearer eyJhbGciOiJIUzI1NiIsInR5cCI6IkpXVCJ9.eyJ1c2VybmFtZSI6ImNlbGViZGlnaXRhbCIsInVzZXJfcGFzc3dvcmQiOiJZSnRAMTIzIyIsImlhdCI6MTc0MDAzMjY4NCwiZXhwIjoxNzQwNjM3NDg0fQ.IxvErQDZEw7S3PHlRt9NGFJzI5FhEEShNsT9XKCXhvY","content-type":"application/json"} - undefined
20-02-2025 06:25:45 info: Bearer eyJhbGciOiJIUzI1NiIsInR5cCI6IkpXVCJ9.eyJ1c2VybmFtZSI6ImNlbGViZGlnaXRhbCIsInVzZXJfcGFzc3dvcmQiOiJZSnRAMTIzIyIsImlhdCI6MTc0MDAzMjY4NCwiZXhwIjoxNzQwNjM3NDg0fQ.IxvErQDZEw7S3PHlRt9NGFJzI5FhEEShNsT9XKCXhvYbearerHeader
20-02-2025 06:25:45 info: [select query request] : SELECT * FROM user_management WHERE user_bearer_token = 'Bearer eyJhbGciOiJIUzI1NiIsInR5cCI6IkpXVCJ9.eyJ1c2VybmFtZSI6ImNlbGViZGlnaXRhbCIsInVzZXJfcGFzc3dvcmQiOiJZSnRAMTIzIyIsImlhdCI6MTc0MDAzMjY4NCwiZXhwIjoxNzQwNjM3NDg0fQ.IxvErQDZEw7S3PHlRt9NGFJzI5FhEEShNsT9XKCXhvY' AND usr_mgt_status IN ('N','Y')
20-02-2025 06:25:45 info: [select query response] : [{"user_id":1,"user_master_id":1,"parent_id":1,"user_name":"celebdigital","api_key":"AA1DE999B6B65D2","login_id":"celebdigital","login_password":"e58a3754522a05c1ff4d231f8e8cc1bd","user_email":"arun@yeejai.com","user_mobile":"8888888888","usr_mgt_status":"Y","usr_mgt_entry_date":"2025-02-20T06:24:44.000Z","user_bearer_token":"Bearer eyJhbGciOiJIUzI1NiIsInR5cCI6IkpXVCJ9.eyJ1c2VybmFtZSI6ImNlbGViZGlnaXRhbCIsInVzZXJfcGFzc3dvcmQiOiJZSnRAMTIzIyIsImlhdCI6MTc0MDAzMjY4NCwiZXhwIjoxNzQwNjM3NDg0fQ.IxvErQDZEw7S3PHlRt9NGFJzI5FhEEShNsT9XKCXhvY"}]
20-02-2025 06:25:51 info: [API REQUEST] /report/today_report - {} - {"host":"localhost:10017","accept":"*/*","accept-encoding":"deflate, gzip, br, zstd","authorization":"Bearer eyJhbGciOiJIUzI1NiIsInR5cCI6IkpXVCJ9.eyJ1c2VybmFtZSI6ImNlbGViZGlnaXRhbCIsInVzZXJfcGFzc3dvcmQiOiJZSnRAMTIzIyIsImlhdCI6MTc0MDAzMjY4NCwiZXhwIjoxNzQwNjM3NDg0fQ.IxvErQDZEw7S3PHlRt9NGFJzI5FhEEShNsT9XKCXhvY","content-type":"application/json"} - undefined
20-02-2025 06:25:51 info: Bearer eyJhbGciOiJIUzI1NiIsInR5cCI6IkpXVCJ9.eyJ1c2VybmFtZSI6ImNlbGViZGlnaXRhbCIsInVzZXJfcGFzc3dvcmQiOiJZSnRAMTIzIyIsImlhdCI6MTc0MDAzMjY4NCwiZXhwIjoxNzQwNjM3NDg0fQ.IxvErQDZEw7S3PHlRt9NGFJzI5FhEEShNsT9XKCXhvYbearerHeader
20-02-2025 06:25:51 info: [select query request] : SELECT * FROM user_management WHERE user_bearer_token = 'Bearer eyJhbGciOiJIUzI1NiIsInR5cCI6IkpXVCJ9.eyJ1c2VybmFtZSI6ImNlbGViZGlnaXRhbCIsInVzZXJfcGFzc3dvcmQiOiJZSnRAMTIzIyIsImlhdCI6MTc0MDAzMjY4NCwiZXhwIjoxNzQwNjM3NDg0fQ.IxvErQDZEw7S3PHlRt9NGFJzI5FhEEShNsT9XKCXhvY' AND usr_mgt_status IN ('N','Y')
20-02-2025 06:25:51 info: [select query response] : [{"user_id":1,"user_master_id":1,"parent_id":1,"user_name":"celebdigital","api_key":"AA1DE999B6B65D2","login_id":"celebdigital","login_password":"e58a3754522a05c1ff4d231f8e8cc1bd","user_email":"arun@yeejai.com","user_mobile":"8888888888","usr_mgt_status":"Y","usr_mgt_entry_date":"2025-02-20T06:24:44.000Z","user_bearer_token":"Bearer eyJhbGciOiJIUzI1NiIsInR5cCI6IkpXVCJ9.eyJ1c2VybmFtZSI6ImNlbGViZGlnaXRhbCIsInVzZXJfcGFzc3dvcmQiOiJZSnRAMTIzIyIsImlhdCI6MTc0MDAzMjY4NCwiZXhwIjoxNzQwNjM3NDg0fQ.IxvErQDZEw7S3PHlRt9NGFJzI5FhEEShNsT9XKCXhvY"}]
20-02-2025 06:26:38 info: [insert query request] : INSERT INTO api_log VALUES(NULL,1,'/login','undefined','4052665747','N','-','0000-00-00 00:00:00','Y',CURRENT_TIMESTAMP)
20-02-2025 06:26:38 info: [insert query response] : {"fieldCount":0,"affectedRows":1,"insertId":691,"info":"","serverStatus":2,"warningStatus":0,"changedRows":0}
20-02-2025 06:26:38 info: [select query request] : SELECT * FROM api_log WHERE request_id = '4052665747' AND response_status != 'N' AND api_log_status='Y'
20-02-2025 06:26:38 info: [select query response] : []
20-02-2025 06:26:38 info: [API REQUEST] /login - {"txt_username":"celebdigital","txt_password":"YJt@123#","request_id":"4052665747"} - {"host":"localhost:10017","accept":"*/*","accept-encoding":"deflate, gzip, br, zstd","content-type":"application/json","content-length":"107"} - undefined
20-02-2025 06:26:38 info: [select query request] : SELECT * FROM user_management where login_id = 'celebdigital' and usr_mgt_status in ('N', 'Y', 'R') ORDER BY user_id ASC
20-02-2025 06:26:38 info: [select query request] : SELECT * FROM user_management where login_id = 'celebdigital' and login_password = 'e58a3754522a05c1ff4d231f8e8cc1bd' and usr_mgt_status in ('N', 'Y', 'R') ORDER BY user_id ASC
20-02-2025 06:26:38 info: [Update query request] : UPDATE user_management  SET user_bearer_token = 'Bearer eyJhbGciOiJIUzI1NiIsInR5cCI6IkpXVCJ9.eyJ1c2VybmFtZSI6ImNlbGViZGlnaXRhbCIsInVzZXJfcGFzc3dvcmQiOiJZSnRAMTIzIyIsImlhdCI6MTc0MDAzMjc5OCwiZXhwIjoxNzQwNjM3NTk4fQ.9ojWGQBxlABUsBwVefYOrOEXIU06wCVke6FRPlUYzfU' WHERE user_id = '1'
20-02-2025 06:26:38 info: [Update query Response] : {"fieldCount":0,"affectedRows":1,"insertId":0,"info":"Rows matched: 1  Changed: 1  Warnings: 0","serverStatus":2,"warningStatus":0,"changedRows":1}
20-02-2025 06:26:38 info: [select query request] : SELECT user_id,user_log_status,login_date FROM user_log where user_id ='1' and user_log_status = 'I' and date(login_date) ='2025-2-20'
20-02-2025 06:26:38 info: [update query request] : UPDATE user_log SET user_log_status = 'O',logout_time = '2025-2-20 6:26:38' WHERE user_id = '1' AND user_log_status = 'I' AND login_date = '2025-2-20'
20-02-2025 06:26:38 info: [insert query request] : INSERT INTO user_log VALUES(NULL, '1', 'undefined', '2025-2-20 6:26:38', '2025-2-20 6:26:38', NULL, 'I', '2025-2-20 6:26:38')
20-02-2025 06:26:38 info: : [call_index_signin] Success 
20-02-2025 06:26:38 info: [API REQUEST] /user/dashboard_change - {} - {"host":"localhost:10017","accept":"*/*","accept-encoding":"deflate, gzip, br, zstd","authorization":"Bearer eyJhbGciOiJIUzI1NiIsInR5cCI6IkpXVCJ9.eyJ1c2VybmFtZSI6ImNlbGViZGlnaXRhbCIsInVzZXJfcGFzc3dvcmQiOiJZSnRAMTIzIyIsImlhdCI6MTc0MDAzMjc5OCwiZXhwIjoxNzQwNjM3NTk4fQ.9ojWGQBxlABUsBwVefYOrOEXIU06wCVke6FRPlUYzfU","content-type":"application/json"} - undefined
20-02-2025 06:26:38 info: Bearer eyJhbGciOiJIUzI1NiIsInR5cCI6IkpXVCJ9.eyJ1c2VybmFtZSI6ImNlbGViZGlnaXRhbCIsInVzZXJfcGFzc3dvcmQiOiJZSnRAMTIzIyIsImlhdCI6MTc0MDAzMjc5OCwiZXhwIjoxNzQwNjM3NTk4fQ.9ojWGQBxlABUsBwVefYOrOEXIU06wCVke6FRPlUYzfUbearerHeader
20-02-2025 06:26:38 info: [select query request] : SELECT * FROM user_management WHERE user_bearer_token = 'Bearer eyJhbGciOiJIUzI1NiIsInR5cCI6IkpXVCJ9.eyJ1c2VybmFtZSI6ImNlbGViZGlnaXRhbCIsInVzZXJfcGFzc3dvcmQiOiJZSnRAMTIzIyIsImlhdCI6MTc0MDAzMjc5OCwiZXhwIjoxNzQwNjM3NTk4fQ.9ojWGQBxlABUsBwVefYOrOEXIU06wCVke6FRPlUYzfU' AND usr_mgt_status IN ('N','Y')
20-02-2025 06:26:38 info: [select query response] : [{"user_id":1,"user_master_id":1,"parent_id":1,"user_name":"celebdigital","api_key":"AA1DE999B6B65D2","login_id":"celebdigital","login_password":"e58a3754522a05c1ff4d231f8e8cc1bd","user_email":"arun@yeejai.com","user_mobile":"8888888888","usr_mgt_status":"Y","usr_mgt_entry_date":"2025-02-20T06:26:38.000Z","user_bearer_token":"Bearer eyJhbGciOiJIUzI1NiIsInR5cCI6IkpXVCJ9.eyJ1c2VybmFtZSI6ImNlbGViZGlnaXRhbCIsInVzZXJfcGFzc3dvcmQiOiJZSnRAMTIzIyIsImlhdCI6MTc0MDAzMjc5OCwiZXhwIjoxNzQwNjM3NTk4fQ.9ojWGQBxlABUsBwVefYOrOEXIU06wCVke6FRPlUYzfU"}]
20-02-2025 06:26:42 info: [API REQUEST] /report/today_report - {} - {"host":"localhost:10017","accept":"*/*","accept-encoding":"deflate, gzip, br, zstd","authorization":"Bearer eyJhbGciOiJIUzI1NiIsInR5cCI6IkpXVCJ9.eyJ1c2VybmFtZSI6ImNlbGViZGlnaXRhbCIsInVzZXJfcGFzc3dvcmQiOiJZSnRAMTIzIyIsImlhdCI6MTc0MDAzMjc5OCwiZXhwIjoxNzQwNjM3NTk4fQ.9ojWGQBxlABUsBwVefYOrOEXIU06wCVke6FRPlUYzfU","content-type":"application/json"} - undefined
20-02-2025 06:26:42 info: Bearer eyJhbGciOiJIUzI1NiIsInR5cCI6IkpXVCJ9.eyJ1c2VybmFtZSI6ImNlbGViZGlnaXRhbCIsInVzZXJfcGFzc3dvcmQiOiJZSnRAMTIzIyIsImlhdCI6MTc0MDAzMjc5OCwiZXhwIjoxNzQwNjM3NTk4fQ.9ojWGQBxlABUsBwVefYOrOEXIU06wCVke6FRPlUYzfUbearerHeader
20-02-2025 06:26:42 info: [select query request] : SELECT * FROM user_management WHERE user_bearer_token = 'Bearer eyJhbGciOiJIUzI1NiIsInR5cCI6IkpXVCJ9.eyJ1c2VybmFtZSI6ImNlbGViZGlnaXRhbCIsInVzZXJfcGFzc3dvcmQiOiJZSnRAMTIzIyIsImlhdCI6MTc0MDAzMjc5OCwiZXhwIjoxNzQwNjM3NTk4fQ.9ojWGQBxlABUsBwVefYOrOEXIU06wCVke6FRPlUYzfU' AND usr_mgt_status IN ('N','Y')
20-02-2025 06:26:42 info: [select query response] : [{"user_id":1,"user_master_id":1,"parent_id":1,"user_name":"celebdigital","api_key":"AA1DE999B6B65D2","login_id":"celebdigital","login_password":"e58a3754522a05c1ff4d231f8e8cc1bd","user_email":"arun@yeejai.com","user_mobile":"8888888888","usr_mgt_status":"Y","usr_mgt_entry_date":"2025-02-20T06:26:38.000Z","user_bearer_token":"Bearer eyJhbGciOiJIUzI1NiIsInR5cCI6IkpXVCJ9.eyJ1c2VybmFtZSI6ImNlbGViZGlnaXRhbCIsInVzZXJfcGFzc3dvcmQiOiJZSnRAMTIzIyIsImlhdCI6MTc0MDAzMjc5OCwiZXhwIjoxNzQwNjM3NTk4fQ.9ojWGQBxlABUsBwVefYOrOEXIU06wCVke6FRPlUYzfU"}]
20-02-2025 06:29:30 info: App started listening at http://localhost:10017
20-02-2025 06:29:33 info: [insert query request] : INSERT INTO api_log VALUES(NULL,1,'/login','undefined','5926472781','N','-','0000-00-00 00:00:00','Y',CURRENT_TIMESTAMP)
20-02-2025 06:29:33 info: [insert query response] : {"fieldCount":0,"affectedRows":1,"insertId":692,"info":"","serverStatus":2,"warningStatus":0,"changedRows":0}
20-02-2025 06:29:33 info: [select query request] : SELECT * FROM api_log WHERE request_id = '5926472781' AND response_status != 'N' AND api_log_status='Y'
20-02-2025 06:29:33 info: [select query response] : []
20-02-2025 06:29:33 info: [API REQUEST] /login - {"txt_username":"celebdigital","txt_password":"YJt@123#","request_id":"5926472781"} - {"host":"localhost:10017","accept":"*/*","accept-encoding":"deflate, gzip, br, zstd","content-type":"application/json","content-length":"107"} - undefined
20-02-2025 06:29:33 info: [select query request] : SELECT * FROM user_management where login_id = 'celebdigital' and usr_mgt_status in ('N', 'Y', 'R') ORDER BY user_id ASC
20-02-2025 06:29:33 info: [select query request] : SELECT * FROM user_management where login_id = 'celebdigital' and login_password = 'e58a3754522a05c1ff4d231f8e8cc1bd' and usr_mgt_status in ('N', 'Y', 'R') ORDER BY user_id ASC
20-02-2025 06:29:33 info: [Update query request] : UPDATE user_management  SET user_bearer_token = 'Bearer eyJhbGciOiJIUzI1NiIsInR5cCI6IkpXVCJ9.eyJ1c2VybmFtZSI6ImNlbGViZGlnaXRhbCIsInVzZXJfcGFzc3dvcmQiOiJZSnRAMTIzIyIsImlhdCI6MTc0MDAzMjk3MywiZXhwIjoxNzQwNjM3NzczfQ.xsL3K64xaTHMv3uFansDxtoor6dsq-OLreUpt497Tf4' WHERE user_id = '1'
20-02-2025 06:29:33 info: [Update query Response] : {"fieldCount":0,"affectedRows":1,"insertId":0,"info":"Rows matched: 1  Changed: 1  Warnings: 0","serverStatus":2,"warningStatus":0,"changedRows":1}
20-02-2025 06:29:33 info: [select query request] : SELECT user_id,user_log_status,login_date FROM user_log where user_id ='1' and user_log_status = 'I' and date(login_date) ='2025-2-20'
20-02-2025 06:29:33 info: [update query request] : UPDATE user_log SET user_log_status = 'O',logout_time = '2025-2-20 6:29:33' WHERE user_id = '1' AND user_log_status = 'I' AND login_date = '2025-2-20'
20-02-2025 06:29:33 info: [insert query request] : INSERT INTO user_log VALUES(NULL, '1', 'undefined', '2025-2-20 6:29:33', '2025-2-20 6:29:33', NULL, 'I', '2025-2-20 6:29:33')
20-02-2025 06:29:33 info: : [call_index_signin] Success 
20-02-2025 06:29:33 info: [API REQUEST] /user/dashboard_change - {} - {"host":"localhost:10017","accept":"*/*","accept-encoding":"deflate, gzip, br, zstd","authorization":"Bearer eyJhbGciOiJIUzI1NiIsInR5cCI6IkpXVCJ9.eyJ1c2VybmFtZSI6ImNlbGViZGlnaXRhbCIsInVzZXJfcGFzc3dvcmQiOiJZSnRAMTIzIyIsImlhdCI6MTc0MDAzMjk3MywiZXhwIjoxNzQwNjM3NzczfQ.xsL3K64xaTHMv3uFansDxtoor6dsq-OLreUpt497Tf4","content-type":"application/json"} - undefined
20-02-2025 06:29:33 info: Bearer eyJhbGciOiJIUzI1NiIsInR5cCI6IkpXVCJ9.eyJ1c2VybmFtZSI6ImNlbGViZGlnaXRhbCIsInVzZXJfcGFzc3dvcmQiOiJZSnRAMTIzIyIsImlhdCI6MTc0MDAzMjk3MywiZXhwIjoxNzQwNjM3NzczfQ.xsL3K64xaTHMv3uFansDxtoor6dsq-OLreUpt497Tf4bearerHeader
20-02-2025 06:29:33 info: [select query request] : SELECT * FROM user_management WHERE user_bearer_token = 'Bearer eyJhbGciOiJIUzI1NiIsInR5cCI6IkpXVCJ9.eyJ1c2VybmFtZSI6ImNlbGViZGlnaXRhbCIsInVzZXJfcGFzc3dvcmQiOiJZSnRAMTIzIyIsImlhdCI6MTc0MDAzMjk3MywiZXhwIjoxNzQwNjM3NzczfQ.xsL3K64xaTHMv3uFansDxtoor6dsq-OLreUpt497Tf4' AND usr_mgt_status IN ('N','Y')
20-02-2025 06:29:33 info: [select query response] : [{"user_id":1,"user_master_id":1,"parent_id":1,"user_name":"celebdigital","api_key":"AA1DE999B6B65D2","login_id":"celebdigital","login_password":"e58a3754522a05c1ff4d231f8e8cc1bd","user_email":"arun@yeejai.com","user_mobile":"8888888888","usr_mgt_status":"Y","usr_mgt_entry_date":"2025-02-20T06:29:33.000Z","user_bearer_token":"Bearer eyJhbGciOiJIUzI1NiIsInR5cCI6IkpXVCJ9.eyJ1c2VybmFtZSI6ImNlbGViZGlnaXRhbCIsInVzZXJfcGFzc3dvcmQiOiJZSnRAMTIzIyIsImlhdCI6MTc0MDAzMjk3MywiZXhwIjoxNzQwNjM3NzczfQ.xsL3K64xaTHMv3uFansDxtoor6dsq-OLreUpt497Tf4"}]
20-02-2025 06:30:38 info: [insert query request] : INSERT INTO api_log VALUES(NULL,1,'/login','undefined','7527950078','N','-','0000-00-00 00:00:00','Y',CURRENT_TIMESTAMP)
20-02-2025 06:30:38 info: [insert query response] : {"fieldCount":0,"affectedRows":1,"insertId":693,"info":"","serverStatus":2,"warningStatus":0,"changedRows":0}
20-02-2025 06:30:38 info: [select query request] : SELECT * FROM api_log WHERE request_id = '7527950078' AND response_status != 'N' AND api_log_status='Y'
20-02-2025 06:30:38 info: [select query response] : []
20-02-2025 06:30:38 info: [API REQUEST] /login - {"txt_username":"celebdigital","txt_password":"YJt@123#","request_id":"7527950078"} - {"host":"localhost:10017","accept":"*/*","accept-encoding":"deflate, gzip, br, zstd","content-type":"application/json","content-length":"107"} - undefined
20-02-2025 06:30:38 info: [select query request] : SELECT * FROM user_management where login_id = 'celebdigital' and usr_mgt_status in ('N', 'Y', 'R') ORDER BY user_id ASC
20-02-2025 06:30:38 info: [select query request] : SELECT * FROM user_management where login_id = 'celebdigital' and login_password = 'e58a3754522a05c1ff4d231f8e8cc1bd' and usr_mgt_status in ('N', 'Y', 'R') ORDER BY user_id ASC
20-02-2025 06:30:38 info: [Update query request] : UPDATE user_management  SET user_bearer_token = 'Bearer eyJhbGciOiJIUzI1NiIsInR5cCI6IkpXVCJ9.eyJ1c2VybmFtZSI6ImNlbGViZGlnaXRhbCIsInVzZXJfcGFzc3dvcmQiOiJZSnRAMTIzIyIsImlhdCI6MTc0MDAzMzAzOCwiZXhwIjoxNzQwNjM3ODM4fQ.BroCy2Bj_ynzFzvnWuCnF94pjK73rSPKNZIHiuzC598' WHERE user_id = '1'
20-02-2025 06:30:38 info: [Update query Response] : {"fieldCount":0,"affectedRows":1,"insertId":0,"info":"Rows matched: 1  Changed: 1  Warnings: 0","serverStatus":2,"warningStatus":0,"changedRows":1}
20-02-2025 06:30:38 info: [select query request] : SELECT user_id,user_log_status,login_date FROM user_log where user_id ='1' and user_log_status = 'I' and date(login_date) ='2025-2-20'
20-02-2025 06:30:38 info: [update query request] : UPDATE user_log SET user_log_status = 'O',logout_time = '2025-2-20 6:30:38' WHERE user_id = '1' AND user_log_status = 'I' AND login_date = '2025-2-20'
20-02-2025 06:30:38 info: [insert query request] : INSERT INTO user_log VALUES(NULL, '1', 'undefined', '2025-2-20 6:30:38', '2025-2-20 6:30:38', NULL, 'I', '2025-2-20 6:30:38')
20-02-2025 06:30:38 info: : [call_index_signin] Success 
20-02-2025 06:30:38 info: [API REQUEST] /user/dashboard_change - {} - {"host":"localhost:10017","accept":"*/*","accept-encoding":"deflate, gzip, br, zstd","authorization":"Bearer eyJhbGciOiJIUzI1NiIsInR5cCI6IkpXVCJ9.eyJ1c2VybmFtZSI6ImNlbGViZGlnaXRhbCIsInVzZXJfcGFzc3dvcmQiOiJZSnRAMTIzIyIsImlhdCI6MTc0MDAzMzAzOCwiZXhwIjoxNzQwNjM3ODM4fQ.BroCy2Bj_ynzFzvnWuCnF94pjK73rSPKNZIHiuzC598","content-type":"application/json"} - undefined
20-02-2025 06:30:38 info: Bearer eyJhbGciOiJIUzI1NiIsInR5cCI6IkpXVCJ9.eyJ1c2VybmFtZSI6ImNlbGViZGlnaXRhbCIsInVzZXJfcGFzc3dvcmQiOiJZSnRAMTIzIyIsImlhdCI6MTc0MDAzMzAzOCwiZXhwIjoxNzQwNjM3ODM4fQ.BroCy2Bj_ynzFzvnWuCnF94pjK73rSPKNZIHiuzC598bearerHeader
20-02-2025 06:30:38 info: [select query request] : SELECT * FROM user_management WHERE user_bearer_token = 'Bearer eyJhbGciOiJIUzI1NiIsInR5cCI6IkpXVCJ9.eyJ1c2VybmFtZSI6ImNlbGViZGlnaXRhbCIsInVzZXJfcGFzc3dvcmQiOiJZSnRAMTIzIyIsImlhdCI6MTc0MDAzMzAzOCwiZXhwIjoxNzQwNjM3ODM4fQ.BroCy2Bj_ynzFzvnWuCnF94pjK73rSPKNZIHiuzC598' AND usr_mgt_status IN ('N','Y')
20-02-2025 06:30:38 info: [select query response] : [{"user_id":1,"user_master_id":1,"parent_id":1,"user_name":"celebdigital","api_key":"AA1DE999B6B65D2","login_id":"celebdigital","login_password":"e58a3754522a05c1ff4d231f8e8cc1bd","user_email":"arun@yeejai.com","user_mobile":"8888888888","usr_mgt_status":"Y","usr_mgt_entry_date":"2025-02-20T06:30:38.000Z","user_bearer_token":"Bearer eyJhbGciOiJIUzI1NiIsInR5cCI6IkpXVCJ9.eyJ1c2VybmFtZSI6ImNlbGViZGlnaXRhbCIsInVzZXJfcGFzc3dvcmQiOiJZSnRAMTIzIyIsImlhdCI6MTc0MDAzMzAzOCwiZXhwIjoxNzQwNjM3ODM4fQ.BroCy2Bj_ynzFzvnWuCnF94pjK73rSPKNZIHiuzC598"}]
20-02-2025 06:30:42 info: [API REQUEST] /report/today_report - {} - {"host":"localhost:10017","accept":"*/*","accept-encoding":"deflate, gzip, br, zstd","authorization":"Bearer eyJhbGciOiJIUzI1NiIsInR5cCI6IkpXVCJ9.eyJ1c2VybmFtZSI6ImNlbGViZGlnaXRhbCIsInVzZXJfcGFzc3dvcmQiOiJZSnRAMTIzIyIsImlhdCI6MTc0MDAzMzAzOCwiZXhwIjoxNzQwNjM3ODM4fQ.BroCy2Bj_ynzFzvnWuCnF94pjK73rSPKNZIHiuzC598","content-type":"application/json"} - undefined
20-02-2025 06:30:42 info: Bearer eyJhbGciOiJIUzI1NiIsInR5cCI6IkpXVCJ9.eyJ1c2VybmFtZSI6ImNlbGViZGlnaXRhbCIsInVzZXJfcGFzc3dvcmQiOiJZSnRAMTIzIyIsImlhdCI6MTc0MDAzMzAzOCwiZXhwIjoxNzQwNjM3ODM4fQ.BroCy2Bj_ynzFzvnWuCnF94pjK73rSPKNZIHiuzC598bearerHeader
20-02-2025 06:30:42 info: [select query request] : SELECT * FROM user_management WHERE user_bearer_token = 'Bearer eyJhbGciOiJIUzI1NiIsInR5cCI6IkpXVCJ9.eyJ1c2VybmFtZSI6ImNlbGViZGlnaXRhbCIsInVzZXJfcGFzc3dvcmQiOiJZSnRAMTIzIyIsImlhdCI6MTc0MDAzMzAzOCwiZXhwIjoxNzQwNjM3ODM4fQ.BroCy2Bj_ynzFzvnWuCnF94pjK73rSPKNZIHiuzC598' AND usr_mgt_status IN ('N','Y')
20-02-2025 06:30:42 info: [select query response] : [{"user_id":1,"user_master_id":1,"parent_id":1,"user_name":"celebdigital","api_key":"AA1DE999B6B65D2","login_id":"celebdigital","login_password":"e58a3754522a05c1ff4d231f8e8cc1bd","user_email":"arun@yeejai.com","user_mobile":"8888888888","usr_mgt_status":"Y","usr_mgt_entry_date":"2025-02-20T06:30:38.000Z","user_bearer_token":"Bearer eyJhbGciOiJIUzI1NiIsInR5cCI6IkpXVCJ9.eyJ1c2VybmFtZSI6ImNlbGViZGlnaXRhbCIsInVzZXJfcGFzc3dvcmQiOiJZSnRAMTIzIyIsImlhdCI6MTc0MDAzMzAzOCwiZXhwIjoxNzQwNjM3ODM4fQ.BroCy2Bj_ynzFzvnWuCnF94pjK73rSPKNZIHiuzC598"}]
20-02-2025 06:30:45 info: [API REQUEST] /report/today_report - {} - {"host":"localhost:10017","accept":"*/*","accept-encoding":"deflate, gzip, br, zstd","authorization":"Bearer eyJhbGciOiJIUzI1NiIsInR5cCI6IkpXVCJ9.eyJ1c2VybmFtZSI6ImNlbGViZGlnaXRhbCIsInVzZXJfcGFzc3dvcmQiOiJZSnRAMTIzIyIsImlhdCI6MTc0MDAzMzAzOCwiZXhwIjoxNzQwNjM3ODM4fQ.BroCy2Bj_ynzFzvnWuCnF94pjK73rSPKNZIHiuzC598","content-type":"application/json"} - undefined
20-02-2025 06:30:45 info: Bearer eyJhbGciOiJIUzI1NiIsInR5cCI6IkpXVCJ9.eyJ1c2VybmFtZSI6ImNlbGViZGlnaXRhbCIsInVzZXJfcGFzc3dvcmQiOiJZSnRAMTIzIyIsImlhdCI6MTc0MDAzMzAzOCwiZXhwIjoxNzQwNjM3ODM4fQ.BroCy2Bj_ynzFzvnWuCnF94pjK73rSPKNZIHiuzC598bearerHeader
20-02-2025 06:30:45 info: [select query request] : SELECT * FROM user_management WHERE user_bearer_token = 'Bearer eyJhbGciOiJIUzI1NiIsInR5cCI6IkpXVCJ9.eyJ1c2VybmFtZSI6ImNlbGViZGlnaXRhbCIsInVzZXJfcGFzc3dvcmQiOiJZSnRAMTIzIyIsImlhdCI6MTc0MDAzMzAzOCwiZXhwIjoxNzQwNjM3ODM4fQ.BroCy2Bj_ynzFzvnWuCnF94pjK73rSPKNZIHiuzC598' AND usr_mgt_status IN ('N','Y')
20-02-2025 06:30:45 info: [select query response] : [{"user_id":1,"user_master_id":1,"parent_id":1,"user_name":"celebdigital","api_key":"AA1DE999B6B65D2","login_id":"celebdigital","login_password":"e58a3754522a05c1ff4d231f8e8cc1bd","user_email":"arun@yeejai.com","user_mobile":"8888888888","usr_mgt_status":"Y","usr_mgt_entry_date":"2025-02-20T06:30:38.000Z","user_bearer_token":"Bearer eyJhbGciOiJIUzI1NiIsInR5cCI6IkpXVCJ9.eyJ1c2VybmFtZSI6ImNlbGViZGlnaXRhbCIsInVzZXJfcGFzc3dvcmQiOiJZSnRAMTIzIyIsImlhdCI6MTc0MDAzMzAzOCwiZXhwIjoxNzQwNjM3ODM4fQ.BroCy2Bj_ynzFzvnWuCnF94pjK73rSPKNZIHiuzC598"}]
20-02-2025 06:30:47 info: [API REQUEST] /report/today_report - {} - {"host":"localhost:10017","accept":"*/*","accept-encoding":"deflate, gzip, br, zstd","authorization":"Bearer eyJhbGciOiJIUzI1NiIsInR5cCI6IkpXVCJ9.eyJ1c2VybmFtZSI6ImNlbGViZGlnaXRhbCIsInVzZXJfcGFzc3dvcmQiOiJZSnRAMTIzIyIsImlhdCI6MTc0MDAzMzAzOCwiZXhwIjoxNzQwNjM3ODM4fQ.BroCy2Bj_ynzFzvnWuCnF94pjK73rSPKNZIHiuzC598","content-type":"application/json"} - undefined
20-02-2025 06:30:47 info: Bearer eyJhbGciOiJIUzI1NiIsInR5cCI6IkpXVCJ9.eyJ1c2VybmFtZSI6ImNlbGViZGlnaXRhbCIsInVzZXJfcGFzc3dvcmQiOiJZSnRAMTIzIyIsImlhdCI6MTc0MDAzMzAzOCwiZXhwIjoxNzQwNjM3ODM4fQ.BroCy2Bj_ynzFzvnWuCnF94pjK73rSPKNZIHiuzC598bearerHeader
20-02-2025 06:30:47 info: [select query request] : SELECT * FROM user_management WHERE user_bearer_token = 'Bearer eyJhbGciOiJIUzI1NiIsInR5cCI6IkpXVCJ9.eyJ1c2VybmFtZSI6ImNlbGViZGlnaXRhbCIsInVzZXJfcGFzc3dvcmQiOiJZSnRAMTIzIyIsImlhdCI6MTc0MDAzMzAzOCwiZXhwIjoxNzQwNjM3ODM4fQ.BroCy2Bj_ynzFzvnWuCnF94pjK73rSPKNZIHiuzC598' AND usr_mgt_status IN ('N','Y')
20-02-2025 06:30:47 info: [select query response] : [{"user_id":1,"user_master_id":1,"parent_id":1,"user_name":"celebdigital","api_key":"AA1DE999B6B65D2","login_id":"celebdigital","login_password":"e58a3754522a05c1ff4d231f8e8cc1bd","user_email":"arun@yeejai.com","user_mobile":"8888888888","usr_mgt_status":"Y","usr_mgt_entry_date":"2025-02-20T06:30:38.000Z","user_bearer_token":"Bearer eyJhbGciOiJIUzI1NiIsInR5cCI6IkpXVCJ9.eyJ1c2VybmFtZSI6ImNlbGViZGlnaXRhbCIsInVzZXJfcGFzc3dvcmQiOiJZSnRAMTIzIyIsImlhdCI6MTc0MDAzMzAzOCwiZXhwIjoxNzQwNjM3ODM4fQ.BroCy2Bj_ynzFzvnWuCnF94pjK73rSPKNZIHiuzC598"}]
20-02-2025 06:30:51 info: [API REQUEST] /report/today_report - {} - {"host":"localhost:10017","accept":"*/*","accept-encoding":"deflate, gzip, br, zstd","authorization":"Bearer eyJhbGciOiJIUzI1NiIsInR5cCI6IkpXVCJ9.eyJ1c2VybmFtZSI6ImNlbGViZGlnaXRhbCIsInVzZXJfcGFzc3dvcmQiOiJZSnRAMTIzIyIsImlhdCI6MTc0MDAzMzAzOCwiZXhwIjoxNzQwNjM3ODM4fQ.BroCy2Bj_ynzFzvnWuCnF94pjK73rSPKNZIHiuzC598","content-type":"application/json"} - undefined
20-02-2025 06:30:51 info: Bearer eyJhbGciOiJIUzI1NiIsInR5cCI6IkpXVCJ9.eyJ1c2VybmFtZSI6ImNlbGViZGlnaXRhbCIsInVzZXJfcGFzc3dvcmQiOiJZSnRAMTIzIyIsImlhdCI6MTc0MDAzMzAzOCwiZXhwIjoxNzQwNjM3ODM4fQ.BroCy2Bj_ynzFzvnWuCnF94pjK73rSPKNZIHiuzC598bearerHeader
20-02-2025 06:30:51 info: [select query request] : SELECT * FROM user_management WHERE user_bearer_token = 'Bearer eyJhbGciOiJIUzI1NiIsInR5cCI6IkpXVCJ9.eyJ1c2VybmFtZSI6ImNlbGViZGlnaXRhbCIsInVzZXJfcGFzc3dvcmQiOiJZSnRAMTIzIyIsImlhdCI6MTc0MDAzMzAzOCwiZXhwIjoxNzQwNjM3ODM4fQ.BroCy2Bj_ynzFzvnWuCnF94pjK73rSPKNZIHiuzC598' AND usr_mgt_status IN ('N','Y')
20-02-2025 06:30:51 info: [select query response] : [{"user_id":1,"user_master_id":1,"parent_id":1,"user_name":"celebdigital","api_key":"AA1DE999B6B65D2","login_id":"celebdigital","login_password":"e58a3754522a05c1ff4d231f8e8cc1bd","user_email":"arun@yeejai.com","user_mobile":"8888888888","usr_mgt_status":"Y","usr_mgt_entry_date":"2025-02-20T06:30:38.000Z","user_bearer_token":"Bearer eyJhbGciOiJIUzI1NiIsInR5cCI6IkpXVCJ9.eyJ1c2VybmFtZSI6ImNlbGViZGlnaXRhbCIsInVzZXJfcGFzc3dvcmQiOiJZSnRAMTIzIyIsImlhdCI6MTc0MDAzMzAzOCwiZXhwIjoxNzQwNjM3ODM4fQ.BroCy2Bj_ynzFzvnWuCnF94pjK73rSPKNZIHiuzC598"}]
20-02-2025 06:30:53 info: [API REQUEST] /report/today_report - {} - {"host":"localhost:10017","accept":"*/*","accept-encoding":"deflate, gzip, br, zstd","authorization":"Bearer eyJhbGciOiJIUzI1NiIsInR5cCI6IkpXVCJ9.eyJ1c2VybmFtZSI6ImNlbGViZGlnaXRhbCIsInVzZXJfcGFzc3dvcmQiOiJZSnRAMTIzIyIsImlhdCI6MTc0MDAzMzAzOCwiZXhwIjoxNzQwNjM3ODM4fQ.BroCy2Bj_ynzFzvnWuCnF94pjK73rSPKNZIHiuzC598","content-type":"application/json"} - undefined
20-02-2025 06:30:53 info: Bearer eyJhbGciOiJIUzI1NiIsInR5cCI6IkpXVCJ9.eyJ1c2VybmFtZSI6ImNlbGViZGlnaXRhbCIsInVzZXJfcGFzc3dvcmQiOiJZSnRAMTIzIyIsImlhdCI6MTc0MDAzMzAzOCwiZXhwIjoxNzQwNjM3ODM4fQ.BroCy2Bj_ynzFzvnWuCnF94pjK73rSPKNZIHiuzC598bearerHeader
20-02-2025 06:30:53 info: [select query request] : SELECT * FROM user_management WHERE user_bearer_token = 'Bearer eyJhbGciOiJIUzI1NiIsInR5cCI6IkpXVCJ9.eyJ1c2VybmFtZSI6ImNlbGViZGlnaXRhbCIsInVzZXJfcGFzc3dvcmQiOiJZSnRAMTIzIyIsImlhdCI6MTc0MDAzMzAzOCwiZXhwIjoxNzQwNjM3ODM4fQ.BroCy2Bj_ynzFzvnWuCnF94pjK73rSPKNZIHiuzC598' AND usr_mgt_status IN ('N','Y')
20-02-2025 06:30:53 info: [select query response] : [{"user_id":1,"user_master_id":1,"parent_id":1,"user_name":"celebdigital","api_key":"AA1DE999B6B65D2","login_id":"celebdigital","login_password":"e58a3754522a05c1ff4d231f8e8cc1bd","user_email":"arun@yeejai.com","user_mobile":"8888888888","usr_mgt_status":"Y","usr_mgt_entry_date":"2025-02-20T06:30:38.000Z","user_bearer_token":"Bearer eyJhbGciOiJIUzI1NiIsInR5cCI6IkpXVCJ9.eyJ1c2VybmFtZSI6ImNlbGViZGlnaXRhbCIsInVzZXJfcGFzc3dvcmQiOiJZSnRAMTIzIyIsImlhdCI6MTc0MDAzMzAzOCwiZXhwIjoxNzQwNjM3ODM4fQ.BroCy2Bj_ynzFzvnWuCnF94pjK73rSPKNZIHiuzC598"}]
